35
 energy: -43.865370127717 gnorm: 0.067062090266 xtb: 6.7.1 (edcfbbe)
C           -2.44280000000000        1.70460000000000        1.04840000000000
C           -2.66290000000000        0.20440000000000        0.93010000000000
C           -2.10250000000000       -0.45010000000000       -0.35550000000000
C           -2.81390000000000       -1.79660000000000       -0.50680000000000
C           -2.20580000000000       -2.97260000000000       -0.29290000000000
C           -0.81520000000000       -2.95810000000000        0.07620000000000
C            0.01120000000000       -1.79740000000000       -0.14570000000000
C           -0.56400000000000       -0.59570000000000       -0.37560000000000
C            0.25720000000000        0.62840000000000       -0.78980000000000
C            0.30710000000000        0.71320000000000       -2.32470000000000
C            1.62590000000000        0.71710000000000       -0.10920000000000
C            2.83510000000000        0.48140000000000       -0.78280000000000
C            4.05880000000000        0.56930000000000       -0.11270000000000
C            4.09530000000000        0.88930000000000        1.24170000000000
C            2.90780000000000        1.11830000000000        1.92970000000000
C            1.68500000000000        1.03130000000000        1.26090000000000
H           -2.71010000000000        2.22120000000000        0.12160000000000
H           -1.40910000000000        1.94270000000000        1.30480000000000
H           -3.06850000000000        2.10930000000000        1.85120000000000
H           -2.24730000000000       -0.28690000000000        1.81970000000000
H           -3.74890000000000        0.04200000000000        0.97150000000000
H           -2.39990000000000        0.14650000000000       -1.22730000000000
H           -3.86580000000000       -1.77780000000000       -0.77770000000000
H           -2.72430000000000       -3.91960000000000       -0.38730000000000
H           -0.34110000000000       -3.88680000000000        0.37400000000000
H            1.08500000000000       -1.95080000000000       -0.18110000000000
H           -0.27110000000000        1.53390000000000       -0.47500000000000
H            0.77370000000000       -0.17330000000000       -2.76940000000000
H            0.87050000000000        1.59430000000000       -2.65210000000000
H           -0.70000000000000        0.79740000000000       -2.74810000000000
H            2.84910000000000        0.21870000000000       -1.83700000000000
H            4.98480000000000        0.38410000000000       -0.65110000000000
H            5.04740000000000        0.95540000000000        1.76080000000000
H            2.93020000000000        1.36110000000000        2.98870000000000
H            0.76930000000000        1.20180000000000        1.82220000000000
35
 energy: -43.873257739167 gnorm: 0.030770562960 xtb: 6.7.1 (edcfbbe)
C           -2.43691932632674        1.71073796745089        1.05188917368954
C           -2.65341407765874        0.20770386335342        0.92618617133693
C           -2.09180352477781       -0.44335279383781       -0.36114195572118
C           -2.78430989364217       -1.77578453381551       -0.51703897030172
C           -2.17068884233744       -2.95134455254600       -0.27476699359865
C           -0.79050971180391       -2.96354851015333        0.04070502990383
C           -0.00779461037841       -1.79692635927918       -0.14620036915452
C           -0.57705836898925       -0.58809962163077       -0.37982071190007
C            0.24526793112835        0.62918735040475       -0.78148165435927
C            0.31754664711048        0.70266228701939       -2.31462540983668
C            1.61186711887959        0.68066521843508       -0.10599216831854
C            2.81422317629810        0.46309523804206       -0.77604680103776
C            4.03216276291874        0.56454445540597       -0.11537167285149
C            4.07469880505975        0.88456320401496        1.23056303536279
C            2.89021489682017        1.10746011029968        1.91218552042302
C            1.67625590482784        1.00745769667723        1.24952966516172
H           -2.70767034389351        2.22219861102507        0.12860859163174
H           -1.40500663084979        1.95229611433077        1.29678260778829
H           -3.06403646780806        2.10793216740793        1.85115121002972
H           -2.22817654435269       -0.30083641952309        1.79663739764545
H           -3.73357175770583        0.02094709311560        0.94522784341440
H           -2.39090185772711        0.18493008777022       -1.21046410327340
H           -3.83477026390909       -1.74670748385141       -0.78005261624827
H           -2.69832024925428       -3.89298382282242       -0.34375868842073
H           -0.31624227941271       -3.88729677594227        0.33768830029235
H            1.06823865703109       -1.92079986213664       -0.12532084032733
H           -0.28867246827121        1.52906395606806       -0.45918734282901
H            0.77620097365136       -0.18680646849796       -2.74667613436205
H            0.88260401799272        1.58053939255038       -2.63157122782943
H           -0.68790310633389        0.78750959342314       -2.72818637599486
H            2.82416270835107        0.21670919193971       -1.82823803900399
H            4.95400294030489        0.38773131084177       -0.65484524594576
H            5.02421636084348        0.95781125602164        1.74580401950917
H            2.91221658916582        1.35905945969504        2.96475837848184
H            0.76409083504920        1.18968157874356        1.80277037664397
35
 energy: -43.875426861344 gnorm: 0.008702877956 xtb: 6.7.1 (edcfbbe)
C           -2.43364590901485        1.71141694017026        1.05481731752298
C           -2.64086792402849        0.20703860108201        0.92204493348398
C           -2.07839892480326       -0.43503686912972       -0.37887564553112
C           -2.76106575738881       -1.75672555238602       -0.52755680184048
C           -2.13777924872982       -2.92912033125202       -0.26411438813361
C           -0.76665786929767       -2.95633689196992        0.02749265637286
C           -0.01188013854723       -1.78618579176031       -0.12420722069476
C           -0.58189867282185       -0.57599316928041       -0.37827501019262
C            0.23966753231139        0.63007280257157       -0.77835746672952
C            0.31970176696296        0.69121923757682       -2.31041276848193
C            1.59819044548651        0.67330323257828       -0.10660522665563
C            2.79343748580336        0.45154792603127       -0.77597782269605
C            4.00784787838232        0.54996873326300       -0.11841007896802
C            4.05468527294877        0.87275956349832        1.22427792349237
C            2.87079078549257        1.09121352194402        1.90587905607828
C            1.66169214741268        0.99234611795886        1.24536674454668
H           -2.71181454917124        2.22189596512844        0.13501461602642
H           -1.40284358487882        1.95616781424583        1.29266557880014
H           -3.05941686508493        2.09815423081583        1.85664750488203
H           -2.20591869913439       -0.30895885997333        1.78038494469906
H           -3.71667879726864        0.00922473662123        0.93265283853144
H           -2.38398503597202        0.22286602505456       -1.20707167056036
H           -3.81205528017320       -1.72692470224044       -0.77831390309685
H           -2.67910084979398       -3.86482617961085       -0.30724270928001
H           -0.28520716766173       -3.88461375182319        0.28935937991026
H            1.06668031600667       -1.87855844058927       -0.08035027586993
H           -0.29680804071733        1.52823130839113       -0.45883222927288
H            0.77600733727400       -0.20631986453735       -2.71862738462939
H            0.89325133048049        1.56149048456456       -2.62247558378920
H           -0.68229587491367        0.77511356136532       -2.72552850421131
H            2.79643459526363        0.20196772893612       -1.82474202238224
H            4.92619090785174        0.38319184694578       -0.66277453939814
H            5.00340467826587        0.95883795805948        1.73393468209061
H            2.89226461185565        1.35204551627140        2.95396239470205
H            0.74827209760331        1.16952655147851        1.79395068127498
35
 energy: -43.875802552813 gnorm: 0.005411684334 xtb: 6.7.1 (edcfbbe)
C           -2.43328949243908        1.71198651189860        1.05857936811500
C           -2.63595835201726        0.20758367368476        0.92282863275842
C           -2.07449798651285       -0.42978711494751       -0.38719037747314
C           -2.75412793970578       -1.75212949207368       -0.53022861607745
C           -2.12507555969273       -2.92096615828243       -0.25944995394614
C           -0.75128991454755       -2.94718641020420        0.02223861135534
C           -0.00341608748132       -1.77186959535259       -0.11481026870548
C           -0.58117349885953       -0.56585881030260       -0.38076736232240
C            0.23623136391555        0.63772971840203       -0.78154176254605
C            0.32042985773387        0.68435034443162       -2.31444652403472
C            1.58998152341919        0.67277401354884       -0.10776179052107
C            2.78377331515473        0.44408669693904       -0.77783302317253
C            3.99797868250844        0.54272722698035       -0.11985404305797
C            4.04402194785728        0.86773430809363        1.22302817172851
C            2.85965465601505        1.08383772517158        1.90678809324747
C            1.65040120576058        0.98540222436425        1.24643966379952
H           -2.72036510918508        2.22431376504007        0.14211748846016
H           -1.40179401021935        1.96084633525595        1.29030071585721
H           -3.05531022562189        2.09246605279750        1.86633463837589
H           -2.19115558693657       -0.31036947990397        1.77447886069561
H           -3.70982418053063        0.00424192660325        0.93735482532768
H           -2.38404370709882        0.23652475952196       -1.20709956023564
H           -3.80546323567948       -1.72805473933993       -0.77726404886629
H           -2.67125198051454       -3.85399830786833       -0.29508122376813
H           -0.26311065538937       -3.87762290287736        0.26524068946850
H            1.07713828900976       -1.84249625257731       -0.05148767044228
H           -0.29945594052786        1.53863597397837       -0.46771275383496
H            0.77251805321824       -0.22229853761324       -2.70824150731416
H            0.90204555075008        1.54684627357434       -2.63216970966559
H           -0.67914979340867        0.76918082879116       -2.73429320190240
H            2.78378752729019        0.19226440075482       -1.82628733426436
H            4.91514928876488        0.37025643100224       -0.66420695594853
H            4.99225978699145        0.95198764386267        1.73261618236345
H            2.88027090268167        1.33874563674601        2.95617965567103
H            0.73431130529735        1.15811532989973        1.79290209087567
35
 energy: -43.875975842892 gnorm: 0.002775480016 xtb: 6.7.1 (edcfbbe)
C           -2.43480565703792        1.71256971691426        1.06417321965862
C           -2.63172746864311        0.20821492671344        0.92632792653866
C           -2.07449963635271       -0.42445284627431       -0.39239456219509
C           -2.74876836395888       -1.75079074908565       -0.53156450708719
C           -2.11211741785440       -2.91476273877341       -0.25881855843470
C           -0.73774676617972       -2.93372818423843        0.02493767360046
C            0.00487931828818       -1.75476454581995       -0.10544008727146
C           -0.58131653838015       -0.55398914315175       -0.38194169513409
C            0.23386899164753        0.64727466624356       -0.78859047493485
C            0.32092679612548        0.67696708447342       -2.32250642373190
C            1.58437764983321        0.68078528960304       -0.11196327384736
C            2.77821753249874        0.44314472681902       -0.78017121195996
C            3.99124931046908        0.53320133333209       -0.11797486670851
C            4.03388559444397        0.85674836608259        1.22576186774002
C            2.84884666582495        1.07339175978889        1.90945029256966
C            1.64025208653994        0.98342478605176        1.24573701455982
H           -2.73393768398074        2.22746782456177        0.15244175694557
H           -1.40199037510690        1.96654309956307        1.28650354484901
H           -3.05030244512712        2.08724944086451        1.88026811785105
H           -2.17579521496037       -0.31046002242202        1.77159654255859
H           -3.70383234750019       -0.00124479079617        0.94812258812740
H           -2.38826638995043        0.24391578514144       -1.20723218650197
H           -3.80086838244385       -1.73520807574358       -0.77530760252864
H           -2.65741512566044       -3.84767536948262       -0.29165277848134
H           -0.24269774849412       -3.86437785662032        0.25371878085600
H            1.08388814599391       -1.81079836720599       -0.03770158257709
H           -0.30028489763328        1.55290883003211       -0.48466943867045
H            0.76576796867579       -0.23986328046640       -2.70282723099695
H            0.91135554305473        1.52986918297298       -2.65084005240051
H           -0.67678897623427        0.76441698428843       -2.74637530739756
H            2.77700106882194        0.18779552525843       -1.82800214850082
H            4.90849711415180        0.35451077839490       -0.66064933521779
H            4.98145026581387        0.93976757787603        1.73675595950663
H            2.86781663403417        1.32102830167373        2.96089086921258
H            0.72108074928123        1.15091998343053        1.78963717000442
35
 energy: -43.876069812414 gnorm: 0.002893363621 xtb: 6.7.1 (edcfbbe)
C           -2.43722453252558        1.71259184972628        1.06961028803574
C           -2.62891254482480        0.20818745412626        0.93142516388841
C           -2.07576550754899       -0.42013171950194       -0.39268161227157
C           -2.74474085900804       -1.75022924300498       -0.53074901967238
C           -2.10250850339767       -2.91070179985782       -0.25811515349589
C           -0.72786225746045       -2.92224032552809        0.02892287428499
C            0.01044827763466       -1.74135307382269       -0.10393592491185
C           -0.58187300923830       -0.54432923698205       -0.38473955519842
C            0.23267777110952        0.65552750603937       -0.79779632189709
C            0.32118969625930        0.67083835965897       -2.33212356068042
C            1.58144234512053        0.68824188847226       -0.11716891963847
C            2.77654236364121        0.44596788210011       -0.78209283923459
C            3.98781548230599        0.52700926720046       -0.11470155926056
C            4.02613748091422        0.84585057085826        1.23030518164992
C            2.83990221907575        1.06430764738469        1.91146980739600
C            1.63291641775977        0.98324070999361        1.24294882029787
H           -2.74885596151231        2.22886957780444        0.16255866208007
H           -1.40285512431415        1.97103485709417        1.28082423488033
H           -3.04492861945888        2.08317340339125        1.89390390597614
H           -2.16382142557727       -0.30957606312156        1.77216290005546
H           -3.69979846706141       -0.00638968791976        0.96091137204151
H           -2.39422301876431        0.24732234926707       -1.20496982753797
H           -3.79675942844536       -1.74119075494914       -0.77525290672207
H           -2.64333951344807       -3.84564356539661       -0.29332080357407
H           -0.22854299199788       -3.85012914209868        0.25682238485559
H            1.08856004476819       -1.78900381018576       -0.03062670598863
H           -0.30034029563027        1.56512225398150       -0.50263172314907
H            0.75871155606787       -0.25358431089181       -2.70310088876864
H            0.91877866753895        1.51539291242802       -2.66978121791760
H           -0.67552446462435        0.76201585716645       -2.75802336887145
H            2.77658624964571        0.19245850294984       -1.83044836782169
H            4.90601724891273        0.34248639448007       -0.65416132615410
H            4.97233126353092        0.92186538867166        1.74528780335413
H            2.85645140593119        1.30349668515271        2.96516902850839
H            0.71156803462150        1.14950141531266        1.78379917546234
35
 energy: -43.876163002192 gnorm: 0.003251423856 xtb: 6.7.1 (edcfbbe)
C           -2.44052295609334        1.71251264700544        1.07568687629896
C           -2.62516828059736        0.20755399828911        0.93860281599471
C           -2.07710023377556       -0.41541505148204       -0.38976756871047
C           -2.73969839003191       -1.74922337225379       -0.52921041338861
C           -2.09233144909944       -2.90661983643549       -0.25760890638120
C           -0.71802785657087       -2.91052231803239        0.03452468977775
C            0.01527263749461       -1.72729846220656       -0.10286707848188
C           -0.58241734218618       -0.53362254798097       -0.38669756060207
C            0.23168345508666        0.66434457999214       -0.80971577839143
C            0.32214500695375        0.66379812870545       -2.34391730928728
C            1.57905819880115        0.69725586245489       -0.12453717333620
C            2.77630709105798        0.45270479022890       -0.78472191532749
C            3.98469556618760        0.52122451882405       -0.11007381677406
C            4.01728680125594        0.83054158898529        1.23720938104373
C            2.82905616286676        1.05332515695443        1.91314053889415
C            1.62507251313952        0.98453254499848        1.23754290545147
H           -2.76941405746840        2.22854042652349        0.17444220601735
H           -1.40409248079048        1.97677601742690        1.27028900769702
H           -3.03704674059948        2.07892305128627        1.91031271375197
H           -2.15023771806483       -0.30790840033445        1.77510147313091
H           -3.69464268424000       -0.01360698296324        0.97683522067878
H           -2.40178410290375        0.25093493360004       -1.19976026966965
H           -3.79132884635282       -1.74593607979828       -0.77599228729273
H           -2.62681326599329       -3.84520646344482       -0.29590084004910
H           -0.21510925280925       -3.83464294236889        0.26771462149883
H            1.09211339192417       -1.77063868219550       -0.03124616367604
H           -0.30052404171300        1.57775281113835       -0.52414039898309
H            0.75148960537787       -0.26793425913622       -2.70561166452706
H            0.92672546976008        1.49949351276347       -2.69120168061014
H           -0.67378920946822        0.75964354691199       -2.77107427073676
H            2.77973880473169        0.20494973574956       -1.83446288401169
H            4.90469139036719        0.33223860425149       -0.64506454232626
H            4.96126111358681        0.89540291023782        1.75852834339936
H            2.84188900034316        1.28401582360682        2.96895142869244
H            0.70176269982306        1.15211020869730        1.77439030023626
35
 energy: -43.876243216835 gnorm: 0.002624453156 xtb: 6.7.1 (edcfbbe)
C           -2.44441192938285        1.71209967772490        1.08286976822636
C           -2.61952633936984        0.20596711145599        0.94733999696592
C           -2.07717172374521       -0.40989504121401       -0.38529610796943
C           -2.73319811368954       -1.74680130823243       -0.52699924950145
C           -2.08148506930199       -2.90142398118500       -0.25462760725510
C           -0.70773927056369       -2.89820976260307        0.04129033396364
C            0.02008519292862       -1.71307128411070       -0.10426209174156
C           -0.58215156997468       -0.52234266053227       -0.39068428684518
C            0.23091042537864        0.67363229078230       -0.82443669203331
C            0.32385036520882        0.65604074668513       -2.35795306345648
C            1.57642514793095        0.70769371020425       -0.13422491198832
C            2.77654877915755        0.46276901655465       -0.78846582744869
C            3.98065447798661        0.51545424620242       -0.10453371226542
C            4.00606461947554        0.81062223862755        1.24605988164997
C            2.81495883385688        1.04024782183781        1.91431796108406
C            1.61550906446965        0.98684789538292        1.22951534361073
H           -2.79628088771845        2.22641690817590        0.18916875367664
H           -1.40575728640406        1.98397197062040        1.25493017041801
H           -3.02588986524323        2.07312368830845        1.93055482411405
H           -2.13370721226980       -0.30609475732832        1.77963111280259
H           -3.68716389040568       -0.02329125665533        0.99529323806543
H           -2.40951206465855        0.25663847434021       -1.19226745799315
H           -3.78406120446959       -1.74815886546492       -0.77736949842914
H           -2.60874685611868       -3.84432027739421       -0.29614440232315
H           -0.20137633818882       -3.81814855047419        0.28362051653453
H            1.09726665906652       -1.75354518933759       -0.03362786850515
H           -0.30158160934873        1.59001182724010       -0.54879053386609
H            0.74621317247451       -0.28260068265328       -2.70886748414199
H            0.93460807886643        1.48311298831291       -2.71422779785686
H           -0.67110066715515        0.75528440350993       -2.78691569421408
H            2.78562219337914        0.22465187480682       -1.84045696584080
H            4.90313707399188        0.32348604867260       -0.63403332116438
H            4.94662737385561        0.85917268186162        1.77601410642274
H            2.82237205356245        1.26241712112920        2.97199342303887
H            0.69020838641853        1.15824087474807        1.76128514426683
35
 energy: -43.876285463527 gnorm: 0.001941607069 xtb: 6.7.1 (edcfbbe)
C           -2.44706945770433        1.71155577567673        1.08889621947980
C           -2.61325569791351        0.20419772666819        0.95383945448836
C           -2.07547544771040       -0.40561747814945       -0.38225340288800
C           -2.72765017840948       -1.74396836204746       -0.52561076193225
C           -2.07371635499843       -2.89673367813031       -0.25038122228738
C           -0.70043471703908       -2.88936134732723        0.04691370499973
C            0.02409752049944       -1.70306097151663       -0.10452255369277
C           -0.58051363480349       -0.51423842926450       -0.39399167011569
C            0.23038717059601        0.68028985944347       -0.83635612673715
C            0.32610015454956        0.65041182491321       -2.36916025785939
C            1.57396703872851        0.71587614400558       -0.14252311863689
C            2.77663991630585        0.47167094050060       -0.79183385520594
C            3.97662006474691        0.51176930906879       -0.10015547404299
C            3.99576482606800        0.79415694046810        1.25330399265489
C            2.80212192739981        1.03009969762509        1.91479367680133
C            1.60697409000785        0.98929614317785        1.22221815767716
H           -2.81945561611185        2.22387690680165        0.20245491363514
H           -1.40733048286527        1.99054665042912        1.24100899723148
H           -3.01508195791929        2.06708123841974        1.94779860543613
H           -2.11889631630100       -0.30505395695615        1.78291532545764
H           -3.67909270028397       -0.03207727515268        1.00892541899478
H           -2.41337504051625        0.26244943003740       -1.18623545572584
H           -3.77798490931218       -1.74753988018450       -0.77813727000049
H           -2.59706246344726       -3.84215620440130       -0.29104869410428
H           -0.19206996338798       -3.80666541777554        0.29630448578892
H            1.10187537494038       -1.74371582017280       -0.04002666772607
H           -0.30362052766959        1.59777404319242       -0.56764206131585
H            0.74665569005821       -0.29198232086556       -2.71114592104387
H            0.93912063163537        1.47285267820084       -2.73109115141773
H           -0.66789469713983        0.74864623013080       -2.80047236073113
H            2.79142763619442        0.24285688333074       -1.84587612073166
H            4.90128707418505        0.31846418773308       -0.62514050848099
H            4.93282676700710        0.82771800366996        1.79060136994385
H            2.80423162992852        1.24589992989888        2.97367315844442
H            0.68008265068193        1.16468059855049        1.74965717364353
35
 energy: -43.876312886034 gnorm: 0.001463566198 xtb: 6.7.1 (edcfbbe)
C           -2.44837446354022        1.71070787956649        1.09423219945059
C           -2.60509774738763        0.20210521090162        0.95888725848902
C           -2.07219637448003       -0.40229079687333       -0.38100263968364
C           -2.72357598042878       -1.74069690038785       -0.52386782168307
C           -2.06950360086440       -2.89221689432956       -0.24265702571198
C           -0.69606358647380       -2.88306436235532        0.05193814073222
C            0.02766676904972       -1.69737238066286       -0.10818659049188
C           -0.57748735464630       -0.50960866537148       -0.40001411318941
C            0.23031480663646        0.68464648008582       -0.84729877862305
C            0.32935438477164        0.64694775397099       -2.37925432652516
C            1.57160662089604        0.72327065323576       -0.15033081821337
C            2.77695963749095        0.48070304461761       -0.79490536070060
C            3.97249690076379        0.50961367848775       -0.09580094143789
C            3.98519387792076        0.77988322343758        1.26013820250111
C            2.78911457454412        1.02150620785752        1.91521174664799
C            1.59848030021399        0.99181700976978        1.21525065047178
H           -2.84240564782183        2.22076236220932        0.21636649196791
H           -1.40859710090708        1.99771576861016        1.22581627998480
H           -3.00210616395028        2.05944573755510        1.96461734750985
H           -2.10235827380616       -0.30448833208307        1.78473369544666
H           -3.66890568640360       -0.04095507053128        1.02073726274930
H           -2.41411332897234        0.26823785694655       -1.18167847476650
H           -3.77351527783951       -1.74443911688192       -0.77753705874431
H           -2.59190234346940       -3.83828467912174       -0.27903823689697
H           -0.18678179870805       -3.79878599610439        0.30650471177103
H            1.10714207296963       -1.73988219603993       -0.04847611760088
H           -0.30700357343339        1.60131781244525       -0.58313352395810
H            0.75500955991536       -0.29545345423038       -2.71379901734357
H            0.93957361299314        1.46971646571426       -2.74377125042667
H           -0.66391540780933        0.73787766395733       -2.81364119380250
H            2.79809492721113        0.26055862703619       -1.85060802743086
H            4.89941301651064        0.31663861384879       -0.61674290182747
H            4.91832850819292        0.80032072857371        1.80379464225523
H            2.78537514084654        1.23266650173984        2.97478166534525
H            0.66997900001502        1.17107956440422        1.73843392373606
35
 energy: -43.876305264341 gnorm: 0.003118213922 xtb: 6.7.1 (edcfbbe)
C           -2.44966896983624        1.70986648773633        1.09948772063943
C           -2.59711593405614        0.20003933722236        0.96384453972979
C           -2.06896237111271       -0.39901458410878       -0.37974848291294
C           -2.71954075267614       -1.73747173480260       -0.52216691530411
C           -2.06533794970176       -2.88777290879244       -0.23506464709396
C           -0.69175106548188       -2.87686840223075        0.05688871502708
C            0.03117116910940       -1.69177098618588       -0.11178240074216
C           -0.57450874218905       -0.50504361928214       -0.40592315912133
C            0.23024320901625        0.68893778092167       -0.85804540927154
C            0.33253353776671        0.64353744413869       -2.38916017676270
C            1.56929204880546        0.73055620530568       -0.15801841718182
C            2.77727396257854        0.48959993631114       -0.79794127979935
C            3.96843896906125        0.50746934253425       -0.09153632516107
C            3.97480838346470        0.76579095287154        1.26684831166476
C            2.77633728897764        1.01304506674026        1.91560381827370
C            1.59014551665124        0.99431996752838        1.20838075528883
H           -2.86489581797891        2.21769308798596        0.23002096564808
H           -1.40986063121814        2.00472020695210        1.21096110509787
H           -2.98941363537051        2.05195552305622        1.98111088833266
H           -2.08619866559794       -0.30395045399232        1.78654548520914
H           -3.65893563490397       -0.04966891843225        1.03228628343451
H           -2.41482636630635        0.27394429860312       -1.17718012145559
H           -3.76908054583111       -1.74137308793317       -0.77699759510579
H           -2.58677751571438       -3.83448984027537       -0.26727803619722
H           -0.18156641070118       -3.79102645957405        0.31658981594320
H            1.11233850587510       -1.73610401989990       -0.05671835484676
H           -0.31032940359329        1.60480199063421       -0.59834335304012
H            0.76314460395731       -0.29889127653084       -2.71638029675586
H            0.94004102578348        1.46658591885878       -2.75621169513711
H           -0.66001768222470        0.72734227488601       -2.82656683543023
H            2.80465355495811        0.27799228807809       -1.85527936963855
H            4.89756331919176        0.31483339235572       -0.60850855389809
H            4.90407871957243        0.77329656939967        1.81675778680272
H            2.76685095339029        1.21967679484395        2.97584140723974
H            0.66007332633434        1.17744142507477        1.72738382652581
35
 energy: -43.876325254231 gnorm: 0.001738312072 xtb: 6.7.1 (edcfbbe)
C           -2.44814778380692        1.71031276561186        1.09691720685563
C           -2.59842853726502        0.20099017038342        0.96139147933281
C           -2.06980780191549       -0.40086568970367       -0.38145632342142
C           -2.72238562511176       -1.73875588455341       -0.52239193964395
C           -2.06898795084195       -2.88972080625394       -0.23675273652660
C           -0.69504627577963       -2.88072520538099        0.05429383666671
C            0.02963568407979       -1.69603861474825       -0.11146709964830
C           -0.57521480545223       -0.50861758062582       -0.40460370796199
C            0.23038997056105        0.68601939188947       -0.85372995161567
C            0.33230912145922        0.64590275024699       -2.38529628096722
C            1.57002380855955        0.72661746153745       -0.15447601008236
C            2.77720388083952        0.48565192762361       -0.79615186290962
C            3.97004958975427        0.50987644024363       -0.09280598474823
C            3.97852997501057        0.77396669599449        1.26426065142066
C            2.78090553573426        1.01750817194073        1.91579238478049
C            1.59298113011275        0.99269540430854        1.21161066706272
H           -2.85734009412400        2.21881726876813        0.22546885054272
H           -1.40868693343412        2.00325150918860        1.21437187300075
H           -2.99176956804206        2.05404619400248        1.97531122218508
H           -2.08943117216071       -0.30391153758293        1.78459724733173
H           -3.66077363112217       -0.04659882030850        1.02838331280132
H           -2.41356272536270        0.27130501476794       -1.17992849862561
H           -3.77245650287548       -1.74183800386867       -0.77521604141961
H           -2.59284048927038       -3.83508356802876       -0.26751277397552
H           -0.18581436833018       -3.79615062907570        0.31034323345116
H            1.10979978993846       -1.74079931018708       -0.05689130963400
H           -0.30965666774707        1.60158185606767       -0.59141984905031
H            0.76550213506814       -0.29427741795993       -2.71642685478597
H            0.93745727039679        1.47220673594343       -2.75020379313684
H           -0.66079486956674        0.72833140777405       -2.82177170828681
H            2.80237643188555        0.27054542019009       -1.85271122166528
H            4.89842572101404        0.31741550243828       -0.61132015440218
H            4.90918974917367        0.78757907333841        1.81146677123507
H            2.77331314636891        1.22560037779100        2.97586185531391
H            0.66325286225176        1.17316152822586        1.73216351052770
35
 energy: -43.876344938677 gnorm: 0.001332646763 xtb: 6.7.1 (edcfbbe)
C           -2.44507970464879        1.71153368389011        1.09311334571116
C           -2.59630734174116        0.20265740675956        0.95916989621569
C           -2.07126707155850       -0.40351510353870       -0.38492220877451
C           -2.72824199880388       -1.74030803748802       -0.52084045325684
C           -2.07620920515094       -2.89218939108072       -0.23683153027236
C           -0.70097927241543       -2.88682289557931        0.04952551836973
C            0.02728455769335       -1.70366905033734       -0.11548510689048
C           -0.57643622452847       -0.51524934509906       -0.40671107039161
C            0.23102304682571        0.68070699675413       -0.85008797893318
C            0.33378795665100        0.64918764683627       -2.38237339209773
C            1.57063930789088        0.72078086696561       -0.15000731472937
C            2.77757189457966        0.48115941804161       -0.79314365960228
C            3.97245998047686        0.51497039548175       -0.09257667633170
C            3.98226224763764        0.78688496661489        1.26291017144437
C            2.78480250842595        1.02273739340799        1.91756395866540
C            1.59477859181449        0.98831133407586        1.21630290055144
H           -2.85524411037264        2.22048412522067        0.22215877618552
H           -1.40531782472137        2.00522382793156        1.21046122422078
H           -2.98810534372239        2.05511719885719        1.97242873785057
H           -2.08469723181308       -0.30229714856774        1.78062856030340
H           -3.65867498155735       -0.04434431375364        1.02942091801770
H           -2.41310178442971        0.26751856321117       -1.18402575282699
H           -3.77956583906871       -1.74201688630616       -0.76880900716436
H           -2.60480496292747       -3.83476528966509       -0.26331526109699
H           -0.19335206023500       -3.80426595301928        0.29964190603899
H            1.10592672270015       -1.74850045123534       -0.05979342779187
H           -0.30898817882879        1.59577576121409       -0.58462797450028
H            0.77720279954395       -0.28471963894012       -2.71989883253635
H            0.93042313980441        1.48462817663164       -2.74352787911329
H           -0.66040154914117        0.72344656686470       -2.81806118329397
H            2.80031831762218        0.26076274308107       -1.84858198876713
H            4.90045277396805        0.32383978541486       -0.61258976451991
H            4.91482168401174        0.81195146357514        1.80698491397912
H            2.77880496341753        1.23241270023068        2.97758294347317
H            0.66441419260101        1.16257248354864        1.73801669186509
35
 energy: -43.876355877517 gnorm: 0.000846057530 xtb: 6.7.1 (edcfbbe)
C           -2.44446892885525        1.71207937222613        1.09346484504431
C           -2.59146604015428        0.20264406565577        0.96132127374502
C           -2.07059965672092       -0.40339767559991       -0.38443575830385
C           -2.72917876019294       -1.73935348237625       -0.51880602939767
C           -2.07785927352562       -2.89163309875678       -0.23453648038503
C           -0.70216242966728       -2.88759399407974        0.04843098555985
C            0.02695023286614       -1.70537638548785       -0.11966978335200
C           -0.57606733677634       -0.51652195992118       -0.41010887014357
C            0.23165513813388        0.67926744834091       -0.85322954739726
C            0.33577269471817        0.64880146394050       -2.38515982350086
C            1.57027947877233        0.71992739600806       -0.15126932089845
C            2.77849286101423        0.48266464174698       -0.79271750043613
C            3.97204089310818        0.51702971340124       -0.09032733263840
C            3.97938552414222        0.78740529998590        1.26539867944228
C            2.78062704944173        1.02171714022794        1.91818317949642
C            1.59194048022590        0.98641864699143        1.21516079573104
H           -2.86303722282751        2.21904842086322        0.22601343545103
H           -1.40534196746833        2.00962881016240        1.20222757971752
H           -2.98107931993479        2.05445974295239        1.97661121574641
H           -2.07517215617186       -0.29991520658900        1.78108504780231
H           -3.65274824435663       -0.04723102468089        1.03635081847350
H           -2.41400668295564        0.26832902898503       -1.18242023286487
H           -3.78096296339500       -1.73997956662876       -0.76463320089469
H           -2.60747922723502       -3.83367733208051       -0.25864382351646
H           -0.19508964786561       -3.80525629567149        0.29916222870516
H            1.10585516675229       -1.75155721373321       -0.06684797725160
H           -0.30918542497975        1.59389265578745       -0.58836077350004
H            0.78559163330547       -0.28172683123770       -2.72298195729730
H            0.92723860457591        1.48826882790483       -2.74510350067975
H           -0.65850309993885        0.71673606545796       -2.82168575312614
H            2.80343796978736        0.26424937897819       -1.84854242837292
H            4.90102571134404        0.32769071304615       -0.60910347320951
H            4.91097101224364        0.81254174954030        1.81107468773872
H            2.77264505939262        1.23073913454064        2.97823303759742
H            0.66069887319719        1.15968035009853        1.73556575691648
35
 energy: -43.876376720478 gnorm: 0.001164880834 xtb: 6.7.1 (edcfbbe)
C           -2.44407418730767        1.71444772598829        1.09425036539335
C           -2.57854948601051        0.20303530403236        0.96917407935158
C           -2.06964106885313       -0.40185368968806       -0.38159253653904
C           -2.73127084490219       -1.73628202701001       -0.51308010353098
C           -2.08093806131219       -2.88978321440904       -0.23087539291445
C           -0.70384472132534       -2.88855847634950        0.04402390045291
C            0.02629126796607       -1.70789055368256       -0.13026233778984
C           -0.57582705846962       -0.51794890172446       -0.41790388640047
C            0.23278734558243        0.67685731696491       -0.86182430973022
C            0.34130765237928        0.64497880273857       -2.39308137793134
C            1.56894717196830        0.71884488225349       -0.15519552348659
C            2.78064952979331        0.48754955535030       -0.79204368338817
C            3.97086883422285        0.52196511435924       -0.08403689492607
C            3.97162894200571        0.78758694414268        1.27278464746654
C            2.76915048069480        1.01744614910516        1.92044267756770
C            1.58380210677775        0.98117747488431        1.21199549200140
H           -2.89064328940431        2.21497649283606        0.23583972425824
H           -1.40486779007297        2.02357586362561        1.17544373242529
H           -2.96196766452983        2.05247442837877        1.99076513731061
H           -2.04652884714583       -0.29219459711071        1.78359726002493
H           -3.63666321298210       -0.05634362264742        1.05965141148922
H           -2.41808903739302        0.27181429580866       -1.17626489017649
H           -3.78417582303544       -1.73468849524876       -0.75378892637582
H           -2.61187925618217       -3.83117823503574       -0.25165892913651
H           -0.19753965083434       -3.80666941818011        0.29571462520551
H            1.10595782746734       -1.75606719435151       -0.08363018784756
H           -0.30906891864979        1.59166204805844       -0.60001851721332
H            0.80375694654147       -0.28007942876142       -2.72906247147357
H            0.92273525422859        1.49160314948285       -2.75242399391084
H           -0.65285477639023        0.69963721953836       -2.83181902698241
H            2.81116442254797        0.27338497892517       -1.84874319578158
H            4.90271749938704        0.33721513827999       -0.59922185773944
H            4.90078794487224        0.81377837837932        1.82294450307959
H            2.75608281770419        1.22470241901979        2.98072395478852
H            0.64998765066106        1.15082417204578        1.72887653246034
35
 energy: -43.876396990694 gnorm: 0.001254652138 xtb: 6.7.1 (edcfbbe)
C           -2.44368252966754        1.71805905959245        1.09488649029739
C           -2.56430950781873        0.20462072722516        0.97867592081402
C           -2.06863168914134       -0.40023589909955       -0.37705954389303
C           -2.73414912910320       -1.73297071249139       -0.50558767821574
C           -2.08466602404316       -2.88837438240024       -0.22896319433594
C           -0.70549710392238       -2.89058018656863        0.03633539302657
C            0.02578657564891       -1.71152103271387       -0.14268978240917
C           -0.57549197567546       -0.51986330238510       -0.42520204371589
C            0.23392808417039        0.67377411130042       -0.87039197507859
C            0.34689546327754        0.63852436839004       -2.40120886127930
C            1.56737821857439        0.71775951552756       -0.15877938541800
C            2.78275530616039        0.49355251239166       -0.79105728925393
C            3.96971920238410        0.52944346648105       -0.07724338630144
C            3.96357673863701        0.79036003813483        1.28071360027824
C            2.75713342553712        1.01325248256385        1.92363309352496
C            1.57502429933111        0.97486084701169        1.20954733071393
H           -2.91494082805512        2.20984100722226        0.24500799705295
H           -1.40657708974122        2.03900649643164        1.15039287084462
H           -2.94394009463965        2.05449201810847        2.00160192380809
H           -2.01564451252751       -0.28145786333554        1.78772361115012
H           -3.61844647630398       -0.06492105031337        1.08624026751378
H           -2.42189192240721        0.27527517234879       -1.16823314828137
H           -3.78864792665780       -1.72866410525226       -0.73949991522727
H           -2.61739610527663       -3.82892366789297       -0.24738603768902
H           -0.19962494333105       -3.80986215461128        0.28535350385360
H            1.10597609226173       -1.76165122762664       -0.10294144110787
H           -0.30876692563980        1.58927221745849       -0.61243855415026
H            0.81963075024254       -0.28282289346858       -2.73366133982929
H            0.92066888782199        1.49017149914327       -2.76132361150296
H           -0.64675411837506        0.68180249204719       -2.84241736865456
H            2.81893463842229        0.28345421647347       -1.84852400117853
H            4.90471398374437        0.35005586555707       -0.58869120058146
H            4.89025385638788        0.81860442186087        1.83533807731141
H            2.73869063591161        1.21711773799974        2.98461100249059
H            0.63819274381320        1.13854820488838        1.72293867542442
35
 energy: -43.876427239204 gnorm: 0.001608677269 xtb: 6.7.1 (edcfbbe)
C           -2.44272059807929        1.72471521131601        1.09502995198553
C           -2.54271103305619        0.20847827818675        0.99331260708409
C           -2.06698715063862       -0.39777579401605       -0.36928323844027
C           -2.73859146731789       -1.72788374358640       -0.49294166681980
C           -2.08991266967274       -2.88653209494822       -0.22837706087660
C           -0.70763730746495       -2.89446199051676        0.02158507457755
C            0.02530833171286       -1.71749086486719       -0.16115959579661
C           -0.57500468690439       -0.52284084748009       -0.43397833053056
C            0.23556154463090        0.66866367714462       -0.88165145411604
C            0.35499632105069        0.62588722896199       -2.41176619604769
C            1.56493097200518        0.71576416053590       -0.16253299720971
C            2.78546635154396        0.50316271982427       -0.78868740212484
C            3.96765706964777        0.54318571772079       -0.06738045630762
C            3.95145452336604        0.79673580523897        1.29186655786763
C            2.73957516917564        1.00736199305577        1.92878812122218
C            1.56223429534707        0.96451535394713        1.20741671374947
H           -2.94939659585479        2.20198734485680        0.25673215162034
H           -1.40949787121304        2.06314967585298        1.11433845341855
H           -2.91919420814657        2.05973569958343        2.01506365962542
H           -1.96939683018074       -0.26322690417147        1.79409140154087
H           -3.59015715785247       -0.07599332480281        1.12657230657684
H           -2.42660207028433        0.28004523547838       -1.15552710902895
H           -3.79582818615616       -1.71922717785520       -0.71472811045903
H           -2.62594199806234       -3.82534036995058       -0.24407236905809
H           -0.20220863651177       -3.81635477490792        0.26181607701981
H            1.10571356116729       -1.77053570825791       -0.13331204606957
H           -0.30869962678742        1.58535912145371       -0.63075128943195
H            0.83722917081242       -0.29281898519857       -2.73709174847008
H            0.92239446197915        1.48041064080576       -2.77476140123940
H           -0.63724710437747        0.65747371113564       -2.85679728653000
H            2.82968943905142        0.30000987673095       -1.84728480229576
H            4.90705332050370        0.37263405671039       -0.57383048643894
H            4.87445296780313        0.82809767095140        1.85233047434595
H            2.71321472541210        1.20444369919812        2.99094572852501
H            0.62100297335158        1.11866570186852        1.71572576813339
35
 energy: -43.876471699776 gnorm: 0.002231270803 xtb: 6.7.1 (edcfbbe)
C           -2.43987338570775        1.73735725590493        1.09375040519742
C           -2.50798195490697        0.21737470483638        1.01703893299534
C           -2.06437108023922       -0.39500192118812       -0.35427480882870
C           -2.74733944925424       -1.72030719045169       -0.46857722244378
C           -2.10041671811874       -2.88562378860256       -0.22920017915633
C           -0.71210295785171       -2.90494979162529       -0.00955356728313
C            0.02398734712674       -1.73092429539044       -0.19561376014537
C           -0.57456629434800       -0.53015684208240       -0.44691839208156
C            0.23770426626812        0.65868468561625       -0.89735241060799
C            0.36861235565119        0.60206141929625       -2.42618486300963
C            1.56076129472665        0.71306092755929       -0.16699261816802
C            2.78945652071937        0.52246021726307       -0.78447800212964
C            3.96469231853786        0.57047783210738       -0.05168963983555
C            3.93287689333079        0.81041125962255        1.30994134426678
C            2.71238923975842        0.99768000116278        1.93838196044833
C            1.54212293246853        0.94694910107107        1.20577305606581
H           -2.99278041828774        2.18934566298272        0.27161857025135
H           -1.41589458115912        2.10085904865299        1.06327463739319
H           -2.88383641212992        2.07515345374178        2.02834328417818
H           -1.89708350975109       -0.22982765101067        1.80475196656620
H           -3.54361567777735       -0.08908402066832        1.19100722132726
H           -2.43308089516786        0.28537339142985       -1.13385694220669
H           -3.80965310617524       -1.70310206589010       -0.66669337238698
H           -2.64300958299608       -3.82080923179543       -0.24158054530578
H           -0.20765199879302       -3.83235907566056        0.21126448053272
H            1.10478159349099       -1.78880160072236       -0.18584424821800
H           -0.30917270825725        1.57708366278028       -0.65803322775992
H            0.85980900752821       -0.31645138521643       -2.73821718665754
H            0.93146812592848        1.45696679542919       -2.79477234916640
H           -0.62110627298940        0.62125706275725       -2.87713852523674
H            2.84573136703697        0.32922595012354       -1.84437378709312
H            4.91110565551123        0.41790226674718       -0.55126990583793
H            4.85053188981582        0.85093631419361        1.87842888939170
H            2.67384149034992        1.18418127521482        3.00212519866535
H            0.59386470566114        1.08259657181078        1.70661560628036
35
 energy: -43.876493628011 gnorm: 0.001528810546 xtb: 6.7.1 (edcfbbe)
C           -2.43768631395430        1.74232567878163        1.09298695215124
C           -2.49527009115222        0.22190280552024        1.02489357466072
C           -2.06303691974899       -0.39457051435117       -0.34818634575241
C           -2.75043441497472       -1.71794673591349       -0.45787206733299
C           -2.10432252477776       -2.88590403180440       -0.23035143804073
C           -0.71446719392393       -2.90988323029592       -0.02330437769771
C            0.02303656925263       -1.73684221962002       -0.20904765811841
C           -0.57447424185334       -0.53351422857790       -0.45043179835081
C            0.23828287587128        0.65447046895569       -0.90203756866086
C            0.37383024768218        0.59154141470284       -2.43021722669913
C            1.55882561633258        0.71152464838304       -0.16725167892020
C            2.79009556243003        0.53048922803054       -0.78209998763326
C            3.96301510031733        0.58342405954702       -0.04609355618126
C            3.92610720825772        0.81795849767173        1.31611928749239
C            2.70300766419691        0.99521115513553        1.94205704248459
C            1.53513971256845        0.94018700156567        1.20619468829825
H           -3.00494890426400        2.18497482681438        0.27632599409840
H           -1.41760662750800        2.11289169573955        1.04647942534108
H           -2.87173863014210        2.08255483385858        2.03131537798774
H           -1.87334213485508       -0.21655790276083        1.80755577892843
H           -3.52575254082817       -0.09018267483676        1.21240270958185
H           -2.43438202811476        0.28598534663957       -1.12624899138607
H           -3.81468639937749       -1.69728520696205       -0.64466193528100
H           -2.65005068117574       -3.81935343171648       -0.24050205227219
H           -0.21067405346345       -3.84001327475104        0.18702845590744
H            1.10347981187057       -1.79727995893073       -0.20857732826964
H           -0.30992934701062        1.57330373995207       -0.66758659259468
H            0.86478838774149       -0.32909511891713       -2.73609605374947
H            0.93895236257254        1.44388341057125       -2.80120361594062
H           -0.61452719822084        0.60990258949276       -2.88425134468045
H            2.85042000811776        0.34284823512717       -1.84279168290530
H            4.91158102145659        0.43829924522142       -0.54360334110057
H            4.84184643661727        0.86005949682737        1.88757314456219
H            2.66033506526913        1.17572273661232        3.00671121785062
H            0.58478659479084        1.06896741428733        1.70447299222399
35
 energy: -43.876490590598 gnorm: 0.003797584659 xtb: 6.7.1 (edcfbbe)
C           -2.43286659781080        1.75510311794904        1.09035100385241
C           -2.45964265343505        0.23259187162731        1.04669601336608
C           -2.05980444693642       -0.39313067765995       -0.33321354133599
C           -2.75962171009599       -1.71117851162576       -0.42805218660445
C           -2.11618851049918       -2.88580917674525       -0.22917899501523
C           -0.72133573758130       -2.92272349034625       -0.06013126888412
C            0.02043834723327       -1.75239685635529       -0.24784541689998
C           -0.57425421384723       -0.54274303661284       -0.46320345135544
C            0.24042198418116        0.64323984413879       -0.91678839844287
C            0.39012330166834        0.56466057079442       -2.44259923772286
C            1.55377293735849        0.70889831083740       -0.16914612578880
C            2.79267717343161        0.55413569536497       -0.77597643463021
C            3.95856168233530        0.61736287010068       -0.02991577842406
C            3.90652848701507        0.83444881462802        1.33450215611675
C            2.67597596722214        0.98593003574648        1.95255840346487
C            1.51528481756961        0.92208574839889        1.20660514563760
H           -3.04881838098711        2.17324496312471        0.29206917665158
H           -1.42198008744088        2.14995615727544        0.99146830939591
H           -2.83391573655297        2.09897760595763        2.04421263756722
H           -1.79982539745108       -0.18164539309418        1.81338021784249
H           -3.47660384303268       -0.09970229444080        1.27555372263345
H           -2.44006383259836        0.28747800676271       -1.10715817386526
H           -3.82891704760237       -1.68129802268173       -0.58386534632861
H           -2.67082378189917       -3.81408747700048       -0.23107062559175
H           -0.21963993451096       -3.85931899467015        0.12457869274168
H            1.10006873336384       -1.81988489511285       -0.27176158046672
H           -0.31244443414963        1.56256801476204       -0.69589444271082
H            0.88468932988037       -0.35933914698307       -2.73287515795583
H            0.95798212852562        1.41331909961185       -2.81847894144066
H           -0.59487526482431        0.57696661453835       -2.90553800716358
H            2.86476780522179        0.38099769862998       -1.83837061271663
H            4.91325439840487        0.49341911252810       -0.52164502688763
H            4.81666465655005        0.88247282257819        1.91397112947459
H            2.62155926855089        1.15260219914368        3.01890829366872
H            0.55905059274291        1.03279879883019        1.69755384781938
35
 energy: -43.876511001374 gnorm: 0.001517662215 xtb: 6.7.1 (edcfbbe)
C           -2.43139151244328        1.75446961842063        1.08877959336122
C           -2.46477542675958        0.23333487212420        1.04278160363764
C           -2.06037507526366       -0.39466751461483       -0.33397087139598
C           -2.75964878486888       -1.71296099240481       -0.42705450401128
C           -2.11653856266890       -2.88745443947274       -0.22880581200703
C           -0.72218465379523       -2.92446061615418       -0.06176204643372
C            0.01947905069232       -1.75344867478361       -0.24718644274084
C           -0.57493856737095       -0.54389769638567       -0.46095879297131
C            0.23999337674519        0.64283660183251       -0.91282949847389
C            0.38931753512326        0.56571864838688       -2.43835116910859
C            1.55411947925623        0.70907101799460       -0.16679410069721
C            2.79165098270764        0.55444576135235       -0.77563630455377
C            3.95886655940838        0.61835585327099       -0.03208535591002
C            3.90956190686735        0.83545359703039        1.33207782596036
C            2.68061250567355        0.98699314382498        1.95221548509585
C            1.51856260149209        0.92306190978818        1.20862365716808
H           -3.03306088944497        2.17580436779829        0.28683669553700
H           -1.42121584799094        2.14290360264773        1.00352377044467
H           -2.84165128570375        2.10138389699233        2.03546854469044
H           -1.81124129531802       -0.18392041110039        1.81072393391673
H           -3.48258449734563       -0.09431439766474        1.26554303066478
H           -2.43900188321883        0.28390878599420       -1.11055343461330
H           -3.82845438232744       -1.68338122075482       -0.58150507746532
H           -2.67131005381948       -3.81539344348919       -0.23069665312752
H           -0.22074905520776       -3.86106370908684        0.12085293614490
H            1.09865981509221       -1.82061272044382       -0.26948276152345
H           -0.31296015038324        1.56150865751517       -0.69076036497299
H            0.87747707816547       -0.36069611382874       -2.73010919518226
H            0.96271345136871        1.41104940140389       -2.81313826055013
H           -0.59540641995902        0.58542187043487       -2.90118452780974
H            2.86139229432221        0.37978858176129       -1.83740802195059
H            4.91224600728944        0.49540254363750       -0.52585351189095
H            4.82078557016849        0.88549874701629        1.90916565858426
H            2.62855206949745        1.15539466212287        3.01792821138931
H            0.56369806001937        1.03446580883454        1.70130576079584
35
 energy: -43.876516806937 gnorm: 0.000415937700 xtb: 6.7.1 (edcfbbe)
C           -2.43098373123826        1.75491811066335        1.08814989421801
C           -2.46441915870736        0.23318974693773        1.04276188472011
C           -2.06088317288434       -0.39515323550382       -0.33414951377898
C           -2.75951373655753       -1.71369236212117       -0.42666879697911
C           -2.11592368205467       -2.88793587154230       -0.22716558244299
C           -0.72171917317644       -2.92455412825578       -0.06130541103850
C            0.01918851966788       -1.75350898383672       -0.24874447030733
C           -0.57543485945790       -0.54407045156966       -0.46241182562233
C            0.23961735077811        0.64299809273725       -0.91363274438275
C            0.38943644937095        0.56768750185332       -2.43935772193496
C            1.55368860459029        0.70803047144133       -0.16734106664817
C            2.79161121135980        0.55378821173570       -0.77586990739370
C            3.95886970736847        0.61781070873748       -0.03191230902109
C            3.90945469304391        0.83541156555394        1.33245420567292
C            2.67990703169475        0.98647259342790        1.95217173577855
C            1.51774939878047        0.92195898955027        1.20818157944119
H           -3.03205682573395        2.17679391192717        0.28428422915004
H           -1.41910233887987        2.14232016673520        1.00403107023891
H           -2.84139885625162        2.10101262071370        2.03552595128622
H           -1.81269087495398       -0.18445870021188        1.81225536018015
H           -3.48323023079492       -0.09335401512755        1.26478249184034
H           -2.44033275109150        0.28319328106373       -1.11092615996025
H           -3.82858495260060       -1.68432775691314       -0.57898328797914
H           -2.67008377125712       -3.81620416124918       -0.22636548407028
H           -0.21968035679318       -3.86075185875244        0.12266132695138
H            1.09881375461629       -1.82002925872865       -0.27018334258662
H           -0.31282360846148        1.56187847928980       -0.69070989814233
H            0.87906561961018       -0.35777013871219       -2.73268570899778
H            0.96129695002973        1.41452155047618       -2.81273540344624
H           -0.59497527173322        0.58673109238005       -2.90260980646261
H            2.86181597740318        0.38001816596145       -1.83807938561517
H            4.91248507345311        0.49521848330227       -0.52542022693692
H            4.82076883563850        0.88486899371457        1.91022012413544
H            2.62762349125174        1.15415519577896        3.01833670426000
H            0.56264468397043        1.03283298854341        1.70114149587520
35
 energy: -43.876519236965 gnorm: 0.000404580604 xtb: 6.7.1 (edcfbbe)
C           -2.42998920558020        1.75515233205111        1.08779035298121
C           -2.46488521136380        0.23336079051496        1.04187275526551
C           -2.06111352775002       -0.39579338489419       -0.33441835140164
C           -2.75941692138376       -1.71460288305674       -0.42507066819243
C           -2.11530322288169       -2.88846131857625       -0.22465281166519
C           -0.72097322189007       -2.92452735983794       -0.06032741154096
C            0.01936760115571       -1.75335755795815       -0.24930349766782
C           -0.57557862832813       -0.54418090738159       -0.46336038837386
C            0.23941199154655        0.64307874279267       -0.91432196957488
C            0.38935470296860        0.56972366885885       -2.44014092889507
C            1.55343418686332        0.70789600277545       -0.16784036552604
C            2.79156462060369        0.55399103701583       -0.77601603000288
C            3.95859630283220        0.61748051445465       -0.03169818478047
C            3.90886954012057        0.83436810660179        1.33278447033447
C            2.67909989309628        0.98500371039306        1.95213666239586
C            1.51716342430007        0.92087043860154        1.20779665510984
H           -3.02982040621783        2.17753237149376        0.28327634470636
H           -1.41773134224413        2.14207000135232        1.00449208052319
H           -2.84100631279812        2.10160908864631        2.03466738003744
H           -1.81396988175443       -0.18464149220090        1.81179818425382
H           -3.48421116224482       -0.09233324305981        1.26356902411621
H           -2.44145279345451        0.28200877689122       -1.11132481690486
H           -3.82861897357151       -1.68575419417317       -0.57657013158517
H           -2.66894880407947       -3.81704816889613       -0.22267926560036
H           -0.21834647760747       -3.86034715850577        0.12403470698886
H            1.09905208396375       -1.81964463485513       -0.27243411686112
H           -0.31300395868848        1.56180219387476       -0.69074167500196
H            0.88055974515291       -0.35455151943455       -2.73461429734127
H            0.95995599149733        1.41796798596732       -2.81226197721590
H           -0.59502267168351        0.58774238670545       -2.90353323510157
H            2.86216354178878        0.38027584306039       -1.83825223556142
H            4.91237107446947        0.49498967934170       -0.52493060536604
H            4.82002449641946        0.88423871602212        1.91081639371190
H            2.62658457657880        1.15280182365879        3.01832205857536
H            0.56201895016430        1.03127961175653        1.70083589516211
