35
 energy: -43.866289276167 gnorm: 0.067656412108 xtb: 6.7.1 (edcfbbe)
C           -2.72730000000000        0.39480000000000       -1.53220000000000
C           -2.64480000000000       -0.69870000000000       -0.47960000000000
C           -1.22610000000000       -1.02340000000000        0.04670000000000
C           -1.35370000000000       -2.31530000000000        0.85760000000000
C           -1.30240000000000       -2.34110000000000        2.19730000000000
C           -1.09730000000000       -1.09550000000000        2.88780000000000
C           -0.55430000000000        0.05910000000000        2.21320000000000
C           -0.56550000000000        0.11670000000000        0.86240000000000
C            0.14900000000000        1.22130000000000        0.07220000000000
C            0.62080000000000        2.43320000000000        0.89490000000000
C            1.32730000000000        0.68700000000000       -0.73810000000000
C            1.39580000000000        0.92520000000000       -2.12000000000000
C            2.47070000000000        0.44730000000000       -2.87180000000000
C            3.49100000000000       -0.27190000000000       -2.25320000000000
C            3.43860000000000       -0.51350000000000       -0.88230000000000
C            2.36530000000000       -0.03600000000000       -0.12830000000000
H           -2.62770000000000        1.38690000000000       -1.08480000000000
H           -3.70750000000000        0.36700000000000       -2.02040000000000
H           -1.96370000000000        0.26580000000000       -2.30480000000000
H           -3.07060000000000       -1.60720000000000       -0.92800000000000
H           -3.30760000000000       -0.43210000000000        0.35450000000000
H           -0.57570000000000       -1.26740000000000       -0.80230000000000
H           -1.51660000000000       -3.23670000000000        0.30580000000000
H           -1.41020000000000       -3.25810000000000        2.76460000000000
H           -1.18520000000000       -1.07640000000000        3.96860000000000
H           -0.08900000000000        0.81260000000000        2.83800000000000
H           -0.57970000000000        1.63230000000000       -0.63130000000000
H           -0.21350000000000        2.88270000000000        1.44480000000000
H            1.40440000000000        2.16870000000000        1.61400000000000
H            1.03470000000000        3.20810000000000        0.23850000000000
H            0.61050000000000        1.48590000000000       -2.62180000000000
H            2.51180000000000        0.63690000000000       -3.94120000000000
H            4.32690000000000       -0.64440000000000       -2.83910000000000
H            4.23260000000000       -1.07570000000000       -0.39800000000000
H            2.33910000000000       -0.23800000000000        0.94040000000000
35
 energy: -43.874482088180 gnorm: 0.031039362555 xtb: 6.7.1 (edcfbbe)
C           -2.72423703277582        0.40325287986402       -1.53105445745598
C           -2.63075732544388       -0.69096643123919       -0.47559902328085
C           -1.20619012655086       -1.01524571065784        0.04131228654903
C           -1.32773828286498       -2.28698443079605        0.84717833234347
C           -1.30644744632801       -2.30015789436094        2.19516883438442
C           -1.05511843539589       -1.09557679815734        2.89509208292255
C           -0.54894959526784        0.03333588123225        2.20350261291806
C           -0.54421381400108        0.09536097048436        0.84818070287928
C            0.13993697108001        1.20656963371982        0.06252530424234
C            0.61241190370654        2.40366165198946        0.90229642943445
C            1.31352911765518        0.66918507485003       -0.74122990665674
C            1.39219763207747        0.91263351877781       -2.11030537115405
C            2.46490353837343        0.44775734921243       -2.85623419872289
C            3.47966704924650       -0.26687172052172       -2.24212114095797
C            3.42016599069969       -0.50571215748269       -0.87842103878627
C            2.34648245799872       -0.04010138713209       -0.13358225419906
H           -2.61537173326872        1.39312681180903       -1.09148984196013
H           -3.70223026834041        0.36781324861087       -2.01348669788566
H           -1.96535263424860        0.26869703412020       -2.30080889528771
H           -3.03624206849698       -1.61325725406216       -0.90823120935287
H           -3.27106415987618       -0.43220569889906        0.37372616039152
H           -0.57401864657291       -1.23046608857998       -0.82975252903530
H           -1.50140392166725       -3.19868715076972        0.28909265648292
H           -1.44433239392482       -3.21281533838249        2.75903777237736
H           -1.14637219631214       -1.07134061711911        3.97131934816495
H           -0.13964366848335        0.82419642315118        2.81833364441154
H           -0.58501995191041        1.60507199458982       -0.65367164503761
H           -0.21871007358474        2.85033782322160        1.44902618708333
H            1.39497821371079        2.13388923880763        1.61116388164827
H            1.02275299915424        3.16724646913355        0.23848611034291
H            0.61076148221673        1.47476885566635       -2.60614819936040
H            2.50654033276995        0.63953036180010       -3.92072610642971
H            4.31371083511187       -0.63667131833151       -2.82462590782669
H            4.21203291510250       -1.06185290822020       -0.39384923829174
H            2.31344233641125       -0.23742231632843        0.92999531510527
35
 energy: -43.876706597693 gnorm: 0.008198222439 xtb: 6.7.1 (edcfbbe)
C           -2.71849954115095        0.40594587055546       -1.52687840561844
C           -2.61142938004653       -0.68473086362889       -0.46740532431120
C           -1.17356730507123       -1.01171822675804        0.03376336226382
C           -1.29926417029800       -2.27061294330715        0.83147744741367
C           -1.30021092339769       -2.26945985365767        2.18536545493998
C           -1.02702039276159       -1.08998942532065        2.89282859303807
C           -0.56631061889526        0.03376576803918        2.19590674310635
C           -0.54356400709147        0.09360173695116        0.83530324400762
C            0.12946607770201        1.19895725248348        0.05813502516717
C            0.60614105887930        2.38446413001560        0.90396922783493
C            1.30004108724778        0.66024814020189       -0.74112848088901
C            1.38356949324017        0.90394128978602       -2.10485343679149
C            2.45620325213647        0.44387959671985       -2.84612981967246
C            3.46907013755177       -0.26695065914428       -2.22986203484212
C            3.40075307894310       -0.50769343685957       -0.86885947587942
C            2.32488730320260       -0.04842115138049       -0.13090576361877
H           -2.60413742451149        1.39511477739636       -1.09280262263173
H           -3.69917404452278        0.36417960515456       -1.99749988099978
H           -1.96681832714287        0.26601737183235       -2.30044745978379
H           -3.00953941633135       -1.61204346765045       -0.88936156008688
H           -3.23152452916740       -0.42588868289734        0.39405099928213
H           -0.56284397120119       -1.20183098389160       -0.86217023996411
H           -1.48812918439701       -3.17691105783810        0.27419787359175
H           -1.47745550946305       -3.18046172827118        2.74240569132732
H           -1.09139099297542       -1.07264622069082        3.96875021043954
H           -0.17067404145535        0.84379024273883        2.79243019743021
H           -0.59082476403619        1.59186295367730       -0.66544145094189
H           -0.22378076495238        2.82195956964231        1.45338281073026
H            1.38248258710581        2.09089008194875        1.60480629987160
H            1.02020706947206        3.14520024639363        0.24382796548833
H            0.60165898240717        1.46462465544851       -2.59766618334577
H            2.50235341401343        0.64283044695800       -3.90693428852799
H            4.30700019627250       -0.62922349393840       -2.80702458754073
H            4.19297252102655       -1.05590908481879       -0.38074712198930
H            2.27945304966854       -0.24668245588990        0.92961699150228
35
 energy: -43.877038206654 gnorm: 0.005239019563 xtb: 6.7.1 (edcfbbe)
C           -2.71681058180499        0.40469350595934       -1.52495988894732
C           -2.60470710696777       -0.68379807263826       -0.46443588258507
C           -1.15882288583534       -1.01112842917403        0.02817579823165
C           -1.28821877888368       -2.26982942999787        0.82287882764702
C           -1.29756038438926       -2.26457336739741        2.17758783640507
C           -1.01305936470490       -1.08888211327871        2.88804538662658
C           -0.56432527517337        0.03956411345474        2.19182002117386
C           -0.53808501882266        0.09582355949814        0.82977674371924
C            0.12327826753333        1.20383958967164        0.05437163741946
C            0.60502341093056        2.38190990109141        0.90560181936501
C            1.29109626537194        0.65963481090013       -0.74343904909932
C            1.37789455153919        0.90201545296544       -2.10746166394019
C            2.45486288866416        0.44230436916628       -2.84346497787435
C            3.46601048264477       -0.26747032081243       -2.22080220535096
C            3.39012002040289       -0.51195747084226       -0.85995790256372
C            2.30991026321853       -0.05419791402296       -0.12716685310087
H           -2.59812180344186        1.39523777102034       -1.09456363778481
H           -3.70161725394718        0.36243439790919       -1.98671219166226
H           -1.97131976549685        0.26119887965572       -2.30445675297801
H           -3.00792324953458       -1.61110370985730       -0.87935952631960
H           -3.21155952040458       -0.41960660461775        0.40432218303928
H           -0.55626406151166       -1.19349389978002       -0.87468770403857
H           -1.47799973025945       -3.17613387717352        0.26732367409387
H           -1.48451664444286       -3.17678211231366        2.72842968179215
H           -1.05955204477540       -1.07711235828153        3.96545752580880
H           -0.19037450308897        0.86827945145800        2.77982508811644
H           -0.59725021272281        1.59775444770467       -0.66835970609888
H           -0.22293572647497        2.81654704388144        1.46019896244606
H            1.37966360107838        2.07374642501325        1.60270652558554
H            1.02285748680956        3.14568406815739        0.25245241725271
H            0.59557660570014        1.46147867677892       -2.60185082043753
H            2.50451092752993        0.64050903689691       -3.90428384984321
H            4.30755248417013       -0.62819573281971       -2.79343520822866
H            4.17901835992151       -1.06198318324195       -0.36817788151763
H            2.25374829716822       -0.25630690493375        0.93270157364848
35
 energy: -43.877174667662 gnorm: 0.002379343286 xtb: 6.7.1 (edcfbbe)
C           -2.71911096555601        0.40181343879126       -1.52482156159097
C           -2.60118647338396       -0.68234151774351       -0.46149940895702
C           -1.14893838654620       -1.01034212703925        0.02210981037553
C           -1.27506983704351       -2.27107500302820        0.81497442717735
C           -1.28547163234590       -2.26482089129305        2.16914456316182
C           -1.00500812168799       -1.08896501644201        2.88147893663064
C           -0.56851836969402        0.04712793751889        2.18849100230532
C           -0.53942633969480        0.10178340895842        0.82573319579779
C            0.11792120169759        1.21186670884540        0.05192799133339
C            0.60655696421119        2.38389978542410        0.90696468980556
C            1.28349739032882        0.66314467016139       -0.74618649131394
C            1.37501056817189        0.90314003361133       -2.11081750233675
C            2.45534311070468        0.43946148649684       -2.84071467398776
C            3.46241539678201       -0.27084997102001       -2.21070170488153
C            3.37752338762077       -0.51910095618834       -0.85047047414011
C            2.29418132109119       -0.05876136423669       -0.12367331551249
H           -2.59548880940529        1.39431472213800       -1.09946574251267
H           -3.70822135796846        0.36008452901550       -1.97803801377877
H           -1.98019594279785        0.25444116760044       -2.31042622650615
H           -3.01003621939855       -1.61037072854767       -0.86812026920115
H           -3.19643012048341       -0.41242001561856        0.41315627148853
H           -0.55058402252126       -1.18672063942757       -0.88317383990298
H           -1.46473711686079       -3.17788795114721        0.26062259608556
H           -1.47686607099680       -3.17802241235616        2.71522485125878
H           -1.03605227253907       -1.08416404032171        3.95997000387857
H           -0.20006215828664        0.87898681283418        2.77073218316797
H           -0.60210344256964        1.61052909485903       -0.66850296596684
H           -0.21848706691593        2.81964526280059        1.46571241668462
H            1.37987958756143        2.06499424970074        1.60143780752988
H            1.02865590336051        3.15033058466292        0.25998117545746
H            0.59390546906220        1.46210376804861       -2.60845405748462
H            2.51054325229126        0.63599674384294       -3.90183600940994
H            4.30874543225572       -0.62997822627995       -2.77764921028405
H            4.16130173117761       -1.07322556436588       -0.35438838212920
H            2.22661401037935       -0.26451798025509        0.93537792775854
35
 energy: -43.877244336538 gnorm: 0.002400629285 xtb: 6.7.1 (edcfbbe)
C           -2.72405508263955        0.39798134605312       -1.52563611730006
C           -2.60180265072500       -0.68129301739510       -0.45864155619600
C           -1.14585074508086       -1.00782995254131        0.01780466044224
C           -1.26534753482681       -2.27127945073018        0.80851202448578
C           -1.27404632441901       -2.26727874045676        2.16234497445946
C           -0.99992926839485       -1.09045165561519        2.87606451545738
C           -0.56891388698963        0.04979671752716        2.18605310381502
C           -0.54045456244490        0.10611678510381        0.82337519260288
C            0.11526790753278        1.21899148357912        0.05093053708196
C            0.60949052198391        2.38728894510830        0.90807314383166
C            1.27888653312786        0.66716046849600       -0.74831282396025
C            1.37531696666580        0.90596286473070       -2.11286618922631
C            2.45766284770945        0.43779481647983       -2.83776266584685
C            3.45976783812617       -0.27508307279648       -2.20269996929914
C            3.36741422321311       -0.52604546822399       -0.84336607794295
C            2.28262345494835       -0.06158462959681       -0.12160903583705
H           -2.59573073211712        1.39234038379975       -1.10558030050654
H           -3.71631258659838        0.35698881424221       -1.97242749262090
H           -1.99047598538228        0.24638333968521       -2.31560465344866
H           -3.01527406909321       -1.61041509251488       -0.85799302700478
H           -3.18964210532194       -0.40619145330900        0.41900818073295
H           -0.54948331908550       -1.17994075546218       -0.88834654466372
H           -1.44990540507434       -3.17854388882218        0.25316077250650
H           -1.45895846224074       -3.18256734997020        2.70562156566504
H           -1.02655290829379       -1.08916158976993        3.95437159950566
H           -0.20913617975312        0.88474094569417        2.76812365629866
H           -0.60501935758138        1.62248065282461       -0.66658923430914
H           -0.21284060451409        2.82589864785772        1.46912771059324
H            1.38230254866254        2.06354938258536        1.60091962035989
H            1.03438446223645        3.15439628602106        0.26354118524826
H            0.59728514995793        1.46670974728977       -2.61356904715421
H            2.51817867067318        0.63286354340243       -3.89903388253429
H            4.30881278726145       -0.63502516557757       -2.76531071899699
H            4.14567889918114       -1.08542074852736       -0.34414323188009
H            2.20675895929656       -0.26923313917157        0.93656012564192
35
 energy: -43.877324843676 gnorm: 0.002735459502 xtb: 6.7.1 (edcfbbe)
C           -2.73288203726878        0.39203535113925       -1.52758736046531
C           -2.60519708495875       -0.67942903310719       -0.45389149777688
C           -1.14575025257687       -1.00242462442029        0.01293647909485
C           -1.25227254575538       -2.26999280095077        0.79983990381605
C           -1.25635524355216       -2.27124074282682        2.15352090790509
C           -0.99384889462497       -1.09283136299802        2.86971588020540
C           -0.57111026718894        0.05276122246777        2.18304553688879
C           -0.54368833827043        0.11251595975615        0.82061127426012
C            0.11264394341592        1.22750615349380        0.04978851733893
C            0.61359756753675        2.39160355552030        0.90912616589858
C            1.27414539638317        0.67180715488233       -0.75018295094782
C            1.37807593257586        0.91092031916228       -2.11383062194787
C            2.46225009750382        0.43678567427559       -2.83273968948056
C            3.45678892821469       -0.28176850399578       -2.19278141188201
C            3.35532180699664       -0.53548813738497       -0.83472140024550
C            2.26946477135272       -0.06497092203214       -0.11913355722808
H           -2.59697900718572        1.38914164540645       -1.11616339388265
H           -3.72899943483221        0.35196882109746       -1.96602997466068
H           -2.00639876859404        0.23267646057085       -2.32258497610543
H           -3.02371122872093       -1.61093608497282       -0.84280009029097
H           -3.18512990130854       -0.39704083340759        0.42632616922883
H           -0.55220284849348       -1.16837915484132       -0.89542029245582
H           -1.42843406436738       -3.17739201140687        0.24155247361030
H           -1.42956253954007       -3.19018988538743        2.69447324458528
H           -1.02062068211567       -1.09481934196082        3.94752483035764
H           -0.21768060526182        0.88755595851606        2.76742211828637
H           -0.60787751498259        1.63653590669746       -0.66468006264738
H           -0.20540327149689        2.83496262905681        1.47166923063163
H            1.38557552558501        2.06374859459086        1.60074144278061
H            1.04195935670359        3.15773073488068        0.26534726952898
H            0.60564424040178        1.47588305576467       -2.61847952847449
H            2.53007120208155        0.63107174753224       -3.89380121806023
H            4.30777165149767       -0.64472116388577       -2.75061466286234
H            4.12629224689047       -1.10184461414494       -0.33197983378860
H            2.18460186395618       -0.27364172708793        0.93788107878587
35
 energy: -43.877404515454 gnorm: 0.002249797771 xtb: 6.7.1 (edcfbbe)
C           -2.74549528247038        0.38431672138475       -1.53025987993276
C           -2.61067520041024       -0.67682724736212       -0.44714163494877
C           -1.14733383985971       -0.99416651508324        0.00731167373513
C           -1.23604712162652       -2.26676753385113        0.78839953806587
C           -1.23421239508722       -2.27520796847901        2.14216426813093
C           -0.98665635471798       -1.09548305964831        2.86219589409971
C           -0.57411116641356        0.05583783050873        2.17919927443596
C           -0.54765692045169        0.12043421865977        0.81706737911892
C            0.11002791015869        1.23682420856835        0.04841462806809
C            0.61728291075134        2.39685702258015        0.90964637182510
C            1.27007952884706        0.67680801989341       -0.75048212133404
C            1.38363589938792        0.91816076632489       -2.11249342344932
C            2.46864335359365        0.43643915971606       -2.82533686924425
C            3.45314472102820       -0.29179501219201       -2.18137214597201
C            3.34164676127838       -0.54799068525072       -0.82466479614935
C            2.25575557328424       -0.06935847256062       -0.11535009178738
H           -2.59912350427280        1.38478947409387       -1.13061311146548
H           -3.74639267005991        0.34527811324459       -1.95776441940154
H           -2.02815256754673        0.21349570247944       -2.33119650722048
H           -3.03413265423629       -1.61168415103216       -0.82302650510608
H           -3.18242634202096       -0.38536559890685        0.43536284845421
H           -0.55840228589908       -1.15145267439401       -0.90564446431431
H           -1.40053049279684       -3.17385454026235        0.22555290644286
H           -1.38949470157639       -3.19925104122720        2.68084683904152
H           -1.01554278387973       -1.10098388673553        3.93982426482115
H           -0.22746927787707        0.89052590078506        2.76803005638603
H           -0.61002260831497        1.65029871037240       -0.66445999564482
H           -0.19862273660145        2.84516567661489        1.47268253222064
H            1.38739746650290        2.06419648250697        1.60081153508933
H            1.05024611455519        3.16084341469802        0.26603450408941
H            0.61908025661919        1.49002842906168       -2.62128527999756
H            2.54532168128797        0.63201848033665       -3.88554917866681
H            4.30452490554960       -0.66048172122864       -2.73473001882278
H            4.10415754471194       -1.12245758557224       -0.31844463028913
H            2.16165627856352       -0.27909063804421        0.94037055972296
35
 energy: -43.877460234818 gnorm: 0.001503878779 xtb: 6.7.1 (edcfbbe)
C           -2.75875891535141        0.37697600681891       -1.53236148150483
C           -2.61602779698338       -0.67453247052868       -0.44042761689528
C           -1.14874452053569       -0.98546216853783        0.00208764583094
C           -1.21958128949420       -2.26275703456998        0.77675903646601
C           -1.21275471684974       -2.27771908763699        2.13056679598386
C           -0.97933816823244       -1.09745672414105        2.85492298371552
C           -0.57764615236136        0.05957327949349        2.17547141325229
C           -0.55138134326928        0.12860976936430        0.81353682027962
C            0.10788929996806        1.24495237810097        0.04685102119519
C            0.61814174892281        2.40232244512708        0.90961769979227
C            1.26800206542173        0.68081147882365       -0.74873581099367
C            1.39103535633527        0.92604114305630       -2.10892075035713
C            2.47554490473665        0.43695759100709       -2.81738438759161
C            3.44980130744871       -0.30298007271061       -2.17125604469599
C            3.32964503597090       -0.56119668348200       -0.81565912755026
C            2.24476292273710       -0.07455495824722       -0.11079050928080
H           -2.60173589959125        1.38032507802826       -1.14437204489672
H           -3.76452727006611        0.33896989320928       -1.94817212162315
H           -2.05108946205171        0.19441782490650       -2.33934766705943
H           -3.04284989997982       -1.61263018078296       -0.80428966563495
H           -3.18087194995111       -0.37499969820710        0.44393435476840
H           -0.56525033381261       -1.13357430332303       -0.91636369974655
H           -1.37314674060793       -3.16905799653735        0.20943184211042
H           -1.35206331507392       -3.20628946461017        2.66703525734664
H           -1.01032276374122       -1.10645290550870        3.93266739610148
H           -0.23503028546337        0.89358882954783        2.76848356420032
H           -0.61052914877046        1.65991135412066       -0.66719910321438
H           -0.19629220587688        2.85397534726313        1.47169494026332
H            1.38551848613317        2.06533906922378        1.60161455584523
H            1.05582633434390        3.16411699874126        0.26658410097660
H            0.63460583212089        1.50614444602540       -2.62048352767706
H            2.55987412337591        0.63535088225076       -3.87639600278592
H            4.29954243639641       -0.67931828364214       -2.72179174362546
H            4.08426324019951       -1.14373583327633       -0.30710922622280
H            2.14358908395317       -0.28556594936734        0.94390110322912
35
 energy: -43.877503434967 gnorm: 0.001364025347 xtb: 6.7.1 (edcfbbe)
C           -2.77577421505833        0.36857473019149       -1.53324145896255
C           -2.62163154301191       -0.67272057937259       -0.43259312013387
C           -1.14898205505791       -0.97512124685322       -0.00445639111618
C           -1.19951240373034       -2.25747196854649        0.76222514122344
C           -1.18886536486568       -2.27899226574614        2.11595490702707
C           -0.97071928258582       -1.09901105117702        2.84572320990734
C           -0.58063700345157        0.06410884727195        2.17086078598440
C           -0.55447027141407        0.13829716062113        0.80910612875765
C            0.10615710439629        1.25407484831990        0.04469709976447
C            0.61478242698839        2.41070576651984        0.90878802070755
C            1.26876296949563        0.68572469659369       -0.74412385303367
C            1.40319971532726        0.93718118782544       -2.10200155412263
C            2.48499778142057        0.43814252162446       -2.80724537210902
C            3.44581719604644       -0.31895379973040       -2.16044089100769
C            3.31638829737798       -0.57943839576388       -0.80609502633856
C            2.23450741744811       -0.08197622093619       -0.10426614856614
H           -2.60525434463298        1.37447730807449       -1.15866683770573
H           -3.78814128527708        0.33254438164410       -1.93266809349298
H           -2.08179350650770        0.17236857696316       -2.34887658255276
H           -3.05058959050852       -1.61444793879599       -0.78350358033262
H           -3.17892741964125       -0.36551413407526        0.45411693929606
H           -0.57275620915324       -1.11173920375317       -0.92966407592299
H           -1.34028412657885       -3.16246398866955        0.18985774717895
H           -1.31132278829998       -3.21198238365901        2.64932909372417
H           -1.00287292534419       -1.11249834347548        3.92373836730092
H           -0.24225123348787        0.89806244220498        2.76823865216460
H           -0.60886786541214        1.66721702891132       -0.67414996181522
H           -0.20073682199924        2.86382313441303        1.46751846889022
H            1.37784209874133        2.07041854222948        1.60386884167864
H            1.05770486783587        3.17068471172612        0.26755026541773
H            0.65701329253998        1.52913904465362       -2.61496633068062
H            2.57751304952638        0.64181264714467       -3.86442936208907
H            4.29161577867239       -0.70637601233889       -2.70923846276245
H            4.06143534116393       -1.17283400526621       -0.29615823270926
H            2.12675291903851       -0.29571603877442        0.94931166643233
35
 energy: -43.877524654942 gnorm: 0.000873600432 xtb: 6.7.1 (edcfbbe)
C           -2.78340400641552        0.36599125248554       -1.53123501487465
C           -2.62247480051569       -0.67332219040865       -0.43005751008826
C           -1.14704324132100       -0.97173704847423       -0.00777003083791
C           -1.19100235675438       -2.25568365066752        0.75607215061815
C           -1.18085344379985       -2.27874841154422        2.10964822087647
C           -0.96706187866914       -1.09927876541762        2.84143945558028
C           -0.58052699173011        0.06624784767352        2.16865520062514
C           -0.55452600808543        0.14207999959070        0.80690495974790
C            0.10636739571016        1.25778413426065        0.04333277244700
C            0.60910454556364        2.41665590933050        0.90775144978392
C            1.27178740569208        0.68820360173309       -0.74093397694769
C            1.41131400184469        0.94323000211715       -2.09779829923743
C            2.49073847993862        0.43914056666026       -2.80284840662760
C            3.44460546446731       -0.32722527727460       -2.15670154476006
C            3.31140329675908       -0.58935052889839       -0.80307029559304
C            2.23188964578755       -0.08633111573837       -0.10110770029465
H           -2.60637483628313        1.37193622874571       -1.16074143269525
H           -3.79943996611369        0.33220291571887       -1.92117623716514
H           -2.09771354645032        0.16569937606407       -2.35254445442324
H           -3.05069425441934       -1.61632151768238       -0.77761140880303
H           -3.17652644337809       -0.36587961460777        0.45855881213262
H           -0.57381849648550       -1.10362056073052       -0.93501049796296
H           -1.32727385244396       -3.16007678560715        0.18217829293618
H           -1.30045378167380       -3.21255837531933        2.64123758143442
H           -0.99844637683231       -1.11489662224671        3.91942290249272
H           -0.24304188162943        0.90014097166800        2.76652297067136
H           -0.60643875333553        1.66766123577403       -0.67963211383977
H           -0.20981063887963        2.86807463307338        1.46304359278551
H            1.37014609170144        2.07840150281423        1.60605575520181
H            1.05273373185622        3.17716167846671        0.26792613141317
H            0.66997254901454        1.54185706723952       -2.60981779541257
H            2.58598400530470        0.64531193227775       -3.85923707395503
H            4.28727245075723       -0.72102358220149       -2.70574923198740
H            4.05140751194342       -1.18951953207883       -0.29361141575733
H            2.12229897887558       -0.30210727679701        0.95200419251804
35
 energy: -43.877542921508 gnorm: 0.000783549995 xtb: 6.7.1 (edcfbbe)
C           -2.79249852930016        0.36457078712018       -1.52617743769589
C           -2.62222878810921       -0.67501536275805       -0.42716968865945
C           -1.14315906820297       -0.96897102344141       -0.01242502693597
C           -1.18117233146643       -2.25457962184571        0.74902007564277
C           -1.17310392708012       -2.27880302993367        2.10259784333800
C           -0.96318997521256       -1.09967230254737        2.83597955980217
C           -0.57794093814341        0.06745609762514        2.16531181211186
C           -0.55265957353866        0.14507998709867        0.80359509800369
C            0.10714683021073        1.26199751220113        0.04081211068582
C            0.59925225016826        2.42570915960990        0.90486328518797
C            1.27714860083944        0.69255284797296       -0.73731008579120
C            1.42343355559639        0.95218880625937       -2.09288466098429
C            2.49950269140822        0.44051146604119       -2.79752944525702
C            3.44347517628831       -0.33887477482750       -2.15199364087524
C            3.30513663897770       -0.60321969836858       -0.79940330818620
C            2.22912442535517       -0.09179435136770       -0.09740610867921
H           -2.60545378364676        1.36984492807183       -1.15845870796612
H           -3.81424367353344        0.33539295599546       -1.90186516734489
H           -2.11930742122493        0.16059709373242       -2.35706554283699
H           -3.04892705623109       -1.61913674058981       -0.77340412489615
H           -3.17214440442230       -0.37050182222411        0.46502166252080
H           -0.57334839813026       -1.09549270091916       -0.94207395569551
H           -1.31293110141914       -3.15871519670632        0.17377787841697
H           -1.29033134890285       -3.21372965340807        2.63231833392053
H           -0.99352756515365       -1.11732310928474        3.91386028382590
H           -0.24345256730421        0.90241839410085        2.76355698353806
H           -0.60336748784715        1.66659864297620       -0.68740800404491
H           -0.22583176977534        2.87273673509491        1.45499782094658
H            1.35879648690470        2.09375504355939        1.60799774356509
H            1.04111434597839        3.18815796374329        0.26621401067691
H            0.68842014359005        1.55954299716839       -2.60375520696653
H            2.59907043755803        0.65025354908477       -3.85291713789353
H            4.28280926282840       -0.74014675471654       -2.70090326391705
H            4.03815639026111       -1.21253668559067       -0.29054773202805
H            2.11633247268014       -0.31075213892783        0.95487374447299
35
 energy: -43.877549619343 gnorm: 0.000722432503 xtb: 6.7.1 (edcfbbe)
C           -2.79615889997953        0.36592750560242       -1.52172333017879
C           -2.62154446031533       -0.67678944327552       -0.42672435334205
C           -1.14140415284792       -0.96892549830225       -0.01414462278775
C           -1.17790019499649       -2.25489801681090        0.74688210661809
C           -1.17048304795850       -2.27904311612730        2.10043063872111
C           -0.96118955114563       -1.09991315764672        2.83403262651457
C           -0.57722043373842        0.06825329673055        2.16347745722242
C           -0.55201623214739        0.14576402344524        0.80175527474945
C            0.10755466301428        1.26279922503494        0.03885601818643
C            0.59356933301066        2.42968365049162        0.90213804350336
C            1.27932038591759        0.69340499061635       -0.73677742422152
C            1.42934266158145        0.95546116929301       -2.09156606416646
C            2.50498179184288        0.44178832397039       -2.79518871020594
C            3.44469374542413       -0.34219344836379       -2.14945875161900
C            3.30320768666015       -0.60824425514505       -0.79754930450345
C            2.22771731851403       -0.09452371887709       -0.09642300449555
H           -2.60556692733773        1.36976359309879       -1.15262252463235
H           -3.81968554643655        0.33984565295159       -1.89169821114452
H           -2.12820688385384        0.16322701222248       -2.35655604792468
H           -3.04655300031974       -1.62079467815657       -0.77547194854134
H           -3.17062695769077       -0.37633765321178        0.46715528327979
H           -0.57241028576534       -1.09453602408393       -0.94417045182061
H           -1.30899298735060       -3.15916242769505        0.17167908370970
H           -1.28856724462753       -3.21403271759906        2.62979780938324
H           -0.99166347621286       -1.11786514314841        3.91186409201312
H           -0.24144667273939        0.90219613694087        2.76119371216951
H           -0.60235095724678        1.66451577316014       -0.69145819112789
H           -0.23444911055205        2.87374805525186        1.45041659756203
H            1.35377636183819        2.10254619792761        1.60691953632429
H            1.03264364239965        3.19346780777275        0.26307850342047
H            0.69752798727973        1.56668127242444       -2.60235824550012
H            2.60675137581136        0.65217482040706       -3.85018550299505
H            4.28224650890638       -0.74751492858343       -2.69811278291002
H            4.03242818708671       -1.22214457461012       -0.28878623837971
H            2.11277537397559       -0.31422970570638        0.95539892712129
35
 energy: -43.877556018383 gnorm: 0.000519546775 xtb: 6.7.1 (edcfbbe)
C           -2.79871541834175        0.36805077299684       -1.51731144017031
C           -2.62129701784206       -0.67849272110041       -0.42645682561561
C           -1.14049265621468       -0.96972075642491       -0.01557798627963
C           -1.17620359394208       -2.25558430311562        0.74579683541413
C           -1.16883299375776       -2.27926302320493        2.09938372184801
C           -0.95983124782631       -1.09992579057247        2.83253456539380
C           -0.57574773619847        0.06793920083767        2.16161052919698
C           -0.55127932665963        0.14527374475322        0.79991568095502
C            0.10710063669710        1.26282492977967        0.03646851596385
C            0.58984128408499        2.43170930817490        0.89888533951264
C            1.28040119617230        0.69436712086216       -0.73737969153814
C            1.43374961619874        0.95797084723041       -2.09145279302574
C            2.50976142552416        0.44271416104369       -2.79338780147962
C            3.44619238301079       -0.34433737172496       -2.14676224941027
C            3.30162001774298       -0.61162146197857       -0.79543023874894
C            2.22594285278766       -0.09617202060929       -0.09597197391515
H           -2.60546123063359        1.37047638868998       -1.14558983428534
H           -3.82388144495138        0.34428555221042       -1.88279378324023
H           -2.13457199684787        0.16725726002070       -2.35565531224743
H           -3.04496738884969       -1.62196089353942       -0.77867506027342
H           -3.17003889483448       -0.38243928179984        0.46912861553781
H           -0.57205779263659       -1.09531035681019       -0.94602213379055
H           -1.30738166833967       -3.16012919823902        0.17100951885655
H           -1.28689417522977       -3.21416862359225        2.62899553762793
H           -0.99012710755810       -1.11757654992079        3.91038701130775
H           -0.24094936037677        0.90261297667337        2.75914134638967
H           -0.60275811764742        1.66270106135688       -0.69485105070200
H           -0.23955612603326        2.87311501319081        1.44716511695457
H            1.35162966148131        2.10800453326560        1.60364524522793
H            1.02578111085200        3.19681684688231        0.25913075525661
H            0.70404428615227        1.57080813426652       -2.60313085096425
H            2.61454565145106        0.65430015760565       -3.84790631549495
H            4.28423028749649       -0.75021562186405       -2.69411011948946
H            4.02852385954503       -1.22734672712785       -0.28591918466440
H            2.10778102552485       -0.31686330821750        0.95528630989438
35
 energy: -43.877565819223 gnorm: 0.000479801551 xtb: 6.7.1 (edcfbbe)
C           -2.80166881134157        0.37256182787136       -1.51024285325578
C           -2.62175605267596       -0.68164159118023       -0.42703667205464
C           -1.14090146955733       -0.97192197281773       -0.01677602960925
C           -1.17645002247868       -2.25709795333979        0.74607276873362
C           -1.16822515481292       -2.27951615006805        2.09975002114713
C           -0.95850406764515       -1.09943279220795        2.83150171835113
C           -0.57466173393750        0.06768820701997        2.15905742002236
C           -0.55158185937736        0.14403560376561        0.79736326795289
C            0.10571801509094        1.26141571090252        0.03242357984317
C            0.58622337552219        2.43244392462428        0.89317932294883
C            1.28038317620799        0.69370667651976       -0.73966639211384
C            1.43826316239132        0.95937680288949       -2.09269118352866
C            2.51679804652241        0.44471421478557       -2.79136536592709
C            3.45056670896657       -0.34370615976694       -2.14271859308040
C            3.30130144561771       -0.61318690474746       -0.79227236682999
C            2.22345956082560       -0.09821706159678       -0.09617446840642
H           -2.60750192962979        1.37237253430130       -1.13182650965409
H           -3.82785026670078        0.35120874988821       -1.87274678440638
H           -2.13986036459396        0.17748554726062       -2.35175124014305
H           -3.04264867193572       -1.62373122233299       -0.78672082722778
H           -3.17191902978684       -0.39373014915958        0.47035883911312
H           -0.57236988510728       -1.09854638239308       -0.94730971574788
H           -1.30819869051853       -3.16235685880283        0.17236581074005
H           -1.28526154866139       -3.21402875356686        2.63050458003094
H           -0.98829001316241       -1.11587168828225        3.90942776543581
H           -0.23953443495861        0.90277953361255        2.75594303800459
H           -0.60424027374099        1.65941779085187       -0.69973226520754
H           -0.24336686753299        2.87073367220371        1.44357544487888
H            1.35137831404407        2.11214699458978        1.59593851753296
H            1.01730193071103        3.19908954863723        0.25180004774783
H            0.71088484147524        1.57339560180197       -2.60633139167924
H            2.62582023783850        0.65774051535314       -3.84518492680513
H            4.29045905718261       -0.74892955559594       -2.68769939485397
H            4.02580229752243       -1.23030896634917       -0.28113723749193
H            2.10053097823756       -0.31998929467256        0.95422207554209
35
 energy: -43.877578219493 gnorm: 0.000822025060 xtb: 6.7.1 (edcfbbe)
C           -2.80723024629732        0.37991932689676       -1.49846316225571
C           -2.62375404672857       -0.68734166176048       -0.42840222742204
C           -1.14282446153034       -0.97538557239412       -0.01823863215951
C           -1.17711329967191       -2.25933062629353        0.74702275654190
C           -1.16693911235779       -2.27944032169612        2.10075836525616
C           -0.95676289650885       -1.09799984621829        2.83012554652637
C           -0.57410630954813        0.06801301393290        2.15507623487307
C           -0.55304013815956        0.14221807062796        0.79327831758779
C            0.10349703900737        1.25830244246752        0.02578056530585
C            0.58143926355351        2.43243178415693        0.88382539602844
C            1.28068432385625        0.69155494623959       -0.74299630093591
C            1.44544960703824        0.96081620532662       -2.09434088181690
C            2.52810852632091        0.44819546483183       -2.78830549732547
C            3.45869167048695       -0.34154219233842       -2.13673023050079
C            3.30217347459970       -0.61501961416675       -0.78784110642106
C            2.22057826184477       -0.10194625603189       -0.09652246456379
H           -2.61500163405207        1.37519531324604       -1.10745661760746
H           -3.83374033345569        0.36090390676404       -1.85963860660115
H           -2.14614428809192        0.19672463646575       -2.34307196070425
H           -3.03916560954656       -1.62705979015547       -0.80099682641851
H           -3.17739108613380       -0.41324588746479        0.47135582039271
H           -0.57418431934887       -1.10365614177167       -0.94873703189498
H           -1.31027623759054       -3.16559029272398        0.17520876686646
H           -1.28400595192260       -3.21283650821315        2.63361324531878
H           -0.98553953062399       -1.11236900340697        3.90810892130448
H           -0.23804032437516        0.90401468769233        2.75053793128741
H           -0.60595022177929        1.65331583475028       -0.70839172354889
H           -0.24806213780557        2.86681958462245        1.43736837960872
H            1.35128290244501        2.11655261979597        1.58349301261908
H            1.00580384398223        3.20084029142432        0.24000823179418
H            0.72046758126650        1.57514625293537       -2.61083241953735
H            2.64321073356719        0.66422057374844       -3.84087103079745
H            4.30232403715818       -0.74397725815822       -2.67796959275476
H            4.02443895909521       -1.23243745974109       -0.27421526970388
H            2.09122196130689       -0.32590652339135        0.95256009166103
35
 energy: -43.877590472662 gnorm: 0.000903104257 xtb: 6.7.1 (edcfbbe)
C           -2.81485796183417        0.38745407565390       -1.48484593621282
C           -2.62685377590026       -0.69377576060667       -0.42940834970625
C           -1.14523942362861       -0.97863243098172       -0.02033593424311
C           -1.17812954004363       -2.26114449768721        0.74734756489930
C           -1.16624478474518       -2.27867743192420        2.10117718017972
C           -0.95568293696336       -1.09579135054835        2.82815112180556
C           -0.57440604546295        0.06892816196418        2.15048267126970
C           -0.55538280546436        0.14087337199889        0.78850460342015
C            0.10123773057978        1.25490333317595        0.01829644618701
C            0.57630953957788        2.43253922073881        0.87323203653564
C            1.28136920655296        0.68805774433708       -0.74601717849882
C            1.45374657319390        0.96142605047580       -2.09553512774936
C            2.54122266036430        0.45222852859585       -2.78453722956741
C            3.46881521792732       -0.33841159966967       -2.12987175707675
C            3.30430275816885       -0.61651500679315       -0.78286015121740
C            2.21807666002761       -0.10670176074275       -0.09647477938094
H           -2.62682411419551        1.37791314085679       -1.07929448789095
H           -3.84157732080874        0.36884436468165       -1.84585543362085
H           -2.15318375907397        0.21873167328708       -2.33235280528348
H           -3.03580558747475       -1.63096061745342       -0.81568565461913
H           -3.18411938026749       -0.43514320201080        0.47298943833037
H           -0.57732330838662       -1.10776661543372       -0.95137930915568
H           -1.31092948863069       -3.16866946915853        0.17738932053775
H           -1.28005811267477       -3.21137408757677        2.63604182257217
H           -0.98238457866107       -1.10830493722091        3.90627129251767
H           -0.23726330554599        0.90583321515788        2.74416250073963
H           -0.60683534416893        1.64645969213473       -0.71897064667723
H           -0.25334543778462        2.86400577160451        1.42874918744128
H            1.34960720284061        2.12068189194396        1.57086027331829
H            0.99542454322626        3.20187179521293        0.22711728263658
H            0.73186620092150        1.57761646465045       -2.61448033454737
H            2.66266217119164        0.67207604210759       -3.83560193957110
H            4.31602943347316       -0.73851339411609       -2.66729853734777
H            4.02355788989632       -1.23589277269377       -0.26696038844151
H            2.08231922377393       -0.33406960396144        0.95109323841999
35
 energy: -43.877603982506 gnorm: 0.000865822390 xtb: 6.7.1 (edcfbbe)
C           -2.82411637912740        0.39394137512830       -1.47125240398532
C           -2.63095145329201       -0.69978923628345       -0.42977198972918
C           -1.14824660665228       -0.98106122043858       -0.02246374103775
C           -1.17720678681049       -2.26282538839284        0.74683978266473
C           -1.16351921396112       -2.27827449078697        2.10065800112814
C           -0.95450554902707       -1.09372185856321        2.82565962228073
C           -0.57585334582231        0.07063962234169        2.14584251989762
C           -0.55820207291098        0.14026352960950        0.78363853027916
C            0.09942408408518        1.25183629911943        0.01098715717227
C            0.57187988778950        2.43261712472124        0.86309890921744
C            1.28288221429645        0.68468549232672       -0.74823172915209
C            1.46268976878343        0.96243111724057       -2.09595899136538
C            2.55428959029555        0.45626825600096       -2.78061869438002
C            3.47877596002293       -0.33612367330548       -2.12330103170386
C            3.30649850181835       -0.61909929771741       -0.77829341790766
C            2.21619905740062       -0.11205264580744       -0.09612655437218
H           -2.64318004957066        1.37991309228606       -1.05165060288985
H           -3.84985754408038        0.37349107848636       -1.83480117793493
H           -2.15962961853197        0.24085290336409       -2.31956155010939
H           -3.03373498483056       -1.63451381737787       -0.82808500637315
H           -3.19105984561457       -0.45547754619557        0.47489974161038
H           -0.58187922421103       -1.10983963405185       -0.95453352404324
H           -1.30946751211789       -3.17132629808268        0.17838660863426
H           -1.27563821578448       -3.21022359347089        2.63725227445593
H           -0.98026870027505       -1.10456079989897        3.90374588584853
H           -0.23864161178634        0.90896669062470        2.73776679558674
H           -0.60668351808361        1.64008553572403       -0.72985722870379
H           -0.25839628623574        2.86318279858070        1.41830930986655
H            1.34629387690148        2.12375499876121        1.56072366488124
H            0.98882277165102        3.20148718396149        0.21519124298896
H            0.74299660136809        1.57942332424110       -2.61692438336043
H            2.68124535988238        0.67981279496293       -3.83020383075078
H            4.32978951716252       -0.73317378683892       -2.65703758527487
H            4.02382833634242       -1.23888801365016       -0.26027308681886
H            2.07552299092638       -0.34260191661991        0.95004648338321
35
 energy: -43.877620303592 gnorm: 0.000568102777 xtb: 6.7.1 (edcfbbe)
C           -2.83673453814734        0.39959616512820       -1.45540068108930
C           -2.63601405708297       -0.70607831741772       -0.42838412403028
C           -1.15077414303738       -0.98255495586496       -0.02622444608592
C           -1.17395488894884       -2.26377743367102        0.74382108767756
C           -1.15893804892790       -2.27737612210402        2.09763001669189
C           -0.95394660868739       -1.09113493833557        2.82119968678894
C           -0.57848836011614        0.07312485369514        2.13998099677330
C           -0.56121723711965        0.14050871035292        0.77751578873840
C            0.09772873209981        1.24937442268994        0.00264613452990
C            0.56658942517990        2.43374834124397        0.85185411260590
C            1.28516918321050        0.68110610418415       -0.74993020451401
C            1.47390490087818        0.96376724049487       -2.09554506799965
C            2.56958902224950        0.46022222154083       -2.77532300195026
C            3.48989733685145       -0.33469075112917       -2.11504183391741
C            3.30855541465361       -0.62289591867166       -0.77245428578817
C            2.21395981784761       -0.11829989638064       -0.09495513885608
H           -2.66500458786431        1.38101773184515       -1.02140845569778
H           -3.86164210229160        0.37526987658106       -1.82171647661107
H           -2.16917510985942        0.26394373107126       -2.30454626065920
H           -3.03298416580860       -1.63841459403379       -0.83729168819119
H           -3.19657367850803       -0.47602339629701        0.47975523447451
H           -0.58769574268733       -1.10960438723263       -0.96025640586556
H           -1.30313804849933       -3.17331449522436        0.17644903620440
H           -1.26658543637552       -3.20909272271034        2.63544421977170
H           -0.97825066911236       -1.10110738132986        3.89935703953039
H           -0.24184802627790        0.91263469637616        2.73019251321034
H           -0.60577795683495        1.63351901390147       -0.74283755878904
H           -0.26552091589164        2.86557523244665        1.40335849611077
H            1.33919052851649        2.12745934665331        1.55256083314435
H            0.98492704196039        3.20057990058085        0.20263003714335
H            0.75786154072454        1.58369570201928       -2.61826753426395
H            2.70336823788534        0.68868378359387       -3.82304273977259
H            4.34420896106629       -0.73000212990723       -2.64478779225353
H            4.02215549788482       -1.24565048508048       -0.25237462789928
H            2.06725868107052       -0.35370914900975        0.94949309084208
35
 energy: -43.877634842690 gnorm: 0.000739150900 xtb: 6.7.1 (edcfbbe)
C           -2.85227735209075        0.40439878388946       -1.43786486553212
C           -2.64140848747949       -0.71201007157607       -0.42477645379582
C           -1.15267193374454       -0.98325625780701       -0.03136249477434
C           -1.16687647366508       -2.26493200749797        0.73816329814880
C           -1.15130963371517       -2.27744840124803        2.09193624948713
C           -0.95247907764861       -1.08939750914045        2.81475705986945
C           -0.58185349661836        0.07625338879612        2.13286669881216
C           -0.56436979202363        0.14190587926952        0.77021040981880
C            0.09619019009093        1.24824687322108       -0.00649634702922
C            0.56019131613073        2.43659447459041        0.83988050217748
C            1.28812745394846        0.67863398363436       -0.75148156035345
C            1.48800331398860        0.96732721892546       -2.09452054869570
C            2.58764567060743        0.46497410248372       -2.76856397830208
C            3.50096790025478       -0.33580744329707       -2.10511479326852
C            3.30850151134814       -0.63018694167591       -0.76537722683078
C            2.21002673889236       -0.12613784162495       -0.09331195092465
H           -2.68880051533726        1.38163820313006       -0.99107045098289
H           -3.87694176086957        0.37566786447737       -1.80519818060902
H           -2.18360802370210        0.28527448743276       -2.28884128773641
H           -3.03381452428834       -1.64238284152107       -0.84196105009204
H           -3.19939192737249       -0.49526464741105        0.48817214146080
H           -0.59456982010451       -1.10643745057155       -0.96869975495160
H           -1.29059440268338       -3.17540316013621        0.17114583420992
H           -1.25289224701547       -3.20941640481438        2.63038004722810
H           -0.97738918804857       -1.09870013416179        3.89280554166775
H           -0.24806764913792        0.91779321323874        2.72192826259626
H           -0.60451709968554        1.62798712115417       -0.75691713806419
H           -0.27514013863727        2.87129573510546        1.38443167628139
H            1.32830155238898        2.13286268620939        1.54670508513666
H            0.98308635037119        3.20021943344038        0.18983658907891
H            0.77700825216562        1.59133834196887       -2.61935006274454
H            2.72908158247325        0.69748791393461       -3.81428845436627
H            4.35806011383696       -0.73113943992128       -2.63040421503977
H            4.01705894019659       -1.25666635195503       -0.24280018862566
H            2.05682265717439       -0.36521280054327        0.94928160674941
35
 energy: -43.877643520722 gnorm: 0.000687345827 xtb: 6.7.1 (edcfbbe)
C           -2.86420198739468        0.40710511759866       -1.42453020022092
C           -2.64501690064632       -0.71592564132165       -0.42085314262076
C           -1.15324282620670       -0.98324675695976       -0.03592290145392
C           -1.15967905720162       -2.26554599071883        0.73251340136932
C           -1.14435056356411       -2.27759260404012        2.08628367953084
C           -0.95231029947173       -1.08824229641292        2.80888428011213
C           -0.58424892000751        0.07816764909412        2.12722288507279
C           -0.56546343693500        0.14282853441824        0.76449500030173
C            0.09535233014129        1.24807633926105       -0.01335443900404
C            0.55478130211468        2.43956067769156        0.83106653566070
C            1.29081263735896        0.67811725813484       -0.75258665143863
C            1.49897665016517        0.97037230754708       -2.09348524494731
C            2.60070989180027        0.46687583398121       -2.76308325445250
C            3.50812561940533       -0.33841268391771       -2.09729418842266
C            3.30784883243808       -0.63565570714360       -0.75964029111817
C            2.20724001787009       -0.13041180837902       -0.09187491303877
H           -2.70482938261676        1.38137742857831       -0.97013080466434
H           -3.88929294688722        0.37595432813692       -1.79031439825599
H           -2.19680877899778        0.29841518889248       -2.27763962209965
H           -3.03574787263189       -1.64479734826412       -0.84268533566363
H           -3.19934884898655       -0.50754188516648        0.49604026705032
H           -0.59950155967311       -1.10335633979347       -0.97593848388191
H           -1.27871795000958       -3.17647903792288        0.16538768657320
H           -1.24182616333826       -3.20978761718273        2.62495699560752
H           -0.97779058828152       -1.09759035915472        3.88698629773965
H           -0.25248213590693        0.92031586488979        2.71602669926831
H           -0.60359854429679        1.62421300752773       -0.76732524146536
H           -0.28373585234477        2.87681035936726        1.36873961488471
H            1.31834784151087        2.13830618599536        1.54389028396437
H            0.98217912414798        3.20036969832065        0.18067612103933
H            0.79279761985133        1.59843667819220       -2.61993619049238
H            2.74937527172679        0.70360559757814       -3.80702549218490
H            4.36702061251806       -0.73435285657034       -2.61914299763312
H            4.01133529905146       -1.26643127650684       -0.23534268671859
H            2.04739156529882       -0.37343784575162        0.94903673160695
35
 energy: -43.877646507466 gnorm: 0.000282384108 xtb: 6.7.1 (edcfbbe)
C           -2.86428165770765        0.40763021255262       -1.42336575443207
C           -2.64463264543328       -0.71551440254282       -0.41990829018368
C           -1.15294104753968       -0.98372170573708       -0.03659878344312
C           -1.15994986635894       -2.26598938253103        0.73187805889926
C           -1.14514143833342       -2.27810247679956        2.08567757244905
C           -0.95248260027164       -1.08896290257840        2.80824840223631
C           -0.58355765084108        0.07734431404965        2.12650616220647
C           -0.56485801539174        0.14220188345617        0.76386320248302
C            0.09536886946459        1.24788792448500       -0.01401854541264
C            0.55407841770294        2.43965374763441        0.83033673028216
C            1.29084722310578        0.67839520275346       -0.75338656162560
C            1.49964439148679        0.97035375062756       -2.09418022227284
C            2.60197837358011        0.46691867007730       -2.76286298177110
C            3.50891608446670       -0.33817778860804       -2.09645473795597
C            3.30795481751462       -0.63526008539974       -0.75877551152268
C            2.20700780745776       -0.12988004502313       -0.09196340544421
H           -2.70257169116857        1.38177646398945       -0.96959622371870
H           -3.89027213063156        0.37759781649978       -1.78621281206330
H           -2.19941189614797        0.29793218044540       -2.27809851399371
H           -3.03663258589236       -1.64428376776517       -0.84126681738163
H           -3.19729225430019       -0.50694945570248        0.49783525927999
H           -0.59953451511346       -1.10408514800421       -0.97683291869171
H           -1.27869256598840       -3.17691271428518        0.16467568120957
H           -1.24216585349966       -3.21034295977184        2.62436100123677
H           -0.97891466601137       -1.09811940052763        3.88637515156172
H           -0.25252139931253        0.91972859142625        2.71562208465526
H           -0.60406185157669        1.62390421806095       -0.76755764683067
H           -0.28488741053590        2.87682580796739        1.36719734300529
H            1.31731144365629        2.13919045770408        1.54381178749257
H            0.98158797539345        3.20040151022814        0.17988528513004
H            0.79345402939994        1.59740320030404       -2.62154294347413
H            2.75057187094986        0.70184863651965       -3.80703688031457
H            4.36786039412275       -0.73446385699612       -2.61785281746788
H            4.01147340889754       -1.26498928559566       -0.23369496007883
H            2.04684863485734       -0.37113921091436        0.94903360595595
