35
 energy: -43.864880133403 gnorm: 0.071475441876 xtb: 6.7.1 (edcfbbe)
C           -2.65850000000000        2.08490000000000       -0.62520000000000
C           -2.71170000000000        0.86280000000000        0.28360000000000
C           -1.75840000000000       -0.25110000000000       -0.09220000000000
C           -1.80710000000000       -0.81030000000000       -1.31980000000000
C           -1.03190000000000       -1.99480000000000       -1.59400000000000
C           -0.50840000000000       -2.81650000000000       -0.53410000000000
C           -0.44000000000000       -2.29310000000000        0.69910000000000
C           -0.87350000000000       -0.85770000000000        1.02060000000000
C            0.38640000000000       -0.03370000000000        1.47010000000000
C            0.05680000000000        1.34390000000000        2.05810000000000
C            1.50160000000000        0.07500000000000        0.43260000000000
C            1.38510000000000        0.88420000000000       -0.70620000000000
C            2.42320000000000        0.96470000000000       -1.63750000000000
C            3.59490000000000        0.23830000000000       -1.44340000000000
C            3.72870000000000       -0.57070000000000       -0.31850000000000
C            2.69060000000000       -0.65190000000000        0.61210000000000
H           -3.34340000000000        2.85470000000000       -0.25450000000000
H           -1.65470000000000        2.51780000000000       -0.65740000000000
H           -2.95970000000000        1.84270000000000       -1.64910000000000
H           -3.73280000000000        0.45960000000000        0.27990000000000
H           -2.53590000000000        1.18590000000000        1.31410000000000
H           -2.46040000000000       -0.44460000000000       -2.10450000000000
H           -0.95350000000000       -2.34610000000000       -2.61660000000000
H           -0.17630000000000       -3.82400000000000       -0.75500000000000
H           -0.03680000000000       -2.88820000000000        1.51300000000000
H           -1.52870000000000       -0.95340000000000        1.89970000000000
H            0.80820000000000       -0.59170000000000        2.32110000000000
H            0.95190000000000        1.79430000000000        2.50360000000000
H           -0.69400000000000        1.25750000000000        2.85040000000000
H           -0.31210000000000        2.04790000000000        1.30810000000000
H            0.48030000000000        1.45600000000000       -0.88770000000000
H            2.31250000000000        1.59340000000000       -2.51680000000000
H            4.40070000000000        0.30020000000000       -2.16930000000000
H            4.64020000000000       -1.14190000000000       -0.16500000000000
H            2.81650000000000       -1.29430000000000        1.48050000000000
35
 energy: -43.873315613825 gnorm: 0.032006755624 xtb: 6.7.1 (edcfbbe)
C           -2.65170403243016        2.07439063897708       -0.62315896051463
C           -2.69519272554573        0.85312737881855        0.29312986509068
C           -1.73819393513222       -0.25709519665869       -0.07617447471312
C           -1.77109519726507       -0.82298168017804       -1.30881762829322
C           -1.04504288734831       -2.00087440163982       -1.60373738562357
C           -0.48942455960708       -2.76835014775125       -0.55265581606455
C           -0.43336498052176       -2.25446080005595        0.69262383584634
C           -0.87204305391323       -0.84853108170509        1.02241509517559
C            0.39092782189977       -0.03704056372557        1.47365328849025
C            0.05529673776135        1.34320146012781        2.04620453664306
C            1.48081427379176        0.05219198149183        0.42069641074591
C            1.37028093235483        0.86334925266707       -0.70501616249989
C            2.40632995336130        0.95445272594500       -1.62396491426102
C            3.57552122264282        0.23700764936480       -1.43347994791571
C            3.70467815782182       -0.56871553646354       -0.31514244615918
C            2.66729893282242       -0.65810453782083        0.60087314372455
H           -3.33709075895394        2.84052217530244       -0.25777553597134
H           -1.65281199914232        2.50701328197374       -0.65493598652798
H           -2.94433303523913        1.82563204395733       -1.64226759879480
H           -3.71559033672064        0.44787744535700        0.26729094491501
H           -2.51950035088515        1.17753133424408        1.32067980472659
H           -2.39748752374050       -0.42450530667057       -2.09646941196931
H           -0.99370639009535       -2.36316399275730       -2.61999988785896
H           -0.15792982461000       -3.77486415601292       -0.76664378046871
H           -0.04664590646877       -2.84489106486496        1.51408759423388
H           -1.51019554499782       -0.91443513477884        1.91747330359517
H            0.80892663919567       -0.61815100678256        2.30822659023796
H            0.95409131965047        1.78090324937206        2.48419660069533
H           -0.69065944234422        1.25664667542914        2.83728753647571
H           -0.31352354218892        2.03463775485871        1.29215414570845
H            0.46923321188960        1.43383934964153       -0.87898808612333
H            2.29944941002452        1.58746846760085       -2.49528501396358
H            4.38167526580825        0.30427930357987       -2.15308937669109
H            4.61601319603370       -1.13111565174228       -0.15654312274982
H            2.79479895209211       -1.28699190910072        1.47295284085929
35
 energy: -43.875752570147 gnorm: 0.009215498555 xtb: 6.7.1 (edcfbbe)
C           -2.63904091098756        2.06791955329559       -0.62356515392708
C           -2.68345658352017        0.84661451556473        0.29622465435990
C           -1.71753714793029       -0.25322825603424       -0.06387975367888
C           -1.72568103013964       -0.81319371694057       -1.30749415939434
C           -1.04255508474515       -1.99387763354346       -1.60864730463834
C           -0.47673107477114       -2.73472559635999       -0.56283308509890
C           -0.43785073258961       -2.23615885596090        0.69468671801481
C           -0.88232314604182       -0.85115923631049        1.02657340716438
C            0.38787399803666       -0.04202683203755        1.47713334721779
C            0.06116353539031        1.34158295848395        2.03890591068837
C            1.46277567104927        0.04257626527761        0.42158214444481
C            1.34550704328762        0.84581026750046       -0.70371753464445
C            2.37801572056248        0.94064835138182       -1.61915167891419
C            3.55054475403692        0.23227547675367       -1.42935774630573
C            3.67925445816029       -0.57519576096080       -0.31476362796450
C            2.64572752374323       -0.66493896558859        0.59810006339217
H           -3.33072737779417        2.82695131038798       -0.26310345374779
H           -1.64273855363204        2.50236018581993       -0.65070142004001
H           -2.92261145503357        1.80689655386488       -1.63912324841592
H           -3.69975802026523        0.43338858620588        0.25335599444163
H           -2.51309021972030        1.16822881532688        1.32300215146109
H           -2.33448004941248       -0.38044448197351       -2.09192403207279
H           -1.03190697698157       -2.37678248189429       -2.61768998001860
H           -0.10429939032199       -3.72764905509337       -0.77477477390644
H           -0.03324539652765       -2.81689294440472        1.51108463212162
H           -1.50384438999192       -0.88961541387883        1.93787499825226
H            0.80414789617098       -0.63114949218866        2.30400243829744
H            0.96271028940738        1.77772580356067        2.46574302051703
H           -0.68260253371421        1.26136917687665        2.82930728578433
H           -0.30818915856490        2.01497934391148        1.27358069368600
H            0.44001738779068        1.40604355088154       -0.87503680815350
H            2.27291848747265        1.58052892690726       -2.48313094576272
H            4.35967017845611        0.31167695104321       -2.14107706524958
H            4.59296262837387       -1.12813910977429       -0.15049112620114
H            2.76917966074713       -1.29259876009997        1.46910543829111
35
 energy: -43.876336248412 gnorm: 0.006543188456 xtb: 6.7.1 (edcfbbe)
C           -2.62964780418435        2.06790112041173       -0.62585392604156
C           -2.67880666981233        0.84765449315783        0.29527676935311
C           -1.71184178610501       -0.25033317019853       -0.05802055171349
C           -1.70406203181942       -0.79909364240237       -1.30950353628520
C           -1.03193817401078       -1.98465289093548       -1.60967188535247
C           -0.45093781057741       -2.71931333800047       -0.56652479578197
C           -0.42758426771554       -2.23121080383690        0.69701996104337
C           -0.89089273007098       -0.85522869323207        1.03527222966541
C            0.38517910967886       -0.04632776937455        1.48771221515010
C            0.06203779027291        1.34193475996987        2.03799867024977
C            1.44883976255530        0.03050470054664        0.42444747305947
C            1.32192273594703        0.82994655817730       -0.70347514759859
C            2.35356445615706        0.93130282861005       -1.61908978810446
C            3.53155989289168        0.23046913140783       -1.42895760541528
C            3.66530503886829       -0.58015758992960       -0.31614861160538
C            2.63310501385867       -0.67604666805652        0.59757462257733
H           -3.32634854702659        2.82501202464260       -0.27231995148492
H           -1.63361639413984        2.50350788537200       -0.64540095008326
H           -2.90378454012321        1.80116490958612       -1.64248425462829
H           -3.69278180877083        0.43111886190081        0.24486838701913
H           -2.51608280614611        1.16771703148526        1.32367044108323
H           -2.29313007627517       -0.33901034166120       -2.09558603342230
H           -1.03743433850549       -2.37434245787277       -2.61565450333502
H           -0.06157093283296       -3.70679934597860       -0.77542462868470
H           -0.01469968777309       -2.81174039977596        1.50881444011625
H           -1.50845058561178       -0.88977739044713        1.94912589489590
H            0.80076519413235       -0.63479116425681        2.31464382598880
H            0.96747933451204        1.78008169780404        2.45401780379970
H           -0.67865925900104        1.27365591644165        2.83239929911644
H           -0.30747574265110        2.00593553747321        1.26434817796207
H            0.41068718215338        1.38191239954616       -0.87332690359824
H            2.24277600358206        1.56871845683594       -2.48415576329722
H            4.33946569028663        0.31521936269602       -2.14075897455967
H            4.57986596193492       -1.13195836051780       -0.15425361253529
H            2.75699282632216       -1.30317364958843        1.46922121244697
35
 energy: -43.876690531807 gnorm: 0.004621284204 xtb: 6.7.1 (edcfbbe)
C           -2.61790527853603        2.07037907874909       -0.62818874446208
C           -2.67368962982613        0.85088864379230        0.29327150297963
C           -1.70546034506448       -0.24717170873588       -0.05256701515914
C           -1.67820057728858       -0.78173156967842       -1.31175742578316
C           -1.00782583361580       -1.96855137192972       -1.60980801580516
C           -0.42697096803075       -2.70765812530734       -0.56836147954395
C           -0.41935124201364       -2.23194064592046        0.69985569186536
C           -0.89913444563200       -0.86209357583471        1.04650328675105
C            0.38009046856987       -0.04910929039932        1.50089423232986
C            0.06173565459584        1.34421929518579        2.03922807497985
C            1.43601616899821        0.02009095223061        0.43189821400603
C            1.29509000563139        0.81162811571159       -0.70133876029857
C            2.32177598173703        0.91573248529469       -1.62248999945019
C            3.50623078814964        0.22430634446340       -1.43289261873671
C            3.64940073740825       -0.58711699868475       -0.32089062253126
C            2.62217784123541       -0.68621292756193        0.59906259665712
H           -3.32082767101873        2.82635470031148       -0.28459847034938
H           -1.62253306437186        2.50893311283288       -0.63686714343173
H           -2.87940638203218        1.80129248605192       -1.64792593853424
H           -3.68652236939650        0.43328880488536        0.23621275670398
H           -2.52085085624006        1.17110337478799        1.32374347063946
H           -2.25371663013935       -0.30684594881214       -2.09634998093689
H           -1.01945024459631       -2.35988455216617       -2.61370569936523
H           -0.01504213282704       -3.68578810006173       -0.77938399018630
H            0.00611353287489       -2.81275111580868        1.50510148434627
H           -1.51863328102839       -0.90084323956120        1.95673542711464
H            0.79352317339171       -0.63404182671753        2.33087619888911
H            0.97131629096132        1.78586936832971        2.44375133388929
H           -0.67467895629507        1.28907707347155        2.83896470961675
H           -0.30955804394266        1.99981075005760        1.25877974782683
H            0.37623357592810        1.35202163459539       -0.87020864673312
H            2.20194599784936        1.54876957882856       -2.49006267686566
H            4.31297780768181        0.31790584445796       -2.14502472994250
H            4.56668267389973       -1.13594816726986       -0.16298289481584
H            2.74824725298350       -1.31418247958822        1.47032612433545
35
 energy: -43.876874020836 gnorm: 0.004211960760 xtb: 6.7.1 (edcfbbe)
C           -2.60882592962368        2.07280261472738       -0.62923846872345
C           -2.67068939099417        0.85345332558209        0.29179604804157
C           -1.70296717972707       -0.24688426469806       -0.04942134179269
C           -1.66382657055920       -0.77347727455303       -1.31132599854075
C           -0.98436380846319       -1.95520488773847       -1.61032642260982
C           -0.40772466340607       -2.69961183774525       -0.56906055096190
C           -0.41330871554262       -2.23252274872698        0.70174312697782
C           -0.90227457552473       -0.86579791218461        1.05274316715187
C            0.37591154539640       -0.05001254548986        1.51068937179945
C            0.05956853922478        1.34599956975893        2.04193390181286
C            1.42868188320388        0.01411579411140        0.43859727090601
C            1.27727570475855        0.79876439205060       -0.69858343023141
C            2.29791573231210        0.90226066830051       -1.62657010355863
C            3.48653799699770        0.21752062624717       -1.43859605024762
C            3.63841843846441       -0.59120201942746       -0.32563648164336
C            2.61658320221134       -0.69080364072403        0.60101378112456
H           -3.31635936583510        2.82794695349104       -0.29278950747675
H           -1.61441497704300        2.51454997188702       -0.62890494257957
H           -2.86050397963433        1.80470521119746       -1.65198586105315
H           -3.68403960552408        0.43749742772705        0.23177565545502
H           -2.52289487843056        1.17457822627730        1.32313408342659
H           -2.22793319637375       -0.29151105595570       -2.09829195900872
H           -0.98785197838305       -2.34079738209832       -2.61557812674217
H            0.01087726918088       -3.67317674102834       -0.78253367393101
H            0.01201073682932       -2.81563831035153        1.50537387559620
H           -1.52602451531959       -0.91131937763049        1.95840557104593
H            0.78789231492211       -0.63131059115512        2.34402176658505
H            0.97135790391782        1.79003337622143        2.43975565693006
H           -0.67341630758761        1.29781813581260        2.84529097910089
H           -0.31398780491484        1.99773042109067        1.25933056722706
H            0.35423091665956        1.33242751220102       -0.86530547348755
H            2.16915989459407        1.52889036451825       -2.49786314315511
H            4.28992475304847        0.31372314931999       -2.15425545813118
H            4.55777210599606       -1.13818708902671       -0.17231207852054
H            2.74708850516984       -1.31756006198821        1.47277424921386
35
 energy: -43.877043072994 gnorm: 0.003476427668 xtb: 6.7.1 (edcfbbe)
C           -2.60046185583476        2.07538319438070       -0.62890244974815
C           -2.66812213351421        0.85549442418525        0.29080711679115
C           -1.70025707330067       -0.24630454537067       -0.04802048952698
C           -1.65044773481818       -0.76667077143826       -1.31106137072826
C           -0.95980221020886       -1.94264337800308       -1.61141147790094
C           -0.39307396614904       -2.69324702240338       -0.56851293629896
C           -0.41152762538767       -2.23311811787000        0.70399797754793
C           -0.90352929540901       -0.86753978786804        1.05677096057718
C            0.37168276395476       -0.05041438755060        1.51834329577893
C            0.05623615271288        1.34694983128917        2.04563595064175
C            1.42353962753216        0.01052246276616        0.44463976126484
C            1.26317179715638        0.78830630035677       -0.69583664087313
C            2.27650424971136        0.88837852842961       -1.63198129597967
C            3.46800316512275        0.20855999284453       -1.44674334582707
C            3.62910773815259       -0.59345325286416       -0.33046185543962
C            2.61343989380791       -0.69130944517299        0.60355628095940
H           -3.31264690384079        2.82911061309571       -0.29860227741708
H           -1.60737452466413        2.52049435568073       -0.61915420950129
H           -2.84212157092750        1.80919205006036       -1.65470657155573
H           -3.68255778937964        0.44205125138069        0.22785431094757
H           -2.52327238095465        1.17666907670383        1.32271441136091
H           -2.20931398675149       -0.28564842756641       -2.10012579752364
H           -0.94603045468310       -2.31889193889563       -2.62039707785030
H            0.03048686962919       -3.66317482569130       -0.78568819155559
H            0.00723121754455       -2.81929509898058        1.50885876381396
H           -1.53230248878542       -0.91911027209592        1.95845322038662
H            0.78268262219458       -0.62913486846126        2.35427308928776
H            0.96935509588874        1.79237468954459        2.43910061785127
H           -0.67373358503381        1.30183990347095        2.85170375114474
H           -0.31990507162753        1.99698781748975        1.26312063447847
H            0.33779404732431        1.31796078478304       -0.85934031816866
H            2.13886181182546        1.50765712476862       -2.50728571390719
H            4.26670840623002        0.30366158266471       -2.16787093615983
H            4.55093449600481       -1.13752859860342       -0.18101768015912
H            2.75054069647878       -1.31430924505981        1.47709049328799
35
 energy: -43.877206125933 gnorm: 0.002435106980 xtb: 6.7.1 (edcfbbe)
C           -2.59208407212400        2.07842096038553       -0.62711739823474
C           -2.66615996006513        0.85668251788881        0.28968881298658
C           -1.69779870633792       -0.24588493459122       -0.04708906518238
C           -1.63560645494473       -0.76030942014192       -1.31099693917257
C           -0.93158909230691       -1.92888340589489       -1.61252735364382
C           -0.37731613686236       -2.68553902200969       -0.56736214863251
C           -0.41242819645057       -2.23307137126956        0.70746569936744
C           -0.90492378016094       -0.86784924383412        1.06036818830680
C            0.36719513122266       -0.05117819558464        1.52493806896525
C            0.05212217200374        1.34655153634281        2.05113894915296
C            1.41872547476799        0.00882385183904        0.45008567909673
C            1.24962572656815        0.77876967167632       -0.69397639030370
C            2.25431963291848        0.87228641606858       -1.63972437561417
C            3.44798718532879        0.19599195498649       -1.45821061222127
C            3.61962210137976       -0.59463073892620       -0.33560444771718
C            2.61127659505940       -0.68793129587239        0.60685332148222
H           -3.30986137122965        2.82967462229817       -0.30308250475178
H           -1.60068460154223        2.52705471901256       -0.60581427598257
H           -2.82162444825726        1.81416288425952       -1.65619123576833
H           -3.68153211058102        0.44580069721542        0.22201250731730
H           -2.52416948679114        1.17594213543744        1.32251855591097
H           -2.18862482178244       -0.28007991830131       -2.10504452365642
H           -0.89445358841650       -2.29304719738836       -2.62657609179380
H            0.04840623431809       -3.65340356828966       -0.78784737253013
H           -0.00635089983323       -2.82385461693360        1.51565955330506
H           -1.53865962828805       -0.92275179293574        1.95898820639423
H            0.77822006353127       -0.62879951450695        2.36189223705672
H            0.96598820907041        1.79279627227520        2.44161764075382
H           -0.67540118892225        1.30169908680738        2.85920951406096
H           -0.32668125706910        1.99583808757780        1.26957308334542
H            0.32293029078347        1.30629914172476       -0.85345977225295
H            2.10756407488144        1.48302829518601       -2.51941718075291
H            4.24028374569412        0.28557174376230       -2.18716183056959
H            4.54444268209467       -1.13431524609326       -0.18885569550300
H            2.75704048234390       -1.30406511217102        1.48384919678047
35
 energy: -43.877333561660 gnorm: 0.002207485877 xtb: 6.7.1 (edcfbbe)
C           -2.58535572957193        2.08182995205390       -0.62420100062594
C           -2.66541449737232        0.85666170738100        0.28772670349325
C           -1.69407291984713       -0.24381731371217       -0.04743323650796
C           -1.61741793520110       -0.75200820011182       -1.31280680253849
C           -0.90348030212065       -1.91519632129249       -1.61322587928537
C           -0.36288437860065       -2.67746219024671       -0.56547755364064
C           -0.41530209650216       -2.23253615558808        0.71164224960227
C           -0.90669065346412       -0.86690478425697        1.06321832150536
C            0.36371192419334       -0.05206746213314        1.53014972331244
C            0.04821759802383        1.34494947842522        2.05832568020236
C            1.41409433717021        0.00869594488842        0.45368394142425
C            1.23766733983948        0.77118303309147       -0.69390575762420
C            2.23442270945769        0.85655704687519       -1.64849339001659
C            3.42939798599396        0.18191874974188       -1.47069613223218
C            3.61109135680497       -0.59522135865049       -0.34028778506900
C            2.60958201141848       -0.68228798761935        0.60988397067174
H           -3.30952527515374        2.82929415030017       -0.30583559898478
H           -1.59595234605873        2.53415438790150       -0.58987781682923
H           -2.80168499964338        1.81964576192912       -1.65658265295618
H           -3.68066137192372        0.44649913581544        0.21241017782620
H           -2.52839046740150        1.17183756782846        1.32243282633683
H           -2.16812489956494       -0.27484035860308       -2.11054460838302
H           -0.84554781162267       -2.26931645905473       -2.63086046335364
H            0.06505058198581       -3.64426665614371       -0.78767999610800
H           -0.02328023438153       -2.82843067690566        1.52329597983208
H           -1.54408979852802       -0.92132909114564        1.95986392022230
H            0.77551537668709       -0.63087953858363        2.36599826569930
H            0.96215317436287        1.79129544011203        2.44783925748092
H           -0.67819360625735        1.29814810202122        2.86719782382986
H           -0.33237732406799        1.99446321826482        1.27801267661150
H            0.31049541302326        1.29838017710904       -0.84977134414693
H            2.07972742281417        1.45854857484876       -2.53265311116507
H            4.21464994639925        0.26239542403611       -2.20836306002619
H            4.53852819095373       -1.13052463073483       -0.19474764910584
H            2.76394127815651       -1.28956866784177        1.49156232054756
35
 energy: -43.877426721238 gnorm: 0.002058963948 xtb: 6.7.1 (edcfbbe)
C           -2.58160194387809        2.08501666454403       -0.62090898425646
C           -2.66639260715689        0.85536544770119        0.28482436855391
C           -1.69104891401727       -0.24188855976840       -0.04822244627807
C           -1.60151524372301       -0.74509361408149       -1.31470283606782
C           -0.87992414376496       -1.90398719739557       -1.61300731931000
C           -0.35078933889174       -2.67057104366979       -0.56302685443052
C           -0.41842191730215       -2.23178291696237        0.71566944828791
C           -0.90839537632952       -0.86530101126170        1.06519438718598
C            0.36202139352875       -0.05229620418117        1.53344342827503
C            0.04521376228760        1.34288820302626        2.06612264937097
C            1.41097420013321        0.01092056526756        0.45567758860890
C            1.22946066079050        0.76723261644591       -0.69503309369106
C            2.21976658986713        0.84340328076286       -1.65694988850406
C            3.41483695039620        0.16815923129002       -1.48235862573377
C            3.60449424542198       -0.59643723844210       -0.34470597747386
C            2.60866703429449       -0.67590697153977        0.61189991872883
H           -3.31199394081057        2.82813639014024       -0.30701495221750
H           -1.59438844633293        2.54094237456534       -0.57390733591068
H           -2.78556717284643        1.82564418265860       -1.65638046171294
H           -3.68053084595100        0.44429471340384        0.20038726545225
H           -2.53630457198704        1.16557061439491        1.32197155937667
H           -2.14744819847756       -0.26716884233460       -2.11699146816460
H           -0.80778108853332       -2.25163695965820       -2.63197954141737
H            0.07822134974437       -3.63733708207516       -0.78481319628912
H           -0.03890826819413       -2.83219920938196        1.52996418094308
H           -1.54794854776378       -0.91688988462796        1.96056734520796
H            0.77502003461755       -0.63366027983130        2.36686539286515
H            0.95834708018048        1.78890056742473        2.45728407732512
H           -0.68167089163131        1.29224935194013        2.87434151518422
H           -0.33606507083619        1.99380249622084        1.28737169439195
H            0.30272552004690        1.29578969284127       -0.84838734225605
H            2.05962099062384        1.43818716307398       -2.54480852964192
H            4.19409173447610        0.23892465684326       -2.22738641817187
H            4.53366568796711       -1.12851442523751       -0.19914855641120
H            2.76936929405279       -1.27495677209653        1.49794900817980
35
 energy: -43.877498915412 gnorm: 0.001613091191 xtb: 6.7.1 (edcfbbe)
C           -2.58014219865889        2.08812329348772       -0.61732981040671
C           -2.66855479828557        0.85315484173333        0.28097353322216
C           -1.68736208531591       -0.23920825806033       -0.04969111990274
C           -1.58578610109593       -0.73795400548585       -1.31722963899328
C           -0.85985816540281       -1.89475565181498       -1.61237148977998
C           -0.34085956316094       -2.66482724665783       -0.55999757249828
C           -0.42097278188318       -2.23057211299194        0.71945052388530
C           -0.90979970096442       -0.86315116299247        1.06671435476551
C            0.36178927587334       -0.05153111499893        1.53571252100289
C            0.04267347679310        1.34108848814659        2.07409741807485
C            1.40872014017665        0.01409574333669        0.45631817419067
C            1.22409990857302        0.76595661419316       -0.69678589997679
C            2.20948613473580        0.83306057193167       -1.66441491399255
C            3.40367997198305        0.15544322220569       -1.49259351409172
C            3.59918206422052       -0.59884431873048       -0.34916620919198
C            2.60772006422696       -0.67066004398806        0.61239855525509
H           -3.31717113315727        2.82606159542998       -0.30701463875797
H           -1.59553482222479        2.54814457484993       -0.55749633603713
H           -2.77209356660230        1.83263251068490       -1.65598960349696
H           -3.68064062207474        0.43944927760114        0.18570637107943
H           -2.54769450366126        1.15789770921421        1.32103193563980
H           -2.12853390170908       -0.26011784408961       -2.12187315115251
H           -0.77899580670416       -2.23935992705735       -2.63113470164870
H            0.08897134612274       -3.63192166858747       -0.77996146974974
H           -0.05167163252293       -2.83460169183679        1.53554358559922
H           -1.55039140249432       -0.91109192415573        1.96120001132305
H            0.77600038486222       -0.63609560835424        2.36616604436946
H            0.95431805431672        1.78655421201522        2.46908591486691
H           -0.68597686986749        1.28552599320622        2.88052390421236
H           -0.33824877622403        1.99442048141250        1.29710117047618
H            0.29870323411685        1.29751519823396       -0.84824590191123
H            2.04563028590024        1.42169001480781       -2.55559400077997
H            4.17760083574559        0.21612913876633       -2.24401162318017
H            4.52883142946094       -1.12989254421996       -0.20361131760154
H            2.77268182490341       -1.26255835723573        1.50228889518581
35
 energy: -43.877569856829 gnorm: 0.001468754254 xtb: 6.7.1 (edcfbbe)
C           -2.58020555154066        2.09207710412321       -0.61195589716146
C           -2.67293689757780        0.84901252506638        0.27483654468451
C           -1.68307714039715       -0.23647943814431       -0.05108798798422
C           -1.56686651188755       -0.73018507599474       -1.31951852927394
C           -0.83573601685405       -1.88454514584379       -1.61050642106090
C           -0.32858531574499       -2.65842127487466       -0.55493768615678
C           -0.42339167651492       -2.22861876041185        0.72484823072756
C           -0.91109445050039       -0.85999126580847        1.06883604872650
C            0.36272263474958       -0.04879741980033        1.53812187454925
C            0.03931641314787        1.33979256647141        2.08435820079334
C            1.40676422384841        0.01987740318350        0.45667503789271
C            1.21979837841770        0.76766805985838       -0.69884408494665
C            2.19923711225449        0.82175607062431       -1.67356845413790
C            3.39067010933257        0.13806894402711       -1.50589896280531
C            3.59184288412497       -0.60550151443314       -0.35665817175575
C            2.60570801720914       -0.66601147537703        0.61109917825008
H           -3.32707989235322        2.82199537473910       -0.30623628308258
H           -1.59995353738435        2.55851683945900       -0.53362162681567
H           -2.75522874129649        1.84365783898140       -1.65534610198402
H           -3.68133848138655        0.43068767534248        0.16297258675238
H           -2.56710645924298        1.14599453985910        1.31904083868509
H           -2.10044696762865       -0.24779803600097       -2.12863375068560
H           -0.74505960852003       -2.22647124314672       -2.62862775506897
H            0.10297070949260       -3.62572718778464       -0.77181578167527
H           -0.06510710032068       -2.83621947376391        1.54278521819854
H           -1.55221631426369       -0.90306731359947        1.96229227715331
H            0.77865195182506       -0.63718423318325        2.36478862528941
H            0.94797231482549        1.78474340682787        2.48701501050830
H           -0.69320061033293        1.27667382999313        2.88696719302522
H           -0.34003328035059        1.99727348625607        1.30982001022846
H            0.29730479842702        1.30524722172308       -0.84800504370225
H            2.03248364641191        1.40432104136191       -2.56809309037423
H            4.15848779188162        0.18630635125398       -2.26433833901354
H            4.52075780467933       -1.13793938651050       -0.21168553951889
H            2.77377576347110       -1.25091203447450        1.50472263173789
35
 energy: -43.877608009425 gnorm: 0.001053669080 xtb: 6.7.1 (edcfbbe)
C           -2.58059963894449        2.09405986127375       -0.60832563510141
C           -2.67554200818335        0.84607103877756        0.27109230199187
C           -1.67938588425087       -0.23452667063101       -0.05174973382543
C           -1.55466489563000       -0.72526833455544       -1.32082369164871
C           -0.82183259670399       -1.87911037481687       -1.60915568206270
C           -0.32073854558062       -2.65478890108442       -0.55177317100000
C           -0.42215491778932       -2.22654489263971        0.72799863880567
C           -0.91117891920777       -0.85810117362042        1.07055144784609
C            0.36329128653300       -0.04579322044550        1.53985250358302
C            0.03676559478243        1.34094054590579        2.08832508972960
C            1.40538020694205        0.02243837820535        0.45677188660824
C            1.21847991300101        0.77052087948085       -0.69865945888986
C            2.19505019997816        0.81845911588929       -1.67655934193813
C            3.38366000538701        0.12900645854826       -1.51221188751437
C            3.58582872452658       -0.61317470002393       -0.36243194536331
C            2.60230850639885       -0.66808638387781        0.60819380724572
H           -3.33407477993916        2.81849606524995       -0.30567786873944
H           -1.60369678692956        2.56503218168012       -0.51834818103478
H           -2.74490341087768        1.85054992925509       -1.65458944201400
H           -3.68119352278028        0.42452110627339        0.14841675109235
H           -2.57970529573395        1.13840798342991        1.31754485086214
H           -2.08606820798733       -0.24362274473939       -2.12973176599262
H           -0.72629728407059       -2.22041494984513       -2.62708867823262
H            0.11062856103679       -3.62221404558577       -0.76696300093613
H           -0.06851746384693       -2.83535612252168        1.54701195869756
H           -1.55254961706235       -0.89976881548647        1.96344027112967
H            0.77996784888076       -0.63487609050716        2.36552941146326
H            0.94335341518438        1.78606779710983        2.49576195829815
H           -0.69856822962548        1.27468738624161        2.88818542243201
H           -0.34094595545952        2.00028061054511        1.31444119745445
H            0.29857531863678        1.31321701798881       -0.84570736703348
H            2.02775653170371        1.39971726370986       -2.57187347492094
H            4.14826694313075        0.17108771270906       -2.27416285751783
H            4.51262873000765       -1.14996442953534       -0.21978574688279
H            2.77047617447452       -1.25214948235851        1.50230143340728
35
 energy: -43.877652097790 gnorm: 0.001029147708 xtb: 6.7.1 (edcfbbe)
C           -2.58099673338655        2.09500515984222       -0.60450186828901
C           -2.67822667597117        0.84259138132660        0.26817720478533
C           -1.67713909786373       -0.23444766070889       -0.05117610700920
C           -1.54661336276591       -0.72340064034990       -1.32025967813243
C           -0.81131134473472       -1.87603129365265       -1.60677162356836
C           -0.31418200542321       -2.65277143774022       -0.54819548661879
C           -0.41972436784498       -2.22477991858599        0.73123030837709
C           -0.91025741159789       -0.85668925036402        1.07232822795452
C            0.36374761116820       -0.04162146194887        1.54146668965923
C            0.03381582383335        1.34424902576061        2.08917377165370
C            1.40441532435450        0.02502358445080        0.45721931318648
C            1.21930034176737        0.77640082274433       -0.69644197375983
C            2.19340661600636        0.81916215133297       -1.67704368627106
C            3.37767597197466        0.12116760648938       -1.51728328572298
C            3.57816535675761       -0.62468909539954       -0.36967108876656
C            2.59702398961224       -0.67441383540570        0.60360658703647
H           -3.34089861785294        2.81419221681177       -0.30538195741469
H           -1.60769424910300        2.57050833859827       -0.50308809381931
H           -2.73455987817947        1.85634223998624       -1.65346070369325
H           -3.68123129349354        0.41854467815571        0.13533169936982
H           -2.59171777492241        1.13063199657678        1.31644616238506
H           -2.07126801673845       -0.23782679041592       -2.13168278430590
H           -0.71052139486872       -2.21610574789330       -2.62475593042450
H            0.11970204457081       -3.61930355174408       -0.76287853886152
H           -0.06724227411298       -2.83320376080024        1.55090613655299
H           -1.55182752694049       -0.89816375234344        1.96473916768480
H            0.78109949882560       -0.62943935344205        2.36764036429252
H            0.93815733277398        1.79045260830667        2.50077883417456
H           -0.70452752659306        1.27651053977404        2.88613553063145
H           -0.34208874079669        2.00406086878898        1.31474331989622
H            0.30272765259618        1.32555811930922       -0.84061945537320
H            2.02757376257718        1.40291213908654       -2.57096092164545
H            4.14043581753958        0.15991325086367       -2.28102547628731
H            4.50151317789361       -1.16860068087921       -0.23074773848628
H            2.76306797093990       -1.26193849653187        1.49582308080789
35
 energy: -43.877717178368 gnorm: 0.001463701643 xtb: 6.7.1 (edcfbbe)
C           -2.58004648209213        2.09579989799672       -0.59862861651630
C           -2.68114785337902        0.83752039022217        0.26524436766763
C           -1.67327939154392       -0.23444362004648       -0.05027571076863
C           -1.53456586451126       -0.72083656657852       -1.31964589215875
C           -0.79576069308684       -1.87180612378355       -1.60375067745154
C           -0.30254128099622       -2.64933381329259       -0.54369933292898
C           -0.41380178017924       -2.22194833918024        0.73578178335790
C           -0.90854888702917       -0.85508142942591        1.07535768397094
C            0.36345375731402       -0.03537179250164        1.54401222157507
C            0.02864818728563        1.35069671572194        2.08729408485764
C            1.40256461690499        0.02787619938542        0.45826609066752
C            1.22139240698406        0.78696309640259       -0.69111597721761
C            2.19241141881081        0.82415449398620       -1.67510934451306
C            3.36923245538940        0.11163488158939       -1.52347139606089
C            3.56487897230060       -0.64410971445595       -0.38121721670620
C            2.58702708513592       -0.68749410800753        0.59575160219303
H           -3.34953197584973        2.80764322447029       -0.30581921042766
H           -1.61184401426271        2.57801304419355       -0.48039452078150
H           -2.71704610395004        1.86251047388261       -1.65134979300352
H           -3.68082464638418        0.41038241421171        0.11845718490702
H           -2.60700200210352        1.11947878658882        1.31616642102888
H           -2.05524294493099       -0.23471584699424       -2.13252835574790
H           -0.68988970398069       -2.21103694379902       -2.62147293993736
H            0.13150879050089       -3.61555361944359       -0.75737507196026
H           -0.06317239609716       -2.82985142063798        1.55688463010250
H           -1.55122824599406       -0.89751647481099        1.96682144447866
H            0.78171660252008       -0.61963853170556        2.37227843548350
H            0.93020497139235        1.79975492211707        2.50216025496044
H           -0.71316413057287        1.28316045773650        2.88104022774269
H           -0.34552563617388        2.00862229792851        1.31045454283754
H            0.31019492399914        1.34658861895590       -0.82980475525960
H            2.02998313935265        1.41472365664341       -2.56526415024025
H            4.12991870876832        0.14682922927208       -2.28954967972054
H            4.48197660726059       -1.20060567359543       -0.24925466473929
H            2.74885138919940       -1.28320878304688        1.48355633030722
35
 energy: -43.877800760526 gnorm: 0.001689778725 xtb: 6.7.1 (edcfbbe)
C           -2.57810706701154        2.09626662232824       -0.59075531146733
C           -2.68426473202301        0.83050590960675        0.26156305939126
C           -1.66784010396645       -0.23477412001239       -0.04910953922298
C           -1.51788488988046       -0.71795428855151       -1.31839328839775
C           -0.77372736458006       -1.86646474780881       -1.59861788621139
C           -0.28678838087969       -2.64485665592128       -0.53613469802469
C           -0.40578464469921       -2.21839714199440        0.74282660863375
C           -0.90557256752066       -0.85278338771539        1.07947658460770
C            0.36241299025482       -0.02634155309335        1.54762140322892
C            0.02064884474703        1.36042425609505        2.08411816768733
C            1.39897661686686        0.03125989964004        0.45914033156428
C            1.22522536084474        0.80417999018331       -0.68222132417868
C            2.19230900344500        0.83468508567272       -1.67023235844647
C            3.35668713845001        0.09890391126470       -1.53184256191283
C            3.54336473623519       -0.67368243295683       -0.39906273893551
C            2.57017116666504       -0.70866274186733        0.58273107153832
H           -3.35965620054921        2.79875784496015       -0.30800743200780
H           -1.61745193410947        2.58703686975778       -0.45055269291450
H           -2.69216721924046        1.86923162076708       -1.64733280505352
H           -3.67981461734303        0.40048618024977        0.09792423566018
H           -2.62506520383227        1.10429268711411        1.31553697147871
H           -2.03522046931125       -0.23301661190766       -2.13383646398462
H           -0.65842323414799       -2.20324688582500       -2.61630002365613
H            0.15361430851315       -3.60899400873824       -0.74931993052831
H           -0.05711199679975       -2.82523310436050        1.56557465495474
H           -1.55000792482103       -0.89644183715129        1.96959175935681
H            0.78226707108069       -0.60517793885412        2.37900847111730
H            0.91887672415802        1.81487767485190        2.50031216450399
H           -0.72402371779141        1.29366706092095        2.87518680810889
H           -0.35365252882185        2.01379711382234        1.30379838280820
H            0.32308998674458        1.38090782708784       -0.81145330918623
H            2.03586489388881        1.43701895375409       -2.55382739655636
H            4.11388991025875        0.12758684167043       -2.30193438156076
H            4.44971064449686       -1.25071768684489       -0.27893300288286
H            2.72525540068050       -1.31734120614573        1.46325647048648
35
 energy: -43.877874080171 gnorm: 0.002118541682 xtb: 6.7.1 (edcfbbe)
C           -2.57616534866810        2.09565585282431       -0.58429925086982
C           -2.68718000818046        0.82354480336064        0.25790957075850
C           -1.66260391101406       -0.23536399502719       -0.04742668703686
C           -1.50007202753948       -0.71555728216552       -1.31618373164182
C           -0.74650473588651       -1.85902886142654       -1.59304598860891
C           -0.26430280900248       -2.63715138430663       -0.52839351876402
C           -0.39680862100659       -2.21386595200499        0.75109668422692
C           -0.90329064519635       -0.84996477506799        1.08494421213033
C            0.36111300717103       -0.01722801698670        1.55144684205658
C            0.01273454008493        1.36978450385586        2.08219133110771
C            1.39550758638571        0.03687497195850        0.46087491700919
C            1.23061072986206        0.82511516226599       -0.67144993906383
C            2.19217790469672        0.84618032627211       -1.66544964260439
C            3.34101544305519        0.08312303246361       -1.54318495068457
C            3.51737399819356       -0.70728881855811       -0.42078821937302
C            2.55071052209038       -0.73076487533972        0.56801654134304
H           -3.37135371609180        2.78802588325808       -0.31380928502206
H           -1.62391545801335        2.59612530794175       -0.41994818272614
H           -2.66437348979475        1.87366137138183       -1.64476876994638
H           -3.67865092058350        0.39065875468530        0.07786375669966
H           -2.64258713563351        1.08973968702319        1.31465815788796
H           -2.01445133786877       -0.23285611637284       -2.13543476750461
H           -0.62167407862172       -2.19343146873135       -2.61047699624707
H            0.17563571972718       -3.60099790786319       -0.73889028815851
H           -0.05459214234702       -2.82111928238086        1.57653881838284
H           -1.55030806123796       -0.89468121397682        1.97313075941126
H            0.78331402097440       -0.59087985150844        2.38527528765627
H            0.90843653007280        1.83063460861413        2.49660574354721
H           -0.73184754635542        1.30214990841739        2.87309429826002
H           -0.36540916423914        2.01814477248793        1.29996773962823
H            0.33930668248853        1.42099003331461       -0.78993045167224
H            2.04403007783654        1.46370645766995       -2.54006570376177
H            4.09489161635905        0.10593215622937       -2.31647307921895
H            4.41151996771038       -1.30591892109508       -0.31350494467736
H            2.69751281057378       -1.35414887121429        1.43970973747451
35
 energy: -43.877916922251 gnorm: 0.001457376399 xtb: 6.7.1 (edcfbbe)
C           -2.57576601355036        2.09477439388108       -0.58258029460410
C           -2.68835006044842        0.82023530932242        0.25566613223877
C           -1.65935605282298       -0.23518655139991       -0.04669662124473
C           -1.48912626917072       -0.71324645891255       -1.31519771037155
C           -0.73084087709987       -1.85441318171992       -1.58925990602124
C           -0.25370601962070       -2.63317960135969       -0.52287827485204
C           -0.39369590443354       -2.21175455273392        0.75630552453810
C           -0.90188730921883       -0.84811589758578        1.08783765135056
C            0.36072726659408       -0.01259572231591        1.55389324793371
C            0.00922018102598        1.37402512766290        2.08327910678804
C            1.39296663572315        0.03913097173610        0.46111996768224
C            1.23370526760439        0.83670612108860       -0.66538943148832
C            2.19228242083378        0.85349188910620       -1.66219822958622
C            3.33162277938697        0.07523814835795       -1.54949858772001
C            3.50176889746520       -0.72522309084543       -0.43328099121491
C            2.53874321959050       -0.74329163299229        0.55892166662120
H           -3.37744486310918        2.78216376575813       -0.31933086248994
H           -1.62861992615608        2.60036204205740       -0.40748159741492
H           -2.65133707180764        1.87431557037513       -1.64388428744000
H           -3.67761450760511        0.38543711841740        0.06865856152672
H           -2.65031023079591        1.08359262378505        1.31331735589158
H           -2.00253667420501       -0.23255560725662       -2.13655228632616
H           -0.59890001762478       -2.18666009333693       -2.60649047364874
H            0.19166046570352       -3.59520453307636       -0.73276781702189
H           -0.05477213108473       -2.81917174858125        1.58287185505206
H           -1.55009081705864       -0.89242172649425        1.97513790089292
H            0.78441675337114       -0.58447887556207        2.38818749467199
H            0.90444081602200        1.83863486528839        2.49436359392732
H           -0.73309619228072        1.30505674927794        2.87618965799854
H           -0.37357272833289        2.01979361783920        1.30135420447646
H            0.34941329977628        1.44412728948171       -0.77709458318000
H            2.04863133470802        1.47855112741028       -2.53221768152517
H            4.08229268009377        0.09253718535398       -2.32634859523541
H            4.38795990998186       -1.33679275869890       -0.33413600339441
H            2.68097173854678       -1.37408188332994        1.42598031318734
35
 energy: -43.877988272277 gnorm: 0.001261844135 xtb: 6.7.1 (edcfbbe)
C           -2.57665599057617        2.09221159833556       -0.58330693168937
C           -2.68999796082214        0.81508766404933        0.25066672785206
C           -1.65250827282557       -0.23373912601091       -0.04545870862979
C           -1.46702397522377       -0.70778434872778       -1.31298669145832
C           -0.69917284033130       -1.84425596507004       -1.58126466218113
C           -0.23265434467765       -2.62454410979687       -0.51152347727340
C           -0.38937962804416       -2.20769101085923        0.76696338134233
C           -0.90000613554730       -0.84409651484976        1.09388233770030
C            0.36060750769462       -0.00508535771083        1.55887350509947
C            0.00451591103227        1.37975700534951        2.08923693449159
C            1.38856076226431        0.04425588341831        0.46200915218542
C            1.23971072244817        0.85956593333806       -0.65302859934097
C            2.19133400614832        0.86685481862973       -1.65668955196675
C            3.31165440907968        0.05912802109514       -1.56383449937632
C            3.47105171946200       -0.75891157694493       -0.45897954107530
C            2.51621154936034       -0.76573108829318        0.54100795284202
H           -3.39116369075291        2.76998950569485       -0.33495996882175
H           -1.63938476569871        2.60858299083600       -0.38889679692831
H           -2.62829870627461        1.87201596456159       -1.64578385312762
H           -3.67514490712900        0.37568738937340        0.05394159712682
H           -2.66240467454529        1.07567009799256        1.30922507211776
H           -1.97806736528772       -0.23108350749224       -2.13880504096142
H           -0.55219605730031       -2.17172828345799       -2.59809961567621
H            0.22072924274671       -3.58376728139956       -0.71933443219261
H           -0.06028854614604       -2.81684029635238        1.59615236676587
H           -1.55066627727346       -0.88609959020567        1.97934022074498
H            0.78742882889221       -0.57580716901071        2.39232170198184
H            0.90033429937754        1.85156224268365        2.49050727638569
H           -0.72958767754369        1.30623857404507        2.88948864155700
H           -0.39154011017301        2.02139353941094        1.31064513129480
H            0.36950494541496        1.48934550769519       -0.75072488295505
H            2.05630720882714        1.50645822396714       -2.51742983510798
H            4.05576656502070        0.06673942038606       -2.34724326309911
H            4.34207083664791       -1.39364522797026       -0.37536937478531
H            2.65015341175723       -1.40993392671188        1.39925772715627
35
 energy: -43.878047023660 gnorm: 0.001614465894 xtb: 6.7.1 (edcfbbe)
C           -2.57903651590728        2.08889068951808       -0.58841249799965
C           -2.69064924788115        0.81143199869046        0.24531257738549
C           -1.64545259638183       -0.23156746578538       -0.04383085323834
C           -1.44339393794832       -0.70115778204687       -1.31066356954381
C           -0.66620762496332       -1.83287090065473       -1.57312068102826
C           -0.21189763945960       -2.61560162420608       -0.50009284975716
C           -0.38811048710127       -2.20418615371269        0.77822366120907
C           -0.89940021146273       -0.83998285382031        1.10057411025855
C            0.36159900712211        0.00016740585008        1.56450404104581
C            0.00276545478251        1.38273132881021        2.09856093275141
C            1.38481532749935        0.04909548347876        0.46341256318868
C            1.24473692106168        0.88080829428519       -0.64056427211888
C            2.18832665048672        0.87916749602985       -1.65189527054974
C            3.29061730473718        0.04507863970605       -1.57878006682446
C            3.44159352048766       -0.78888940990238       -0.48470104060022
C            2.49570122156982       -0.78565471772848        0.52358473017099
H           -3.40482720617417        2.75766431884849       -0.35425690552601
H           -1.65129992734536        2.61615413747397       -0.37987579898254
H           -2.61103609520714        1.86701446985897       -1.65081094591826
H           -3.67203809732147        0.36596387647039        0.04222432256519
H           -2.67136476285689        1.07227204070661        1.30426331704299
H           -1.94895810109295       -0.22642152817066       -2.14157134903918
H           -0.50528503212473       -2.15631254742307       -2.58900370986580
H            0.24371276340238       -3.57387875873556       -0.70462934709314
H           -0.07122196578931       -2.81603330489387        1.61016906540873
H           -1.55262331136679       -0.87818650174321        1.98397784589774
H            0.79148924982990       -0.57131628605722        2.39582288705250
H            0.90026854410682        1.86141897935464        2.48770504776642
H           -0.72001931253195        1.30342927202575        2.90872693827067
H           -0.40962834616179        2.02120522784638        1.32573073955596
H            0.38824390336173        1.53125517360487       -0.72380324755975
H            2.06060615490906        1.53198790112496       -2.50378359586341
H            4.02700360771691        0.04368662971777       -2.36955271805989
H            4.29825489752160       -1.44489573974851       -0.41674313754347
H            2.62251589048395       -1.44266778877477        1.37309907753896
35
 energy: -43.878097870591 gnorm: 0.002032820966 xtb: 6.7.1 (edcfbbe)
C           -2.58385264073673        2.08430379024716       -0.59964165807255
C           -2.68976573452785        0.80834671165127        0.23706471787698
C           -1.63367486685390       -0.22627168962216       -0.04246200796391
C           -1.40945073150838       -0.68964823732613       -1.30765943866510
C           -0.62421095145119       -1.81808991442731       -1.56061636095808
C           -0.19009739934213       -2.60624110708647       -0.48302669449940
C           -0.38884378369807       -2.20060143021555        0.79316404826297
C           -0.89888904936883       -0.83462266146095        1.10916520259260
C            0.36418705760449        0.00484818580221        1.57269260813729
C            0.00311913061519        1.38382216830295        2.11406992117831
C            1.38059212682093        0.05428965830077        0.46598996094113
C            1.25042328579604        0.90678502157194       -0.62321539316450
C            2.18166359880706        0.89398483659422       -1.64638509491657
C            3.26053191060116        0.02751158370023       -1.60044093560925
C            3.40292256588575       -0.82516819697124       -0.51965404557591
C            2.47034501466942       -0.80981882327853        0.50097343248465
H           -3.42608136707519        2.73994107548812       -0.38345132677288
H           -1.66795018300147        2.62775003560096       -0.37372334670464
H           -2.59078042802207        1.85731973860345       -1.66266420921707
H           -3.66603833816254        0.35306583506508        0.02973765950392
H           -2.67960040105769        1.07262115870999        1.29566253164761
H           -1.90457881538013       -0.21521944436791       -2.14508965892998
H           -0.44179198341384       -2.13497813293274       -2.57529334320868
H            0.26970160364765       -3.56349434713463       -0.68366873416669
H           -0.09029526478235       -2.81709840237805        1.62859945023839
H           -1.55552089285455       -0.86624184057102        1.98979132820961
H            0.79743501623919       -0.56974692208015        2.40005347343163
H            0.90359617153538        1.87087936083002        2.48564913173465
H           -0.70262842250873        1.29637071741452        2.93873898407960
H           -0.43213348584339        2.01886268705027        1.35065549048892
H            0.41124199860723        1.58171132403744       -0.68668732621399
H            2.06208443814040        1.56325310133641       -2.48661698785165
H            3.98636963755396        0.01752138259956       -2.40039574200523
H            4.24241343574078       -1.50404218413470       -0.47104360762287
H            2.58935774732571       -1.48210503892160        1.33952797130743
35
 energy: -43.878113058745 gnorm: 0.000623558921 xtb: 6.7.1 (edcfbbe)
C           -2.58394778969937        2.08414358004317       -0.60111702398167
C           -2.68871138750609        0.80870573891619        0.23662204599171
C           -1.63333180724503       -0.22658191323108       -0.04225260821655
C           -1.40765429465713       -0.68961826349151       -1.30709390337745
C           -0.62301526799592       -1.81851596660685       -1.55967096488711
C           -0.19118227070752       -2.60781585693444       -0.48214849526458
C           -0.39081821630696       -2.20159902694531        0.79390014492784
C           -0.89913046725872       -0.83485800241957        1.10957258130666
C            0.36469462234044        0.00411951758118        1.57320928034110
C            0.00397480034963        1.38311494858448        2.11479613485525
C            1.38075443436725        0.05384548456746        0.46621786115840
C            1.25023992737958        0.90671918699371       -0.62241280988885
C            2.18083682043193        0.89520373142108       -1.64573786338104
C            3.25939551576362        0.02950505561306       -1.60075453580302
C            3.40252141113164       -0.82351896407264       -0.52054531325729
C            2.47042426645457       -0.80961761199583        0.50020848423701
H           -3.42439196380779        2.74037175332642       -0.38354455476301
H           -1.66752184164906        2.62712242356985       -0.37949074449451
H           -2.59490297721386        1.85741236382392       -1.66354801631417
H           -3.66520101188187        0.35308750316104        0.03077695397151
H           -2.67771578613972        1.07396016546514        1.29497730789153
H           -1.89803713349118       -0.21235645012087       -2.14483188635117
H           -0.44026977378003       -2.13559277307274       -2.57380840257261
H            0.26572762844448       -3.56654829735501       -0.68271208066931
H           -0.09335034946655       -2.81812767014644        1.62932509126221
H           -1.55602334147822       -0.86592080195006        1.98982583490257
H            0.79786868555383       -0.57071434085282        2.40041528514322
H            0.90417616684868        1.87026193784870        2.48649242303694
H           -0.70154697719180        1.29577817950063        2.93921409858662
H           -0.43115663544996        2.01813809930725        1.35168557725072
H            0.41178481673690        1.58192471320697       -0.68451288473930
H            2.06042496804115        1.56411247921132       -2.48593475140948
H            3.98373751263258        0.01907841807110       -2.40207012720815
H            4.24123936139512       -1.50324958756125       -0.47359044795935
H            2.58990835505665       -1.48216975345878        1.33833830967208
35
 energy: -43.878132330789 gnorm: 0.001758926189 xtb: 6.7.1 (edcfbbe)
C           -2.58487952885835        2.08347161758881       -0.60662510387549
C           -2.68487596676203        0.81050072290781        0.23535355890881
C           -1.63007557012951       -0.22534643734472       -0.04203921166669
C           -1.39908321394948       -0.68682643478257       -1.30627555743423
C           -0.61898335451913       -1.81929748238764       -1.55675214801642
C           -0.19577287853859       -2.61252699350020       -0.47869600004513
C           -0.39676755392661       -2.20439828092438        0.79686287134498
C           -0.90001507562544       -0.83539623249286        1.11106395098326
C            0.36594825786962        0.00172020236581        1.57477875365576
C            0.00624067874027        1.38063080730960        2.11738380478432
C            1.38110271054192        0.05273742828615        0.46712870857370
C            1.24918722885590        0.90769004111296       -0.61946359641037
C            2.17733911255785        0.89876096759261       -1.64445954003143
C            3.25519859096513        0.03362795672359       -1.60320773297034
C            3.40078019643172       -0.82083062879236       -0.52464584046923
C            2.47076356924636       -0.80986488537208        0.49762597747104
H           -3.42045444266862        2.74193791131152       -0.38198052654980
H           -1.66501851519716        2.62389564106066       -0.39763882112105
H           -2.60929567144637        1.85524296534590       -1.66792567743765
H           -3.66178222624217        0.35324424878461        0.03433501661914
H           -2.67122549321223        1.07931767849802        1.29284872549196
H           -1.88082793885886       -0.20510152555287       -2.14509808314803
H           -0.43446712197828       -2.13696102134715       -2.56975798649571
H            0.25436037307521       -3.57470834091263       -0.67863737968668
H           -0.10369472034376       -2.82182215167070        1.63266109640812
H           -1.55748934078827       -0.86420684748816        1.99061705827101
H            0.79883738511332       -0.57449740598124        2.40107634696079
H            0.90649409186541        1.86724693771614        2.48914248650939
H           -0.69873708537449        1.29331801244468        2.94160931541504
H           -0.42851793217565        2.01604050186515        1.35486392804345
H            0.41157153043732        1.58315839445118       -0.67789922096903
H            2.05513916796957        1.56852331055106       -2.48344835962340
H            3.97736097089979        0.02450937292304       -2.40658446801607
H            4.23949079298375       -1.50048918952025       -0.48087617912744
H            2.59194897304315       -1.48350086077195        1.33445983365007
35
 energy: -43.878151811963 gnorm: 0.001437813082 xtb: 6.7.1 (edcfbbe)
C           -2.58642904709866        2.08233408998474       -0.61333743759794
C           -2.68101246706408        0.81275324393635        0.23428453888323
C           -1.62656544645813       -0.22353819297856       -0.04210399581756
C           -1.39043179200931       -0.68368093166645       -1.30602460290993
C           -0.61450078790285       -1.81963753289782       -1.55370065761077
C           -0.19983571922746       -2.61598545027315       -0.47441156562862
C           -0.40231350253511       -2.20659038682791        0.80049409789341
C           -0.90098923298791       -0.83555423727062        1.11263839123041
C            0.36706618708966       -0.00099686880876        1.57643464134468
C            0.00858756143334        1.37761214827812        2.12084006067855
C            1.38070019655652        0.05128606317504        0.46762448012680
C            1.24728330585530        0.90932610660900       -0.61652903507217
C            2.17338141692848        0.90273001101004       -1.64344828765532
C            3.25135225425411        0.03726014324770       -1.60610586664460
C            3.39901822280058       -0.81952615301426       -0.52955650273271
C            2.47066690003661       -0.81126770373179        0.49437960614754
H           -3.41643528480620        2.74498381396721       -0.37930950965717
H           -1.66111599477829        2.61909721601413       -0.41814397842556
H           -2.62622868254804        1.85057350382433       -1.67377105009054
H           -3.65831515683082        0.35329374153759        0.03967590462990
H           -2.66347213667647        1.08620520352134        1.29058730802913
H           -1.86521353305383       -0.19854157034951       -2.14690139262304
H           -0.42674701490033       -2.13736977513299       -2.56617921890720
H            0.24488643401558       -3.58086034219030       -0.67318504099730
H           -0.11551761148574       -2.82580413054674        1.63727355516012
H           -1.55904814936071       -0.86124023487431        1.99174933241003
H            0.80015604870600       -0.57892114350484        2.40140820140649
H            0.90958153648381        1.86320174702717        2.49229494111749
H           -0.69584713000918        1.28998647213906        2.94555905618540
H           -0.42626966052327        2.01403127314366        1.35906884095959
H            0.40996507574383        1.58555004173126       -0.67133225428577
H            2.04967168671593        1.57466536374891       -2.48052819130019
H            3.97201887377396        0.02985379890328       -2.41087830697418
H            4.23828310886807       -1.49873213883111       -0.48865066583044
H            2.59346954099593       -1.48669718890213        1.32958460455478
35
 energy: -43.878174922783 gnorm: 0.000905627765 xtb: 6.7.1 (edcfbbe)
C           -2.58988908614532        2.07891294005559       -0.62689090687469
C           -2.67456220372116        0.81708259292056        0.23300945723401
C           -1.62084292739362       -0.22023784885500       -0.04211062810593
C           -1.37600067421902       -0.67837840591344       -1.30548656850450
C           -0.60509555426918       -1.81881080928663       -1.54787991996961
C           -0.20533701415395       -2.61994681074170       -0.46611518171895
C           -0.41271763353911       -2.21019730606244        0.80758094383465
C           -0.90329771031829       -0.83561900322907        1.11581898842310
C            0.36857201358682       -0.00596204389943        1.57876688322023
C            0.01362838902322        1.37166046921041        2.12836694196573
C            1.37960651886619        0.04932957572280        0.46795472482385
C            1.24440225632514        0.91353377692579       -0.61140437579057
C            2.16707945041767        0.91052193730509       -1.64152495474744
C            3.24458464794732        0.04312706730329       -1.61160036303297
C            3.39450584747116       -0.81899060633276       -0.53950333222215
C            2.46891761947095       -0.81483817848940        0.48736387006175
H           -3.40756513166254        2.75191356412921       -0.37552049920724
H           -1.65357572086456        2.60787396946470       -0.45914437177403
H           -2.65960983838642        1.83964703468071       -1.68494825900863
H           -3.65287318791468        0.35371712624592        0.05221363383116
H           -2.64807852285719        1.10047543581785        1.28660717336721
H           -1.84192351779695       -0.19015723315299       -2.15018707698081
H           -0.41022485497183       -2.13597365424877       -2.55966206099931
H            0.23315076827219       -3.58799326379910       -0.66257739112806
H           -0.13764557898250       -2.83255149203289        1.64642999827540
H           -1.56302012691857       -0.85480199747534        1.99388936066880
H            0.80237577236780       -0.58761745989321        2.40073563061472
H            0.91636619190678        1.85482246887945        2.49911119660692
H           -0.68916232898770        1.28253816503739        2.95475192849227
H           -0.42242679794692        2.01119989161485        1.36938184506363
H            0.40756300725107        1.59138543566639       -0.66034075035829
H            2.04145387806366        1.58736864274496       -2.47453944644616
H            3.96358347952325        0.03953749514914       -2.41782506249072
H            4.23442511818056       -1.49788048990480       -0.50362675064447
H            2.59343345237703       -1.49489098555931        1.31870532351745
35
 energy: -43.878183847441 gnorm: 0.000920237358 xtb: 6.7.1 (edcfbbe)
C           -2.59152181127498        2.07640064692364       -0.63436511231623
C           -2.67224006580221        0.81941494180297        0.23248294723833
C           -1.61956157328378       -0.21915240293078       -0.04190332509390
C           -1.37160764651094       -0.67702705674043       -1.30475015021246
C           -0.60037138745260       -1.81779658143254       -1.54486879868217
C           -0.20535059565647       -2.61983502006912       -0.46213556806695
C           -0.41661829586922       -2.21084460084366        0.81109107796999
C           -0.90456845503703       -0.83502545771832        1.11744378288979
C            0.36913471299918       -0.00820580693650        1.57994091763577
C            0.01635582319640        1.36866152080544        2.13295054747454
C            1.37816575859137        0.04808905219721        0.46737847387535
C            1.24327254971193        0.91616528579905       -0.60907027819288
C            2.16503207889666        0.91513450025118       -1.64011862710139
C            3.24167091247845        0.04606569679017       -1.61392596250547
C            3.39119636828546       -0.81987007312455       -0.54481090804613
C            2.46630988957243       -0.81784881293511        0.48287372761170
H           -3.40257051873756        2.75513106875986       -0.37662636324644
H           -1.65050138116166        2.60090049056493       -0.47964537100718
H           -2.67462670984029        1.83250476451517       -1.69020978387876
H           -3.65132069757471        0.35482506040240        0.05945345131547
H           -2.64057831702507        1.10851347382730        1.28434295838475
H           -1.83458560787219       -0.18836415358067       -2.15108307182138
H           -0.40144259743609       -2.13421123622289       -2.55625186084626
H            0.23177906247724       -3.58869231775334       -0.65755693876668
H           -0.14735079304156       -2.83454372069081        1.65090078880158
H           -1.56478832290393       -0.85112921279353        1.99516894137573
H            0.80386282778642       -0.59201520040780        2.39995722015684
H            0.92045991616405        1.85000322301776        2.50281990741781
H           -0.68483720050829        1.27839132386001        2.96082060056421
H           -0.42074802816139        2.01042206855871        1.37617314835106
H            0.40762249789999        1.59599168369352       -0.65485385106298
H            2.03938789750162        1.59497977988489       -2.47076818658732
H            3.95985460300082        0.04388701470115       -2.42086132766123
H            4.23012207808817       -1.50022905067448       -0.51199875467664
H            2.59076302850108       -1.50089089150293        1.31180574870574
35
 energy: -43.878193601025 gnorm: 0.000633285316 xtb: 6.7.1 (edcfbbe)
C           -2.59259637306549        2.07294681905441       -0.64294161515678
C           -2.67040799378322        0.82190717090890        0.23241277938917
C           -1.61929078627708       -0.21852812603920       -0.04108727201399
C           -1.36902480643052       -0.67641692220844       -1.30326562818058
C           -0.59528535302824       -1.81610451723008       -1.54160467074527
C           -0.20368892125781       -2.61869025329708       -0.45827627539352
C           -0.42040912209915       -2.21145237762642        0.81464705363901
C           -0.90625164988973       -0.83458074013856        1.11949159483153
C            0.36913499236173       -0.00992582410365        1.58070290422562
C            0.01963857766385        1.36590795407779        2.13837122766208
C            1.37669011755209        0.04800957454213        0.46684010689719
C            1.24327656468620        0.92052209565422       -0.60613237802499
C            2.16398476889347        0.92074184911640       -1.63808854383156
C            3.23810629137079        0.04840295913275       -1.61646595731078
C            3.38567925551838       -0.82262546235158       -0.55127627678088
C            2.46185778982558       -0.82170835978884        0.47737593992390
H           -3.39673513372772        2.75786577695594       -0.38103843588977
H           -1.64732385290018        2.59276489251332       -0.50159271053842
H           -2.68852590357336        1.82318763907840       -1.69581314578012
H           -3.65067009458045        0.35682807341846        0.06816567168634
H           -2.63270481305959        1.11759022415848        1.28216764490824
H           -1.83140144267267       -0.18910456015136       -2.15062490838389
H           -0.39210525465804       -2.13127700360920       -2.55251084412391
H            0.23562754262754       -3.58669457251961       -0.65299307952212
H           -0.15504215461463       -2.83565056695801        1.65509206703564
H           -1.56705337577351       -0.84807785391714        1.99674647531651
H            0.80491677440278       -0.59616190445981        2.39842554566485
H            0.92528406822326        1.84519669016465        2.50713057191778
H           -0.67920594581739        1.27380761594725        2.96809117912183
H           -0.41912281334842        2.01040581435450        1.38480797037927
H            0.40950102982277        1.60287355238862       -0.64871950015765
H            2.03960606934199        1.60446629318602       -2.46574052649505
H            3.95602464849977        0.04804942934213       -2.42360409133741
H            4.22254211897240       -1.50566656536445       -0.52188595565050
H            2.58477518079590       -1.50900881423299        1.30299308271428
35
 energy: -43.878198996090 gnorm: 0.000349304341 xtb: 6.7.1 (edcfbbe)
C           -2.59324296580835        2.07011826049714       -0.64968463780954
C           -2.66885129400163        0.82375046129595        0.23252608405549
C           -1.61933854055587       -0.21848264892539       -0.04021323269814
C           -1.36767895850208       -0.67640860903090       -1.30183942943640
C           -0.59164237151377       -1.81502083443192       -1.53922187741305
C           -0.20100399042357       -2.61756620648353       -0.45570246583035
C           -0.42156215034185       -2.21134574671245        0.81706441931229
C           -0.90711168027427       -0.83418302200196        1.12112094960104
C            0.36932446859751       -0.01082343054211        1.58187517885559
C            0.02146883961501        1.36433887462672        2.14227140986750
C            1.37523556435175        0.04768018069614        0.46651506226409
C            1.24383364103326        0.92449462534105       -0.60309651335768
C            2.16392166238805        0.92600263871923       -1.63553522191442
C            3.23505709009377        0.05027982827610       -1.61811233794534
C            3.38042260396350       -0.82550051720750       -0.55655127249385
C            2.45739023018862       -0.82563463508951        0.47268454978266
H           -3.39251146632883        2.75955328690462       -0.38510702368816
H           -1.64462601841169        2.58643454835535       -0.51877959735005
H           -2.69890068852425        1.81540141420416       -1.70045948940762
H           -3.65030280439874        0.35881721718154        0.07504758815140
H           -2.62635344286384        1.12466509134450        1.28061852828483
H           -1.82908335605191       -0.18958861622772       -2.14981619098693
H           -0.38608582365447       -2.12935055569083       -2.54974129118326
H            0.23912711395548       -3.58543921308351       -0.65003310189987
H           -0.15852682794791       -2.83600949300512        1.65781544668405
H           -1.56808795584185       -0.84657854320912        1.99815080570527
H            0.80594536169109       -0.59860242182251        2.39807371292030
H            0.92821652642236        1.84234917729778        2.50980462735403
H           -0.67530305694107        1.27119250513598        2.97349904745026
H           -0.41860343638876        2.01057089640208        1.39103054032731
H            0.41258761144523        1.60996759275988       -0.64228911876292
H            2.04104054792343        1.61294922789019       -2.46069064990794
H            3.95199312911690        0.05035942072254       -2.42614005010318
H            4.21439503068186       -1.51218495666684       -0.53086624572851
H            2.57865740730818       -1.51640579752206        1.29558179729709
35
 energy: -43.878202595689 gnorm: 0.000306853958 xtb: 6.7.1 (edcfbbe)
C           -2.59358080876497        2.06824024036435       -0.65348379092389
C           -2.66756769535987        0.82454079996928        0.23256016162636
C           -1.61875119804442       -0.21848948604850       -0.03956648289401
C           -1.36635937168241       -0.67639215294993       -1.30093834161422
C           -0.58992932314889       -1.81491790748311       -1.53793333872683
C           -0.19977236946808       -2.61754721257542       -0.45433725079149
C           -0.42157367371341       -2.21145214356047        0.81830643831671
C           -0.90709934783551       -0.83421542411099        1.12210945177748
C            0.36944384556247       -0.01063714624670        1.58280288194363
C            0.02206173691764        1.36417830204214        2.14424715423629
C            1.37482596331299        0.04831281664393        0.46702744845112
C            1.24508421150061        0.92823595180476       -0.60012649232673
C            2.16420551014686        0.92971156742956       -1.63341702363901
C            3.23242713134987        0.05052402559752       -1.61948616632608
C            3.37597809889590       -0.82870771447040       -0.56052798118411
C            2.45415430723955       -0.82850696327152        0.46970550448260
H           -3.39033890393224        2.75994608729884       -0.38795456541142
H           -1.64364067827415        2.58293883344406       -0.52832485154831
H           -2.70403829173488        1.81087145792167       -1.70291444782514
H           -3.64958576467596        0.35961494703404        0.07882313245069
H           -2.62263960255325        1.12849014322478        1.27960509401989
H           -1.82723867635213       -0.18978716407210       -2.14914958081750
H           -0.38355273072014       -2.12887931344666       -2.54833182656808
H            0.24163992174518       -3.58484460786516       -0.64852374521293
H           -0.15843941643601       -2.83598796945141        1.65906773233839
H           -1.56822021100385       -0.84654155004240        1.99897602665227
H            0.80638999266451       -0.59880750930076        2.39849951809257
H            0.92918328669782        1.84210596865393        2.51098687345029
H           -0.67366630819591        1.27039393517422        2.97620152676728
H           -0.41894758566354        2.01074038520146        1.39391719399058
H            0.41591635349585        1.61626551690380       -0.63669541481626
H            2.04303909147956        1.61955631788695       -2.45639771792417
H            3.94882880364973        0.05087904232846       -2.42800266800946
H            4.20774217464467       -1.51810104606282       -0.53750215051801
H            2.57382152825770       -1.52193102796742        1.29057769847745
