35
 energy: -43.868606804602 gnorm: 0.068804364487 xtb: 6.7.1 (edcfbbe)
C            1.49120000000000        1.87240000000000        0.50470000000000
C            1.26840000000000        1.19640000000000       -0.84390000000000
C            1.54830000000000       -0.32110000000000       -0.87070000000000
C            3.04020000000000       -0.55770000000000       -0.64110000000000
C            3.52570000000000       -1.25420000000000        0.39640000000000
C            2.59650000000000       -1.81110000000000        1.34170000000000
C            1.17810000000000       -1.85380000000000        1.09000000000000
C            0.64550000000000       -1.16080000000000        0.05900000000000
C           -0.84830000000000       -1.31350000000000       -0.25710000000000
C           -1.07300000000000       -1.79410000000000       -1.69960000000000
C           -1.69630000000000       -0.11830000000000        0.17210000000000
C           -2.40790000000000        0.68520000000000       -0.73270000000000
C           -3.18160000000000        1.76060000000000       -0.28550000000000
C           -3.26340000000000        2.04840000000000        1.07390000000000
C           -2.57370000000000        1.25990000000000        1.98890000000000
C           -1.80120000000000        0.18560000000000        1.54230000000000
H            2.53970000000000        1.81550000000000        0.81240000000000
H            0.87900000000000        1.42630000000000        1.29200000000000
H            1.22540000000000        2.93250000000000        0.43670000000000
H            0.24610000000000        1.39370000000000       -1.17770000000000
H            1.91250000000000        1.69300000000000       -1.58230000000000
H            1.36850000000000       -0.66960000000000       -1.89590000000000
H            3.72800000000000       -0.12680000000000       -1.36340000000000
H            4.58900000000000       -1.40470000000000        0.54310000000000
H            2.98440000000000       -2.30020000000000        2.22860000000000
H            0.57520000000000       -2.47910000000000        1.74090000000000
H           -1.23230000000000       -2.14620000000000        0.35380000000000
H           -2.12620000000000       -2.05020000000000       -1.86380000000000
H           -0.48110000000000       -2.69300000000000       -1.90700000000000
H           -0.79890000000000       -1.03650000000000       -2.44130000000000
H           -2.36980000000000        0.49810000000000       -1.80220000000000
H           -3.72050000000000        2.37440000000000       -1.00270000000000
H           -3.86400000000000        2.88540000000000        1.41900000000000
H           -2.63370000000000        1.47940000000000        3.05150000000000
H           -1.26980000000000       -0.41590000000000        2.27700000000000
35
 energy: -43.876355813856 gnorm: 0.029476501384 xtb: 6.7.1 (edcfbbe)
C            1.48555385218988        1.85691245493018        0.50325023502630
C            1.24896128550435        1.19527524187529       -0.84784678235040
C            1.53549185198024       -0.32185959935973       -0.87323624740322
C            3.00551580134372       -0.55609656568098       -0.63327920887318
C            3.48740296864352       -1.24767296822961        0.41878369121685
C            2.59048313681832       -1.82925090831915        1.34290302288739
C            1.19938837532618       -1.82930677714397        1.08730986441661
C            0.65178706479882       -1.14471400189916        0.05007317652449
C           -0.83473857105811       -1.30776692533088       -0.25368057448280
C           -1.07044226705216       -1.76826244286130       -1.69795269894945
C           -1.66938623139657       -0.10288110567902        0.16356753498893
C           -2.38472489495225        0.68869791472630       -0.73127993562584
C           -3.16404914901305        1.74834274846132       -0.28546013744062
C           -3.24884547702845        2.03578409362362        1.06571512015940
C           -2.55538643973435        1.25057256095205        1.97130801978701
C           -1.77844491580456        0.19320873581275        1.52337434769359
H            2.53118883675560        1.78340060382025        0.80230818400627
H            0.87287222776277        1.40250129403726        1.27960394659581
H            1.22456020109461        2.91432453217411        0.44090519305553
H            0.21832138862509        1.37812676580680       -1.16196505260841
H            1.90300260153392        1.67419831832717       -1.58629805647280
H            1.33707504040989       -0.65545491269648       -1.90190542383715
H            3.68208920818382       -0.12158658900595       -1.35934874879392
H            4.54953654625025       -1.38848654047092        0.56618148862876
H            2.97447813152787       -2.32764927204660        2.22079997455572
H            0.58650750208112       -2.43297257822732        1.74461130401260
H           -1.19023730210360       -2.13376137927199        0.38224830655141
H           -2.12032347168451       -2.02557007528398       -1.84693027124897
H           -0.47809899466830       -2.66392443857450       -1.89064825267419
H           -0.79447113060953       -1.01543990307363       -2.43536577586238
H           -2.35498969525013        0.48960829390605       -1.79328602858398
H           -3.70817062072368        2.35305008682771       -0.99948190315193
H           -3.85371907233260        2.86450888785746        1.41126484837792
H           -2.62237177942939        1.46053642107553        3.03104496486430
H           -1.25581600798857       -0.41639197105863        2.24981187501039
35
 energy: -43.878317564406 gnorm: 0.007214652255 xtb: 6.7.1 (edcfbbe)
C            1.47427248430128        1.83463562737799        0.50347139083422
C            1.22657209551150        1.19043949599083       -0.85337174024376
C            1.52443590909232       -0.33096807912867       -0.87786200897587
C            2.98120130116784       -0.55258722067889       -0.63170869322164
C            3.45933202725221       -1.23766380221720        0.43297916620659
C            2.58145741413504       -1.83189714551699        1.34811233582791
C            1.20706458919789       -1.80700150481823        1.09366629769187
C            0.65366248427817       -1.13720216216491        0.04274052713978
C           -0.82450752749723       -1.30513020758537       -0.25162943362776
C           -1.06542047233364       -1.75674644702867       -1.69463746001638
C           -1.65247049221660       -0.09892356300655        0.15930814074947
C           -2.36260720968162        0.68912885746200       -0.73480066503834
C           -3.14155137743988        1.74370610004697       -0.28954613751624
C           -3.22947457749468        2.03017482906017        1.05940176270345
C           -2.53108031362011        1.24795273544910        1.96239979453324
C           -1.75483605579570        0.19675453932751        1.51443713552959
H            2.51887171490812        1.74118799716352        0.79276092515685
H            0.86075347775199        1.36901063423049        1.27017428631009
H            1.22181914909342        2.89261291663863        0.45666174271392
H            0.18945432626735        1.36098370705550       -1.14779342364911
H            1.87414943635074        1.66693335677788       -1.59504590933739
H            1.31331507740187       -0.64545063020189       -1.91298611406491
H            3.65285122506126       -0.10484961375371       -1.35094857887230
H            4.52401554129530       -1.35375209766689        0.58309055582546
H            2.96380298681662       -2.35320087693728        2.21100577940883
H            0.57477315061617       -2.38586007456897        1.75634231810494
H           -1.16724917423725       -2.12582749673833        0.39429823805787
H           -2.11559808602158       -2.00355383979957       -1.83561102693204
H           -0.47457461696917       -2.64928736879133       -1.89223400502438
H           -0.78814382221819       -0.99530787743501       -2.41736306546877
H           -2.32915820682222        0.48615031583795       -1.79368339250625
H           -3.69284401394232        2.33895325552414       -1.00313132267282
H           -3.84377544192193        2.84867493454087        1.40537794942028
H           -2.60314839668869        1.45100507133718        3.02099722018717
H           -1.22536460559784       -0.41309436578209        2.23222741076653
35
 energy: -43.878722708683 gnorm: 0.004629451785 xtb: 6.7.1 (edcfbbe)
C            1.46276154531877        1.81600638042126        0.50581776370384
C            1.20824762962813        1.18501504280384       -0.85584390813554
C            1.51866000476476       -0.33849566326073       -0.88372572251547
C            2.97488414541443       -0.54414327115663       -0.63007810313047
C            3.45284985814138       -1.22355062085537        0.43959873465588
C            2.57763291149386       -1.82916460325275        1.35145447652540
C            1.20363409258141       -1.79831667771565        1.10111325408148
C            0.65223731175818       -1.14036498373161        0.03955414291926
C           -0.82256934867980       -1.30960558969315       -0.25167440445129
C           -1.06554626297572       -1.75415716172533       -1.69611066995229
C           -1.64206628899112       -0.09897644571058        0.15728552676549
C           -2.34935991812777        0.68968789826828       -0.73883089340941
C           -3.12902623013841        1.74344364234825       -0.29265966240708
C           -3.21720964850032        2.02873378949040        1.05695978665327
C           -2.51408064605134        1.25008304266478        1.96056988708539
C           -1.73687787368281        0.19987892809011        1.51254091660644
H            2.50745892334889        1.71015738320260        0.79027814363417
H            0.84823216929004        1.34305956752607        1.26738762378483
H            1.21674971293093        2.87581965552111        0.47319102699841
H            0.16764271069309        1.34719367340109       -1.14028014919796
H            1.84613752793013        1.66787153425560       -1.60033952560132
H            1.30840320582253       -0.64711578691156       -1.92134792471857
H            3.64668611572505       -0.08843200793067       -1.34335800436919
H            4.51940828264306       -1.32470518586199        0.58964283069791
H            2.96047271890025       -2.35882459073348        2.20884609264365
H            0.55977686379921       -2.36155789948299        1.76737100476974
H           -1.16654466908066       -2.12772773567418        0.39525496564849
H           -2.11679666238150       -1.99441966335569       -1.83713141166923
H           -0.47729680787666       -2.64647921023202       -1.89997563799946
H           -0.78512530411846       -0.98719224610569       -2.41212121311744
H           -2.31391975101762        0.48591849901184       -1.79756952797939
H           -3.67876497574070        2.33905143563825       -1.00700346526894
H           -3.83256988997205        2.84570440177098        1.40295457461915
H           -2.58230081166210        1.45535699285455        3.01876473030451
H           -1.20182064118629       -0.40975252387861        2.22656474182592
35
 energy: -43.878954439155 gnorm: 0.003485069884 xtb: 6.7.1 (edcfbbe)
C            1.44802959407456        1.79416849147386        0.51060876916906
C            1.18788226854388        1.17747925938537       -0.85592796470710
C            1.51396700022568       -0.34653928641311       -0.89098772248989
C            2.97143667724160       -0.53511165247147       -0.62846790642109
C            3.44930108928094       -1.20729300216780        0.44547114544460
C            2.57456312884708       -1.81780973179614        1.35706961568322
C            1.19999880827015       -1.79263530251289        1.10689284202761
C            0.65085225426319       -1.14874441715381        0.03449342633330
C           -0.82287371577874       -1.31605971669714       -0.25554186068273
C           -1.06809032765467       -1.75487013068869       -1.70135280113422
C           -1.63572884622563       -0.10194850493186        0.15509191127739
C           -2.34057943389016        0.68910817935526       -0.74206270465965
C           -3.11514269741902        1.74675139486137       -0.29475389310009
C           -3.19948407946419        2.03228952573384        1.05542355394648
C           -2.49227252003490        1.25666115628106        1.95926602974720
C           -1.71919973780637        0.20303410157394        1.51082890597902
H            2.49251149436488        1.67578256998416        0.79117407288751
H            0.83163833699522        1.31478568896022        1.26705935703383
H            1.20951165314843        2.85602779521663        0.49337986987318
H            0.14377301480931        1.32967695572787       -1.13061135917879
H            1.81343174217300        1.67112664207366       -1.60336335447804
H            1.31013208495775       -0.65412738803795       -1.92943975045225
H            3.64466095778007       -0.06904845902185       -1.33362673097187
H            4.51692385850222       -1.29180302100069        0.59912444936665
H            2.95900674672025       -2.35005286994912        2.21189728336095
H            0.54983390188585       -2.34556471639799        1.77454317822686
H           -1.17171383081061       -2.13346369459869        0.38879545871548
H           -2.12065927206313       -1.98878794776660       -1.84424539205524
H           -0.48356794606069       -2.64822818035820       -1.91162297985427
H           -0.78368567490729       -0.98403147707801       -2.41243771084507
H           -2.30451983494958        0.48567208959621       -1.80107342856860
H           -3.66360795699147        2.34368523879560       -1.00937105599043
H           -3.81618307459101        2.84790087498579        1.40220304982918
H           -2.55350573921383        1.46656334128256        3.01720972571050
H           -1.17663992422156       -0.40459380624482        2.22145397097761
35
 energy: -43.879063490301 gnorm: 0.003033387275 xtb: 6.7.1 (edcfbbe)
C            1.43725506391560        1.78000218406318        0.51548558307911
C            1.17553415928587        1.17181819782719       -0.85388625973045
C            1.51167101535888       -0.35054902760810       -0.89490648034849
C            2.96999889777607       -0.52904848428175       -0.62710997170400
C            3.44790990735370       -1.19422324925096        0.45062105241137
C            2.57265880364502       -1.80688031023633        1.36139053326845
C            1.19798654229030       -1.79223113208040        1.10705000500590
C            0.64967793796136       -1.15617513014300        0.02991838476761
C           -0.82447699831084       -1.32164299319144       -0.26095696805324
C           -1.07108985986243       -1.75667826073868       -1.70780322608006
C           -1.63308439092861       -0.10498787106193        0.15276824276146
C           -2.33877434493100        0.68734914722520       -0.74325243323287
C           -3.10745935087329        1.74921918821232       -0.29478594176297
C           -3.18503478648006        2.03708189965561        1.05532895649312
C           -2.47531729842204        1.26234803205011        1.95796770822539
C           -1.70779732286344        0.20462380428595        1.50846872911692
H            2.48093250745557        1.65487925049049        0.79560154376046
H            0.81852502357243        1.29826579609032        1.26865465627354
H            1.20343325611937        2.84273169604900        0.50615916380045
H            0.12962044745794        1.31721198263684       -1.12361569910551
H            1.79352939723495        1.67393420952922       -1.60207336711627
H            1.31380628059511       -0.65939676554932       -1.93331926940421
H            3.64358246825163       -0.05897383701655       -1.32919848485325
H            4.51522645756696       -1.27045496202714        0.60833839752109
H            2.95807361507447       -2.33291266800949        2.21939762578604
H            0.54784834536455       -2.34287446955181        1.77522499237633
H           -1.17663425977236       -2.13990189675310        0.38093664123675
H           -2.12447298555398       -1.98708089915940       -1.85203384841838
H           -0.48978464110944       -2.65172817983650       -1.92061848307067
H           -0.78395825500114       -0.98551072247344       -2.41772189341808
H           -2.30689511820431        0.48260344386552       -1.80228121206308
H           -3.65459584131102        2.34837163946278       -1.00878170205270
H           -3.79759858551501        2.85553875855099        1.40307203219728
H           -2.52838919663544        1.47735476707539        3.01556528088334
H           -1.16190689050380       -0.40208313810002        2.21749571145005
35
 energy: -43.879160499928 gnorm: 0.002249077575 xtb: 6.7.1 (edcfbbe)
C            1.42768652540541        1.76904014306971        0.52126963618025
C            1.16646986953026        1.16693508349935       -0.85039525775055
C            1.50973028498583       -0.35258412825286       -0.89751074299693
C            2.96834816181235       -0.52525144604389       -0.62651744801824
C            3.44613508495760       -1.18225679180331        0.45594152513724
C            2.57022334511644       -1.79480946849162        1.36610477586404
C            1.19586772813173       -1.79292797882507        1.10511119899352
C            0.64800468670598       -1.16277849559088        0.02525121881578
C           -0.82673171900559       -1.32741145457161       -0.26794050504351
C           -1.07415757288920       -1.75896034529053       -1.71567434475993
C           -1.63274535875768       -0.10944266993539        0.14964829827199
C           -2.34184523824574        0.68312931715416       -0.74371387991277
C           -3.10184207210103        1.75083690391544       -0.29383210568709
C           -3.16813790276308        2.04391867620138        1.05574978194110
C           -2.45668874897577        1.26834810116458        1.95594672379083
C           -1.69770743113973        0.20483918192704        1.50481214774903
H            2.47009325308623        1.63866190926566        0.80306724996583
H            0.80565865660067        1.28693456126835        1.27146014052921
H            1.19806623465453        2.83236865275672        0.51640252782562
H            0.11961936953219        1.30752803504370       -1.11739317369568
H            1.77970363245843        1.67644569133265       -1.59759919289256
H            1.31674149736862       -0.66244155425955       -1.93602626654691
H            3.64153706778761       -0.05420130964667       -1.32824638083395
H            4.51270323496769       -1.25149956384747        0.61995826387487
H            2.95611793850190       -2.30975286833605        2.23082629803760
H            0.54882730474170       -2.34705035441855        1.77238736023434
H           -1.18068916653817       -2.14735296352786        0.37160876451659
H           -2.12816543947628       -1.98668287905344       -1.86096633735347
H           -0.49589574422016       -2.65593007995967       -1.92949266112251
H           -0.78463751123697       -0.98846858126044       -2.42536235597261
H           -2.31802252903105        0.47549970313163       -1.80248616439055
H           -3.65000541625098        2.35110898248129       -1.00620532949426
H           -3.77366247674684        2.86729506789064        1.40498973461249
H           -2.50064326720754        1.48823976574893        3.01312912557062
H           -1.14995628175742       -0.40132684273545        2.21279737456106
35
 energy: -43.879244627868 gnorm: 0.001736700679 xtb: 6.7.1 (edcfbbe)
C            1.41768400041714        1.76071928584548        0.52801149064844
C            1.15895401627512        1.16321683519065       -0.84613093533862
C            1.50687778376313       -0.35341020129565       -0.89923217436254
C            2.96539350500977       -0.52224057268141       -0.62590925954716
C            3.44252874709517       -1.16957273377416        0.46274615133777
C            2.56602876643929       -1.78202371843347        1.37173851777415
C            1.19276597486032       -1.79382119852710        1.10231153041557
C            0.64536036348347       -1.16894861156009        0.02009264277836
C           -0.82944464602485       -1.33432577270840       -0.27584395030007
C           -1.07689039981258       -1.76186481186211       -1.72455480704568
C           -1.63308209703921       -0.11550159901471        0.14552685418009
C           -2.34760448943463        0.67630868269184       -0.74414141262135
C           -3.09673795244219        1.75081928553029       -0.29234447642132
C           -3.14742211470978        2.05172570787130        1.05630566094701
C           -2.43436939055124        1.27411022009560        1.95309257089245
C           -1.68646475037691        0.20357143594335        1.49978334039083
H            2.45844046920148        1.62571841739164        0.81325761027280
H            0.79135374322158        1.27925845610053        1.27497375866836
H            1.19201564879120        2.82466959039264        0.52519062635822
H            0.11178716505686        1.30103551419126       -1.11238972079346
H            1.77028934934669        1.67884794465790       -1.59067328713880
H            1.31706937171722       -0.66237104248420       -1.93853130372945
H            3.63786497618433       -0.05320661040082       -1.32962074171203
H            4.50816757332935       -1.23347333371564        0.63322872860144
H            2.95136511662752       -2.28469689282750        2.24442567464475
H            0.54942216600147       -2.35383914285631        1.76852881606428
H           -1.18368005305816       -2.15616505608235        0.36165044132739
H           -2.13134050004872       -1.98708252815711       -1.87094380748668
H           -0.50116632832851       -2.66031929966849       -1.93933175359480
H           -0.78514761005273       -0.99137225018414       -2.43321913046699
H           -2.33561390943517        0.46380790670982       -1.80224055781647
H           -3.64765724349480        2.35144131311772       -1.00222363813830
H           -3.74173317148996        2.88277930025784        1.40728371788866
H           -2.46726917439814        1.49907760071686        3.00966299698182
H           -1.13774490612117       -0.40287212046990        2.20661982634191
35
 energy: -43.879322684642 gnorm: 0.002103490671 xtb: 6.7.1 (edcfbbe)
C            1.40333119249089        1.75449673133637        0.53731124888588
C            1.15046157922856        1.16090685371149       -0.84012120248430
C            1.50143290702725       -0.35345275213152       -0.90010009510213
C            2.95957129456422       -0.51973715927090       -0.62482871336651
C            3.43494794018924       -1.15476393001557        0.47211498028191
C            2.55781726121150       -1.76652423360998        1.37988414447643
C            1.18662514204190       -1.79350140304321        1.10007672022709
C            0.64031782927621       -1.17541691003633        0.01403518467271
C           -0.83336668614726       -1.34504126461369       -0.28609764350057
C           -1.07958619760810       -1.76681451492538       -1.73635249555324
C           -1.63422123049899       -0.12582798634066        0.13940731020691
C           -2.35686550988335        0.66436588578927       -0.74491515145090
C           -3.08918863385465        1.74896590870209       -0.29014421416756
C           -3.11541183338845        2.06227535462829        1.05671827454840
C           -2.40057219680183        1.28104444907156        1.94864714998916
C           -1.67002360445315        0.19985502894190        1.49226560195068
H            2.44167307314453        1.61503154839922        0.82877903347824
H            0.77062917542236        1.27446901384443        1.27968656256984
H            1.18164070469977        2.81918940893195        0.53439464271832
H            0.10384133451326        1.29822386933674       -1.10883852459251
H            1.76346223216303        1.68171373497014       -1.57953490814552
H            1.31347038168104       -0.65808224667763       -1.94128423807145
H            3.63159120814448       -0.05465381513426       -1.33176372830865
H            4.49980262424466       -1.21134024161400        0.65071645436806
H            2.94100222110544       -2.25617387755019        2.26126747910529
H            0.54717332284374       -2.36295378155127        1.76320772737948
H           -1.18645814205485       -2.16918211365841        0.34905215310852
H           -2.13409169480003       -1.98997043230519       -1.88472822217905
H           -0.50528004405996       -2.66554321336237       -1.95335191339765
H           -0.78583031161965       -0.99425881409490       -2.44178406199113
H           -2.36281211051542        0.44401819890409       -1.80154619685757
H           -3.64561953871945        2.34908709916763       -0.99598349463458
H           -3.69215802294878        2.90493192919531        1.40988332390004
H           -2.41729285383151        1.51251666087011        3.00417152346521
H           -1.12001281280373       -0.40785298586367        2.19685528847186
35
 energy: -43.879352249689 gnorm: 0.001580087159 xtb: 6.7.1 (edcfbbe)
C            1.39711283287436        1.75528866171740        0.54009616149966
C            1.14798884386716        1.16185839540463       -0.83827100202149
C            1.49867233126297       -0.35314934497488       -0.89956070714882
C            2.95673044922821       -0.51851327136282       -0.62309345262637
C            3.43109406845768       -1.15067076784832        0.47585860731113
C            2.55358796687544       -1.76327802992592        1.38281167319880
C            1.18337412544479       -1.79371140641909        1.09995356361615
C            0.63794055587836       -1.17739066907366        0.01231925077288
C           -0.83490503330279       -1.34951969799003       -0.28914642261081
C           -1.07983097153940       -1.76926987802265       -1.74011547362771
C           -1.63456835308475       -0.13019069181268        0.13740272699441
C           -2.35981170875049        0.65950721012813       -0.74511784244492
C           -3.08586977708099        1.74763819952708       -0.28921665658395
C           -3.10290411235754        2.06514771933134        1.05662001075244
C           -2.38713924235779        1.28300234130277        1.94706587253455
C           -1.66325861605284        0.19795713053169        1.48975897798929
H            2.43463355962789        1.61606178572082        0.83437566057779
H            0.76236671514429        1.27551607629011        1.28077412068096
H            1.17524956801626        2.82002130460794        0.53606062818435
H            0.10212228020117        1.30019774501268       -1.11014089121802
H            1.76365808273883        1.68267611442524       -1.57544574130645
H            1.31093359461197       -0.65498510626687       -1.94162895253673
H            3.62922111569274       -0.05491441214011       -1.33055382010238
H            4.49578273796094       -1.20632386346796        0.65503157972796
H            2.93542828639236       -2.25215639165651        2.26485439137632
H            0.54341935823589       -2.36396878669803        1.76233753030365
H           -1.18741263608461       -2.17440219936486        0.34503366635912
H           -2.13393046993409       -1.99331816155716       -1.88945877798245
H           -0.50424465530036       -2.66672267214266       -1.95869979293878
H           -0.78660650642895       -0.99463358741468       -2.44349271094269
H           -2.37240739524895        0.43602893313349       -1.80086084543620
H           -3.64433142740959        2.34766873000366       -0.99347890291149
H           -3.67286960289626        2.91193898023716        1.41015554291133
H           -2.39704124801486        1.51711882338238        3.00199344050016
H           -1.11218471666390       -0.41050921261608        2.19287858714907
35
 energy: -43.879388969122 gnorm: 0.000894687817 xtb: 6.7.1 (edcfbbe)
C            1.38354132890967        1.76076527491635        0.54417410550833
C            1.14398092935124        1.16552679104535       -0.83528379202660
C            1.49306781057272       -0.35189268518573       -0.89710419906426
C            2.95073022643260       -0.51731846922117       -0.61845981742106
C            3.42300160458505       -1.14791220095723        0.48190170416171
C            2.54462805393199       -1.76150176037899        1.38786401356872
C            1.17590864061489       -1.79377768024252        1.10134553774785
C            0.63274302306644       -1.17944805009581        0.01074586608561
C           -0.83798103338058       -1.35815111147758       -0.29451425893406
C           -1.07915408870426       -1.77437984950621       -1.74704650828426
C           -1.63573159218766       -0.13905112135718        0.13379619946724
C           -2.36591052012686        0.64948106052761       -0.74537940366609
C           -3.07956627302697        1.74473917000563       -0.28705122846545
C           -3.07802567584331        2.07050265914742        1.05667924313351
C           -2.36026718730567        1.28682629575694        1.94446007918146
C           -1.64983526226047        0.19409778301884        1.48530021699656
H            2.41979785302149        1.62568502269204        0.84469808570187
H            0.74578191363181        1.28076648469505        1.28186598805409
H            1.15810714727484        2.82503330091195        0.53645235343549
H            0.10035136751559        1.30688635715305       -1.11635066289880
H            1.76738889626679        1.68388652383602       -1.56777735440305
H            1.30577198874553       -0.64793585097014       -1.94077633396732
H            3.62495065031062       -0.05372931304034       -1.32439306492731
H            4.48802648545329       -1.19999427233194        0.66273145223628
H            2.92406598640733       -2.25214393821242        2.26936523048945
H            0.53371513017920       -2.36623382364706        1.75958363484387
H           -1.18935838857672       -2.18467210626954        0.33752294937348
H           -2.13164898756919       -2.00404743589573       -1.89850269808897
H           -0.49777630250701       -2.66721628439620       -1.96887238531255
H           -0.78966950162124       -0.99451068115094       -2.44626245850628
H           -2.39114625325269        0.41978718787587       -1.79927444330946
H           -3.64181526850636        2.34485738926520       -0.98819547221227
H           -3.63523228591217        2.92493801468371        1.41093504019700
H           -2.35643957912679        1.52616771713724        2.99806487682729
H           -1.09600083635959       -0.41603039832979        2.18485750447879
35
 energy: -43.879396966664 gnorm: 0.000721882809 xtb: 6.7.1 (edcfbbe)
C            1.37787531889787        1.76208239644721        0.54407531590999
C            1.14205412150439        1.16586033887386       -0.83537675341429
C            1.49214922836598       -0.35176542328866       -0.89612071778403
C            2.94969754439444       -0.51487231118993       -0.61479863446596
C            3.42164825787237       -1.14653135562832        0.48530163689470
C            2.54271014029205       -1.76298885845049        1.38911075781579
C            1.17432607046335       -1.79663069870791        1.10038113594677
C            0.63183302267956       -1.18124483413963        0.00999461365313
C           -0.83878191338605       -1.35987178849503       -0.29614826589585
C           -1.07829729983755       -1.77514696866019       -1.74919463853094
C           -1.63580195148284       -0.14058365480034        0.13308876539411
C           -2.36738031893888        0.64768895813148       -0.74505993790339
C           -3.07780159502918        1.74490978309754       -0.28603408098530
C           -3.07147937445998        2.07248241820362        1.05716624799086
C           -2.35283144439902        1.28862575471767        1.94411146737681
C           -1.64580037561702        0.19402668774480        1.48434303436398
H            2.41415527996641        1.63044494694412        0.84623533568239
H            0.74053201121316        1.28055345220472        1.28114308044770
H            1.14914362254602        2.82574336643559        0.53573573655395
H            0.09905724712004        1.30638712816947       -1.11926804936202
H            1.76696923605900        1.68411765936561       -1.56676129220885
H            1.30669834265605       -0.64789477620541       -1.93991999342113
H            3.62442845879733       -0.05047594861256       -1.31957804213041
H            4.48625562402816       -1.20099632138599        0.66494132007803
H            2.92203049419368       -2.25489716549730        2.27025844025295
H            0.53082231419595       -2.36774316053255        1.75852304693588
H           -1.19065816195017       -2.18722544444246        0.33463513266452
H           -2.12995466561611       -2.00867448318575       -1.90110225965367
H           -0.49366710977038       -2.66574367591803       -1.97185473665723
H           -0.79160903653966       -0.99361612498076       -2.44770630571575
H           -2.39630093410100        0.41619667655477       -1.79854247672484
H           -3.64095603871184        2.34518301092635       -0.98634816350014
H           -3.62552784733761        2.92891449688851        1.41185343080346
H           -2.34485083318004        1.52988329940212        2.99726540146208
H           -1.09068743488483       -0.41619737998432        2.18275044812754
35
 energy: -43.879407279123 gnorm: 0.000712214557 xtb: 6.7.1 (edcfbbe)
C            1.37141848775256        1.76317183418256        0.54219541666474
C            1.13939324117146        1.16510436571331       -0.83677002927071
C            1.49255541719578       -0.35204603492392       -0.89459236090452
C            2.94968288938280       -0.51289719433044       -0.61038599328670
C            3.42121025505966       -1.14875093287087        0.48759528135953
C            2.54176604352853       -1.76790173928033        1.38902935192349
C            1.17346423980150       -1.79989626708367        1.10000655674148
C            0.63169355571045       -1.18217774781903        0.01052977912371
C           -0.83889060125322       -1.35991902179698       -0.29699782024977
C           -1.07665420270280       -1.77443296918403       -1.75060000121390
C           -1.63528314793198       -0.14037823252228        0.13292466311500
C           -2.36818246175003        0.64751673014403       -0.74436385619264
C           -3.07676555955266        1.74579558295995       -0.28488670771391
C           -3.06725243650423        2.07435173454949        1.05787745837542
C           -2.34743074281045        1.29080298883438        1.94415354149228
C           -1.64227235668538        0.19532662126577        1.48394652217745
H            2.40828346448090        1.63733586445892        0.84507417414960
H            0.73636039784844        1.27855609340733        1.27921879331051
H            1.13684633996592        2.82561890873347        0.53355997587611
H            0.09678400249395        1.30317061184058       -1.12302713484423
H            1.76470623363425        1.68342265445412       -1.56778687706323
H            1.31001304621747       -0.65002239774429       -1.93828304010814
H            3.62516943939800       -0.04396209029647       -1.31147350782961
H            4.48590051499064       -1.20163041459230        0.66904827746742
H            2.92125302807770       -2.26197254348629        2.26912376966342
H            0.52890479789205       -2.37169009102205        1.75602190026162
H           -1.19195424883485       -2.18789090165751        0.33253962829222
H           -2.12715278596617       -2.01340634363628       -1.90293694913427
H           -0.48754327985698       -2.66198317969167       -1.97411360536817
H           -0.79397626062123       -0.99096197403086       -2.44859384261283
H           -2.39935775368667        0.41511206769422       -1.79754052836994
H           -3.64032702608144        2.34631489008736       -0.98465712396954
H           -3.61975324287664        2.93164427143476        1.41298040311352
H           -2.33672024369780        1.53342136624100        2.99687688121546
H           -1.08588904378580       -0.41474651003017        2.18140700380996
35
 energy: -43.879420201443 gnorm: 0.000839294856 xtb: 6.7.1 (edcfbbe)
C            1.36098258284788        1.76480647155320        0.53754334086950
C            1.13461124251055        1.16234085192114       -0.84033728102561
C            1.49438228994131       -0.35297828403366       -0.89170034798423
C            2.95085908181901       -0.50821480107500       -0.60142680044481
C            3.42123907119638       -1.15094921527791        0.49317350263895
C            2.54094431823103       -1.77781693207295        1.38845888868396
C            1.17289651497053       -1.80741285440187        1.09846321254040
C            0.63222248286667       -1.18407689436795        0.01171353559017
C           -0.83842849086281       -1.35898960872798       -0.29778215052389
C           -1.07347068663812       -1.77145777497994       -1.75249224061908
C           -1.63422395407889       -0.13931722601415        0.13289170944507
C           -2.36942000741487        0.64785421142879       -0.74312306075516
C           -3.07551012464801        1.74763313174763       -0.28300255561828
C           -3.06151299238038        2.07804621953469        1.05935925859339
C           -2.34015810349266        1.29469037074628        1.94458476475824
C           -1.63732227409708        0.19792127544036        1.48365671638391
H            2.39933637560560        1.65022057307479        0.84022095396981
H            0.73151658322418        1.27421778886655        1.27539181234789
H            1.11489289485591        2.82467037517642        0.52811606466211
H            0.09212920676137        1.29476455465896       -1.12941979691017
H            1.75906769731788        1.68137820974283       -1.57154089428886
H            1.31760216728553       -0.65572495109442       -1.93531796900158
H            3.62728483717757       -0.03170012579518       -1.29654357224121
H            4.48552472391006       -1.20213173248306        0.67745932772366
H            2.91987022462754       -2.27719482824578        2.26574108542164
H            0.52730639501243       -2.38167770160300        1.75106303630883
H           -1.19374675872014       -2.18744098623355        0.32999640280694
H           -2.12220577765348       -2.01796120716711       -1.90565691154914
H           -0.47784250945488       -2.65427315461686       -1.97789716256179
H           -0.79637233997716       -0.98434887951476       -2.44877190670260
H           -2.40373520711489        0.41431484456709       -1.79599248135442
H           -3.64032059346243        2.34788777319039       -0.98202411751524
H           -3.61253229230964        2.93604077744172        1.41519266377686
H           -2.32654488034601        1.53865755898536        2.99691923397063
H           -1.07932169750610       -0.41177783036922        2.18018373860493
35
 energy: -43.879428074911 gnorm: 0.000627140343 xtb: 6.7.1 (edcfbbe)
C            1.35166910849424        1.76725663007049        0.53210072312775
C            1.13036206747726        1.15908234249392       -0.84423372689057
C            1.49645847507940       -0.35422031925014       -0.88865777805822
C            2.95223618811867       -0.50405510779803       -0.59217431634309
C            3.42112744810862       -1.15245687977300        0.49966020111623
C            2.54017353333284       -1.78783215438875        1.38814510955350
C            1.17247485695552       -1.81641826645148        1.09592759943725
C            0.63284029441841       -1.18680086103545        0.01233000421894
C           -0.83793109251785       -1.35819041442236       -0.29853261960254
C           -1.07070138227783       -1.76768529853044       -1.75450523049139
C           -1.63254431125657       -0.13797190602335        0.13309887647080
C           -2.37010577809939        0.64853224253177       -0.74160335366857
C           -3.07456881189005        1.74893324441005       -0.28086754767067
C           -3.05721891890497        2.08062178905570        1.06106975295694
C           -2.33436967957951        1.29745613550870        1.94520103248417
C           -1.63291747129250        0.20009900164715        1.48359074050749
H            2.39151854083851        1.66417903741864        0.83391120458632
H            0.72823909839540        1.27131955303984        1.27146267782240
H            1.09412421902612        2.82434888433044        0.52071146931483
H            0.08791114369011        1.28610949767639       -1.13545701389550
H            1.75352717293247        1.67872784447639       -1.57606449605378
H            1.32570292495294       -0.66190640512677       -1.93225295985900
H            3.62934586046958       -0.01978040343476       -1.28134481583568
H            4.48507220796618       -1.19961094240539        0.68833357885521
H            2.91798536625855       -2.29298770425955        2.26258561160371
H            0.52625110905969       -2.39345981540968        1.74574962235348
H           -1.19530714418782       -2.18718139622287        0.32733392551454
H           -2.11829196598031       -2.01780592483998       -1.90909466614417
H           -0.47148081324227       -2.64741442392949       -1.98213684249137
H           -0.79612065467630       -0.97738388505468       -2.44811112236114
H           -2.40813908762047        0.41360264211779       -1.79412951437801
H           -3.64054588041559        2.34896694037309       -0.97909624981285
H           -3.60539317144050        2.94040388093188        1.41729000382804
H           -2.31747639162327        1.54287950271192        2.99730023508438
H           -1.07390706056538       -0.40935706043611        2.17955988472135
35
 energy: -43.879432848710 gnorm: 0.000394847108 xtb: 6.7.1 (edcfbbe)
C            1.34593544613807        1.76968519083512        0.52725524261454
C            1.12753695561542        1.15644900165168       -0.84754424107633
C            1.49807301075648       -0.35529584531838       -0.88630952208940
C            2.95328919488581       -0.50027044458417       -0.58424134862708
C            3.42065483683558       -1.15185629563513        0.50623251756685
C            2.53921403731093       -1.79475248393669        1.38861759148717
C            1.17188769741066       -1.82279371580008        1.09430398383095
C            0.63313666043834       -1.18850018309469        0.01303955621834
C           -0.83755222902350       -1.35796892804489       -0.29940972771836
C           -1.06929732817001       -1.76414999589654       -1.75652999882830
C           -1.63207817309932       -0.13815623589734        0.13334643790615
C           -2.37135696103823        0.64799210135501       -0.74031936898765
C           -3.07370637518334        1.74954298966846       -0.27903682917247
C           -3.05290688871542        2.08285098537997        1.06264507762423
C           -2.32936582265832        1.29938369104631        1.94587494139410
C           -1.62990460502550        0.20079316338038        1.48368361855769
H            2.38679957886898        1.67512452111664        0.82815103542870
H            0.72718046858951        1.27078010870280        1.26843777245145
H            1.08028579109079        2.82464813616956        0.51348566212862
H            0.08502336162427        1.27957507296461       -1.13997100296842
H            1.74968561959699        1.67584442013702       -1.58037497583406
H            1.33222267742802       -0.66663356062445       -1.92992081531777
H            3.63078943063893       -0.01102422633777       -1.26936929251190
H            4.48392496450877       -1.19671981953706        0.69779506330958
H            2.91579558552319       -2.30453079207539        2.26083051341109
H            0.52571461629348       -2.40413090968662        1.74037405356988
H           -1.19622764498140       -2.18755899040720        0.32481688003695
H           -2.11674776533990       -2.01338613504102       -1.91281488558122
H           -0.47027316253425       -2.64349909278547       -1.98553634032649
H           -0.79346714332232       -0.97218824610042       -2.44765843435785
H           -2.41090828790859        0.41310291735628       -1.79261092508136
H           -3.64101844785611        2.34916611623839       -0.97656107191010
H           -3.60054718393561        2.94258222168204        1.41923767613958
H           -2.31160278698988        1.54442393083937        2.99790795972389
H           -1.07018912776853       -0.40852866771843        2.17927319698977
