35
 energy: -43.870476825659 gnorm: 0.073804487063 xtb: 6.7.1 (edcfbbe)
C           -3.06780000000000       -1.58080000000000       -1.13610000000000
C           -2.37530000000000       -1.73560000000000        0.21120000000000
C           -1.92570000000000       -0.42060000000000        0.80610000000000
C           -2.81640000000000        0.40900000000000        1.38580000000000
C           -2.35890000000000        1.61670000000000        2.02530000000000
C           -0.96530000000000        1.86780000000000        2.28140000000000
C           -0.05250000000000        1.05870000000000        1.72380000000000
C           -0.41040000000000       -0.12200000000000        0.81920000000000
C            0.17760000000000        0.04310000000000       -0.62260000000000
C           -0.36090000000000        1.28220000000000       -1.35860000000000
C            1.70330000000000       -0.06030000000000       -0.62950000000000
C            2.29760000000000       -1.33420000000000       -0.60690000000000
C            3.68620000000000       -1.47880000000000       -0.59930000000000
C            4.50370000000000       -0.35220000000000       -0.61090000000000
C            3.93240000000000        0.91760000000000       -0.62820000000000
C            2.54280000000000        1.06340000000000       -0.63590000000000
H           -2.40700000000000       -1.12870000000000       -1.88130000000000
H           -3.37590000000000       -2.56140000000000       -1.51340000000000
H           -3.96450000000000       -0.95750000000000       -1.05460000000000
H           -3.06300000000000       -2.23070000000000        0.90890000000000
H           -1.52100000000000       -2.41490000000000        0.10710000000000
H           -3.87910000000000        0.19020000000000        1.41000000000000
H           -3.09480000000000        2.31020000000000        2.41760000000000
H           -0.68440000000000        2.69560000000000        2.92250000000000
H            1.00180000000000        1.22930000000000        1.92380000000000
H            0.06090000000000       -0.99810000000000        1.28900000000000
H           -0.16340000000000       -0.81060000000000       -1.22470000000000
H            0.06310000000000        1.34780000000000       -2.36720000000000
H           -0.12450000000000        2.21580000000000       -0.83850000000000
H           -1.44920000000000        1.23360000000000       -1.46640000000000
H            1.67740000000000       -2.22820000000000       -0.59570000000000
H            4.12860000000000       -2.47130000000000       -0.58390000000000
H            5.58460000000000       -0.46310000000000       -0.60490000000000
H            4.56880000000000        1.79870000000000       -0.63390000000000
H            2.13120000000000        2.06930000000000       -0.63900000000000
35
 energy: -43.878447586120 gnorm: 0.031995888469 xtb: 6.7.1 (edcfbbe)
C           -3.06225753045671       -1.57619208395086       -1.13430242798326
C           -2.35503680019107       -1.72500125312394        0.21154315426699
C           -1.89711173144001       -0.41504526556570        0.80385144489364
C           -2.78449798811972        0.43321273120595        1.38042702517345
C           -2.36344517295151        1.61204347865167        2.03648748738479
C           -0.98643719830851        1.85725590415360        2.24664179621618
C           -0.05933501937066        1.04912440336958        1.69036910067519
C           -0.40622693237451       -0.12307071537812        0.81219787506568
C            0.17952169884673        0.02966831887400       -0.62874728477309
C           -0.35354039336625        1.27810643402271       -1.33649168164042
C            1.69724717876986       -0.05912099742542       -0.61117775691516
C            2.29186485214896       -1.32127893940660       -0.59678830716515
C            3.67030910210127       -1.46704056163232       -0.59470462028616
C            4.48621967174850       -0.34821579041249       -0.60842015067633
C            3.91282757942140        0.91217197516053       -0.62318869199023
C            2.53186307726952        1.05549290780740       -0.62189351345976
H           -2.40587042254233       -1.12538455602430       -1.87678560792410
H           -3.37512291495758       -2.55233914087456       -1.50764958506054
H           -3.94926621690426       -0.94990953053697       -1.04233424910671
H           -3.05245910754447       -2.20457085810886        0.90896621222755
H           -1.50375525601673       -2.40278112287142        0.09718623993175
H           -3.84449826402495        0.21407498526410        1.38467542251086
H           -3.09861245911186        2.29580785758258        2.43531190971445
H           -0.70310013582235        2.68643500101272        2.88029510038343
H            0.99427467025318        1.20973582476379        1.88299901721035
H            0.08449791946392       -1.00585048675055        1.25144061510416
H           -0.16954215723973       -0.83620577807011       -1.20558555993166
H            0.07207826973127        1.34137188512049       -2.33968517469114
H           -0.11907405273117        2.19816102207941       -0.80292926781665
H           -1.43775699088785        1.21952510541124       -1.43220761756388
H            1.67157418311818       -2.20922594784032       -0.59569985243552
H            4.10956956250090       -2.45625699012114       -0.58525610762815
H            5.56310565654291       -0.45851414268979       -0.60737871847541
H            4.54524022572174        1.79048563751408       -0.63443210658603
H            2.11675309672384        2.05333068878968       -0.63653411864910
35
 energy: -43.880395638474 gnorm: 0.008556357384 xtb: 6.7.1 (edcfbbe)
C           -3.05543691619424       -1.56482972734121       -1.13433958025848
C           -2.33987955814985       -1.72044168008412        0.21115258736173
C           -1.87367995888842       -0.41812195323184        0.80146684929405
C           -2.76150742576530        0.44744371002318        1.36685717310702
C           -2.35954773426608        1.60726204576782        2.03373085301644
C           -0.99200654718863        1.85081085798764        2.21851205620723
C           -0.05511791302613        1.03807255147385        1.67264466098876
C           -0.40116652288288       -0.13305191468824        0.82082228913585
C            0.17865293796052        0.01978387484239       -0.62822642175539
C           -0.35581751210106        1.27108132179030       -1.31737536780260
C            1.68679783160180       -0.06209928576689       -0.61037744788077
C            2.28308231195069       -1.31885011305357       -0.59238542440254
C            3.65689063947779       -1.46288243378176       -0.58642602765897
C            4.47046332925272       -0.34419780206615       -0.60014169109287
C            3.89248744916733        0.91181079968624       -0.61261679439666
C            2.51536898407914        1.05179094599056       -0.61517444390590
H           -2.40124476335892       -1.11673087701845       -1.87746979742119
H           -3.37400189032921       -2.53861703677379       -1.50128985050212
H           -3.93460741442646       -0.93402656337281       -1.02924057932565
H           -3.03972698773243       -2.19011833406407        0.91038100100165
H           -1.49039816230507       -2.39601662562974        0.08909196297467
H           -3.82068962640369        0.22332014888308        1.34150662244877
H           -3.09473732743829        2.27781745383655        2.44882241645677
H           -0.69801152299803        2.69597552365316        2.82617764734796
H            0.99852402806664        1.21198166364618        1.83889035525178
H            0.11040390358409       -1.02182040930672        1.23201868845776
H           -0.17416524093712       -0.84928924767113       -1.19414127158009
H            0.06882605652032        1.35093563400474       -2.31704554923165
H           -0.11690105574139        2.17179899911428       -0.75893475476979
H           -1.43850904064882        1.21115534414797       -1.40119021984765
H            1.66107345620927       -2.20325027629799       -0.59232301108400
H            4.09524051426713       -2.45020000235922       -0.58201604005714
H            5.54521752843439       -0.45179415997833       -0.60650634080524
H            4.52012894524523        1.79096589177963       -0.62789810288063
H            2.09399520496488        2.04433167585861       -0.62675644639115
35
 energy: -43.880794581617 gnorm: 0.005343165503 xtb: 6.7.1 (edcfbbe)
C           -3.05225643162931       -1.55637513897334       -1.13391924039584
C           -2.33320330827945       -1.72283912459506        0.20956454879561
C           -1.86427549843250       -0.42596414416214        0.80445598241833
C           -2.75427388046124        0.44727035648263        1.35883318951769
C           -2.35286896523568        1.60481799973814        2.02883126557643
C           -0.98388008377556        1.85716318921802        2.19852161179949
C           -0.04639263433992        1.03757563947601        1.66176976401074
C           -0.39546740473019       -0.14318089148801        0.82681631813246
C            0.17608826910605        0.01053469891035       -0.63122109081634
C           -0.36483127174354        1.26859257585767       -1.30189140401569
C            1.68037729232060       -0.06762064927879       -0.61139434620909
C            2.27921523165837       -1.32362673158528       -0.59142193311012
C            3.65320752363459       -1.46372855160892       -0.58327342509783
C            4.46343410748350       -0.34151284129506       -0.59543097514646
C            3.88197456336950        0.91353200061406       -0.60635161291458
C            2.50465730627394        1.05009188285565       -0.61006528433032
H           -2.39696952809773       -1.10923018794042       -1.87657204198520
H           -3.37814852719007       -2.52665700077964       -1.50272086862928
H           -3.92574384949989       -0.91914738678510       -1.02114630022131
H           -3.03234720237760       -2.19340037998400        0.90747106207179
H           -1.48535084113191       -2.39899574394776        0.08139602498766
H           -3.81328563641250        0.22209396708748        1.31263784137169
H           -3.08791899390138        2.27129728399422        2.45032756881206
H           -0.68169832905074        2.71155476847391        2.79029229341210
H            1.00739450801232        1.22120228438508        1.81404374233631
H            0.12479808051939       -1.03096360751142        1.23047241354566
H           -0.17960406877084       -0.85818908397799       -1.19496938179490
H            0.05714158139676        1.36538370588419       -2.30082295164763
H           -0.12504116571172        2.15983660009606       -0.72792843525182
H           -1.44751752376212        1.20843126553186       -1.38196773520097
H            1.65664450165297       -2.20801251963381       -0.59252560108849
H            4.09344101106274       -2.45003578653701       -0.57551044111487
H            5.53808877043350       -0.44575360127312       -0.59850571876173
H            4.50635473931501        1.79510236614642       -0.61646866422544
H            2.07825765829448        2.04075278660537       -0.62112617483015
35
 energy: -43.880988364926 gnorm: 0.003167619669 xtb: 6.7.1 (edcfbbe)
C           -3.05032216731898       -1.54659400399393       -1.13237847848254
C           -2.32824941067444       -1.72771620138484        0.20801596482668
C           -1.85680442375047       -0.43586349923202        0.80996989517070
C           -2.74779178168389        0.44525799853858        1.35170375461487
C           -2.34298068829428        1.60540433647308        2.01665588985588
C           -0.97267924385070        1.86230061316147        2.17996976300515
C           -0.03663025310352        1.03473195724257        1.65386297185908
C           -0.38846493383471       -0.15587104294322        0.83291935909309
C            0.17342286102564        0.00279639561734       -0.63441230221318
C           -0.37729932739851        1.26603821049995       -1.28698801605646
C            1.67511449567044       -0.07365875409980       -0.61852475106744
C            2.27714396531865       -1.32923176935881       -0.59481057493718
C            3.65204320049215       -1.46434654336735       -0.57863276095360
C            4.45793946177419       -0.33807886456416       -0.58530286861955
C            3.87303299823265        0.91587950847742       -0.59693319482917
C            2.49506720136820        1.04823690130207       -0.60910596241345
H           -2.39283971015974       -1.10110279820837       -1.87448559059666
H           -3.38730692543787       -2.51125295269062       -1.50636458477358
H           -3.91665059123955       -0.90051381570410       -1.01261024063175
H           -3.02546425179804       -2.20381359942524        0.90352597863182
H           -1.48230516075654       -2.40502510361881        0.07153218221401
H           -3.80501651165393        0.21837726867757        1.29626245661179
H           -3.07673120835261        2.27139646598563        2.44116530875013
H           -0.66444021213942        2.72816475049290        2.75218144481558
H            1.01728751303318        1.22840709597545        1.79207738118189
H            0.13705074014661       -1.03998374064067        1.23446496145289
H           -0.18659796721252       -0.86319909537345       -1.19861048839408
H            0.03986965713605        1.38347090150321       -2.28601875316265
H           -0.14030579332279        2.14857936083537       -0.69794797266438
H           -1.46018338062221        1.20227098210774       -1.36326345019824
H            1.65495161115045       -2.21449583368428       -0.59750508746063
H            4.09557719905688       -2.44945866898107       -0.56794299296828
H            5.53305776028486       -0.43838352846183       -0.58436207474555
H            4.49410222371763        1.80025391076618       -0.60011607363352
H            2.06340305419685        2.03702315807637       -0.61779109328165
35
 energy: -43.881043938871 gnorm: 0.002050067383 xtb: 6.7.1 (edcfbbe)
C           -3.05105127154881       -1.54163453876110       -1.13022376066810
C           -2.32702836035267       -1.73088519632258        0.20772416675755
C           -1.85428761808820       -0.44076648414057        0.81318241590332
C           -2.74425041364830        0.44276446306379        1.35141585487703
C           -2.33700303100991        1.60697141446803        2.00899053521893
C           -0.96634295442707        1.86408054232512        2.17145380054806
C           -0.03180645159160        1.03161120273384        1.65147809563767
C           -0.38532313777433       -0.16099070837083        0.83361345207139
C            0.17200293187185        0.00022851861884       -0.63662796490170
C           -0.38389545068507        1.26456614447735       -1.28218482914309
C            1.67355692689513       -0.07561237815344       -0.62221800398281
C            2.27726324686583       -1.33073158138951       -0.59830499006565
C            3.65257047137823       -1.46337964438889       -0.57722750313104
C            4.45640649039320       -0.33559185762018       -0.57882554451011
C            3.87001161677734        0.91765006149376       -0.59181998930048
C            2.49173760326003        1.04776655751340       -0.60945137375148
H           -2.39222105450510       -1.09818276911229       -1.87262789727467
H           -3.39527610622600       -2.50274646632065       -1.50713298391776
H           -3.91303536953369       -0.89019704023482       -1.00739531432316
H           -3.02246451368359       -2.21135028157075        0.90240502876603
H           -1.48167975552739       -2.40812174368088        0.06606974165766
H           -3.80116616704515        0.21732242683674        1.29606344319173
H           -3.06966759347152        2.27683011249528        2.42924677104881
H           -0.65758184762226        2.73231988979023        2.73808085962435
H            1.02192551244521        1.22457588467781        1.78853565743126
H            0.14100684536169       -1.04358433805597        1.23466725145325
H           -0.18968271492957       -0.86442396729336       -1.20167575765294
H            0.03103397769039        1.39029813917049       -2.28092130691895
H           -0.15082968908937        2.14482733265703       -0.68873747734179
H           -1.46667866204579        1.19633369862377       -1.35799244432930
H            1.65618958950966       -2.21692189000725       -0.60409865910268
H            4.09813210792756       -2.44772475148390       -0.56442115652528
H            5.53187315033457       -0.43406931988937       -0.57146003079306
H            4.48969160965283        1.80314181342928       -0.58986824220330
H            2.05787008244147        2.03562675442201       -0.61951184434964
35
 energy: -43.881095165588 gnorm: 0.001614502683 xtb: 6.7.1 (edcfbbe)
C           -3.05387102891464       -1.53604255769624       -1.12636025892000
C           -2.32607427041946       -1.73484809984389        0.20761997950897
C           -1.85146626530540       -0.44623877741649        0.81589595823545
C           -2.73927712864307        0.44043007206719        1.35075255480248
C           -2.32882693434730        1.60972871546324        1.99858142749091
C           -0.95795975295077        1.86358617731841        2.16275924827877
C           -0.02550651868129        1.02438575799164        1.65054530077335
C           -0.38161278007020       -0.16747309560181        0.83276129720109
C            0.17004359600617       -0.00232300137636       -0.63958331191280
C           -0.39150879319195        1.26233302660776       -1.27874042305534
C            1.67194460273006       -0.07667082654813       -0.62747769091714
C            2.27773851899829       -1.33082593390758       -0.60412167931498
C            3.65328078042970       -1.46055947221793       -0.57491040963701
C            4.45477941175613       -0.33130428157346       -0.56765793540229
C            3.86646937855142        0.92086576722647       -0.58385892400739
C            2.48799344831509        1.04811272233056       -0.61049251597122
H           -2.39368454328100       -1.09662071627051       -1.87016901506601
H           -3.40885949634946       -2.49240872583497       -1.50567540214388
H           -3.90926100410316       -0.87674928549729       -0.99894859317580
H           -3.01881917540154       -2.21996999768516        0.90234932434509
H           -1.48129900343202       -2.41145676031656        0.05918440023218
H           -3.79635229246518        0.21693254716889        1.30088261154981
H           -3.05990790326134        2.28731185627103        2.40953276857365
H           -0.64926820175453        2.73533732291407        2.72266052515448
H            1.02849613872823        1.21319019015617        1.78916610040624
H            0.14529123012925       -1.04978578956434        1.23137043251867
H           -0.19247259168316       -0.86581198416056       -1.20581777251491
H            0.02149132101857        1.39641678199678       -2.27681700185495
H           -0.16436865128611        2.14075687800800       -0.68089981613807
H           -1.47399466727198        1.18750154159369       -1.35487246286119
H            1.65877750147243       -2.21843206945872       -0.61556762934730
H            4.10134109297910       -2.44386289878939       -0.56153125339258
H            5.53058012065471       -0.42773715210398       -0.55127786505605
H            4.48451772324573        1.80745344269949       -0.57622098910688
H            2.05164613779809        2.03477862605049       -0.62286097927519
35
 energy: -43.881126850754 gnorm: 0.001590208858 xtb: 6.7.1 (edcfbbe)
C           -3.06117125121974       -1.53003514324982       -1.12007389016118
C           -2.32589246911077       -1.73977972139446        0.20773483618463
C           -1.84729200529020       -0.45336806415594        0.81802060259183
C           -2.73145453125354        0.43851710466133        1.34886689043399
C           -2.31688198495125        1.61398839730728        1.98352895783719
C           -0.94554440881450        1.86178093779631        2.14992576036197
C           -0.01596550266047        1.01228273011065        1.64894792320227
C           -0.37686999079505       -0.17711987676768        0.82999422292764
C            0.16764650140574       -0.00605265139420       -0.64376717577888
C           -0.40059066702558        1.25883837348033       -1.27611019898387
C            1.67004920637161       -0.07662407514928       -0.63371597977924
C            2.27891654210283       -1.32901975898067       -0.61210731959428
C            3.65443810938197       -1.45489165082498       -0.57169747976262
C            4.45275194090349       -0.32369053308931       -0.55155417343405
C            3.86130218520451        0.92686116945474       -0.57211820282175
C            2.48282353960096        1.05011593101547       -0.61053407514659
H           -2.40064560825821       -1.09737125379652       -1.86761983620219
H           -3.43167720542263       -2.48032489627221       -1.49978513731236
H           -3.90670767717329       -0.85966557182554       -0.98476626411897
H           -3.01449212651351       -2.22866679383639        0.90421153583395
H           -1.48226850184550       -2.41558265492915        0.05001418729102
H           -3.79018142916066        0.21941164973634        1.30547109726575
H           -3.04591496273803        2.30220270204167        2.38113736071971
H           -0.63614399878250        2.73544769783441        2.70545631693505
H            1.03885291584796        1.19192888788027        1.79404337638859
H            0.15056267320667       -1.06142410056741        1.22278611761583
H           -0.19416730739168       -0.86889161524277       -1.21144993650007
H            0.01159602038145        1.40188093911589       -2.27297813107423
H           -0.18023644520920        2.13497547157281       -0.67250858264527
H           -1.48255423251062        1.17697370871059       -1.35339067560781
H            1.66331318958127       -2.21868197541816       -0.63245907993390
H            4.10556796588264       -2.43674393214007       -0.55821071216092
H            5.52863347555549       -0.41736963725615       -0.52158894564157
H            4.47693554104334        1.81489491298136       -0.55735851193351
H            2.04326249965611        2.03520329259201       -0.62614487699588
35
 energy: -43.881144110240 gnorm: 0.000709696261 xtb: 6.7.1 (edcfbbe)
C           -3.06658524611570       -1.53116271808187       -1.11797015422637
C           -2.32788715147977       -1.73979467265029        0.20815013747774
C           -1.84699818578811       -0.45317264927300        0.81559215414811
C           -2.72976205462908        0.44106925918080        1.34533263690334
C           -2.31343383991501        1.61515761299322        1.98066627000312
C           -0.94176794094750        1.85853664591299        2.14979046638428
C           -0.01347757896436        1.00716168013094        1.64980475625955
C           -0.37650482580785       -0.17937569751167        0.82781821548874
C            0.16765579207881       -0.00710497689688       -0.64538012647344
C           -0.40045963524189        1.25762309941256       -1.27835968190760
C            1.67013616367322       -0.07548277042881       -0.63432667819621
C            2.28019480175085       -1.32716684374753       -0.61344101133591
C            3.65559466913057       -1.45200666172368       -0.57076106199530
C            4.45283352077443       -0.32015750103264       -0.54794356813316
C            3.86009323951059        0.92984812373914       -0.56870558248755
C            2.48174139527230        1.05201252074848       -0.60892781786360
H           -2.40758403459628       -1.10109425431071       -1.86821849365808
H           -3.43996385427694       -2.48126410460100       -1.49423952515421
H           -3.91005089801499       -0.85912268543695       -0.98081050369323
H           -3.01532441698997       -2.22669647531349        0.90679937370264
H           -1.48519855642040       -2.41618808324182        0.04915481052944
H           -3.78910779040489        0.22324087593946        1.30337772606585
H           -3.04151609479610        2.30470358617058        2.37697577999480
H           -0.63042791746435        2.73184061285021        2.70610845717612
H            1.04177869727146        1.18360759223707        1.79778004024718
H            0.14990017109031       -1.06588064147890        1.21812052443466
H           -0.19262687372437       -0.87035880736405       -1.21356399980712
H            0.01302683258100        1.39975251666881       -2.27478974154858
H           -0.17983117941918        2.13373980287941       -0.67478844120535
H           -1.48223969110050        1.17643165132908       -1.35647976735227
H            1.66562636735489       -2.21737740691044       -0.63602586510381
H            4.10727752837942       -2.43352832738562       -0.55794391925766
H            5.52842576699078       -0.41300072983501       -0.51601377598419
H            4.47488552925624        1.81837262801407       -0.55271171411223
H            2.04157729098139        2.03683779901832       -0.62386991931934
35
 energy: -43.881170857400 gnorm: 0.001340695268 xtb: 6.7.1 (edcfbbe)
C           -3.08015646881620       -1.53573426244546       -1.11359376882500
C           -2.33386712475157       -1.73911220669699        0.20940186908541
C           -1.84764041316435       -0.45187648645888        0.81043077850425
C           -2.72705690745056        0.44754285640236        1.33804575624826
C           -2.30646000241583        1.61872853217270        1.97523048727755
C           -0.93354980625492        1.85301211703821        2.14933156377203
C           -0.00866608316943        0.99747981878672        1.65019062650780
C           -0.37653426772450       -0.18429076256522        0.82309675684452
C            0.16867130443241       -0.00903666830536       -0.64873608345474
C           -0.39861067619608        1.25511475490157       -1.28422570210448
C            1.67123192656861       -0.07320097678491       -0.63504019706756
C            2.28414310800982       -1.32334626080324       -0.61584694898146
C            3.65960888732003       -1.44557561704550       -0.56974311608020
C            4.45431241006198       -0.31201724914376       -0.54247014761725
C            3.85848293106014        0.93668569878566       -0.56150698003131
C            2.48013202600128        1.05617581036992       -0.60426217444888
H           -2.42442920846437       -1.11178187916206       -1.87010144673638
H           -3.45859557400217       -2.48692080839995       -1.48120258002989
H           -3.92023355310692       -0.86044971805600       -0.97414270394539
H           -3.01856977183534       -2.22096212790871        0.91380573370437
H           -1.49346622261629       -2.41765151426996        0.04865912327234
H           -3.78803627676945        0.23530168544176        1.29282026179312
H           -3.03214494958174        2.31018987378755        2.37180886105894
H           -0.61765695331027        2.71936844059811        2.71442451147108
H            1.04711497914904        1.16536726890966        1.80609415135463
H            0.14647886974899       -1.07522947740620        1.20930047747800
H           -0.18864163225312       -0.87305696021558       -1.21797599480328
H            0.01764459892576        1.39445670852332       -2.28020154673186
H           -0.17703028319308        2.13185082860190       -0.68161001130062
H           -1.48022531031566        1.17565260987075       -1.36403175121254
H            1.67152796606727       -2.21471490738934       -0.64214964937416
H            4.11271214179624       -2.42636034684866       -0.55809912838176
H            5.52968813575832       -0.40259451289010       -0.50834861737659
H            4.47129112630839        1.82653981967977       -0.54266266001257
H            2.03853107418233        2.04044591892687       -0.61648974985586
35
 energy: -43.881189532133 gnorm: 0.001448270025 xtb: 6.7.1 (edcfbbe)
C           -3.09385849681905       -1.53914911636238       -1.10898170660854
C           -2.34031199396059       -1.73866561100453        0.21057340526507
C           -1.84842586732610       -0.45051470963083        0.80500620044044
C           -2.72392358582287        0.45534785071318        1.32865178884423
C           -2.29754052529625        1.62286162995274        1.96880463916983
C           -0.92362418619179        1.84576927270885        2.15070847094028
C           -0.00294374788934        0.98562051622965        1.65201787739834
C           -0.37610094138201       -0.19022877776407        0.81896410633743
C            0.16960632971919       -0.01216610687655       -0.65291029215035
C           -0.39889482249509        1.25167098330409       -1.28808780436733
C            1.67223796064442       -0.07250343956608       -0.63595662373350
C            2.28899648905514       -1.32080513569073       -0.61915011083542
C            3.66483650488273       -1.43892433670815       -0.56949700145965
C            4.45598693422686       -0.30292501862380       -0.53627812042751
C            3.85628464683780        0.94398873438021       -0.55266174707578
C            2.47761614895148        1.05938899880679       -0.59872631761547
H           -2.44043573021000       -1.12257826537419       -1.87170312172291
H           -3.47876577288507       -2.49098229025542       -1.46863913248929
H           -3.93019914453128       -0.85934056263003       -0.96849366329238
H           -3.02167428093721       -2.21706615812126        0.92081024960921
H           -1.50210198815715       -2.41938482474187        0.04730609649082
H           -3.78547888632500        0.24820280375497        1.28178546885219
H           -3.01976657706814        2.31899517754070        2.36385996443904
H           -0.60286479818465        2.71041228229902        2.71705594015755
H            1.05342677664976        1.14689237364595        1.81136043228793
H            0.14332359842065       -1.08482193252430        1.20100721702438
H           -0.18580494308368       -0.87624663101226       -1.22351680626243
H            0.01894391559993        1.39153072673897       -2.28351207620378
H           -0.17910931036845        2.12878592132185       -0.68528004736432
H           -1.48028037563518        1.17094595666136       -1.36986792857513
H            1.67884048783825       -2.21381995900095       -0.65023952947265
H            4.12071595743625       -2.41846057124473       -0.55892655868727
H            5.53168653285620       -0.39010278863056       -0.49881707978689
H            4.46632301203326        1.83577708489956       -0.52814099932124
H            2.03328067941546        2.04249592280591       -0.60832518980423
35
 energy: -43.881203221885 gnorm: 0.000791162955 xtb: 6.7.1 (edcfbbe)
C           -3.10448756470864       -1.54065112802363       -1.10531553109602
C           -2.34580544083174       -1.73816284461344        0.21127961502297
C           -1.84896092237335       -0.45017372601408        0.80216097727235
C           -2.72057680625589        0.46124609941186        1.32250116164933
C           -2.28906864883859        1.62694316959705        1.96227549718343
C           -0.91449317433770        1.84212299899740        2.14815367997669
C            0.00242198228178        0.97674278991662        1.65137079149195
C           -0.37562539350316       -0.19619002496446        0.81668664087347
C            0.17042505340004       -0.01550659468943       -0.65569004856406
C           -0.40048509276711        1.24753818437894       -1.28976906090005
C            1.67304893422669       -0.07278082040414       -0.63747511204411
C            2.29350579828163       -1.31932542945930       -0.62302058330186
C            3.66958881410880       -1.43327900200021       -0.56963792755385
C            4.45715438701382       -0.29502879671029       -0.52983613420560
C            3.85388529025429        0.95013531751101       -0.54366792638936
C            2.47499867068018        1.06139122413192       -0.59400067862912
H           -2.45273847020139       -1.12994289233531       -1.87256831879813
H           -3.49459603863792       -2.49234792900835       -1.45954374769418
H           -3.93789047017683       -0.85737277382688       -0.96458565599287
H           -3.02429043598265       -2.21486108755106        0.92560245056227
H           -1.50925432596680       -2.42036468551049        0.04550213032105
H           -3.78287037212740        0.25987604133512        1.27300647466773
H           -3.00801939992962        2.32771069002888        2.35526249764559
H           -0.59049981635378        2.70305505858796        2.71741406187003
H            1.05911479851730        1.13127936127684        1.81391874188697
H            0.14088392007112       -1.09333703791139        1.19560570485070
H           -0.18381394661895       -0.87958875668187       -1.22700429925933
H            0.01811977547421        1.39049607431350       -2.28438773126414
H           -0.18450897658404        2.12447032699330       -0.68543167069653
H           -1.48148507102140        1.16355743244447       -1.37350011637023
H            1.68602320026574       -2.21401217591147       -0.65840896791220
H            4.12861711179956       -2.41141028080667       -0.56154936135975
H            5.53309346845499       -0.37898451402977       -0.49026197120585
H            4.46105196865592        1.84369601599304       -0.51396874885338
H            2.02753719372911        2.04305971553556       -0.60091683318314
35
 energy: -43.881212650946 gnorm: 0.000401605601 xtb: 6.7.1 (edcfbbe)
C           -3.11265562861673       -1.54051856263724       -1.10262585153815
C           -2.35036030981758       -1.73772756123290        0.21158017140173
C           -1.84940564637374       -0.45037638219440        0.80082444861496
C           -2.71739444335578        0.46575746023160        1.31857020092439
C           -2.28112618920667        1.63096001397638        1.95640927890581
C           -0.90589102387516        1.83982924333251        2.14505871089594
C            0.00738738330724        0.96904730563264        1.65089077071341
C           -0.37507865955997       -0.20170668823019        0.81530721334787
C            0.17080701309283       -0.01986082682117       -0.65786300078173
C           -0.40306368307518        1.24240129501335       -1.29056201873934
C            1.67351348241676       -0.07393139759768       -0.63790732596050
C            2.29777059049584       -1.31867191484754       -0.62714857470178
C            3.67414944136558       -1.42826079658121       -0.57157947982320
C            4.45801515893974       -0.28775384403083       -0.52517191350178
C            3.85104438985277        0.95564241866459       -0.53534570200443
C            2.47194965012264        1.06254688669527       -0.58854009135409
H           -2.46188900244709       -1.13378822569237       -1.87280579928831
H           -3.50713618564768       -2.49174818996341       -1.45374775671363
H           -3.94367837559403       -0.85402666995977       -0.96127994724517
H           -3.02705433571808       -2.21316472220358        0.92862314853455
H           -1.51534419303432       -2.42144386879556        0.04375333631902
H           -3.78061990868498        0.27031599466308        1.26685512898014
H           -2.99709017335592        2.33654696753716        2.34652589054654
H           -0.57931080967344        2.69932353953414        2.71434171745526
H            1.06441578447021        1.11802963847105        1.81507888416069
H            0.13858451455628       -1.10083709170489        1.19224608136684
H           -0.18204722266116       -0.88443266558963       -1.22932408238953
H            0.01708677190018        1.38979611324058       -2.28382314020210
H           -0.19245967660919        2.11887823673621       -0.68360835208471
H           -1.48358323605203        1.15400582195100       -1.37717436634867
H            1.69331668225929       -2.21523270357502       -0.66725464061222
H            4.13669571637727       -2.40478672486929       -0.56539508132500
H            5.53424309412283       -0.36846410985639       -0.48158659373865
H            4.45519663679555        1.85102171702999       -0.49953864885827
H            2.02101239328173        2.04263029367490       -0.59358261495502
35
 energy: -43.881218608376 gnorm: 0.000642965462 xtb: 6.7.1 (edcfbbe)
C           -3.11753238347287       -1.53917399514564       -1.10130277254594
C           -2.35405083732474       -1.73695239971958        0.21198101407849
C           -1.85003330071358       -0.45012892567489        0.80002791155209
C           -2.71534832351479        0.46946876104953        1.31588539117404
C           -2.27555209282025        1.63413176464486        1.95255694314154
C           -0.89981860645997        1.83869697706186        2.14246816113515
C            0.01081475935130        0.96409893942352        1.65028157933640
C           -0.37489092400248       -0.20574520436629        0.81500248589938
C            0.17104156361565       -0.02401692020811       -0.65852758133798
C           -0.40507843207860        1.23705373597695       -1.29136475632461
C            1.67377422564299       -0.07538707299371       -0.63867113497853
C            2.30120621962929       -1.31851392397771       -0.63084173892915
C            3.67791140531908       -1.42446367855092       -0.57307401061969
C            4.45868751650546       -0.28208771104676       -0.52117876011767
C            3.84851922236817        0.95976209025642       -0.52860190284771
C            2.46922301017448        1.06301999432884       -0.58453199875134
H           -2.46719750454287       -1.13385161411825       -1.87257558991769
H           -3.51376629284323       -2.49002745292683       -1.45152991078457
H           -3.94766429574876       -0.85159435604481       -0.95974481181739
H           -3.03044643183329       -2.21122113714530        0.93021187924069
H           -1.52026514172301       -2.42203739250267        0.04337887973369
H           -3.77891938496841        0.27732181385671        1.26482926185066
H           -2.98937428405262        2.34282681904595        2.34102744189966
H           -0.57128312962149        2.69741055509138        2.71136778744340
H            1.06807896943592        1.10915585522531        1.81559353599022
H            0.13658450621007       -1.10615755299365        1.19140252389197
H           -0.18067575433749       -0.88939447207561       -1.22942710405266
H            0.01729172545276        1.38752163304742       -2.28311120319456
H           -0.19938279456349        2.11329566635604       -0.68254492915027
H           -1.48504435785434        1.14507692288104       -1.38131816670293
H            1.69931137493577       -2.21660429995377       -0.67444409289972
H            4.14334446177480       -2.39967010462183       -0.57041471136509
H            5.53504649862205       -0.36016651758275       -0.47715635352306
H            4.45014371910817        1.85659555397248       -0.48893456947232
H            2.01534509432820        2.04175764943224       -0.58651869703356
35
 energy: -43.881224441257 gnorm: 0.000558933615 xtb: 6.7.1 (edcfbbe)
C           -3.12110311346575       -1.53708184804132       -1.10062716034349
C           -2.35777689061109       -1.73565954200234        0.21261846203706
C           -1.85072332273904       -0.44976058067508        0.80013835126015
C           -2.71370174578282        0.47245095661465        1.31501964732946
C           -2.27109883514237        1.63678185776646        1.95023330957868
C           -0.89503145487624        1.83780953241054        2.14079106497755
C            0.01341923981707        0.96012337756937        1.65022131820588
C           -0.37501030732756       -0.20886131003766        0.81510262198451
C            0.17118822587548       -0.02853398758242       -0.65848279925880
C           -0.40638262520739        1.23092359192372       -1.29323128332971
C            1.67399609139526       -0.07703951507587       -0.63790694515465
C            2.30462999654116       -1.31849397837515       -0.63396771633973
C            3.68157531615584       -1.42094924512897       -0.57607336791573
C            4.45927678950210       -0.27678605076084       -0.51975206812731
C            3.84587292938748        0.96350412134942       -0.52318288965019
C            2.46646561351783        1.06326199450310       -0.57952667878118
H           -2.47066357305416       -1.13153765232317       -1.87165118717602
H           -3.51735303506090       -2.48768175767957       -1.45139691964733
H           -3.95124191776518       -0.84961761988583       -0.95889606315935
H           -3.03502357930984       -2.20833220794690        0.93109608386314
H           -1.52542446963946       -2.42248497229368        0.04412790556385
H           -3.77796068574660        0.28364959136840        1.26345266885097
H           -2.98319287915600        2.34784384935119        2.33738259039094
H           -0.56458772473362        2.69628114900305        2.70895414555451
H            1.07094173783187        1.10214020309440        1.81636872122339
H            0.13436817421756       -1.11042981858465        1.19170228035394
H           -0.17901653916066       -0.89523292878381       -1.22830546064307
H            0.01937090184559        1.38325510692506       -2.28316569484415
H           -0.20580587202363        2.10733043422932       -0.68306943733396
H           -1.48566379364290        1.13580480208493       -1.38749443229513
H            1.70529374357621       -2.21808529135235       -0.68097095289057
H            4.14968804572076       -2.39484995903898       -0.57610268089939
H            5.53579604972672       -0.35223285824418       -0.47461131788773
H            4.44503479606778        1.86178474950032       -0.47972175610654
H            2.00984471326423        2.04070580612041       -0.57887235938901
35
 energy: -43.881230833014 gnorm: 0.000363806238 xtb: 6.7.1 (edcfbbe)
C           -3.12464638594352       -1.53362590603455       -1.10020804277925
C           -2.36272655071318       -1.73364774124618        0.21373279881078
C           -1.85195208479379       -0.44886360358050        0.80028912643140
C           -2.71231262655232        0.47655187218045        1.31401254395429
C           -2.26643787278290        1.64020633185387        1.94833303439899
C           -0.88977765667932        1.83697169304853        2.13930032601774
C            0.01614336819016        0.95575035425088        1.65036751284176
C           -0.37543570116668       -0.21249196522204        0.81548298500389
C            0.17132044447769       -0.03514204702442       -0.65795308994139
C           -0.40750569190930        1.22208348899671       -1.29652151120139
C            1.67425998438719       -0.07950950108607       -0.63665329145716
C            2.30918257366516       -1.31866290045676       -0.63806326958332
C            3.68656596252265       -1.41645341185924       -0.58028185241671
C            4.46021082538772       -0.26983140793062       -0.51858528671120
C            3.84238558114535        0.96833397889009       -0.51659287878172
C            2.46270436819072        1.06340647931767       -0.57295238662737
H           -2.47323043862766       -1.12693865915808       -1.86986456444474
H           -3.52030675319539       -2.48400024128337       -1.45261955725439
H           -3.95505127215695       -0.84632955039109       -0.95818233708613
H           -3.04229743487539       -2.20313953742152        0.93205319202016
H           -1.53262551362843       -2.42346425692929        0.04642779349025
H           -3.77713223473088        0.29059925041812        1.26318038480666
H           -2.97656556050929        2.35378910333806        2.33441025817831
H           -0.55672520929266        2.69474607671146        2.70710223206338
H            1.07396790924332        1.09408166509338        1.81797329538362
H            0.13122296850225       -1.11547730085513        1.19285177785335
H           -0.17651213910450       -0.90411716101660       -1.22583859223520
H            0.02381822546031        1.37539514792683       -2.28391045437123
H           -0.21369516404681        2.09943267000473       -0.68547712966738
H           -1.48584888156972        1.12318067555521       -1.39730435893414
H            1.71312322883702       -2.22018396428336       -0.68915128876961
H            4.15808128306597       -2.38870018847437       -0.58477528643234
H            5.53694615993047       -0.34167177050229       -0.47353035545261
H            4.43833985407211        1.86853745397548       -0.46892915102399
H            2.00251243519818        2.03918487319573       -0.56792257608230
35
 energy: -43.881233810342 gnorm: 0.000213609592 xtb: 6.7.1 (edcfbbe)
C           -3.12690648806685       -1.53017194253522       -1.10015894514180
C           -2.36738547845020       -1.73167762945081        0.21507582191112
C           -1.85307358228774       -0.44807556112739        0.80094662665383
C           -2.71134779446311        0.47970045132031        1.31399564432419
C           -2.26303253529145        1.64272846218793        1.94753737246207
C           -0.88600711487453        1.83584848130376        2.13915451701019
C            0.01798546108292        0.95226878457757        1.65100154405191
C           -0.37601393277607       -0.21523875672994        0.81625695775220
C            0.17160783025899       -0.04052703239739       -0.65692762675606
C           -0.40818083048746        1.21398306238515       -1.30015376921780
C            1.67460371080695       -0.08162924627020       -0.63524744051026
C            2.31317033121493       -1.31878648645005       -0.64117234802715
C            3.69090723990067       -1.41264905131602       -0.58418548548226
C            4.46110240894534       -0.26397273429786       -0.51851933588007
C            3.83951080888758        0.97230911562166       -0.51158512301365
C            2.45960310187811        1.06342882092752       -0.56731875995533
H           -2.47415692114332       -1.12273871543051       -1.86828295231467
H           -3.52192544655091       -2.48010079760514       -1.45429880692736
H           -3.95749953590312       -0.84316777541833       -0.95894033480411
H           -3.04950552498714       -2.19819451508480        0.93287105509768
H           -1.53936564683470       -2.42433404053708        0.04948425551912
H           -3.77675102603077        0.29630012845043        1.26246104501775
H           -2.97161230692918        2.35821315614359        2.33289893167964
H           -0.55070353293744        2.69345229294975        2.70626611826276
H            1.07599004381081        1.08802568594978        1.81965024171411
H            0.12841146097387       -1.11924059023811        1.19448723561077
H           -0.17427297362544       -0.91157831628957       -1.22280715224159
H            0.02781204451318        1.36700865823241       -2.28556293805444
H           -0.21953909063750        2.09252406768111       -0.68932606060884
H           -1.48570526753369        1.11241160353580       -1.40615914755832
H            1.71979479493573       -2.22187778747354       -0.69550874406848
H            4.16524244316356       -2.38347701008341       -0.59253876830808
H            5.53804194247406       -0.33265889382980       -0.47420795664976
H            4.43275864585846        1.87412741487034       -0.46067513982223
H            1.99644276110289        2.03776669642984       -0.55831053172403
