SMILES strings to run:
CCC1=C[CH+]C=CC1C(C)c1ccccc1
Analysing SMILES: CCC1=C[CH+]C=CC1C(C)c1ccccc1
Generating initial conformers
Generated 19 initial conformers
Conformations minimised. Energies:
47.709989824367234
48.64072286283907
49.566846827880305
49.56684695002902
49.65284785566612
49.652847878639314
49.67452989304774
49.674529895044145
50.931416782652235
50.998191940041295
50.998191976650624
51.3368802300071
51.41550751100313
51.603199752126784
51.606592008038064
52.019536638608855
52.321312948049865
53.320784147290034
53.320784177916636
Cluster 0 energy: 47.709989824367234
Cluster 1 energy: 48.64072286283907
Cluster 2 energy: 49.566846827880305
Cluster 3 energy: 50.931416782652235
Cluster 4 energy: 51.3368802300071
Cluster 5 energy: 52.019536638608855
Cluster 6 energy: 52.321312948049865
Cluster 7 energy: 53.320784147290034
