35
 energy: -43.871499732516 gnorm: 0.066665443698 xtb: 6.7.1 (edcfbbe)
C           -3.25850000000000        0.70000000000000       -0.48100000000000
C           -2.07910000000000        0.13340000000000       -1.26440000000000
C           -1.16490000000000       -0.82150000000000       -0.46280000000000
C           -1.90960000000000       -2.12260000000000       -0.18210000000000
C           -2.13760000000000       -2.59190000000000        1.05220000000000
C           -1.65890000000000       -1.83340000000000        2.17510000000000
C           -0.81240000000000       -0.67540000000000        2.02600000000000
C           -0.55030000000000       -0.17180000000000        0.80040000000000
C            0.36720000000000        1.03600000000000        0.56520000000000
C            0.82750000000000        1.78380000000000        1.82870000000000
C            1.59090000000000        0.68110000000000       -0.27340000000000
C            2.48270000000000       -0.32650000000000        0.12850000000000
C            3.60030000000000       -0.63840000000000       -0.64730000000000
C            3.84290000000000        0.05360000000000       -1.83180000000000
C            2.96860000000000        1.05780000000000       -2.24200000000000
C            1.84960000000000        1.37110000000000       -1.46810000000000
H           -3.85810000000000        1.34720000000000       -1.12940000000000
H           -2.92460000000000        1.30250000000000        0.36900000000000
H           -3.91290000000000       -0.09360000000000       -0.10830000000000
H           -1.48920000000000        0.96760000000000       -1.66170000000000
H           -2.47060000000000       -0.39390000000000       -2.14450000000000
H           -0.33300000000000       -1.10700000000000       -1.12070000000000
H           -2.26070000000000       -2.68800000000000       -1.04100000000000
H           -2.66820000000000       -3.52110000000000        1.22570000000000
H           -1.89100000000000       -2.18270000000000        3.17550000000000
H           -0.39900000000000       -0.25870000000000        2.93750000000000
H           -0.22880000000000        1.77070000000000        0.00820000000000
H            1.45960000000000        1.16180000000000        2.47260000000000
H            1.41270000000000        2.67180000000000        1.56120000000000
H           -0.03140000000000        2.12490000000000        2.41740000000000
H            2.30570000000000       -0.88050000000000        1.04800000000000
H            4.28010000000000       -1.42330000000000       -0.32670000000000
H            4.71310000000000       -0.19030000000000       -2.43530000000000
H            3.15790000000000        1.59820000000000       -3.16570000000000
H            1.18000000000000        2.15910000000000       -1.80520000000000
35
 energy: -43.878551615285 gnorm: 0.028574885750 xtb: 6.7.1 (edcfbbe)
C           -3.24460845109545        0.69427185693797       -0.47431963807112
C           -2.06516515706457        0.14300343074205       -1.26620811892781
C           -1.14957468969194       -0.81002395795302       -0.46357576969502
C           -1.88877775822152       -2.09030534100993       -0.17592617313018
C           -2.12118209570840       -2.55125806967102        1.06962566530511
C           -1.63826589977118       -1.83109514858458        2.18468377962965
C           -0.81961234344592       -0.68944038782291        2.01138160927984
C           -0.54871062479733       -0.17731753333665        0.78494042802216
C            0.35362759028067        1.02744470805959        0.55015632586041
C            0.81362363887937        1.75366644216072        1.82317155349733
C            1.57145842020836        0.66666562741508       -0.28541570829609
C            2.46025408179478       -0.32643133761133        0.11955608568434
C            3.57921730390265       -0.63003421392442       -0.64214367137482
C            3.82897395246055        0.05598708229846       -1.81993364517211
C            2.95965163926737        1.05361522621172       -2.22762089224186
C            1.84203257834151        1.35660777437442       -1.46446899255098
H           -3.84900931047089        1.33709995322049       -1.11634958336944
H           -2.90820258240723        1.28459155590872        0.37681828921642
H           -3.88124372007127       -0.10752429566979       -0.10255565820533
H           -1.47204936203556        0.97464732462608       -1.65630230869439
H           -2.45100697446219       -0.40446470130143       -2.13313788853341
H           -0.31533135277781       -1.07079885183297       -1.13310749748175
H           -2.24156861222324       -2.64260564934565       -1.03882931944579
H           -2.66152456493514       -3.47280786731071        1.23994800161542
H           -1.86706630868015       -2.17717184990870        3.18197154880139
H           -0.41732926855136       -0.25318186904492        2.91430783350385
H           -0.23197340822046        1.75869934319182       -0.02162731340830
H            1.44554674597499        1.12920818069444        2.45431299807459
H            1.39720077085984        2.63286275305765        1.54328432227399
H           -0.04060693519505        2.09470756059625        2.40893438968432
H            2.27863914087204       -0.87270388181651        1.03597462341250
H            4.25755587411102       -1.40864164514483       -0.31839555666101
H            4.69783808926870       -0.18609243710111       -2.41842110700251
H            3.15012264252478        1.59458083586756       -3.14548132803709
H            1.17706695108002        2.14423938302742       -1.79544728356225
35
 energy: -43.880303047289 gnorm: 0.006425580290 xtb: 6.7.1 (edcfbbe)
C           -3.22403857248308        0.68463311402660       -0.46459340649185
C           -2.04882836447009        0.14816820578216       -1.27171366547041
C           -1.13048368953088       -0.80653252029338       -0.46399644467777
C           -1.86726099367801       -2.07276289450166       -0.17704623640817
C           -2.10486299356738       -2.52303217026112        1.07732173889158
C           -1.61967415772596       -1.82359478407869        2.18864538648609
C           -0.82591714833398       -0.68561611118982        2.00231739372013
C           -0.55113899449610       -0.17242027735704        0.77217926837679
C            0.33885626807186        1.02658138650134        0.54161702395502
C            0.80407905755879        1.73726155069401        1.81667412573817
C            1.55261678924063        0.66167435508478       -0.29090866303423
C            2.43286370439017       -0.33143858666965        0.11679805587311
C            3.55438578325781       -0.63259754662833       -0.63508246064554
C            3.81421740957112        0.05335522755598       -1.80871255997563
C            2.94721132160363        1.04835656722312       -2.22055882399221
C            1.82882902433942        1.34900501492647       -1.46466122048629
H           -3.83934871643624        1.32687989969555       -1.09299197668206
H           -2.88031982227984        1.26348318629195        0.38899373972382
H           -3.84211232980445       -0.13006826716323       -0.09500727881596
H           -1.45864867046440        0.98114343045996       -1.65673765359370
H           -2.43167862759832       -0.40668167045768       -2.13203835429392
H           -0.29487018538581       -1.04290853112309       -1.14717785568322
H           -2.23274558174573       -2.61278997341173       -1.03957001211149
H           -2.66548456357315       -3.43376851594182        1.23930774512710
H           -1.83518241306234       -2.17323961927543        3.18527804790724
H           -0.41963439841079       -0.22847298436862        2.89276246757611
H           -0.23996492973804        1.75828979154681       -0.03531283333249
H            1.42957050028136        1.09353541403329        2.42907827595004
H            1.39118014522756        2.61199654565507        1.54064172029910
H           -0.04899063159038        2.06823606009493        2.40389429284189
H            2.23863131931559       -0.87722167881180        1.02832350781043
H            4.23288616142254       -1.40520989649387       -0.30406905941374
H            4.68795968338881       -0.18392013842129       -2.39785120172627
H            3.14383128733177        1.59464620238578       -3.13158866195829
H            1.16406732937397        2.13503021449028       -1.79441442148326
35
 energy: -43.880627740516 gnorm: 0.004034578550 xtb: 6.7.1 (edcfbbe)
C           -3.20975755675552        0.67636256036475       -0.45728490437885
C           -2.03954993583773        0.14970763248724       -1.27777267826867
C           -1.11853283719906       -0.80652774075074       -0.46793639951726
C           -1.85986664385457       -2.06827946972705       -0.18118156491379
C           -2.10156085740435       -2.51376562400195        1.07523098763193
C           -1.60917012978057       -1.82039976815662        2.18823620293397
C           -0.82241092917197       -0.67838256156419        2.00009970266914
C           -0.54984575771284       -0.16722806339622        0.76728133972428
C            0.33024891411390        1.03436877477823        0.53798922182538
C            0.80067432154386        1.73419990312688        1.81611541506769
C            1.54013433283288        0.66411863469696       -0.29568498777128
C            2.41227300510289       -0.33536872070111        0.11552479552892
C            3.53795438151806       -0.63749753057547       -0.62943097677302
C            3.80698201929569        0.05103369703565       -1.80032353833450
C            2.94309000294486        1.04710831588066       -2.21878344564897
C            1.82078057613217        1.34996804749687       -1.46921818317875
H           -3.83541646409376        1.32083099373930       -1.07270980424974
H           -2.85808716938978        1.24844952315202        0.39793127569440
H           -3.81741869140341       -0.14627292716608       -0.08749573608122
H           -1.45095529521512        0.98411865020299       -1.66085038054503
H           -2.42291823527629       -0.40411145938533       -2.13745653984541
H           -0.28172010992499       -1.03656625312672       -1.15317194430737
H           -2.22983582495183       -2.60663633997735       -1.04188192563853
H           -2.66807081702540       -3.42190418231483        1.23123741754651
H           -1.81638440991238       -2.17389087185904        3.18545593475535
H           -0.42039052949356       -0.20472238183760        2.88453370627555
H           -0.24826827687599        1.76820795097385       -0.03659146409213
H            1.42473459507682        1.07886704651708        2.41803055467347
H            1.39050519121090        2.60831327868223        1.54701652131530
H           -0.05014436354389        2.06085814242367        2.40880826998311
H            2.20660477207102       -0.88302844660915        1.02393334378423
H            4.21181997477487       -1.41288768399982       -0.29541646779789
H            4.68419055551113       -0.18696718097707       -2.38355305691428
H            3.14385275682346        1.59216572789162       -3.12954839005414
H            1.15645943587054        2.13575832667606       -1.80133230109823
35
 energy: -43.880787423423 gnorm: 0.002817718178 xtb: 6.7.1 (edcfbbe)
C           -3.19488960315719        0.66739539507274       -0.44909409744729
C           -2.03101092764764        0.15046573286757       -1.28369953436712
C           -1.10721882497265       -0.80719255944652       -0.47374630324181
C           -1.85048846974530       -2.06810858182810       -0.18698465148776
C           -2.09364042933259       -2.51149255033263        1.06960423933627
C           -1.60122769252256       -1.81850411988595        2.18443548069052
C           -0.82286576710299       -0.66932364307346        1.99778163292391
C           -0.55123448142308       -0.16000042182358        0.76351078254644
C            0.32227392125968        1.04581755379753        0.53668567183535
C            0.80027008042084        1.73707969312982        1.81640379075997
C            1.52884517944656        0.67253613240340       -0.29964511493122
C            2.38906082384711       -0.33757147152170        0.11398049742424
C            3.51697642204699       -0.64592665208300       -0.62488948908843
C            3.79737174705912        0.04528877041685       -1.79227632108092
C            2.93990068286550        1.04474980489485       -2.21799510272934
C            1.81508036831523        1.35530758953125       -1.47402833780826
H           -3.83226042419275        1.31452917859675       -1.04944419701031
H           -2.83370151020889        1.23274975490776        0.40717615580834
H           -3.79227718691853       -0.16254471641772       -0.07834997709507
H           -1.44409839498849        0.98654070859216       -1.66549875967226
H           -2.41578384703316       -0.40079871211947       -2.14387611897969
H           -0.26789982498137       -1.03520573347435       -1.15585103734801
H           -2.22539633070088       -2.60571355304115       -1.04568798000049
H           -2.66668332899163       -3.41618534861348        1.22111987603851
H           -1.80085475315932       -2.17705765214725        3.18170084123886
H           -0.42345659174175       -0.18671833535260        2.87765868077654
H           -0.25717167826039        1.78350228122086       -0.03206616651328
H            1.42423966866717        1.07280239110041        2.40914344055537
H            1.39249526405201        2.61134972601955        1.55401256911048
H           -0.04699483094809        2.06142728876768        2.41611359901700
H            2.16902936427612       -0.88778529392426        1.01818937607486
H            4.18322440900907       -1.42717915125248       -0.28826603605234
H            4.67958546631832       -0.19399459346063       -2.36767406704810
H            3.14762727871177        1.58765720227389       -3.12878164150021
H            1.15317422173380        2.14210388620481       -1.80986170073449
35
 energy: -43.880839057250 gnorm: 0.001996871843 xtb: 6.7.1 (edcfbbe)
C           -3.18810139608882        0.66335535855567       -0.44474839444926
C           -2.02771648615537        0.15037649064640       -1.28561967550269
C           -1.10248706026772       -0.80639141874383       -0.47649992335629
C           -1.84493197417822       -2.06867124028991       -0.19059829464022
C           -2.08831337709679       -2.51288632980926        1.06521214409181
C           -1.59846196759270       -1.81869568585826        2.18084266249319
C           -0.82312150419792       -0.66665992331672        1.99638711980416
C           -0.55134844436124       -0.15676425604854        0.76260774775782
C            0.31897481528706        1.05283451720340        0.53708751028702
C            0.80097441971276        1.74122428036802        1.81701575282549
C            1.52352773245429        0.67861732819832       -0.30168242831753
C            2.37622703878620       -0.33811919553193        0.11229063483336
C            3.50419910386936       -0.65216412963035       -0.62373546186677
C            3.79137964337144        0.04033652953870       -1.78873969509258
C            2.93983245737192        1.04384322819551       -2.21669855472365
C            1.81433665504562        1.36032284373777       -1.47549330872810
H           -3.83062128834422        1.31111358995302       -1.03821859573392
H           -2.82239365989041        1.22643356019876        0.41111884871904
H           -3.78122138150876       -0.16901627998970       -0.07296548629863
H           -1.44170087240246        0.98715265610730       -1.66743537442573
H           -2.41395046212252       -0.39947602958501       -2.14621037810336
H           -0.26126573403111       -1.03464273280520       -1.15506139855498
H           -2.21811838784095       -2.60765775651470       -1.04920985888196
H           -2.65833592021683       -3.41921513985299        1.21551264035127
H           -1.79681683887871       -2.17923458226017        3.17759799498659
H           -0.42984181874220       -0.18068445709866        2.87664490883676
H           -0.26240206466270        1.79231508616756       -0.02746153070085
H            1.42639185502859        1.07582172681333        2.40674376829834
H            1.39327396157726        2.61575261106536        1.55511145649934
H           -0.04373282960687        2.06601077724209        2.42050428064468
H            2.14864285347129       -0.88854067426926        1.01445073641875
H            4.16395462508225       -1.43911706523550       -0.28723222706938
H            4.67457124182829       -0.20234169666356       -2.36127951106450
H            3.15217526294683        1.58473379132231       -3.12776024649432
H            1.15642180235342        2.15003421818944       -1.81267786284261
35
 energy: -43.880890571369 gnorm: 0.001666579546 xtb: 6.7.1 (edcfbbe)
C           -3.18145343657015        0.66020577468917       -0.43909763821259
C           -2.02487555562927        0.15003956295950       -1.28568008461563
C           -1.09767800047978       -0.80400172652037       -0.47925414996121
C           -1.83371123363658       -2.07141736826731       -0.19546876105813
C           -2.07601657829984       -2.51926340038530        1.05882122652376
C           -1.59554953155687       -1.82023058856204        2.17549856521579
C           -0.82676296762545       -0.66268856871512        1.99474474189429
C           -0.55300060926215       -0.15153843695152        0.76253950066186
C            0.31523926717625        1.06180839394330        0.53778841145014
C            0.80157210753214        1.74867520351939        1.81708128116558
C            1.51778136705139        0.68717404380268       -0.30357225176482
C            2.35948134473497       -0.33933249632806        0.10905605329153
C            3.48559128983907       -0.66346925383334       -0.62461021748941
C            3.78203900062507        0.03053982433268       -1.78614535481375
C            2.94172937276831        1.04335587690900       -2.21316078234871
C            1.81705564890643        1.36965227954610       -1.47429042402231
H           -3.82904091548840        1.30719331081126       -1.02657734461758
H           -2.81119909332070        1.22263382997657        0.41496110552279
H           -3.77029302606017       -0.17365913672565       -0.06462260776357
H           -1.44078633484048        0.98755361995656       -1.66936155237651
H           -2.41374371892050       -0.39931126403011       -2.14589343727727
H           -0.25336866935271       -1.03125400809075       -1.15316264962208
H           -2.20147946022480       -2.61252811554878       -1.05548651400610
H           -2.63998272565718       -3.42929547600921        1.20911877719384
H           -1.79638772615942       -2.18177101016034        3.17119285341746
H           -0.44075717812990       -0.17727247975280        2.87786058421854
H           -0.26931853078174        1.80245214870077       -0.02200693388430
H            1.42948214349159        1.08465621787637        2.40523787276797
H            1.39294625017419        2.62351427742163        1.55239875964290
H           -0.03997012280535        2.07521390867836        2.42423271991735
H            2.12236619034697       -0.88919824724112        1.00859018631390
H            4.13525218333045       -1.45939649413802       -0.28960750922197
H            4.66472183084081       -0.21878707395977       -2.35665119134667
H            3.16229037773717        1.58331396577601       -3.12293585243672
H            1.16782704024675        2.16643290631946       -1.81173738235805
35
 energy: -43.880924967345 gnorm: 0.001335180189 xtb: 6.7.1 (edcfbbe)
C           -3.18177062177705        0.66019459162251       -0.43702865667569
C           -2.02553060229061        0.14975054327046       -1.28438291939104
C           -1.09571251024133       -0.80123285682512       -0.47941989142300
C           -1.82550488745515       -2.07253981141249       -0.19771659242673
C           -2.06775431347518       -2.52241492762809        1.05607262756265
C           -1.59397041912570       -1.82041179275087        2.17354629464975
C           -0.82837774220020       -0.66075679161143        1.99427530706398
C           -0.55300701692135       -0.14884998667493        0.76299917360437
C            0.31409455455408        1.06515608850387        0.53798610021086
C            0.80028257598966        1.75320334502579        1.81656371781486
C            1.51648165961384        0.68964280103706       -0.30279610187152
C            2.35250418912021       -0.34232589260607        0.10722687612648
C            3.47634160395870       -0.67175030408907       -0.62709982094928
C            3.77706268157609        0.02353062295570       -1.78673572112792
C            2.94424691992310        1.04420485712861       -2.20923720959186
C            1.82138652640717        1.37523179781790       -1.46988954059353
H           -3.83067163032270        1.30507545551144       -1.02531214347052
H           -2.81148886453843        1.22480928310315        0.41546415023158
H           -3.76910264625617       -0.17369395102091       -0.06006704505748
H           -1.44354844645460        0.98781577928066       -1.67025398928848
H           -2.41566007647441       -0.40096888309429       -2.14326253680851
H           -0.24999994625346       -1.02438248075440       -1.15340408383723
H           -2.18644185904211       -2.61570883880025       -1.05942202143397
H           -2.62385066541953       -3.43737803032795        1.20637853751349
H           -1.79725869146693       -2.18181718699341        3.16884082406711
H           -0.44744678719587       -0.17461773613356        2.87989828270823
H           -0.27102456469152        1.80481113404059       -0.02246203847319
H            1.42849397622980        1.08978036031746        2.40513795904026
H            1.39129136808285        2.62794975071322        1.55025988912928
H           -0.04108809994541        2.07993549819408        2.42352801701280
H            2.11157402004362       -0.89264800606661        1.00528582356998
H            4.12060880801674       -1.47274895122744       -0.29446115310791
H            4.65696621367568       -0.23101734599827       -2.35909386039403
H            3.16943920144780        1.58624799791800       -3.11652868547000
H            1.17843609290853        2.17792386757372       -1.80508956891343
35
 energy: -43.880970890701 gnorm: 0.001423531576 xtb: 6.7.1 (edcfbbe)
C           -3.18490484907467        0.66025892637248       -0.43425569146301
C           -2.02862688075722        0.14916693984576       -1.28222532137436
C           -1.09271974535999       -0.79714272089114       -0.47937648248189
C           -1.81032250271985       -2.07562473131054       -0.20047660963516
C           -2.05240083038737       -2.52750081565788        1.05283392916459
C           -1.59098353852097       -1.81936682832949        2.17165848718186
C           -0.83256583490483       -0.65464995632120        1.99420949925821
C           -0.55445941650849       -0.14293634379836        0.76354997212588
C            0.31282857106938        1.06967899580519        0.53759061293474
C            0.79656553564114        1.75976295848872        1.81583896159020
C            1.51624699451024        0.69157435658616       -0.30035609772953
C            2.34313990264870       -0.35003753970013        0.10391064569041
C            3.46351977201320       -0.68604424369915       -0.63259806950955
C            3.77090144848744        0.01292366706008       -1.78845810881616
C            2.94998313764984        1.04700796191483       -2.20206771857001
C            1.83035069180767        1.38410983404096       -1.46080083066031
H           -3.83583689552110        1.30057743540471       -1.02579038432360
H           -2.81521918426031        1.23036490696531        0.41489426291189
H           -3.76990251263127       -0.17314581602560       -0.05232266301706
H           -1.45085362319924        0.98827496685070       -1.67245918611530
H           -2.42035119035411       -0.40512831199860       -2.13797384301471
H           -0.24574041309840       -1.01131095432098       -1.15558613044364
H           -2.16222579423701       -2.62176888469257       -1.06409971204774
H           -2.60097048892006       -3.44758295710345        1.20252370876277
H           -1.79738171852825       -2.18044808578671        3.16652687765231
H           -0.45428376732047       -0.16892991091983        2.88151559609751
H           -0.27100856985491        1.80744131058066       -0.02667303374486
H            1.42384461598179        1.09655407285123        2.40583499437942
H            1.38776675190304        2.63404728136847        1.54906949310254
H           -0.04595367747993        2.08648634300673        2.42085457102175
H            2.09699744384720       -0.90306779615422        0.99901088389152
H            4.09972030371356       -1.49543909975127       -0.30505828323137
H            4.64624100404105       -0.24888243884905       -2.36453035208467
H            3.18186539833524        1.59434072849475       -3.10441514687888
H            1.19673986198917        2.19643674967227       -1.79049883062339
35
 energy: -43.881009226208 gnorm: 0.001535094846 xtb: 6.7.1 (edcfbbe)
C           -3.18842625784836        0.65813508449182       -0.43032945298604
C           -2.03341724168579        0.14786259190287       -1.28101474463128
C           -1.08804576063282       -0.79253508530671       -0.48039925226018
C           -1.79362768550716       -2.07783331843412       -0.20405179814049
C           -2.03733622571354       -2.52996940595914        1.04892471006004
C           -1.58722453994233       -1.81654637525346        2.16912223723030
C           -0.83413557400237       -0.64851282108294        1.99338962771631
C           -0.55404990985501       -0.13696639025073        0.76300418007814
C            0.31175353187723        1.07602410096611        0.53740297084653
C            0.79188586712112        1.76845553139265        1.81560599849020
C            1.51669923983683        0.69449601118327       -0.29688707239745
C            2.33068667400297       -0.36056658733860        0.09941128091256
C            3.44690138821941       -0.70449259305040       -0.63995793175292
C            3.76390868062547        0.00067543805409       -1.78963388581904
C            2.95790182640791        1.05085741155842       -2.19298607060272
C            1.84199055892979        1.39518841278155       -1.44947471976655
H           -3.84419889370219        1.29242028506067       -1.02371246796404
H           -2.81822197714680        1.23507991637014        0.41411605676825
H           -3.76859406518078       -0.17556035352451       -0.04148239119948
H           -1.46075267141123        0.98823727337583       -1.67610025497195
H           -2.42683645809002       -0.41066046915190       -2.13304089404008
H           -0.24043841015341       -0.99606810869999       -1.15914762041411
H           -2.13318262131263       -2.62983956641711       -1.06881456244514
H           -2.57365558048481       -3.45759926652103        1.19665390157019
H           -1.79491470245456       -2.17807038364723        3.16359875253531
H           -0.46389635673206       -0.15703379043289        2.88161375631302
H           -0.26986139790494        1.81229362945975       -0.03124870270233
H            1.41748697064222        1.10494861244550        2.40716127268164
H            1.38348925546730        2.64268199596073        1.55031930112692
H           -0.05272695518153        2.09457932315237        2.41802153707602
H            2.07657071625364       -0.91927192949080        0.98911970446161
H            4.07215713142328       -1.52564199785141       -0.31978011188588
H            4.63491355485055       -0.26858396558485       -2.36889582703389
H            3.19807031643560        1.60483598665494       -3.08916430890136
H            1.21912757284933        2.21898080318567       -1.77154321795159
35
 energy: -43.881031297976 gnorm: 0.000896162958 xtb: 6.7.1 (edcfbbe)
C           -3.19117343544091        0.65378387358398       -0.42650233160951
C           -2.03732372912725        0.14731369679740       -1.28067254678513
C           -1.08409354962255       -0.78859235120748       -0.48225114898424
C           -1.77944844086607       -2.07954386819398       -0.20717153819085
C           -2.02410549807748       -2.53189262606258        1.04551377855073
C           -1.58403427560008       -1.81370668498821        2.16676343763276
C           -0.83760770205511       -0.64108057230036        1.99238335204368
C           -0.55558792078514       -0.13024822329072        0.76188171323928
C            0.31122367703278        1.08197533128238        0.53710328095542
C            0.78847378745174        1.77539458893310        1.81589515932885
C            1.51700253010493        0.69678481608564       -0.29469034619320
C            2.31920088802602       -0.36967978576976        0.09478510469352
C            3.43270046617360       -0.71948206985356       -0.64608157950310
C            3.75916466018473       -0.00832754640868       -1.78934806963680
C            2.96582305996717        1.05424243974764       -2.18497817145117
C            1.85227040887809        1.40393636934557       -1.44054823513986
H           -3.85314697005189        1.28240797944043       -1.01919041507080
H           -2.82048993978766        1.23606470037415        0.41400937041066
H           -3.76511086445914       -0.18166995495991       -0.03202766042358
H           -1.46934561050286        0.98946961530633       -1.67879110004678
H           -2.43106022817866       -0.41458655952400       -2.13018260962659
H           -0.23634680035533       -0.98393822545273       -1.16259772047296
H           -2.11145168831646       -2.63566648312457       -1.07209066564942
H           -2.55498670831970       -3.46272796040985        1.19154327663684
H           -1.79236736117071       -2.17589114589358        3.16084877640545
H           -0.46939703250949       -0.14791176414142        2.87977670422489
H           -0.26818678786674        1.81786662824130       -0.03431476906906
H            1.41267621210954        1.11213759561994        2.40929505819388
H            1.38055766657338        2.64956159776533        1.55161433894334
H           -0.05764760443315        2.10208778207130        2.41608686592330
H            2.05813330156939       -0.93282957163486        0.97962334114145
H            4.04780605500108       -1.55092041914471       -0.33263490275395
H            4.62701089323216       -0.28349130283305       -2.37049764462690
H            3.21276519809873        1.61252291845853       -3.07654318794222
H            1.23810334312341        2.23663718213933       -1.75620891514733
35
 energy: -43.881042986053 gnorm: 0.000554048748 xtb: 6.7.1 (edcfbbe)
C           -3.19440299343454        0.64805995125467       -0.42336379156768
C           -2.04049983767282        0.14733742022422       -1.28024699696691
C           -1.08152592080195       -0.78547719122647       -0.48407593490420
C           -1.77068511983714       -2.07979525195048       -0.20956924674099
C           -2.01632507730089       -2.53213294371905        1.04285793313865
C           -1.58219139625383       -1.81109545114272        2.16458663063982
C           -0.83846763234659       -0.63669904301083        1.99104937939895
C           -0.55555893763119       -0.12611953559323        0.76058074320232
C            0.31146165948152        1.08646938023923        0.53656534340417
C            0.78700593948116        1.78037364533665        1.81576187580730
C            1.51821812488701        0.69931668368799       -0.29304816152486
C            2.31142341664032       -0.37545166390329        0.09154335945624
C            3.42278337132869       -0.73011540054438       -0.65044788145533
C            3.75627016849006       -0.01514901762389       -1.78907529890830
C            2.97236779325319        1.05623605336232       -2.17941256274745
C            1.86061805200968        1.41040817729293       -1.43434765866188
H           -3.86243488150848        1.27170903346969       -1.01436112098002
H           -2.82426770865456        1.23381460037321        0.41492981839598
H           -3.76183231208354       -0.19029163132393       -0.02580324758482
H           -1.47656014664025        0.99205431164000       -1.67872035038075
H           -2.43317609592142       -0.41577562750466       -2.12937282206892
H           -0.23401294055307       -0.97582398024176       -1.16537062737728
H           -2.09837149765113       -2.63852773241179       -1.07438661635677
H           -2.54400239278954       -3.46481997688694        1.18794110375255
H           -1.79127434435867       -2.17337261697160        3.15842723648711
H           -0.47389344577308       -0.14068679153982        2.87827683851457
H           -0.26650924778198        1.82245563238732       -0.03627332431671
H            1.41022960890537        1.11760461373895        2.41077408509102
H            1.37962392163167        2.65446769107775        1.55228936188662
H           -0.06009282489605        2.10772239285202        2.41440593902671
H            2.04433183658911       -0.94246199175013        0.97214025952402
H            4.03053667805513       -1.56835554794630       -0.34151187403315
H            4.62332795043936       -0.29305796003166       -2.37008950865215
H            3.22533981679555        1.61822075154444       -3.06704464515610
H            1.25254641590336        2.24895901683967       -1.74580823734110
35
 energy: -43.881051906104 gnorm: 0.000642778025 xtb: 6.7.1 (edcfbbe)
C           -3.19853331468644        0.64107280709006       -0.42058240417376
C           -2.04319238451369        0.14798248024682       -1.27964925970475
C           -1.08016349945371       -0.78264023589388       -0.48570187181346
C           -1.76627224717458       -2.07860954449875       -0.21151989212186
C           -2.01289033042517       -2.53075200421702        1.04076152734752
C           -1.58160886301732       -1.80841787954946        2.16272175541831
C           -0.83932062094226       -0.63299273063847        1.98970188563805
C           -0.55564757784683       -0.12260516499244        0.75933576016546
C            0.31235138931014        1.08965727776385        0.53587535392208
C            0.78691270413654        1.78404613990825        1.81518048148989
C            1.51910565399097        0.70036871715310       -0.29287545309099
C            2.30593587560671       -0.37985382912901        0.08867306752325
C            3.41681780210061       -0.73701209025153       -0.65287097682963
C            3.75640413373370       -0.01860910388132       -1.78747290130397
C            2.97903875643259        1.05842137787028       -2.17464823294868
C            1.86739306466345        1.41464523307351       -1.43048284788080
H           -3.87210627503445        1.26026600917085       -1.00970191872414
H           -2.83040617756878        1.22911341540252        0.41695563701187
H           -3.75935923041267       -0.20113722957537       -0.02197425723668
H           -1.48282371240467        0.99605188267278       -1.67604173963094
H           -2.43344646019335       -0.41480935345781       -2.13014360651510
H           -0.23292071474588       -0.97001347246123       -1.16768561805487
H           -2.09105524141699       -2.63910720504838       -1.07628788734628
H           -2.53736715611700       -3.46519663408573        1.18543742214618
H           -1.79106572574383       -2.17083968681758        3.15643560767133
H           -0.47573870821121       -0.13666394471726        2.87678817749060
H           -0.26459457220796        1.82588709783655       -0.03767118152856
H            1.40921524124678        1.12128848777684        2.41123473857835
H            1.38034696036160        2.65774238264803        1.55194848613058
H           -0.06054408074900        2.11240002677249        2.41291268954210
H            2.03479685557384       -0.94855446320678        0.96668413349827
H            4.01858145901698       -1.58072227046995       -0.34728893780723
H            4.62209300035683       -0.29981738398535       -2.36902623627970
H            3.23588649393587        1.62173259374068       -3.06011045937170
H            1.26417750239966        2.25767829774871       -1.73911104121003
35
 energy: -43.881061086857 gnorm: 0.000569906072 xtb: 6.7.1 (edcfbbe)
C           -3.20438862932334        0.63286434743113       -0.41803186132034
C           -2.04602659115384        0.14952173870706       -1.27847536168352
C           -1.08000398578287       -0.77979954134360       -0.48708866724349
C           -1.76366921754777       -2.07717225332054       -0.21309854075186
C           -2.01091494992863       -2.52915375328846        1.03912636210308
C           -1.58147778926788       -1.80578447861669        2.16111538306751
C           -0.83944367631268       -0.63008712284330        1.98826549867093
C           -0.55525215775984       -0.11990205040312        0.75797299118913
C            0.31358839272094        1.09189815706798        0.53447518872424
C            0.78801976216033        1.78634083737295        1.81379998366397
C            1.52086495692619        0.70162082239494       -0.29302623127741
C            2.30289616130786       -0.38263314287164        0.08658418172837
C            3.41339924944017       -0.74221328824691       -0.65433897759319
C            3.75762229902011       -0.02181356405186       -1.78606947515379
C            2.98544082279224        1.05971354830967       -2.17097148216602
C            1.87393817454001        1.41813577640898       -1.42766443171808
H           -3.88317799214173        1.24778847307218       -1.00535382615723
H           -2.83976515030119        1.22224299723466        0.42008683925331
H           -3.75823928201820       -0.21427971460805       -0.02024656840754
H           -1.48936111334786        1.00205507426157       -1.67057082546752
H           -2.43259947253675       -0.41153315212853       -2.13189198202565
H           -0.23319115934765       -0.96515610746747       -1.17004942778290
H           -2.08768140415880       -2.63797847059314       -1.07792100363431
H           -2.53515647700337       -3.46360204454889        1.18397406724065
H           -1.79189161631619       -2.16770391996749        3.15479699124563
H           -0.47666745333170       -0.13357982180037        2.87564166947319
H           -0.26266912534875        1.82830796261009       -0.03956897257342
H            1.40949344017796        1.12350284121789        2.41065854206674
H            1.38228067396440        2.65945423761678        1.55034867590470
H           -0.05949099165182        2.11579348665461        2.41082891923171
H            2.02765539708243       -0.95319471176948        0.96211241782533
H            4.01118241518750       -1.58905078430688       -0.35035156970242
H            4.62363599990090       -0.30401393528861       -2.36656584231041
H            3.24667188854428        1.62525561227004       -3.05382390312425
H            1.27437860081613        2.26415594483240       -1.73487876129432
35
 energy: -43.881069494313 gnorm: 0.000382844263 xtb: 6.7.1 (edcfbbe)
C           -3.21212039800567        0.62441732318174       -0.41576573548770
C           -2.04967451660948        0.15140490242140       -1.27650508762701
C           -1.08068135135749       -0.77705572579546       -0.48823773694658
C           -1.76262789330692       -2.07543076282922       -0.21435438732220
C           -2.01022923718816       -2.52711831481752        1.03791991611690
C           -1.58188677301591       -1.80285380566893        2.15977672048167
C           -0.83927703914596       -0.62752064837619        1.98686474858436
C           -0.55481965034374       -0.11757155137253        0.75661072060727
C            0.31504451901811        1.09329672392023        0.53259551889974
C            0.78986564441734        1.78803370516980        1.81163833259192
C            1.52262223772792        0.70182655704471       -0.29390856825113
C            2.30116069725169       -0.38541570086834        0.08461695008293
C            3.41230645782905       -0.74608910912648       -0.65477405014755
C            3.76094244157882       -0.02352808856471       -1.78387072602565
C            2.99257047160342        1.06129490946039       -2.16732187848597
C            1.88028458084051        1.42068645336424       -1.42564691892168
H           -3.89513695780544        1.23557098410512       -1.00193877321380
H           -2.85216056896026        1.21433688801478        0.42405980640441
H           -3.75974704233028       -0.22775730347446       -0.02047340607074
H           -1.49680032620865        1.00891487688934       -1.66306436525716
H           -2.43189544292375       -0.40694655184334       -2.13371495205168
H           -0.23462169407306       -0.96073370712402       -1.17278106337822
H           -2.08604763877855       -2.63632542929581       -1.07939869935117
H           -2.53393749528254       -3.46190794107173        1.18322227039489
H           -1.79301608035368       -2.16424241708134        3.15350531249506
H           -0.47633665202292       -0.13150155945317        2.87463981096120
H           -0.26042112816125        1.82986764396893       -0.04207770688187
H            1.41052895493064        1.12478703275864        2.40884826347020
H            1.38516522060369        2.66030841320912        1.54779791252015
H           -0.05738282683654        2.11861851489210        2.40834536883237
H            2.02259292626428       -0.95714760690745        0.95833666676061
H            4.00706296010651       -1.59544048001173       -0.35163865011943
H            4.62719378168161       -0.30676581524617       -2.36353792780082
H            3.25748713695278        1.62860165941406       -3.04793545085233
H            1.28399268190453        2.26938593111178       -1.73203223501008
35
 energy: -43.881075660036 gnorm: 0.000328530615 xtb: 6.7.1 (edcfbbe)
C           -3.22019237040871        0.61691030331115       -0.41377948208783
C           -2.05401119224765        0.15335546651960       -1.27486332850400
C           -1.08244269700899       -0.77439631185935       -0.48910130883447
C           -1.76266310922911       -2.07370429635307       -0.21522152142485
C           -2.01028954090565       -2.52497804599232        1.03720581002721
C           -1.58215045455442       -1.80027995371895        2.15885157537602
C           -0.83930693919370       -0.62508676292522        1.98561663119957
C           -0.55479579433174       -0.11547851303794        0.75522886818953
C            0.31657309027699        1.09393477608073        0.53056921589265
C            0.79207735177062        1.78891786668252        1.80924316621883
C            1.52444313324812        0.70129165960663       -0.29499156934587
C            2.30075201686469       -0.38771655739129        0.08312604306289
C            3.41295359202205       -0.74857951060603       -0.65445932914041
C            3.76512014172143       -0.02437262232904       -1.78140214667472
C            2.99922121343996        1.06238757679348       -2.16418587306282
C            1.88580529128180        1.42195337271366       -1.42428768219789
H           -3.90577845797085        1.22591651850045       -0.99914806287573
H           -2.86477083228876        1.20631470289068        0.42837869377834
H           -3.76345707033153       -0.23957855236467       -0.02184346485591
H           -1.50436192936172        1.01523117676894       -1.65619065321880
H           -2.43222442044376       -0.40262928340552       -2.13543756142091
H           -0.23745634954047       -0.95635869165286       -1.17555242736435
H           -2.08521997102437       -2.63494807368019       -1.08036520372421
H           -2.53305460455826       -3.46027587155179        1.18291894433870
H           -1.79368880561926       -2.16116940218626        3.15268576799471
H           -0.47538266930807       -0.12965087539730        2.87339137741380
H           -0.25793676645336        1.83073147358556       -0.04477043417257
H            1.41204011762270        1.12504088677973        2.40648588536305
H            1.38833890751449        2.66034303275879        1.54488809223535
H           -0.05477583585471        2.12057245196263        2.40583891494653
H            2.01927769240010       -0.96074593867763        0.95513806584697
H            4.00606153076109       -1.59910863600209       -0.35142249551861
H            4.63233509746450       -0.30750469633275       -2.35962623230260
H            3.26727737537044        1.63144512932844       -3.04271968593440
H            1.29168325887684        2.27221620117898       -1.73039858922218
35
 energy: -43.881080102187 gnorm: 0.000326497274 xtb: 6.7.1 (edcfbbe)
C           -3.22791051723028        0.61102366210451       -0.41209078260320
C           -2.05872393455228        0.15484475051258       -1.27292944964993
C           -1.08402941428749       -0.77234472427306       -0.49012015692845
C           -1.76228591667718       -2.07264071370586       -0.21597382592259
C           -2.00968305979477       -2.52355627832248        1.03665692663669
C           -1.58259573429982       -1.79778479766430        2.15806882458979
C           -0.83914012540897       -0.62314866088422        1.98437984601719
C           -0.55482878581256       -0.11391455238587        0.75375936039529
C            0.31776386885960        1.09434501444441        0.52838630537326
C            0.79430615149965        1.78925263100139        1.80677880733992
C            1.52587146419483        0.70042826859479       -0.29627368339743
C            2.30044084370961       -0.38998125960275        0.08183687660257
C            3.41422371921287       -0.75036117747441       -0.65358144783842
C            3.76974161501176       -0.02439619962439       -1.77847048783722
C            3.00540299799254        1.06347036083562       -2.16138301818944
C            1.89042626306551        1.42262718572768       -1.42356363235117
H           -3.91506034957753        1.21952663672374       -0.99630859412887
H           -2.87581164362568        1.19862747490670        0.43272659523039
H           -3.76843122535143       -0.24897171486603       -0.02408898936084
H           -1.51213134901158        1.02035443836521       -1.65027693289342
H           -2.43386458866695       -0.39920813009042       -2.13604236395129
H           -0.24015973577996       -0.95241399236224       -1.17851859795881
H           -2.08467390045231       -2.63406851558914       -1.08101101280496
H           -2.53215148437983       -3.45897201524147        1.18281752387188
H           -1.79423514356212       -2.15824891120327        3.15204517680847
H           -0.47479728114682       -0.12757420801336        2.87206514636942
H           -0.25573068563549        1.83150271253945       -0.04754584545541
H            1.41378169527529        1.12482929319793        2.40392419516568
H            1.39144944913676        2.65990716784641        1.54194728378089
H           -0.05196783945954        2.12193629792006        2.40356267380524
H            2.01679598610002       -0.96375812160121        0.95260565326917
H            4.00622957917224       -1.60169403025651       -0.35033499313326
H            4.63810362546510       -0.30730165881866       -2.35512098526721
H            3.27584633815277        1.63367404391096       -3.03839660673224
H            1.29782911786484        2.27398972334584       -1.72972978885055
