35
 energy: -43.868566606274 gnorm: 0.069512567558 xtb: 6.7.1 (edcfbbe)
C            2.90740000000000        0.99760000000000       -0.69670000000000
C            1.74610000000000        1.19880000000000        0.27150000000000
C            1.08330000000000       -0.10110000000000        0.77550000000000
C            2.07290000000000       -0.85550000000000        1.66210000000000
C            2.51200000000000       -2.09320000000000        1.39330000000000
C            2.02830000000000       -2.75080000000000        0.20990000000000
C            0.94180000000000       -2.22140000000000       -0.57510000000000
C            0.47170000000000       -0.97640000000000       -0.34000000000000
C           -0.74280000000000       -0.47750000000000       -1.12970000000000
C           -0.32510000000000        0.29590000000000       -2.38910000000000
C           -1.79740000000000        0.20580000000000       -0.26460000000000
C           -2.04130000000000        1.58680000000000       -0.29880000000000
C           -3.01510000000000        2.16190000000000        0.52250000000000
C           -3.75880000000000        1.36740000000000        1.39130000000000
C           -3.52940000000000       -0.00430000000000        1.44220000000000
C           -2.55740000000000       -0.57970000000000        0.62210000000000
H            3.72840000000000        0.44520000000000       -0.22990000000000
H            2.59780000000000        0.45900000000000       -1.59660000000000
H            3.30080000000000        1.96990000000000       -1.01100000000000
H            2.11560000000000        1.77170000000000        1.13260000000000
H            0.99660000000000        1.84090000000000       -0.20140000000000
H            0.26880000000000        0.18620000000000        1.45290000000000
H            2.42680000000000       -0.34520000000000        2.55370000000000
H            3.21570000000000       -2.60740000000000        2.03780000000000
H            2.43610000000000       -3.72130000000000       -0.05110000000000
H            0.51490000000000       -2.86670000000000       -1.33640000000000
H           -1.26000000000000       -1.36490000000000       -1.52900000000000
H            0.18870000000000        1.23390000000000       -2.16550000000000
H            0.34860000000000       -0.30650000000000       -3.00940000000000
H           -1.20150000000000        0.54010000000000       -3.00060000000000
H           -1.47790000000000        2.24050000000000       -0.95880000000000
H           -3.19130000000000        3.23390000000000        0.48360000000000
H           -4.51440000000000        1.81730000000000        2.02950000000000
H           -4.10410000000000       -0.62800000000000        2.12160000000000
H           -2.38600000000000       -1.65320000000000        0.68150000000000
35
 energy: -43.876019589429 gnorm: 0.029349723624 xtb: 6.7.1 (edcfbbe)
C            2.89584343039652        0.98777492281482       -0.69245249737117
C            1.73226215104876        1.20447161499863        0.26785981212593
C            1.06985711213459       -0.09611632628095        0.77302916668089
C            2.05085061205641       -0.84786925305878        1.63691974059975
C            2.49771419952705       -2.08790511443168        1.35313545400689
C            2.01564045911684       -2.76129605517651        0.20838965827751
C            0.96210734714837       -2.20892015009122       -0.55508131688711
C            0.47128322149367       -0.96436729602046       -0.32068237916182
C           -0.73672683058421       -0.48216121234122       -1.11673954508225
C           -0.32711685309644        0.30531111113992       -2.36985783786470
C           -1.77064466256682        0.21363371126243       -0.24615578003772
C           -2.02524953810541        1.58128554720592       -0.28861014637370
C           -3.00164259489754        2.15061174652889        0.51802673794680
C           -3.74304682447946        1.36311698689364        1.38200465970638
C           -3.50724563563737       -0.00089836058399        1.43167405184186
C           -2.53288660529444       -0.56708889570459        0.62479282514725
H            3.70134726490943        0.42869413764553       -0.21769142087167
H            2.58263567737334        0.44284410589223       -1.58119735298255
H            3.29489868958143        1.95336831671550       -1.00768031251662
H            2.10026399072493        1.75733075715904        1.13951884921061
H            0.97724115544793        1.83412981264503       -0.20806851501215
H            0.24419832731170        0.21385819364945        1.43125588387659
H            2.40118613424471       -0.32856340019310        2.52072224955568
H            3.20837949079871       -2.59398575547215        1.99235667573146
H            2.41433937557374       -3.73120000972247       -0.05044132482529
H            0.54360011072513       -2.83688547003355       -1.33145398629423
H           -1.23553991367831       -1.38729662596924       -1.49717999726010
H            0.19010344573626        1.23503264366637       -2.14386653225226
H            0.34073968259800       -0.30639595895713       -2.97803060864767
H           -1.20618615556441        0.53978757387065       -2.97315354556628
H           -1.47371326969029        2.22536483244544       -0.95873313987598
H           -3.18217705371848        3.21678624459383        0.47287649784205
H           -4.50117377705943        1.80927491453637        2.01289785276913
H           -4.08492698418804       -0.62563781703330        2.10061459642419
H           -2.36641517938680       -1.63638947259335        0.67090152714033
35
 energy: -43.877725499201 gnorm: 0.006965917447 xtb: 6.7.1 (edcfbbe)
C            2.87712190015668        0.97247801386422       -0.68497631872261
C            1.71384213987059        1.20916788058893        0.27010773110298
C            1.04984426616600       -0.09776378694356        0.77553939124198
C            2.02808644148901       -0.84009421447784        1.62690419518492
C            2.48602862102941       -2.07830834720300        1.32810736375286
C            2.00821480376093       -2.76216618998033        0.20275372553227
C            0.97969079891303       -2.19652665938220       -0.55522758245316
C            0.47122574165298       -0.95447526680386       -0.31373650992852
C           -0.73126058353972       -0.48575570082444       -1.11087215778403
C           -0.32513722152560        0.30552930314944       -2.36128977378420
C           -1.75653352161555        0.21385868884940       -0.24329247657349
C           -2.00835357273201        1.57712755496790       -0.28714224450063
C           -2.98174701737528        2.14528242645645        0.51732999373883
C           -3.72405718271882        1.36099943866425        1.37979932739960
C           -3.48432123166260       -0.00111115354575        1.43192867953371
C           -2.51217036130775       -0.56426503561378        0.62827636639127
H            3.66700314758489        0.40558451394847       -0.19779591910000
H            2.55719704589169        0.41951042173868       -1.56389818590957
H            3.28853455180599        1.92812123318478       -1.00738183336078
H            2.08012859665873        1.75450163430662        1.14415294855040
H            0.95911234990450        1.83198187488152       -0.21022591478211
H            0.21764084350991        0.23775966101147        1.41942410538406
H            2.38705045925298       -0.31215850809679        2.49938013032827
H            3.21571609547824       -2.56549560224919        1.96061731994642
H            2.39304898990488       -3.73754849856932       -0.04738851576274
H            0.55847831910127       -2.80423326565829       -1.34684626761208
H           -1.22008762025672       -1.39796626189134       -1.48143533539232
H            0.19186813897177        1.22833267771600       -2.12252140606468
H            0.33951981452451       -0.30589888603003       -2.96832921609450
H           -1.20886382477878        0.54208518478676       -2.95126998157797
H           -1.45660625614749        2.21532009895597       -0.95919296136433
H           -3.16780436677025        3.20807774046461        0.46213978683488
H           -4.48867944545004        1.80481049860829        2.00053068087848
H           -4.06569650813984       -0.62707604337983        2.09314024125840
H           -2.33823435160733       -1.62998542549410        0.67259061370847
35
 energy: -43.878030567741 gnorm: 0.004225214884 xtb: 6.7.1 (edcfbbe)
C            2.86243403281893        0.96035195107903       -0.67827041867921
C            1.69978838440057        1.21183801795930        0.27343886575298
C            1.03480008753363       -0.09914632407096        0.78005429004359
C            2.01971103518935       -0.83442166696995        1.62698846827660
C            2.48740447879465       -2.06845669989920        1.32158263458166
C            2.00823967618272       -2.75893366906509        0.19960230885700
C            0.98393759828723       -2.19236278072504       -0.56215521685039
C            0.46773436212141       -0.95340890426185       -0.31383160968971
C           -0.73037657608965       -0.48906164005602       -1.11417357221285
C           -0.32401347166140        0.30433007431195       -2.36329691499611
C           -1.74943166213697        0.21252202677694       -0.24445538052402
C           -1.99806028505689        1.57655996402176       -0.28897502576854
C           -2.97166826381713        2.14501980549082        0.51533322469827
C           -3.71402045684015        1.36088519475758        1.37865248039464
C           -3.47227078660128       -0.00148827092156        1.43522299610356
C           -2.50013441929068       -0.56530068997691        0.63228544145230
H            3.64404598640207        0.38831102567412       -0.18356873679094
H            2.53707348353204        0.40184106596869       -1.55185128436448
H            3.28436374531093        1.90842310073115       -1.00857367756540
H            2.06502284809430        1.75776243220630        1.14655483199166
H            0.94589853828221        1.83281368631417       -0.20935641583969
H            0.20091285563517        0.24143610571723        1.42005052551947
H            2.38128073601012       -0.30524146084360        2.49689318902319
H            3.22434411995698       -2.54497263906741        1.95411383672889
H            2.38975060866613       -3.73663373061848       -0.04625514927091
H            0.56681308553630       -2.78582769440548       -1.36792764725429
H           -1.21961690868550       -1.40108612223888       -1.48254856702910
H            0.19703572478701        1.22327719546002       -2.11865085270391
H            0.33713066410790       -0.30647846498745       -2.97396821448038
H           -1.20887051210521        0.54762159679735       -2.94799404656126
H           -1.44572559830256        2.21286998923765       -0.96259060600555
H           -3.15529965989033        3.20819599509103        0.46044134739284
H           -4.47769208471094        1.80525745983201        1.99936295891464
H           -4.05011652983199       -0.62655089238781        2.10003880578682
H           -2.32062483662860       -1.63024503693126        0.67772713106876
35
 energy: -43.878205345509 gnorm: 0.003029794273 xtb: 6.7.1 (edcfbbe)
C            2.84399296985676        0.94581137657622       -0.66988022302752
C            1.68222992277072        1.21295504768637        0.27757128267736
C            1.01679877157153       -0.10134853224761        0.78629431186559
C            2.00776034669071       -0.83051727003750        1.63145040221183
C            2.48715903142764       -2.05833896615794        1.31993235740951
C            2.01482298081024       -2.75068905818159        0.19439022744915
C            0.99206870984694       -2.18712736254237       -0.57303722113245
C            0.46444515647558       -0.95378839620102       -0.31653670873294
C           -0.73021766946439       -0.49156181102330       -1.12084023903336
C           -0.32258979072116        0.30185866699174       -2.36992249315358
C           -1.74632027194535        0.21139680892067       -0.25063028973927
C           -1.99107590457928        1.57665712104984       -0.29493400996102
C           -2.95956289200078        2.14679911336248        0.51521847103957
C           -3.69859385008761        1.36312754485007        1.38246083834765
C           -3.45587972876579        0.00046268737738        1.44337812735211
C           -2.48841911950988       -0.56543265321452        0.63588970990420
H            3.61713805937635        0.36898099552964       -0.16717842401774
H            2.51298787772796        0.38101471270544       -1.53767494798968
H            3.27774236607788        1.88496644277158       -1.00974656817588
H            2.04544961272943        1.76153093367662        1.14931348226976
H            0.92922680362405        1.83218289284811       -0.20832528038684
H            0.18063895136785        0.23669477953824        1.42315928251128
H            2.37085165068259       -0.30078219776063        2.50008759232195
H            3.23320916839233       -2.52320058558523        1.95049899177560
H            2.39825030803283       -3.72848870341369       -0.04812970017657
H            0.57948999945796       -2.77004027443432       -1.38824962028800
H           -1.22162327813857       -1.40185776996580       -1.48960908057636
H            0.20628397370569        1.21593972927987       -2.12235122630639
H            0.33212518937854       -0.31032936299480       -2.98627823129237
H           -1.20792315478059        0.55488560512063       -2.94989424678064
H           -1.43829527504636        2.21139109951409       -0.97013444664512
H           -3.14088578699584        3.21066947631914        0.46088866164001
H           -4.46154646611544        1.80835148806161        2.00344175047464
H           -4.02821418967140       -0.62298018680027        2.11479548489202
H           -2.30172447218056       -1.62949339161891        0.68448198327373
35
 energy: -43.878283222124 gnorm: 0.002598458031 xtb: 6.7.1 (edcfbbe)
C            2.83327998597514        0.93880575856815       -0.66442024608460
C            1.67153998921145        1.21177156216652        0.28030401118348
C            1.00674843744334       -0.10345334496681        0.78908489910067
C            1.99945619621936       -0.82978527191905        1.63530271637640
C            2.48752807315224       -2.05277799541178        1.32000420883987
C            2.02199048165840       -2.74381124350225        0.19017434958939
C            0.99698865647918       -2.18481712367192       -0.57850116099927
C            0.46190142493571       -0.95559213523645       -0.31869111416825
C           -0.73111893064767       -0.49298308175096       -1.12601865571151
C           -0.32195413555852        0.29871682926132       -2.37597735522257
C           -1.74543292192430        0.21172561419262       -0.25490206922417
C           -1.98943466209575        1.57720537656695       -0.30018815153287
C           -2.95329243441762        2.14899632416476        0.51487385722982
C           -3.68766494246767        1.36647165796403        1.38713404726002
C           -3.44474253909599        0.00387175728486        1.45014249441191
C           -2.48187295518527       -0.56372530063919        0.63814278631938
H            3.60323174976537        0.36109630343361       -0.15817621827487
H            2.50082125381810        0.37116670845307       -1.52981532120503
H            3.27137113179245        1.87398226306279       -1.00836757401623
H            2.03285905034456        1.76279855135847        1.15137805269007
H            0.91851926629075        1.82944389914778       -0.20763147258537
H            0.16842245948790        0.22953051895344        1.42413529347373
H            2.35751184712583       -0.30159577372897        2.50697641756532
H            3.23408752262153       -2.51460801722444        1.95125813042291
H            2.41209868720399       -3.71862524666903       -0.05379813905121
H            0.59149435752355       -2.76442379355824       -1.39894846423402
H           -1.22437380239058       -1.40241479589229       -1.49517643375145
H            0.21382493442217        1.20945644748885       -2.13004491255697
H            0.32675128007416       -0.31675460674364       -2.99589305519158
H           -1.20727902521615        0.55827690473351       -2.95345175660696
H           -1.43951281849315        2.21057628290054       -0.97927216028049
H           -3.13294936512700        3.21333678139823        0.46164267775926
H           -4.44661673732484        1.81306928187379        2.01223997064149
H           -4.01160888201580       -0.61779218503458        2.12813678354066
H           -2.29277263358409       -1.62743890702325        0.68824356429337
35
 energy: -43.878379090446 gnorm: 0.002198190267 xtb: 6.7.1 (edcfbbe)
C            2.82189077589567        0.93235889082632       -0.65766650997982
C            1.65874837042396        1.20847097268002        0.28336538780644
C            0.99515077450277       -0.10660493995136        0.79136599364334
C            1.98600263586635       -0.83132234826901        1.64176228412271
C            2.48580005617586       -2.04788495890951        1.32178004292872
C            2.03305293949780       -2.73425541574780        0.18365648528582
C            1.00509853242699       -2.18118963421056       -0.58637751158822
C            0.45925307567346       -0.95814654350586       -0.32247912493019
C           -0.73306982532445       -0.49501343670776       -1.13240808841065
C           -0.32195467594100        0.29345017561119       -2.38387935901617
C           -1.74541765857618        0.21261469900410       -0.26064229403008
C           -1.99030937403259        1.57772237811646       -0.30892319951203
C           -2.94611712582535        2.15240194020071        0.51405415167624
C           -3.67156715505393        1.37264415710654        1.39611146371620
C           -3.42906107354264        0.01018423105959        1.46078596634775
C           -2.47417452215222       -0.56013112133145        0.64122146196959
H            3.58974056362172        0.35533532841076       -0.14796292677169
H            2.49015681001267        0.36189717585067       -1.52135677228692
H            3.26228173317046        1.86473402038425       -1.00453048354952
H            2.01713694531248        1.76250519768422        1.15404893154693
H            0.90568514503175        1.82402978258869       -0.20753837411742
H            0.15315184099931        0.22004721009591        1.42338893811038
H            2.33334810019134       -0.30590961102060        2.51976064145907
H            3.23233913058719       -2.50813628863364        1.95355867326183
H            2.43630168190802       -3.70258041416347       -0.06569666822588
H            0.60892161448680       -2.76089369110688       -1.41026442602623
H           -1.22815566108190       -1.40412679770796       -1.50124760682277
H            0.22355762437894        1.19966989082558       -2.14181102177520
H            0.31801699169516       -0.32798567833217       -3.00749458425223
H           -1.20718586333007        0.56101163522991       -2.95827637235455
H           -1.44653385069931        2.20882901567649       -0.99526215349846
H           -3.12542999925070        3.21686534955801        0.46048417904422
H           -4.42377342749566        1.82152377031378        2.02820036660057
H           -3.98900557163102       -0.60886101819654        2.14717198981518
H           -2.28407955792066       -1.62355392342804        0.69300051981349
35
 energy: -43.878479680503 gnorm: 0.002244635355 xtb: 6.7.1 (edcfbbe)
C            2.80933842090181        0.92579485141828       -0.64866560400366
C            1.64282882423427        1.20326232572582        0.28757582476485
C            0.97974560500311       -0.11105624278089        0.79331028852046
C            1.96575741207684       -0.83458598885626        1.65038955252940
C            2.48254842144805       -2.04213764314482        1.32314662505694
C            2.04886921791629       -2.72087340995074        0.17298038866738
C            1.01696726569215       -2.17548143413741       -0.59781026556309
C            0.45529671192487       -0.96154923833451       -0.32742560557823
C           -0.73665734480302       -0.49921153637004       -1.13988169505492
C           -0.32345707045691        0.28479060018661       -2.39341584510027
C           -1.74571130384680        0.21299079988929       -0.26767866673997
C           -1.99274408818850        1.57725108665555       -0.32205442205549
C           -2.93681785622366        2.15676814405454        0.51132040567664
C           -3.64865141649726        1.38241610551551        1.40920103664950
C           -3.40717895131350        0.02004131167661        1.47639797025701
C           -2.46419551075323       -0.55490076349520        0.64643524463676
H            3.57571115507002        0.35070989735334       -0.13478806093890
H            2.48079024340963        0.35199427761416       -1.51129881934547
H            3.25035166382453        1.85678547433989       -0.99738881736597
H            1.99723579979340        1.76033043340541        1.15823412605022
H            0.89030950727504        1.81628195313067       -0.20769221244232
H            0.13228433815947        0.21048338252777        1.42003150973743
H            2.29469863089397       -0.31432318182046        2.53907289871724
H            3.22616769733540       -2.50284824693955        1.95762240770286
H            2.47091095686264       -3.67926973285140       -0.08549286059096
H            0.63494399675459       -2.75595816492269       -1.42790501910961
H           -1.23325964328058       -1.40876291766643       -1.50658006817352
H            0.23358943877070        1.18513675261379       -2.15529769545878
H            0.30610669773188       -0.34401996973119       -3.02047961020425
H           -1.20841321018603        0.56189020781227       -2.96391557602643
H           -1.45896923418720        2.20433948672861       -1.02011889708172
H           -3.11697800338876        3.22091721133159        0.45482215058696
H           -4.38968529185869        1.83538988025504        2.05199782708935
H           -3.95780273183766       -0.59486338504802        2.17412928363476
H           -2.27413034825549       -1.61803232618424        0.70112220055642
35
 energy: -43.878553685341 gnorm: 0.002138601500 xtb: 6.7.1 (edcfbbe)
C            2.80109138540268        0.92290433862511       -0.63992634611784
C            1.62993107907325        1.19851371864150        0.29158763115046
C            0.96592481613853       -0.11558804181741        0.79382668917793
C            1.94528277026922       -0.83925871447141        1.65793743301082
C            2.47736883956540       -2.03841195635461        1.32387508759994
C            2.06319768368116       -2.70853281692943        0.16152185578057
C            1.02936302923977       -2.16886348863101       -0.61083997019136
C            0.45193916661796       -0.96423923735347       -0.33291171899311
C           -0.74115684349363       -0.50514266553674       -1.14581360529241
C           -0.32689137307760        0.27487507555037       -2.40138072433578
C           -1.74653503191428        0.21170750217308       -0.27345190381282
C           -1.99574996271527        1.57514378918909       -0.33516485394757
C           -2.92839409408851        2.16030799772843        0.50699631291415
C           -3.62684594132774        1.39261186733008        1.42115151729190
C           -3.38654663246531        0.03023609152982        1.49205065583253
C           -2.45532189910701       -0.55032294803017        0.65292702649800
H            3.56716444123169        0.35053252375731       -0.12253676873029
H            2.47757841972144        0.34701223546859       -1.50304131529562
H            3.24050154987148        1.85487333182295       -0.98794169710690
H            1.98021320965894        1.75661118424456        1.16328564262521
H            0.87873033273561        1.81007149320992       -0.20766357331339
H            0.11351528342005        0.20465361912891        1.41463876590495
H            2.25632258006232       -0.32491860291225        2.55679639852785
H            3.21780202307847       -2.50029606476391        1.96160459490086
H            2.50129821906820       -3.65760893382480       -0.10527349659446
H            0.65864721283593       -2.75008760568517       -1.44582126442106
H           -1.23840054608338       -1.41585827225844       -1.50878702004358
H            0.23785410318856        1.17076896821782       -2.16524777754588
H            0.29568058081037       -0.35894892182943       -3.02996891466207
H           -1.21145441435232        0.55833530619285       -2.96904251557398
H           -1.47171393482084        2.19751619397648       -1.04483582456721
H           -3.10977710659357        3.22392088993761        0.44565985466174
H           -4.35641043273155        1.85049263969291        2.07364998231852
H           -3.92842626378666       -0.58003489106069        2.20058087598843
H           -2.26598224911168       -1.61327560495724        0.71145896636231
35
 energy: -43.878612924954 gnorm: 0.001686365967 xtb: 6.7.1 (edcfbbe)
C            2.79803827596216        0.92444989330797       -0.63174265909198
C            1.62155746757012        1.19511540474412        0.29533235154082
C            0.95522019220077       -0.11969964403144        0.79288649629797
C            1.92802150071937       -0.84462511111714        1.66273953188455
C            2.47209882374394       -2.03676528950151        1.32307294428968
C            2.07433904939383       -2.69878697188879        0.15062255506505
C            1.03949430053043       -2.16294132925763       -0.62287642850111
C            0.44904499782886       -0.96652690446767       -0.33785465123357
C           -0.74621329895244       -0.51210591470939       -1.14975524331988
C           -0.33216353134945        0.26428668096096       -2.40759785479038
C           -1.74814966223867        0.20890472984158       -0.27752246190258
C           -1.99904620367077        1.57167385066761       -0.34677141043797
C           -2.92175483141797        2.16283439778844        0.50170558980349
C           -3.60869647896218        1.40225224599673        1.43036843905142
C           -3.36938840937870        0.03990713452521        1.50623324969168
C           -2.44856935066483       -0.54681000131804        0.66014422456634
H            3.56480955932398        0.35512654574041       -0.11187275823712
H            2.48093670188787        0.34819938552713       -1.49701174308660
H            3.23422163830235        1.85941712169824       -0.97647889182583
H            1.96744909994668        1.75214462589635        1.16933881424921
H            0.87208806396141        1.80633629606766       -0.20699723381121
H            0.09927741808013        0.20201153106284        1.40826497053390
H            2.22357046739690       -0.33684546976837        2.57033220312262
H            3.20777216825314       -2.50098743559652        1.96508974145290
H            2.52377964167532       -3.64039360188850       -0.12240959631698
H            0.67800335497550       -2.74302702551665       -1.46331533073342
H           -1.24362282685522       -1.42438512907378       -1.50798940677871
H            0.23561205171438        1.15810278244774       -2.17198791035275
H            0.28774288931197       -0.37204578021830       -3.03557889544612
H           -1.21633541575194        0.54980316592965       -2.97424832244988
H           -1.48328893730438        2.18903083020661       -1.06660141450236
H           -3.10435229998422        3.22583349566767        0.43434212496026
H           -4.32823628082404        1.86534074495063        2.08993803822180
H           -3.90352327630724       -0.56551795545816        2.22453736947432
H           -2.25993685911511       -1.60960729921418        0.72356356861342
35
 energy: -43.878670135083 gnorm: 0.001334910422 xtb: 6.7.1 (edcfbbe)
C            2.79901703396678        0.93186251392418       -0.61982788554677
C            1.61453215332831        1.19251734329293        0.30080221543739
C            0.94417345944860       -0.12498897275975        0.79053727875565
C            1.90892492041236       -0.85300812932795        1.66597061135583
C            2.46500047249191       -2.03757255846960        1.31995799660234
C            2.08600547747700       -2.68922730014228        0.13580218760029
C            1.05152031281199       -2.15555888255791       -0.63947532615064
C            0.44645899835244       -0.96897893541855       -0.34471277179195
C           -0.75372290625653       -0.52272743809577       -1.15298007613692
C           -0.34180255474146        0.24847095662686       -2.41471862058390
C           -1.75084160233602        0.20369216889454       -0.28066916845276
C           -2.00344776620620        1.56567461136838       -0.36091655340283
C           -2.91504011066697        2.16559115659973        0.49278030342610
C           -3.58886570811101        1.41522133999862        1.43887664710757
C           -3.35002786755875        0.05318394502963        1.52412981994420
C           -2.44108135520251       -0.54267736818659        0.67183376567416
H            3.56729127693902        0.36650779571327       -0.09759562202965
H            2.49210088507845        0.35752655223375       -1.49014752803237
H            3.22987221339376        1.87267761344372       -0.95710519730183
H            1.95324086323823        1.74565554875934        1.17983958500920
H            0.86758521521168        1.80429310071106       -0.20473453015548
H            0.08525166727496        0.20020769515228        1.39965264475111
H            2.18832487204720       -0.35444160791189        2.58286378070990
H            3.19503226039130       -2.50490589703414        1.96691538490150
H            2.54556344348788       -3.62333449449380       -0.14327222947471
H            0.69749634035822       -2.73203362320786       -1.48551027692398
H           -1.25117143104514       -1.43767066327141       -1.50344193252975
H            0.22475850393685        1.14306513527773       -2.17960522127340
H            0.27961241998011       -0.38912149231729       -3.03933955433416
H           -1.22596518038268        0.53080087209068       -2.98239177228292
H           -1.49702827372471        2.17552501010591       -1.09319274040068
H           -3.09851653397436        3.22780243913024        0.41633160722496
H           -4.29698479032468        1.88587383471291        2.10466030131322
H           -3.87446946527706       -0.54501833038511        2.25526117863715
H           -2.25299724381673       -1.60518393948403        0.74332169835527
35
 energy: -43.878693893979 gnorm: 0.000959582218 xtb: 6.7.1 (edcfbbe)
C            2.80002399376799        0.93701406896653       -0.61282730099230
C            1.61215419587669        1.19254311782529        0.30430559075542
C            0.94154182795464       -0.12755492850494        0.79022164086333
C            1.90593929837683       -0.85674184343306        1.66486808924277
C            2.46503945053897       -2.03914733171404        1.31584706859480
C            2.08956243874283       -2.68771751553201        0.12904129228495
C            1.05413458867489       -2.15413556282414       -0.64499140909929
C            0.44563650622176       -0.97033041942967       -0.34642986060568
C           -0.75681562082966       -0.52701673453967       -1.15301701685184
C           -0.34699893815833        0.24043439933345       -2.41771969398693
C           -1.75209057973669        0.20196372971555       -0.28091410869983
C           -2.00522076090230        1.56350988570410       -0.36649703376056
C           -2.91361423636632        2.16741581796661        0.48788296507307
C           -3.58334419946727        1.42141060147366        1.44007924318430
C           -3.34368064787738        0.05989604419269        1.53115837129083
C           -2.43817136814786       -0.54008380341951        0.67802758588000
H            3.56819797294678        0.37228162790514       -0.08978311820836
H            2.49750830419162        0.36486888859916       -1.48612258008209
H            3.22965339217765        1.88000981567266       -0.94586948707327
H            1.94648800197826        1.74389968202179        1.18604768670571
H            0.86551775273173        1.80395621746821       -0.20228790918591
H            0.08237522197602        0.19695301237639        1.39845005062356
H            2.18197262063679       -0.36203086584258        2.58460724757067
H            3.19358286921890       -2.50749879630729        1.96343618441346
H            2.55135883167148       -3.62026398939122       -0.15215704794803
H            0.70283287580432       -2.72632337307730       -1.49536856083633
H           -1.25487037561842       -1.44311428215018       -1.49958056615035
H            0.21654064853938        1.13795583116840       -2.18504000945735
H            0.27751306537296       -0.39740881555579       -3.03945946246021
H           -1.23166479338699        0.51758782531413       -2.98751383969145
H           -1.50141876850931        2.16972299065369       -1.10339953845987
H           -3.09736432731974        3.22924455223912        0.40693966836346
H           -4.28926175220029        1.89519036066793        2.10582791631195
H           -3.86449923699098       -0.53471669850364        2.26769116422596
H           -2.24875825188656       -1.60207350903745        0.75444677816660
35
 energy: -43.878717446927 gnorm: 0.001182853347 xtb: 6.7.1 (edcfbbe)
C            2.80095520876342        0.94258003428904       -0.60568267333273
C            1.61002161493428        1.19313369160657        0.30800543408559
C            0.94220919931572       -0.13043656609796        0.79095677966984
C            1.90948698989019       -0.86039152054226        1.66174604082546
C            2.46777247330433       -2.04245594412770        1.31029912978387
C            2.09121829571287       -2.68920350203552        0.12278599647298
C            1.05571527057696       -2.15384654867115       -0.64979550623976
C            0.44661065377590       -0.97105245643470       -0.34754592433090
C           -0.75856652028062       -0.52954072900347       -1.15126081272803
C           -0.35149135283620        0.23373345076636       -2.41921542076940
C           -1.75192756396277        0.20198952452029       -0.27892940896535
C           -2.00637747091076        1.56292810000517       -0.36993085563913
C           -2.91513250612898        2.16957222440162        0.48209842084007
C           -3.58335331216122        1.42672786858459        1.43749349704125
C           -3.34113164157242        0.06613328411875        1.53528395799861
C           -2.43537578269913       -0.53662196552985        0.68448748334022
H            3.56819506577261        0.37712963962032       -0.08204467734652
H            2.50210231035765        0.37327023379258       -1.48213844993004
H            3.23072077321691        1.88713252741504       -0.93409163182231
H            1.93952448245478        1.74373227740427        1.19198997896772
H            0.86258486067927        1.80286422795397       -0.19961901703664
H            0.08361476859470        0.19111073160679        1.40089669104052
H            2.18871018524396       -0.36747762388151        2.58113978976969
H            3.19844256400566       -2.51048967128123        1.95545327744547
H            2.55137519774744       -3.62237236082015       -0.15914507871697
H            0.70074500695473       -2.72336304878183       -1.49900853238170
H           -1.25768139305024       -1.44657483727224       -1.49406289795664
H            0.20658468289460        1.13611449679669       -2.19065325526416
H            0.27798658911870       -0.40360330035419       -3.03688915949680
H           -1.23697925423986        0.50254830830136       -2.99217545765592
H           -1.50387704771484        2.16618352919926       -1.11004635974456
H           -3.09931761681157        3.23098392935375        0.39714269534314
H           -4.28973589454324        1.90264107218916        2.10133259006435
H           -3.85978406203018       -0.52544995867094        2.27562858608625
H           -2.24404477437024       -1.59792911841873        0.76539477058374
35
 energy: -43.878744299532 gnorm: 0.001262806933 xtb: 6.7.1 (edcfbbe)
C            2.80072465853069        0.94877672879165       -0.59716920850710
C            1.60587041339230        1.19300957974560        0.31254564018519
C            0.94431353670219       -0.13489508118825        0.79276043388537
C            1.91750335883227       -0.86483176026188        1.65714985606252
C            2.47453007251289       -2.04657648725949        1.30197924530427
C            2.09242751969960       -2.69270983104333        0.11577851014845
C            1.05434142131141       -2.15608465011204       -0.65219949361810
C            0.44673422002766       -0.97332355132618       -0.34643300810055
C           -0.75985304075039       -0.53128250176968       -1.14808116397799
C           -0.35518137969861        0.22628969833155       -2.42002688663685
C           -1.75154727795524        0.20379942166484       -0.27670804125950
C           -2.00861899444298        1.56375503483694       -0.37471233810778
C           -2.91829259379224        2.17310643325611        0.47474537554234
C           -3.58460557309767        1.43370807266093        1.43440472038362
C           -3.33856914739830        0.07441168879212        1.54021025037995
C           -2.43189570381480       -0.53099437542939        0.69202895990601
H            3.56654833658489        0.38215849592639       -0.07271742488897
H            2.50624423222593        0.38273884543046       -1.47735330188819
H            3.23083973702747        1.89509194218606       -0.91980594648498
H            1.92928962964562        1.74495515096849        1.19797789658032
H            0.85645176416830        1.79871805068522       -0.19710727841418
H            0.08664694262629        0.18093926301365        1.40685548455588
H            2.20211243179764       -0.37274477553660        2.57571766015101
H            3.20841220811405       -2.51445044031913        1.94341708018736
H            2.55110434946773       -3.62616027598821       -0.16870839303349
H            0.69930967858799       -2.72133185181868       -1.50504625412935
H           -1.26124355765731       -1.44870879145711       -1.48673797574765
H            0.19635395664364        1.13440584379152       -2.19691373985198
H            0.28003153063143       -0.41087326929767       -3.03227816655392
H           -1.24135878489419        0.48517370642180       -2.99697597302615
H           -1.50755346138138        2.16398941284230       -1.11831643142546
H           -3.10498592989241        3.23365080041500        0.38368098179434
H           -4.29351413364201        1.91124794237096        2.09461923355081
H           -3.85551295169411       -0.51400029004835        2.28427570752799
H           -2.23725746841587       -1.59125817927327        0.77904398950792
35
 energy: -43.878770501294 gnorm: 0.001240792299 xtb: 6.7.1 (edcfbbe)
C            2.79831292154651        0.95429915063393       -0.58947853453478
C            1.59953484931136        1.19152050975383        0.31702851570778
C            0.94608190131956       -0.14055009226019        0.79516409237672
C            1.92626486595284       -0.86973478631663        1.65245234412718
C            2.48249802894611       -2.05070049967420        1.29307866935742
C            2.09452486325098       -2.69639587613012        0.10834323295648
C            1.05391166141676       -2.15857080457058       -0.65522710402625
C            0.44695673709748       -0.97631262494338       -0.34538305306554
C           -0.76064865361292       -0.53259158301865       -1.14475290243462
C           -0.35660611655998        0.22000260211514       -2.41979303941078
C           -1.75012650659911        0.20661384862579       -0.27420963675090
C           -2.01113219141800        1.56526992505570       -0.37987673103209
C           -2.92218912928753        2.17688171003627        0.46659802001829
C           -3.58618300385971        1.44113060215222        1.43075153471363
C           -3.33546698142110        0.08336986482547        1.54496909062865
C           -2.42734353308495       -0.52423544293899        0.69983219574007
H            3.56339037855307        0.38732285317191       -0.06442774518307
H            2.50834669227495        0.39107726049568       -1.47299512698968
H            3.22739446378072        1.90282179014449       -0.90659766703766
H            1.91714736912585        1.74615436919573        1.20291951923656
H            0.84753265332423        1.79194093318068       -0.19493121897823
H            0.08939530620467        0.16859815271044        1.41457597156829
H            2.21633566408198       -0.37747565814977        2.56960952659586
H            3.22004647709997       -2.51847160582111        1.93033051160139
H            2.55207854406584       -3.62963578448977       -0.17907602448958
H            0.69591175301281       -2.72279913484600       -1.50715551474850
H           -1.26492423324726       -1.44968986518626       -1.48011148386195
H            0.19075422533774        1.13174325342575       -2.20059463774737
H            0.28241299312895       -0.41777241235126       -3.02750505557395
H           -1.24288826703957        0.47215132503661       -2.99966456298810
H           -1.51288520231831        2.16275809607660       -1.12781261135212
H           -3.11246283570810        3.23623465647478        0.36917014405070
H           -4.29660357458113        1.92023302565098        2.08842871941233
H           -3.85008396334666       -0.50208607957153        2.29323624772628
H           -2.22948815674550       -1.58340167849103        0.79300431438868
35
 energy: -43.878800930002 gnorm: 0.000717027408 xtb: 6.7.1 (edcfbbe)
C            2.79282866813288        0.96043264674286       -0.58240767444873
C            1.59044744303114        1.18883780665400        0.32202167834050
C            0.94808249664843       -0.14821571806285        0.79833417696950
C            1.93599168082731       -0.87635782980384        1.64779618742997
C            2.49132292888822       -2.05604544808243        1.28372325813079
C            2.09674938677141       -2.70094415956982        0.10068726353842
C            1.05245868532854       -2.16246646137208       -0.65736304854719
C            0.44648889613995       -0.98095560768353       -0.34328533018813
C           -0.76117958054158       -0.53399962824952       -1.14077795451633
C           -0.35560162753662        0.21424230928934       -2.41796828512844
C           -1.74829401572904        0.21012424326344       -0.27173866834303
C           -2.01477823616102        1.56693252212525       -0.38694331183159
C           -2.92709590634983        2.18114260457645        0.45630003585066
C           -3.58701717597805        1.45011070504163        1.42695131957204
C           -3.33057324230336        0.09426608067610        1.55095681892969
C           -2.42127244013723       -0.51583243423108        0.70898407588664
H            3.55848886164625        0.39441781860520       -0.05731823072751
H            2.50758501287981        0.39926734920571       -1.46874103612900
H            3.21876739436680        1.91194489095901       -0.89442469490297
H            1.90235143368359        1.74671808029151        1.20792036980787
H            0.83465251975406        1.78278106419014       -0.19164660407341
H            0.09265711485361        0.15289670545112        1.42427323733824
H            2.23297701925112       -0.38303014695579        2.56212289734844
H            3.23618967849962       -2.52239476457224        1.91392383758910
H            2.55403531794327       -3.63292492030220       -0.19090381383110
H            0.69206273329444       -2.72620414108938       -1.50892676911483
H           -1.26911699348614       -1.44998070842099       -1.47376121383652
H            0.19055620145064        1.12718063283241       -2.20144884786398
H            0.28486864898000       -0.42523345776258       -3.02204186222528
H           -1.24100326710946        0.46339343227658       -3.00010115790557
H           -1.52005059247635        2.16136241342309       -1.13955208741564
H           -3.12199753002237        3.23892120433975        0.35138145895781
H           -4.29903344129152        1.93098862697350        2.08153349286000
H           -3.84276165175905       -0.48798498713397        2.30326795604356
H           -2.21998642148681       -1.57369072362204        0.80907252643711
35
 energy: -43.878833959205 gnorm: 0.000832351021 xtb: 6.7.1 (edcfbbe)
C            2.78373985176199        0.96768082748370       -0.57611064250075
C            1.57902586079791        1.18491780656022        0.32860518207322
C            0.94919296463005       -0.15782581303086        0.80253832558495
C            1.94755544407130       -0.88366919644106        1.64198165837819
C            2.50371133190966       -2.06112057341901        1.27142747384106
C            2.10053931572599       -2.70604632539884        0.09145072955470
C            1.05112633229092       -2.16761666227565       -0.65970285963484
C            0.44552640378239       -0.98736693248304       -0.34059209204643
C           -0.76143479157920       -0.53571795201986       -1.13644707665536
C           -0.35231034930289        0.20894971651098       -2.41474741124531
C           -1.74610958516214        0.21367937963860       -0.26924770889348
C           -2.01885619029274        1.56817926451177       -0.39579300652221
C           -2.93203865008821        2.18582328162608        0.44403631374788
C           -3.58704684846727        1.46083613595574        1.42238901726297
C           -3.32433571963024        0.10724401674285        1.55779708462872
C           -2.41410656152577       -0.50617552555859        0.71935196527310
H            3.55238571981112        0.40470666312408       -0.05224436878013
H            2.50294970151236        0.40736366266214       -1.46436119427519
H            3.20372091646731        1.92296694269901       -0.88451069845580
H            1.88613663666259        1.74542465759252        1.21448470938320
H            0.81801607347372        1.77204651823266       -0.18480588722665
H            0.09530844493246        0.13370679265419        1.43599967372534
H            2.24942479806020       -0.39013912755911        2.55491741328100
H            3.25301598700958       -2.52742333917577        1.89603699093238
H            2.55714406057134       -3.63673912067274       -0.20434747149404
H            0.68690883991113       -2.73184207913046       -1.50917869109532
H           -1.27353803502953       -1.44980183178463       -1.46830814457133
H            0.19645042513453        1.12030783794285       -2.19904032031793
H            0.28666935085632       -0.43375538002163       -3.01668006030868
H           -1.23621104995955        0.45983382733000       -2.99807601747366
H           -1.52977265377390        2.15843790143215       -1.15577297661398
H           -3.13309976641016        3.24152598941490        0.32923403700947
H           -4.29972243668821        1.94438373081191        2.07429158037528
H           -3.83192388624696       -0.47073144127384        2.31688717119498
H           -2.20824193521334       -1.56234365267822        0.82843730186569
35
 energy: -43.878865228658 gnorm: 0.000999024439 xtb: 6.7.1 (edcfbbe)
C            2.77329611716411        0.97540939622211       -0.57172374772199
C            1.56844540522979        1.18137158878904        0.33579072327769
C            0.95015314250522       -0.16729850568563        0.80657595846310
C            1.95616108846637       -0.89177296850357        1.63797052564756
C            2.51253556627943       -2.06721802621490        1.26194595415080
C            2.10326729235690       -2.71138898114380        0.08362353100147
C            1.04950092918798       -2.17288492481783       -0.66160700921589
C            0.44440343870115       -0.99382990405794       -0.33787884975515
C           -0.76162911246151       -0.53799483976858       -1.13274675810673
C           -0.34830191099904        0.20431892142325       -2.41127082681377
C           -1.74423073976705        0.21608747857740       -0.26730032456159
C           -2.02329977052527        1.56818818828155       -0.40572054440418
C           -2.93687781914668        2.18970663508442        0.43085063740331
C           -3.58585416762815        1.47127655659937        1.41818102383399
C           -3.31680432622907        0.12006193154147        1.56556951369572
C           -2.40650848988102       -0.49726757346727        0.73007356229088
H            3.54738402535607        0.41755608397229       -0.05032820593608
H            2.49552304695362        0.41445401071472       -1.46048269284411
H            3.18486734099648        1.93472604064763       -0.87895539847583
H            1.87310630383169        1.74203652977105        1.22234571741704
H            0.80200444634775        1.76386322838627       -0.17461513297748
H            0.09779659587575        0.11591428093288        1.44624493893500
H            2.26387218033175       -0.39798303697797        2.54866254299010
H            3.27003822388858       -2.53137884524528        1.87882575404513
H            2.56061968529932       -3.64023389954756       -0.21720476097360
H            0.68295838368113       -2.73639036055308       -1.51096951584975
H           -1.27738353090717       -1.45023451314897       -1.46433286993812
H            0.20542802930061        1.11248362876104       -2.19499696293312
H            0.28721127336302       -0.44204504372347       -3.01284993136148
H           -1.23058593082427        0.46013229182985       -2.99484021420374
H           -1.53839175520495        2.15390794366776       -1.17152069770777
H           -3.14240922513157        3.24344247342690        0.30728095379883
H           -4.29866119548748        1.95788235941435        2.06763243895307
H           -3.82066487233211       -0.45334887847806        2.33041579778749
H           -2.19716966858845       -1.55184926670612        0.84725487009018
35
 energy: -43.878893722107 gnorm: 0.000895443491 xtb: 6.7.1 (edcfbbe)
C            2.76307792574556        0.98320829858179       -0.56902975486972
C            1.55999011161505        1.17848408195279        0.34327343725307
C            0.95052088982230       -0.17552646461644        0.81007582695862
C            1.96284974345949       -0.89894155041278        1.63448106942054
C            2.51983046716824       -2.07244037817434        1.25372847213654
C            2.10594925520679       -2.71567345593055        0.07676831692557
C            1.04879917881912       -2.17711821060152       -0.66354435876697
C            0.44384798572897       -0.99917276797758       -0.33598508915362
C           -0.76173726847378       -0.54053552351699       -1.12990336898445
C           -0.34519730639897        0.20024503691409       -2.40840083828474
C           -1.74269333589018        0.21724844998897       -0.26589172412958
C           -2.02625617031420        1.56721077426474       -0.41406196333015
C           -2.93934585138011        2.19266856905070        0.42004339241334
C           -3.58315985685813        1.48037574614726        1.41483063475631
C           -3.30968237244111        0.13132285121666        1.57193420546072
C           -2.40007103353396       -0.49004145519647        0.73876075812906
H            3.54425176552016        0.43204319197934       -0.05086226971991
H            2.48687917040177        0.41987422508084       -1.45675688201448
H            3.16492434785884        1.94629526892586       -0.87771275510016
H            1.86463440378106        1.73657428475867        1.23142794005063
H            0.78855053896110        1.75912686388843       -0.16173263974111
H            0.09919936076971        0.10104126073107        1.45402943576058
H            2.27407673909667       -0.40619440457379        2.54436372906003
H            3.28139246654561       -2.53572939418815        1.86597184359895
H            2.56289511550286       -3.64343900379477       -0.22723531611714
H            0.68022918542556       -2.73924420431427       -1.51302221583055
H           -1.28013909406758       -1.45138771004596       -1.46144209677725
H            0.21388078875940        1.10483457795805       -2.19139900387811
H            0.28614397834547       -0.44923433261860       -3.01082564800036
H           -1.22599626528350        0.46166957019865       -2.99158535698987
H           -1.54589285235313        2.14807220541991       -1.18651088699739
H           -3.14949409904673        3.24447358325401        0.28738838114063
H           -4.29604594226282        1.96994129526035        2.06175864800654
H           -3.80933091898499       -0.43731781464933        2.34299857189014
H           -2.18708105124153       -1.54301346495702        0.86396750572524
35
 energy: -43.878919143084 gnorm: 0.000732899637 xtb: 6.7.1 (edcfbbe)
C            2.75306073739421        0.99094791002976       -0.56691455167497
C            1.55306712736168        1.17619973007434        0.35147241779281
C            0.95001421144043       -0.18263042552724        0.81319236231285
C            1.96707683525909       -0.90564147711774        1.63197369865348
C            2.52526837422662       -2.07735474025265        1.24696679133001
C            2.10846990815924       -2.71941853648341        0.07043139243807
C            1.04915733653791       -2.18027520015418       -0.66641687986770
C            0.44366213946782       -1.00358185768035       -0.33501834112745
C           -0.76177348744649       -0.54320190546728       -1.12814232623737
C           -0.34329838947639        0.19599563839962       -2.40695202783958
C           -1.74131230602226        0.21759942056565       -0.26523788455608
C           -2.02930248680593        1.56565784033669       -0.42315209819288
C           -2.94167001454323        2.19506685268342        0.40868724255586
C           -3.57972679612665        1.48875693713572        1.41158255123980
C           -3.30137485289000        0.14175685974150        1.57896582629682
C           -2.39297125833163       -0.48378399708756        0.74750801620814
H            3.54259392041415        0.44817711524407       -0.05231775249918
H            2.47772869516213        0.42359776180210       -1.45237015131870
H            3.14397120290197        1.95744810004881       -0.87932943681546
H            1.85935991101846        1.73007945131277        1.24175699364143
H            0.77706090870448        1.75693709494478       -0.14674199635779
H            0.09924579970049        0.08796349901267        1.46018308370932
H            2.27980044921746       -0.41489205399206        2.54246870566082
H            3.28895539037065       -2.54047425496552        1.85634508322476
H            2.56555086548591       -3.64625857673133       -0.23644877499689
H            0.67944875101729       -2.74020474918988       -1.51673074277092
H           -1.28205680755165       -1.45332731599235       -1.45894080951086
H            0.22053218475675        1.09751105556838       -2.18942578487102
H            0.28412939882981       -0.45632428146230       -3.01049927923798
H           -1.22329491032843        0.46218190879923       -2.98924336711220
H           -1.55197681115420        2.14180621791273       -1.20049471669273
H           -3.15385534228048        3.24530345625609        0.26959803205432
H           -4.29114210544443        1.98159321387804        2.05778954882778
H           -3.79684255086987       -0.42211065152528        2.35619402885052
H           -2.17775602815180       -1.53540004011342        0.87916114688389
35
 energy: -43.878937373175 gnorm: 0.000636912586 xtb: 6.7.1 (edcfbbe)
C            2.74489016613560        0.99772605471456       -0.56479549508062
C            1.54760148732826        1.17471246643569        0.35856938144510
C            0.94956172900395       -0.18827407705284        0.81548152446986
C            1.96909437146448       -0.91161898395761        1.63072377974980
C            2.52760641136416       -2.08217496758265        1.24291740679792
C            2.11026110114413       -2.72223957546026        0.06540719959063
C            1.05009501555816       -2.18212281242608       -0.66941897573619
C            0.44384496295443       -1.00663442527741       -0.33481058484294
C           -0.76195034505327       -0.54572335492323       -1.12716015963775
C           -0.34302953653971        0.19159965258670       -2.40689502178269
C           -1.73988213175803        0.21776365677327       -0.26481296062573
C           -2.03018916591446        1.56438486065970       -0.42926356225643
C           -2.94110325500926        2.19723585349202        0.40160306130015
C           -3.57511301464522        1.49574087241281        1.41002133118037
C           -3.29428750366137        0.15035505883073        1.58403936871204
C           -2.38757773609675       -0.47881511744487        0.75338863050416
H            3.54191700523875        0.46334674663117       -0.05278571387669
H            2.47045494977308        0.42582910316857       -1.44762763192031
H            3.12561233028927        1.96699081920190       -0.88142026597073
H            1.85561819717227        1.72438201078115        1.25093336573281
H            0.76807462780979        1.75629614785870       -0.13359046501625
H            0.09890801289351        0.07769424796290        1.46432458954688
H            2.28326334912867       -0.42270274521293        2.54161590380923
H            3.29406576339659       -2.54481800318438        1.84957491157949
H            2.56775095308704       -3.64826009783943       -0.24386181167222
H            0.68048094631357       -2.73926677408649       -1.52161722506728
H           -1.28372206727020       -1.45553950338165       -1.45659160266318
H            0.22305654027785        1.09185985120264       -2.18987289236815
H            0.28236628470576       -0.46243946129783       -3.01078002082951
H           -1.22284192377244        0.45945779849931       -2.98872754119883
H           -1.55723431530864        2.13621458813613       -1.21305811832118
H           -3.15719753735567        3.24600948608038        0.25486094853811
H           -4.28601708975046        1.99108685481897        2.05475195652198
H           -3.78544783544551       -0.40924104063525        2.36713835728471
H           -2.16913074745512       -1.52911519048032        0.89163833210439
35
 energy: -43.878944205333 gnorm: 0.000328575415 xtb: 6.7.1 (edcfbbe)
C            2.74308133323488        0.99982526903342       -0.56305314616453
C            1.54534974211262        1.17468878883335        0.35994071834142
C            0.94865704995120       -0.18922102831985        0.81555815035395
C            1.96917096318010       -0.91216742621050        1.63008194397374
C            2.52845676266412       -2.08228171070616        1.24176348198451
C            2.11132191923112       -2.72208187330350        0.06412656322645
C            1.05099892091620       -2.18213525775910       -0.67048286133301
C            0.44406105945485       -1.00709159833210       -0.33552790324780
C           -0.76222158521703       -0.54691393572943       -1.12762592999519
C           -0.34440657333728        0.18903157764648       -2.40846728483513
C           -1.73962189410494        0.21753142826441       -0.26549059016875
C           -2.02957101055362        1.56423627756758       -0.43067198444065
C           -2.93939750176852        2.19804999862570        0.40060211481350
C           -3.57245667666530        1.49755117535506        1.41046026235571
C           -3.29181478878525        0.15215712711545        1.58538220142731
C           -2.38630022136770       -0.47799168267006        0.75419818588715
H            3.54057585172733        0.46678860226354       -0.05075517426904
H            2.46977971132234        0.42747207643307       -1.44583409977447
H            3.12239665125214        1.96950498048409       -0.87959068124398
H            1.85233246185323        1.72406654089811        1.25281441333769
H            0.76534827806300        1.75566593826336       -0.13207696868214
H            0.09757857736373        0.07520418365777        1.46451090135520
H            2.28238012739186       -0.42396968318636        2.54171932884716
H            3.29313431146191       -2.54603330646353        1.84956758504049
H            2.56873972429659       -3.64810194987010       -0.24496878621211
H            0.68210973566139       -2.73864616865233       -1.52321242733407
H           -1.28410043670006       -1.45709787782280       -1.45568652234349
H            0.22028368494423        1.09069370199673       -2.19300076711832
H            0.28213262117474       -0.46489071843266       -3.01137602211646
H           -1.22467269554954        0.45451610419253       -2.99079308363530
H           -1.55553921286825        2.13577248426229       -1.21358987047895
H           -3.15332767764306        3.24722341758200        0.25505783687305
H           -4.28224604047667        1.99372147025245        2.05583496117019
H           -3.78322303041326       -0.40687699816681        2.36850983495221
H           -2.16919014180387       -1.52849992709800        0.89197561945461
35
 energy: -43.878952395571 gnorm: 0.000543777518 xtb: 6.7.1 (edcfbbe)
C            2.74077781782830        1.00270750567334       -0.56041989504721
C            1.54196324007808        1.17486629215592        0.36155168870366
C            0.94739230921147       -0.19043564741620        0.81548153167465
C            1.96816333211449       -0.91330068985914        1.62985628780499
C            2.52792896349432       -2.08319906293309        1.24139390872565
C            2.11223000340498       -2.72202423062100        0.06275401107978
C            1.05252515726255       -2.18181574214600       -0.67242199535133
C            0.44439022686627       -1.00756454388933       -0.33678185864959
C           -0.76264025941479       -0.54849776472804       -1.12852545871450
C           -0.34640278926527        0.18530717595167       -2.41103164210701
C           -1.73894686412579        0.21730167549336       -0.26637844848682
C           -2.02743884695371        1.56437736615523       -0.43158186137759
C           -2.93535087997257        2.19951764684858        0.40074832375801
C           -3.56801371214037        1.49998544739374        1.41163313057231
C           -3.28893307637571        0.15421323089156        1.58650441246914
C           -2.38523920639600       -0.47721064555471        0.75433429305113
H            3.53918462226133        0.47209649333734       -0.04724178099399
H            2.46945656878072        0.42913374381180       -1.44297407019357
H            3.11772075382505        1.97309519874179       -0.87726442160076
H            1.84708213819424        1.72410048280918        1.25514902360733
H            0.76140461668994        1.75478658331609       -0.13081051422175
H            0.09568182137519        0.07189024385391        1.46445602918616
H            2.28073465065804       -0.42548100909967        2.54193632397447
H            3.29226161433473       -2.54694506735154        1.84941916457104
H            2.57008429625928       -3.64775324990209       -0.24638739111125
H            0.68464920377222       -2.73753893259135       -1.52595944637591
H           -1.28486087084882       -1.45919460774657       -1.45451036128161
H            0.21561081053703        1.08933613065781       -2.19784439551057
H            0.28232862531490       -0.46821838605660       -3.01216654954682
H           -1.22733080884947        0.44669292518566       -2.99431571007792
H           -1.55393889769061        2.13502541162703       -1.21514007707890
H           -3.14825912777890        3.24875436130874        0.25538029739059
H           -4.27629627460784        1.99717752811347        2.05790485141803
H           -3.77939262888356       -0.40377455999583        2.37080279594028
H           -2.16872652895642       -1.52771130343090        0.89234980380078
35
 energy: -43.878960471549 gnorm: 0.000288438839 xtb: 6.7.1 (edcfbbe)
C            2.73812675947959        1.00596845113974       -0.55737344928222
C            1.53767668480613        1.17484285347528        0.36319403348673
C            0.94553605757133       -0.19202017311984        0.81541161917319
C            1.96680814988778       -0.91432489570265        1.62954383286539
C            2.52731629103912       -2.08375643685139        1.24087296075984
C            2.11320570371995       -2.72187396768377        0.06121625785918
C            1.05396255336703       -2.18169595710282       -0.67463533386496
C            0.44422589823563       -1.00852878695756       -0.33800993005562
C           -0.76334806253384       -0.55042728162820       -1.12962547785144
C           -0.34825138835826        0.18111243065850       -2.41373998954553
C           -1.73827670450312        0.21693639592961       -0.26741406906804
C           -2.02492057876144        1.56435679998886       -0.43253438030755
C           -2.93026024439259        2.20116751615806        0.40136269133821
C           -3.56220792891736        1.50294404176092        1.41352423001058
C           -3.28528005380524        0.15673638047824        1.58804693770556
C           -2.38420461419629       -0.47635488409122        0.75430665510191
H            3.53798649199874        0.47856032052318       -0.04291927332272
H            2.46950271489991        0.43062435674734       -1.43969003674540
H            3.11198498430253        1.97746091907732       -0.87478717020397
H            1.84022769622958        1.72445621078629        1.25746634919133
H            0.75640867162760        1.75302767014392       -0.13012326190239
H            0.09318234348943        0.06801811203860        1.46449140492065
H            2.27847251954230       -0.42688357995858        2.54212756748922
H            3.29150127262984       -2.54742829119830        1.84925038004276
H            2.57207816300990       -3.64702688106353       -0.24832779180973
H            0.68758391175398       -2.73660510322420       -1.52946148612323
H           -1.28607628704477       -1.46166220033843       -1.45338552245393
H            0.21102151840494        1.08727950954472       -2.20253759539650
H            0.28278482706855       -0.47215843249437       -3.01268522193829
H           -1.22953828744223        0.43841986174167       -2.99829864096207
H           -1.55248284657347        2.13392643498302       -1.21777097046817
H           -3.14208519049048        3.25072350698340        0.25594666582733
H           -4.26841911102997        2.00146399813769        2.06100623903412
H           -3.77538876834584       -0.40034400929166        2.37331326290297
H           -2.16905314666565       -1.52723488958561        0.89213851359372
35
 energy: -43.878966974774 gnorm: 0.000197130499 xtb: 6.7.1 (edcfbbe)
C            2.73534610169149        1.00881632861612       -0.55460747301335
C            1.53321319561007        1.17462049130833        0.36433933201080
C            0.94358521603536       -0.19369292793068        0.81539610616792
C            1.96543579118429       -0.91533259710194        1.62929042316005
C            2.52710511248202       -2.08397361324104        1.24009880712229
C            2.11444811094390       -2.72153083036763        0.05959557156269
C            1.05519051943425       -2.18179137021571       -0.67654652603714
C            0.44378845282083       -1.00974882887532       -0.33899240561814
C           -0.76418524072056       -0.55240020422454       -1.13059359982550
C           -0.34920653159197        0.17739614182299       -2.41571223632549
C           -1.73809457899716        0.21638133637525       -0.26854763218270
C           -2.02312407011933        1.56409956091259       -0.43377491157107
C           -2.92563146097611        2.20271090505244        0.40182604104914
C           -3.55667835255119        1.50590491348979        1.41548659755091
C           -3.28231638078108        0.15908852954819        1.58933404813718
C           -2.38381504605886       -0.47569745600499        0.75412097693931
H            3.53648468503050        0.48460122217406       -0.03881054986766
H            2.46964217009869        0.43179731104443       -1.43673107789604
H            3.10630670685536        1.98130986407093       -0.87245206642812
H            1.83316574134931        1.72477543970446        1.25913741701093
H            0.75138542086748        1.75106185241799       -0.13013371058172
H            0.09068284991966        0.06444650772168        1.46452573965089
H            2.27640440505529       -0.42804181855019        2.54218201079282
H            3.29176213654110       -2.54719018612778        1.84831035445417
H            2.57448762869404       -3.64594433908271       -0.25047863241534
H            0.68980017306323       -2.73647979483264       -1.53198874237704
H           -1.28733826309503       -1.46391949986844       -1.45293333963556
H            0.20867055083786        1.08463073630173       -2.20561358208302
H            0.28316167924120       -0.47604365569964       -3.01301872133105
H           -1.23042750885610        0.43244005353206       -3.00131254569865
H           -1.55147427737104        2.13262923665085       -1.22037693303113
H           -3.13593356934614        3.25265378397071        0.25647614295339
H           -4.26024223469722        2.00600164444245        2.06463454637302
H           -3.77171556497515       -0.39696189477617        2.37584174580026
H           -2.17008356761561       -1.52691684225330        0.89192882518386
35
 energy: -43.878972180289 gnorm: 0.000190642081 xtb: 6.7.1 (edcfbbe)
C            2.73289474488030        1.01097268425344       -0.55237957151639
C            1.52940380430758        1.17426331203006        0.36525076327854
C            0.94175302767568       -0.19521199743004        0.81539191791624
C            1.96454489158239       -0.91594620507413        1.62883307218080
C            2.52761717988247       -2.08366554434018        1.23893158397207
C            2.11566905667255       -2.72112519058748        0.05811947956069
C            1.05571062657272       -2.18230180263805       -0.67772559368990
C            0.44295649967074       -1.01118344232582       -0.33948868765118
C           -0.76504652825492       -0.55419518160659       -1.13133006306209
C           -0.34952677415463        0.17453493876234       -2.41690536554219
C           -1.73816816297976        0.21574365768216       -0.26948552805529
C           -2.02170115502918        1.56375031943426       -0.43483593691120
C           -2.92181961366881        2.20399391523927        0.40210508812397
C           -3.55210715395953        1.50851995355399        1.41712714097509
C           -3.27986656723127        0.16123565472322        1.59060198175123
C           -2.38376218222083       -0.47518001146595        0.75404930365413
H            3.53496608500322        0.48931791611180       -0.03540759001638
H            2.46961601443233        0.43258612078829       -1.43434914898317
H            3.10150592292675        1.98426987925793       -0.87057898342294
H            1.82715528561871        1.72502623932971        1.26040878054016
H            0.74695983057175        1.74906915951277       -0.13011205693137
H            0.08852249393429        0.06134352075212        1.46471656568535
H            2.27477413598223       -0.42884893243495        2.54207916141202
H            3.29287221245859       -2.54634835819234        1.84683504468459
H            2.57695891707510       -3.64470724761132       -0.25259124598845
H            0.69130470133967       -2.73678699744846       -1.53374101468727
H           -1.28856957564621       -1.46576375500522       -1.45291680640809
H            0.20848614028368        1.08175304200553       -2.20721127715441
H            0.28300491385796       -0.47946859485118       -3.01339199626507
H           -1.23039470056757        0.42933950059445       -3.00309914016695
H           -1.55097914796646        2.13120322075165       -1.22282118764598
H           -3.13091194262482        3.25416668634984        0.25655702199693
H           -4.25346014865154        2.01000400805765        2.06758044750956
H           -3.76905435242387       -0.39394337578846        2.37787143053289
H           -2.17150847934590       -1.52671709238598        0.89181241032494
35
 energy: -43.878976664497 gnorm: 0.000187611766 xtb: 6.7.1 (edcfbbe)
C            2.73057138730869        1.01264351685813       -0.55049554193462
C            1.52595172736072        1.17385023980516        0.36601740795680
C            0.94021573747755       -0.19665849025215        0.81555188379763
C            1.96400672956670       -0.91658346736739        1.62841212232177
C            2.52854923391112       -2.08328954982717        1.23761986636399
C            2.11699213173884       -2.72067827602946        0.05663903711131
C            1.05618767287557       -2.18276534563269       -0.67871238029738
C            0.44229099377050       -1.01245129693281       -0.33983757766684
C           -0.76579291211350       -0.55576174636328       -1.13178114574984
C           -0.34954666243131        0.17225303552613       -2.41754185736222
C           -1.73833926014452        0.21512953918657       -0.27018131330156
C           -2.02081961786576        1.56329659083721       -0.43602736261753
C           -2.91898007278068        2.20503572997764        0.40186506647987
C           -3.54855715239737        1.51085307783601        1.41820046891808
C           -3.27810894942852        0.16320030025071        1.59157091873273
C           -2.38381240905885       -0.47466573703786        0.75418641773856
H            3.53335755283312        0.49302144380335       -0.03258893019378
H            2.46930489617005        0.43319360622319       -1.43236860526501
H            3.09733037848040        1.98657054024212       -0.86892094118720
H            1.82196194102638        1.72498542473836        1.26150749530963
H            0.74300222605045        1.74742089134936       -0.12996788531973
H            0.08677910512163        0.05850096695080        1.46514771579052
H            2.27388239861351       -0.42953558638427        2.54179392119697
H            3.29483380033645       -2.54517639661756        1.84484628650282
H            2.57938702369141       -3.64349275017193       -0.25471538561940
H            0.69191634755862       -2.73756266218598       -1.53458265551214
H           -1.28956937861812       -1.46730399425402       -1.45300887493345
H            0.20974326879433        1.07868867692240       -2.20787306210505
H            0.28210014312994       -0.48265857272697       -3.01396399865851
H           -1.23005694159599        0.42821383087146       -3.00374774950539
H           -1.55038196324458        2.12986003337910       -1.22484276232191
H           -3.12668210961686        3.25549369772231        0.25629562876598
H           -4.24792658252440        2.01363768374152        2.06977530939729
H           -3.76702210889367       -0.39107359535866        2.37966317193272
H           -2.17296857509843       -1.52649135907487        0.89196531123578
