35
 energy: -43.867055905452 gnorm: 0.072236877431 xtb: 6.7.1 (edcfbbe)
C            1.77970000000000        2.32770000000000       -0.28190000000000
C            1.29810000000000        1.20770000000000       -1.19630000000000
C            1.58830000000000       -0.18570000000000       -0.68180000000000
C            2.85260000000000       -0.55840000000000       -0.39130000000000
C            3.13050000000000       -1.93290000000000       -0.05840000000000
C            2.21110000000000       -2.98480000000000       -0.40190000000000
C            0.94410000000000       -2.64930000000000       -0.68680000000000
C            0.42150000000000       -1.20770000000000       -0.63380000000000
C           -0.50960000000000       -0.99750000000000        0.61800000000000
C           -1.44550000000000       -2.18780000000000        0.90730000000000
C           -1.37810000000000        0.25620000000000        0.54050000000000
C           -2.32070000000000        0.43730000000000       -0.48460000000000
C           -3.11380000000000        1.58560000000000       -0.52800000000000
C           -2.98160000000000        2.56340000000000        0.45500000000000
C           -2.06000000000000        2.39210000000000        1.48510000000000
C           -1.26660000000000        1.24430000000000        1.53070000000000
H            1.43120000000000        3.29470000000000       -0.65900000000000
H            1.40350000000000        2.20540000000000        0.73790000000000
H            2.87280000000000        2.36750000000000       -0.23740000000000
H            1.76900000000000        1.32100000000000       -2.18130000000000
H            0.22820000000000        1.33790000000000       -1.37620000000000
H            3.69250000000000        0.12490000000000       -0.45840000000000
H            4.12450000000000       -2.19700000000000        0.28550000000000
H            2.56110000000000       -4.01010000000000       -0.43670000000000
H            0.23860000000000       -3.42710000000000       -0.96520000000000
H           -0.15700000000000       -1.07640000000000       -1.55830000000000
H            0.14380000000000       -0.90350000000000        1.49780000000000
H           -2.05130000000000       -2.44930000000000        0.03260000000000
H           -2.13210000000000       -1.95940000000000        1.73140000000000
H           -0.88010000000000       -3.07590000000000        1.20790000000000
H           -2.44580000000000       -0.31490000000000       -1.25980000000000
H           -3.83690000000000        1.71530000000000       -1.32900000000000
H           -3.59950000000000        3.45660000000000        0.42090000000000
H           -1.95840000000000        3.15170000000000        2.25560000000000
H           -0.55380000000000        1.12870000000000        2.34440000000000
35
 energy: -43.875700401880 gnorm: 0.032252179532 xtb: 6.7.1 (edcfbbe)
C            1.77466598982598        2.31243634322865       -0.28064625327285
C            1.27683600294290        1.19147733600641       -1.19120683422914
C            1.56197084506182       -0.20286957847179       -0.68761276743539
C            2.82752121215183       -0.58528348659922       -0.38176024867004
C            3.14394851403046       -1.93216589866907       -0.08438812569179
C            2.20487738352252       -2.95031236314262       -0.37501087787348
C            0.93091591323007       -2.62157749292523       -0.67446288874376
C            0.41372139998995       -1.20364149115124       -0.63716443958078
C           -0.50374279332612       -0.98621644924439        0.61630889890172
C           -1.42959266134365       -2.18266059547380        0.88842420434632
C           -1.35481842547655        0.26676555001990        0.52740762979718
C           -2.30031021884501        0.44146027887115       -0.48195736926324
C           -3.09832257048362        1.57523750461933       -0.52101403830298
C           -2.97235246372227        2.55069282015093        0.45464488729333
C           -2.05344373025434        2.38006882091365        1.47635114987008
C           -1.25481789945414        1.24669877080915        1.51206868742953
H            1.43158136097634        3.27722670009472       -0.65579295207258
H            1.39263857662320        2.18874213529144        0.73095058723493
H            2.86308386927756        2.34287100709123       -0.23370566277252
H            1.76299463786300        1.30813351376772       -2.16905688652679
H            0.20471914932624        1.32040680267027       -1.35526626732895
H            3.65089415176417        0.11721457921292       -0.40685675864430
H            4.13719626573850       -2.19241922628809        0.25206471643590
H            2.54590323159898       -3.97637872497563       -0.39557069601872
H            0.22549855984079       -3.38984943702507       -0.96375454653914
H           -0.19532601262657       -1.05542457289501       -1.53869742022584
H            0.16208860988375       -0.88823259997731        1.48221461989406
H           -2.03633983727119       -2.43460115581626        0.01906370908582
H           -2.10741525629753       -1.93737907699315        1.70838850360693
H           -0.86084221131889       -3.06456606511026        1.18352399610881
H           -2.42432032751131       -0.31133035864795       -1.24957846257516
H           -3.82085023276885        1.70017515319727       -1.31733846024940
H           -3.59032911241571        3.43871602641982        0.42078718516100
H           -1.95624029520688        3.13364063426181        2.24707816535676
H           -0.55169162532545        1.12324459677975        2.32606501549449
35
 energy: -43.878090133702 gnorm: 0.008845541764 xtb: 6.7.1 (edcfbbe)
C            1.76272776430279        2.29688325171225       -0.27157847369170
C            1.25712634514533        1.18194162145417       -1.18880390283157
C            1.54010236031498       -0.20992063060339       -0.69412811541753
C            2.80512274659263       -0.59515937298020       -0.36113431435007
C            3.14284481691110       -1.92579731258528       -0.09545773304796
C            2.19634798896923       -2.92486114993621       -0.36044814883645
C            0.92008798578300       -2.60455307766057       -0.68273965496294
C            0.41288170839342       -1.20134632264078       -0.65646863765556
C           -0.48945762007548       -0.97762966618156        0.61086975262322
C           -1.41568550499590       -2.16995213726234        0.87804613642715
C           -1.33603648363240        0.26723241638895        0.52361803975692
C           -2.27897395982698        0.43922751979107       -0.48321108888571
C           -3.07885283755089        1.56609025244861       -0.52284578168871
C           -2.95897644243061        2.54162430853044        0.45082252325957
C           -2.03810145974078        2.37449326045207        1.46839285022994
C           -1.23818920265745        1.24701026365307        1.50262136757120
H            1.42897401851340        3.26116879223055       -0.64895486678661
H            1.37379454902566        2.17032864758957        0.73474819498666
H            2.84847904686928        2.31019555608749       -0.22464889374248
H            1.74395817216437        1.29999434823904       -2.16517522407803
H            0.18373920904605        1.30797670588856       -1.33760743182454
H            3.60975689657649        0.13003263395045       -0.35702332080364
H            4.14314468182153       -2.18556518248139        0.21208819457987
H            2.51794918446955       -3.95827500702743       -0.34215965344846
H            0.21320014962970       -3.37345233007474       -0.95449220796736
H           -0.23368748378456       -1.04135031433057       -1.53264007394576
H            0.18483821598901       -0.88024537980497        1.46814278086600
H           -2.01647251293786       -2.40991523733976        0.00507580584688
H           -2.09106185282057       -1.92303447364214        1.69591893670695
H           -0.84190580078756       -3.04802938118402        1.16153771950758
H           -2.39706141497503       -0.31368385201692       -1.24880895424152
H           -3.80619306733665        1.68237343022773       -1.31327470624383
H           -3.58483907347845        3.42135576268432        0.42111966864652
H           -1.94748347265651        3.12242394229731        2.24236761073673
H           -0.53179765082984        1.12271811412668        2.31073160270527
35
 energy: -43.878515397352 gnorm: 0.005924550201 xtb: 6.7.1 (edcfbbe)
C            1.75167155998478        2.28920485145954       -0.26316288380199
C            1.24307177520107        1.18217612911657       -1.18819459586574
C            1.53182631382568       -0.21031054383489       -0.70505396555916
C            2.79583546964740       -0.59052196459073       -0.35590440300484
C            3.13759675092145       -1.92117222461110       -0.09869022059130
C            2.18831546185157       -2.92294436047104       -0.34698476393417
C            0.91380752427140       -2.60665985152158       -0.68441067679547
C            0.41085901078395       -1.20354256786124       -0.67164158779142
C           -0.48098239202961       -0.97551521114428        0.60823170074991
C           -1.40815521729320       -2.16607707208517        0.87516301825825
C           -1.32012508104744        0.27047731945165        0.51956238897935
C           -2.26479891162877        0.43864739288080       -0.48742312428400
C           -3.06985737677956        1.56164539518383       -0.52515095105151
C           -2.95265375922661        2.53738923403871        0.44981738724848
C           -2.02760307294073        2.37516563992847        1.46563510668640
C           -1.22117102308314        1.25189449685179        1.49758024760234
H            1.42600058701907        3.25736300152362       -0.63686767664816
H            1.35641581533369        2.15695527431112        0.74004435395694
H            2.83710106795166        2.29206260988195       -0.21144468476434
H            1.72272326538297        1.30725891457556       -2.16643228700595
H            0.16867571031276        1.30650492469595       -1.32957221289277
H            3.58809131878281        0.14883597088355       -0.33100992369590
H            4.14231041143348       -2.17955384699008        0.19534653202641
H            2.50114606427037       -3.95873075425129       -0.31547770966175
H            0.20900220273201       -3.37884450763603       -0.95033869694968
H           -0.24900617599839       -1.04320500024358       -1.53760935538447
H            0.20253858130327       -0.88007004149437        1.45858209656529
H           -2.00908399714800       -2.39832861827286       -0.00024590733769
H           -2.08188330501555       -1.91987507270943        1.69394258365641
H           -0.83539210713772       -3.04633423375121        1.15317311529179
H           -2.37946036458848       -0.31546934946861       -1.25287416764446
H           -3.79662091909999        1.67533971936149       -1.31644612802321
H           -3.58141058631742        3.41470711044026        0.42017092460329
H           -1.93677238050909        3.12404928423911        2.23859370667626
H           -0.51171222116569        1.12777795211359        2.30359276038691
35
 energy: -43.878691239755 gnorm: 0.002961137438 xtb: 6.7.1 (edcfbbe)
C            1.73783642312612        2.28239179961305       -0.25350680023993
C            1.22885134932520        1.18366378298056       -1.18738613347138
C            1.52593924455740       -0.21061681423504       -0.71614782830157
C            2.78807147532568       -0.58473344164592       -0.35204857316419
C            3.12978162469784       -1.91561328132097       -0.09410823358154
C            2.18531401816651       -2.92254333932200       -0.34116738627488
C            0.91323554821955       -2.61163835018354       -0.69175446782834
C            0.40892874663800       -1.20854981551370       -0.68669431554640
C           -0.47481457430050       -0.97587552813563        0.60370903157174
C           -1.40401513035180       -2.16308590088470        0.87488734169838
C           -1.30982358043536        0.27114678893470        0.51822948140557
C           -2.25470024994583        0.43820296560278       -0.49007290878582
C           -3.06006935009101        1.56091330112414       -0.52844685858390
C           -2.94255658583024        2.53683972563584        0.44710969954131
C           -2.01359095156537        2.37860968426310        1.46079627166357
C           -1.20586940975684        1.25569798561338        1.49372216942751
H            1.42088075871972        3.25554790823718       -0.62183375051206
H            1.33473441434473        2.14452474041327        0.74622940574970
H            2.82292804932327        2.27766319190866       -0.19392804706138
H            1.69913074415491        1.31968525034054       -2.16865451952210
H            0.15318401146639        1.30593378562999       -1.32168309661155
H            3.57171185523870        0.16000364611960       -0.32024542779924
H            4.13676623054955       -2.17190398518318        0.19357392432775
H            2.49328424054803       -3.95887428533194       -0.29351119666751
H            0.21079419576234       -3.38842218198069       -0.95088130695011
H           -0.25667219069166       -1.05103392381258       -1.54623649897990
H            0.21865919784027       -0.88354254629809        1.44653015306363
H           -2.00790700872543       -2.39132278522571       -0.00011810098144
H           -2.07449851890778       -1.91706451361493        1.69644491263891
H           -0.83262853322978       -3.04560320046280        1.14914546498379
H           -2.36659151752176       -0.31634903898740       -1.25599623320521
H           -3.78765994342808        1.67248271043641       -1.31959403893272
H           -3.57592754439250        3.41108549774345        0.41989947768209
H           -1.92152564773103        3.12914050692049        2.23237996368286
H           -0.49088139109921        1.13353966062181        2.29585842556441
35
 energy: -43.878748261491 gnorm: 0.002005785380 xtb: 6.7.1 (edcfbbe)
C            1.72771014339612        2.27861695773649       -0.24754046587850
C            1.22052158777612        1.18471604812647       -1.18736162397151
C            1.52346918259781       -0.21104865022143       -0.72348991661103
C            2.78444985372410       -0.58170031777519       -0.35428697388764
C            3.12556646677130       -1.91187091007472       -0.08894575671809
C            2.18489599783595       -2.92250937099264       -0.33725200437802
C            0.91442237718407       -2.61478923194818       -0.69541596986959
C            0.40794463940194       -1.21204474740648       -0.69406012437328
C           -0.47271973383762       -0.97822777342956        0.60000117602038
C           -1.40317175315952       -2.16323123155562        0.87548483269651
C           -1.30512358127000        0.27060342786139        0.51642566469889
C           -2.25105232307331        0.43845553700021       -0.49125080108940
C           -3.05508098723214        1.56220459561300       -0.52946793011560
C           -2.93469998922824        2.53823932058892        0.44570230798986
C           -2.00335743468952        2.38070640227791        1.45723588859343
C           -1.19694772101551        1.25653199653577        1.49041778447094
H            1.41552816754016        3.25450875128816       -0.61284777729068
H            1.31874292017358        2.13811005482572        0.74964286991336
H            2.81242383760404        2.27130306195559       -0.18150407889035
H            1.68527222707204        1.32893114909729       -2.17035795344446
H            0.14397820366196        1.30446962961631       -1.31753077369097
H            3.56537967622515        0.16453451104701       -0.31754244171703
H            4.13136825703142       -2.16539061389345        0.20447107703301
H            2.49445503586024       -3.95713174899701       -0.28641922225297
H            0.21453720134448       -3.39332508511234       -0.95667877757195
H           -0.25795304861927       -1.05765467757131       -1.55219318708439
H            0.22534892840542       -0.88766181164415        1.43896584782231
H           -2.01108462960828       -2.39113497189407        0.00305720429829
H           -2.07024313320863       -1.91591521281005        1.69971167197901
H           -0.83296526713726       -3.04709625770183        1.14846895823538
H           -2.36396202401421       -0.31654039424479       -1.25657513306723
H           -3.78257973969596        1.67459556106870       -1.32066517539678
H           -3.56748450781360        3.41299739061960        0.41901787450997
H           -1.90758755958817        3.13336344588834        2.22651674426896
H           -0.47970127041464        1.13468516612611        2.29076618476926
35
 energy: -43.878790102654 gnorm: 0.001909894590 xtb: 6.7.1 (edcfbbe)
C            1.71632733867114        2.27565603395941       -0.24252891925023
C            1.21289755159283        1.18524406770633       -1.18777611139806
C            1.52061463704257       -0.21115797541555       -0.72830496924739
C            2.78049184558926       -0.57850613394542       -0.35461763353041
C            3.12211511197997       -1.90787970287992       -0.08218299303979
C            2.18582069166134       -2.92136799861122       -0.33550618235529
C            0.91668301881539       -2.61678430437916       -0.70029876680560
C            0.40681883350940       -1.21521964297506       -0.69956824015696
C           -0.47165393440453       -0.98154384268820        0.59597888167704
C           -1.40268254018530       -2.16507700001714        0.87498778961263
C           -1.30246402679009        0.26880988703910        0.51451003842150
C           -2.24993739475747        0.43859083115595       -0.49145808996111
C           -3.05041131628861        1.56486445351828       -0.52963146571942
C           -2.92439302511339        2.54167013453261        0.44395957898169
C           -1.99134756277860        2.38270911648342        1.45331620328442
C           -1.18903597687144        1.25554006486838        1.48694954797304
H            1.40868802467499        3.25345169338242       -0.60663365010757
H            1.30010929145208        2.13364932816429        0.75148893486131
H            2.80050975345093        2.26635108243295       -0.16851280623658
H            1.67525731049780        1.33659240741843       -2.17093374819537
H            0.13584747486263        1.30156020712077       -1.31611863001014
H            3.56109624332670        0.16693666803826       -0.31803367982144
H            4.12546791267207       -2.15818314719195        0.22251948528122
H            2.49847588247709       -3.95460709503220       -0.28004950960018
H            0.21937623936385       -3.39659057745229       -0.96531907408052
H           -0.25886506852274       -1.06339779179942       -1.55757885716254
H            0.22906677755883       -0.89235252076741        1.43244641105404
H           -2.01569750664634       -2.39305970062539        0.00616541935827
H           -2.06533466087289       -1.91602140230212        1.70250019905740
H           -0.83315352072617       -3.05004553815558        1.14631572501759
H           -2.36590538595694       -0.31683253820232       -1.25575230660165
H           -3.77874745560154        1.67889367610405       -1.31981097715727
H           -3.55451490124394        3.41841557579710        0.41765349073592
H           -1.89063949663350        3.13716037468979        2.22032357292469
H           -0.47058016580529        1.13283131002908        2.28600133219684
35
 energy: -43.878827433781 gnorm: 0.001586228563 xtb: 6.7.1 (edcfbbe)
C            1.69928305357813        2.27350346754886       -0.23752792114746
C            1.20424533018493        1.18532413370732       -1.18951042154954
C            1.51623578099765       -0.21108971757698       -0.73276279188352
C            2.77481815731386       -0.57455925172267       -0.35357025304341
C            3.11795568000785       -1.90212430924636       -0.07150712139228
C            2.18684511046937       -2.91861711279666       -0.33143295437508
C            0.91939583575949       -2.61801822323763       -0.70545932920959
C            0.40491832711072       -1.21835550984260       -0.70418126500670
C           -0.47183488007683       -0.98735311483905        0.59131593096799
C           -1.40258508000736       -2.17029174160764        0.87292084324041
C           -1.30110525931867        0.26461997765240        0.51249729160261
C           -2.25073694369488        0.43816145328143       -0.49051595320078
C           -3.04368340769310        1.56969375247332       -0.52903534587132
C           -2.90718259459951        2.54863737989348        0.44097775082163
C           -1.97323520738377        2.38507611541280        1.44831962185433
C           -1.17966951278868        1.25181017302870        1.48303568430006
H            1.39737857870363        3.25252259467090       -0.60301775190900
H            1.27169330325343        2.13091099010155        0.75149972514850
H            2.78246201695474        2.26193711597229       -0.15113878759538
H            1.66893549597144        1.34333770300155       -2.17025005015565
H            0.12720436337094        1.29666785865977       -1.32011437392160
H            3.55649990519905        0.17061350249652       -0.31619320896870
H            4.11815003380600       -2.14772197178519        0.24893331035063
H            2.50561460970918       -3.94975752705029       -0.27488222890990
H            0.22621221402055       -3.39895545913669       -0.97847073996156
H           -0.26077073507346       -1.06867900153452       -1.56294748098893
H            0.22988543455744       -0.89928594182621        1.42665302679030
H           -2.02186649982458       -2.39692203753210        0.00833834148946
H           -2.05923045443576       -1.92097826560103        1.70522189488956
H           -0.83248513546234       -3.05638308103842        1.13962522371641
H           -2.37351469076915       -0.31813795517407       -1.25276502959461
H           -3.77385660346820        1.68687191105987       -1.31695474268788
H           -3.53000606625948        3.43058159069526        0.41360539927293
H           -1.86454313023429        3.14128568727045        2.21249160586860
H           -0.46112702987819        1.12597481462202        2.28130210105959
35
 energy: -43.878855034201 gnorm: 0.001152434830 xtb: 6.7.1 (edcfbbe)
C            1.68806561051003        2.27462053290634       -0.23656221847549
C            1.20104729464794        1.18488652127076       -1.19128838920173
C            1.51282033687916       -0.21017867771815       -0.73097744965744
C            2.77085775769655       -0.57164582329376       -0.34767311726929
C            3.11571435942993       -1.89861163935634       -0.06537442615838
C            2.18725459558743       -2.91623066106378       -0.32962750431475
C            0.92053626203126       -2.61781300444362       -0.70772850745039
C            0.40343560092448       -1.21923632813252       -0.70419017420657
C           -0.47332908462612       -0.99151026064093        0.59076590636271
C           -1.40298608835992       -2.17593960374724        0.86971871706069
C           -1.30146022830719        0.26123054665562        0.51296330838341
C           -2.25207637865245        0.43717562206807       -0.48850765397251
C           -3.03893033223012        1.57290887109616       -0.52810972234264
C           -2.89488602705607        2.55407719321631        0.43863772039453
C           -1.96179952529281        2.38654797866290        1.44620242234434
C           -1.17504399711699        1.24867684700790        1.48241863970402
H            1.38890901624553        3.25289337250422       -0.60600310641782
H            1.25248867524786        2.13314642467851        0.74897697814850
H            2.77039089647323        2.26259069059927       -0.14159845068509
H            1.67294346641439        1.34296353369302       -2.16827603316393
H            0.12476428757438        1.29391517874043       -1.32916209763010
H            3.55278083970153        0.17384033968466       -0.31216963118494
H            4.11498823879158       -2.14223839465724        0.25907400119295
H            2.50832279817426       -3.94723181884342       -0.27233834856357
H            0.22982818674072       -3.39954241654305       -0.98441858722814
H           -0.26267188829483       -1.06910084776493       -1.56328560664056
H            0.22761372046302       -0.90418911044083        1.42707744525602
H           -2.02417484537325       -2.39920692418600        0.00573586631188
H           -2.05725167780414       -1.92995660452568        1.70459165387745
H           -0.83154347089797       -3.06268568943137        1.13112509906511
H           -2.38048966247718       -0.32012891303033       -1.24892685418531
H           -3.76987615162453        1.69245674726849       -1.31490114845898
H           -3.51071895217952        3.44080141747869        0.40855399010042
H           -1.84772005894517        3.14348158126908        2.20872368995073
H           -0.45750357429481        1.11953331901923        2.28105358905502
35
 energy: -43.878893694251 gnorm: 0.001848565949 xtb: 6.7.1 (edcfbbe)
C            1.66847578428771        2.27905085624838       -0.23669510970977
C            1.19810485730195        1.18423672515858       -1.19496703338266
C            1.50776143313319       -0.20867350982918       -0.72705034480639
C            2.76518217142599       -0.56741015928243       -0.33839316557413
C            3.11236776364485       -1.89313450503365       -0.05532989992898
C            2.18754319043489       -2.91272930813858       -0.32521396891086
C            0.92192293680776       -2.61720567506764       -0.70923453208437
C            0.40081826181510       -1.21998268618879       -0.70229562535029
C           -0.47752395458537       -0.99983813597979        0.59227741629616
C           -1.40558664961432       -2.18731388702491        0.86344968937257
C           -1.30347912040921        0.25427297437151        0.51682730427166
C           -2.25463627156215        0.43454431364083       -0.48313938593616
C           -3.02942323255790        1.57858787996301       -0.52665119872055
C           -2.87236914203329        2.56405881796670        0.43380493902297
C           -1.94180064532604        2.38990815400599        1.44284956348641
C           -1.16796017763259        1.24333731815016        1.48352823350918
H            1.37322617837875        3.25507839302264       -0.61502581995264
H            1.21817420989626        2.14066926314519        0.74251951162932
H            2.74923336793379        2.26825048803542       -0.12569256080162
H            1.68585600058569        1.34012916751862       -2.16450532364390
H            0.12358981465502        1.29024787003240       -1.35005322466601
H            3.54547404343926        0.18148443906430       -0.29843018599486
H            4.11153112552099       -2.13440616777111        0.27037516589487
H            2.51197120987987       -3.94301435927490       -0.27256556024915
H            0.23542609200129       -3.39993534214460       -0.99297326610406
H           -0.26578094172956       -1.06857852599928       -1.56143628438848
H            0.22141897313838       -0.91525689346381        1.43103729552401
H           -2.02813436020395       -2.40324068327905       -0.00135852834665
H           -2.05755436264036       -1.95016240334582        1.70239944222334
H           -0.83149446282716       -3.07525124863083        1.11445565883766
H           -2.39285036469059       -0.32477711883669       -1.24001731013797
H           -3.76148985951059        1.70178913639504       -1.31190227389220
H           -3.47654184843416        3.45868685438541        0.39845089867227
H           -1.81907616306969        3.14819020299222        2.20258701454967
H           -0.45207585745351        1.10868775519523        2.28286846929168
35
 energy: -43.878914819503 gnorm: 0.001113397674 xtb: 6.7.1 (edcfbbe)
C            1.65074825153719        2.28337499642943       -0.23762620769383
C            1.19534185326753        1.18357888256471       -1.19761652623301
C            1.50313441206391       -0.20699200223715       -0.72157770982116
C            2.76009747683622       -0.56279448439919       -0.32739642629635
C            3.10979340658913       -1.88835815448404       -0.04715541835891
C            2.18908525479415       -2.90998025179349       -0.32412354271986
C            0.92390924910120       -2.61715099937850       -0.71132458986796
C            0.39888182512356       -1.22135102224401       -0.70126103824629
C           -0.48119804157536       -1.00738670702906        0.59426158930127
C           -1.40937933055190       -2.19659893142149        0.85679537049492
C           -1.30275534530365        0.24952222235171        0.52067863912008
C           -2.25404231196679        0.43329357057215       -0.47853336661514
C           -3.02029480723867        1.58302314143677       -0.52503308072828
C           -2.85413811862175        2.57081100998692        0.43133802438014
C           -1.92513319205129        2.39239191503896        1.44116120424883
C           -1.16010583639333        1.24002745100137        1.48508200342769
H            1.35881368402164        3.25712110571643       -0.62442799267900
H            1.18733590781149        2.14858387337490        0.73594629574887
H            2.73004114567978        2.27501568795460       -0.11202709156023
H            1.69582282495667        1.33737093248580       -2.16125279151801
H            0.12254127935142        1.28666977645204       -1.36776033504208
H            3.53730867230507        0.18765029365188       -0.28750924612791
H            4.10901174295773       -2.12831934262909        0.27917698575204
H            2.51477753801725       -3.94012580082654       -0.27126730439956
H            0.24050339881284       -3.40119326448729       -0.99874813144506
H           -0.26809726609689       -1.06923728954828       -1.55951545850213
H            0.21694165368052       -0.92763763954042        1.43424806786577
H           -2.03249191628455       -2.40591510398480       -0.00929488113349
H           -2.06081053939687       -1.96635064688949        1.69807785695131
H           -0.83531214048979       -3.08652397594549        1.10046698931111
H           -2.39947611818652       -0.32771200260402       -1.23233014043164
H           -3.75121248504728        1.70981555015714       -1.31080253779059
H           -3.44888690407591        3.47153024117854        0.39122914464770
H           -1.79494000678824        3.15281883199634        2.19762565321137
H           -0.44551521683810        1.10132813709339        2.28499599274946
35
 energy: -43.878925366921 gnorm: 0.000618356451 xtb: 6.7.1 (edcfbbe)
C            1.64333656841213        2.28561710403122       -0.23968211647945
C            1.19413682942102        1.18292682775726       -1.19880188943342
C            1.50157125490516       -0.20679916234271       -0.71992151323623
C            2.75854561695480       -0.56112852360330       -0.32409683292730
C            3.10939241468438       -1.88629043447557       -0.04409247414195
C            2.19066528103030       -2.90908079563823       -0.32325366550910
C            0.92541969857324       -2.61735754478096       -0.71132212279476
C            0.39866801145932       -1.22237703552256       -0.70060075797478
C           -0.48299259346916       -1.01100660533874        0.59538745170200
C           -1.41317347749147       -2.19948983688904        0.85280440944487
C           -1.30215685886498        0.24732833358317        0.52337197233200
C           -2.25239213157059        0.43337044907002       -0.47644128058536
C           -3.01494885703401        1.58535310877893       -0.52453975047428
C           -2.84604141704814        2.57316085920722        0.43113172212810
C           -1.91805772880628        2.39279446760271        1.44147796110108
C           -1.15667000091862        1.23815127828093        1.48699354172478
H            1.35220677786974        3.25797682175653       -0.63052158684003
H            1.17532431287337        2.15314214079768        0.73165292827981
H            2.72176977840993        2.27934713985426       -0.10851586138089
H            1.69872261166285        1.33550164642554       -2.16033789763421
H            0.12218919842615        1.28431952491458       -1.37434948317393
H            3.53347057003574        0.19165590139686       -0.27933716144210
H            4.10842862727161       -2.12549799611160        0.28332552836084
H            2.51737112355915       -3.93875858361342       -0.27173980746578
H            0.24326315137834       -3.40198974005473       -1.00012061562091
H           -0.26859657729644       -1.07031089028114       -1.55821112982593
H            0.21455794195029       -0.93495594195369        1.43601313671309
H           -2.03499031470507       -2.40599638050965       -0.01484163019822
H           -2.06610431050505       -1.97102327474274        1.69342250182693
H           -0.84075229717172       -3.09069933109525        1.09525366528062
H           -2.39917520571905       -0.32749617410197       -1.22988995196359
H           -3.74526349316841        1.71336433151483       -1.31068267530426
H           -3.43896902781403        3.47482758590920        0.39073361423085
H           -1.78627476574892        3.15336089510644        2.19740535918306
H           -0.44218071154514        1.09835983506868        2.28682641209851
35
 energy: -43.878933741212 gnorm: 0.000617658772 xtb: 6.7.1 (edcfbbe)
C            1.64077865104635        2.28703068542896       -0.24251752016244
C            1.19342501250166        1.18218736740788       -1.19958655531561
C            1.50143163310949       -0.20687445867998       -0.71864788089302
C            2.75847955690752       -0.56018664498816       -0.32212015806296
C            3.11011461540486       -1.88512505108248       -0.04204171347066
C            2.19250398550940       -2.90884805110715       -0.32204048382669
C            0.92683753398939       -2.61785899710853       -0.70952052467668
C            0.39927910015104       -1.22326917502370       -0.69993801467322
C           -0.48402263008681       -1.01291683125665        0.59582964366578
C           -1.41720181115103       -2.19971341083190        0.84937411201728
C           -1.30055847979234        0.24706729311847        0.52450145061712
C           -2.24964791130615        0.43470427258865       -0.47620284052819
C           -3.01196452946424        1.58674069757505       -0.52392588750205
C           -2.84394087549364        2.57301481387711        0.43343779275114
C           -1.91636477760128        2.39166899728712        1.44392863286104
C           -1.15487999862701        1.23705306172554        1.48887152673017
H            1.34955585993458        3.25833434267746       -0.63615698584882
H            1.17136417385633        2.15673774586062        0.72837805835916
H            2.71900557695195        2.28223378248758       -0.10972105226346
H            1.69842605550861        1.33331549368595       -2.16104531593113
H            0.12166018000624        1.28240530432382       -1.37610863112505
H            3.53211100990122        0.19321736681356       -0.27593917301004
H            4.10937450859043       -2.12383643420478        0.28540915975299
H            2.52058784141395       -3.93776810461236       -0.27309470573602
H            0.24522422084790       -3.40295618334541       -0.99857151097458
H           -0.26764496718286       -1.07208809715163       -1.55761956826207
H            0.21267886233098       -0.94011058361706        1.43722857273869
H           -2.03616642239489       -2.40489386214194       -0.02063847960384
H           -2.07320970342259       -1.97023294837632        1.68748127384362
H           -0.84773842016808       -3.09227177764116        1.09398632095205
H           -2.39569390010237       -0.32551633936738       -1.23038974715402
H           -3.74098256465361        1.71577800625378       -1.31109156743310
H           -3.43689142914884        3.47468510338145        0.39374324224467
H           -1.78486052068415        3.15187343280643        2.20028718260122
H           -0.44076943668158        1.09671918323795        2.28896134731878
35
 energy: -43.878942087412 gnorm: 0.000732461039 xtb: 6.7.1 (edcfbbe)
C            1.64028139795019        2.28787827677275       -0.24625230811142
C            1.19243905532127        1.18102852446859       -1.20060480284911
C            1.50179678696296       -0.20736529391676       -0.71808693195910
C            2.75901478980065       -0.55933580473946       -0.32107881094841
C            3.11175675146212       -1.88407039907263       -0.04103289431737
C            2.19523789555074       -2.90885367617336       -0.32134361492785
C            0.92905593421584       -2.61885824834179       -0.70787140129365
C            0.40049974214453       -1.22470586849065       -0.69922728627583
C           -0.48458392394009       -1.01395871028497        0.59557072478742
C           -1.42164335802878       -2.19852791692421        0.84509567716475
C           -1.29891633358222        0.24744402467712        0.52511550287674
C           -2.24649280466945        0.43697365251637       -0.47678025906618
C           -3.00952828928119        1.58855192610741       -0.52316418937756
C           -2.84380104500116        2.57246143615101        0.43716800200132
C           -1.91675469657222        2.38988916293645        1.44784995799011
C           -1.15415164643909        1.23579224951255        1.49122593271895
H            1.34888006914569        3.25835087826986       -0.64206360803821
H            1.17113812171069        2.15994480999757        0.72518236688930
H            2.71863673519134        2.28376151903337       -0.11375946699841
H            1.69567485942073        1.33076712059985       -2.16329630843174
H            0.12035375926562        1.28024169095224       -1.37553573027110
H            3.53161568406707        0.19504204123417       -0.27305899000617
H            4.11096888252845       -2.12190891624276        0.28737645754014
H            2.52414230157453       -3.93766279791533       -0.27084831060344
H            0.24754741094512       -3.40472719996457       -0.99515290963577
H           -0.26583070910180       -1.07479208810219       -1.55742781741499
H            0.21102186231794       -0.94439917071173        1.43803534027086
H           -2.03629851354802       -2.40337884317252       -0.02809165695452
H           -2.08206394330732       -1.96649183494828        1.67922391132045
H           -0.85594848272938       -3.09233357171109        1.09421313380702
H           -2.39034370806260       -0.32169422998157       -1.23296366972446
H           -3.73740967688025        1.71864237137043       -1.31120737514153
H           -3.43861620019379        3.47304967775537        0.39982493092537
H           -1.78710700285968        3.14864642739837        2.20603970474097
H           -0.44027170537802        1.09489878094123        2.29142669931346
35
 energy: -43.878949742141 gnorm: 0.000763047906 xtb: 6.7.1 (edcfbbe)
C            1.64063382220288        2.28837702011874       -0.24993715464176
C            1.19137096610244        1.17976222993590       -1.20160687706590
C            1.50210679381814       -0.20780825037737       -0.71764046252799
C            2.75940339223834       -0.55853219759537       -0.31984740924386
C            3.11324365689423       -1.88273671130957       -0.03890595964758
C            2.19740081157120       -2.90845858525225       -0.31799538023777
C            0.93095780013857       -2.61984412636725       -0.70475486714807
C            0.40157033006074       -1.22594778459476       -0.69890597619749
C           -0.48506302449264       -1.01462353068322        0.59437152157415
C           -1.42526266309608       -2.19750064178106        0.84058729589149
C           -1.29769250645472        0.24793724147870        0.52470746416208
C           -2.24401268281044        0.43969763098358       -0.47800235336157
C           -3.00781102296397        1.59082118199962       -0.52219056017244
C           -2.84427423289458        2.57206107744047        0.44134576080048
C           -1.91781390733985        2.38767467607488        1.45218003857928
C           -1.15413040844491        1.23409385377995        1.49317854077557
H            1.34920522160474        3.25816504828286       -0.64732144087147
H            1.17253529752305        2.16250888502582        0.72233040519492
H            2.71913956468514        2.28405408448271       -0.11865752893006
H            1.69238869938634        1.32813618204533       -2.16577802278556
H            0.11884524398599        1.27832671055976       -1.37440943529980
H            3.53167912011060        0.19596268804215       -0.27305657609558
H            4.11277748107711       -2.11950468879885        0.28927673790175
H            2.52761515485842       -3.93672335290908       -0.26773558137190
H            0.25000800658692       -3.40655859424096       -0.99116321874188
H           -0.26386365563503       -1.07767398325583       -1.55822892866923
H            0.20911517317548       -0.94740617772241        1.43822546626664
H           -2.03523417750613       -2.40268548463826       -0.03579144022631
H           -2.09015943586475       -1.96316090803643        1.67056057808569
H           -0.86251871743914       -3.09191166689027        1.09432141634532
H           -2.38621897783101       -0.31708727510708       -1.23642084471782
H           -3.73490622829008        1.72245392921784       -1.31069279803035
H           -3.44040528223910        3.47193628420239        0.40636410103439
H           -1.78971013249413        3.14451578993592        2.21261271453381
H           -0.44061948022333        1.09197944595426        2.29348077483890
35
 energy: -43.878957034618 gnorm: 0.000425676788 xtb: 6.7.1 (edcfbbe)
C            1.64127122242597        2.28848948600968       -0.25332770504165
C            1.19035628484158        1.17873868492683       -1.20300762744924
C            1.50231934205753       -0.20806965900281       -0.71791648483962
C            2.75968663308152       -0.55748191913531       -0.31946647966449
C            3.11445948513606       -1.88103051407519       -0.03656900722591
C            2.19930429588252       -2.90769589503150       -0.31434930911224
C            0.93292055743248       -2.62065048451710       -0.70223162452782
C            0.40242347429495       -1.22703512689756       -0.69863311355225
C           -0.48590487014051       -1.01534674138376        0.59271278968588
C           -1.42811285169978       -2.19735715096396        0.83622943591472
C           -1.29712001699665        0.24828228621190        0.52361806526712
C           -2.24261450504529        0.44250445704213       -0.47940927098953
C           -3.00684397660216        1.59344506290961       -0.52086837546929
C           -2.84465979585090        2.57203708314031        0.44562452243716
C           -1.91866928541217        2.38534304093869        1.45647598287551
C           -1.15439194096515        1.23205945004833        1.49462587623938
H            1.34997465108805        3.25777326916541       -0.65190772378863
H            1.17391805215059        2.16414413682523        0.71963334900548
H            2.71994227824891        2.28360346039897       -0.12311049748074
H            1.68948967030963        1.32605697200996       -2.16837084705408
H            0.11746578636245        1.27691132024617       -1.37390385422792
H            3.53187434553540        0.19750340352772       -0.27350959731665
H            4.11406699254463       -2.11649183555315        0.29228199106898
H            2.53017747025539       -3.93579748155944       -0.26159656618266
H            0.25263424124340       -3.40836808342722       -0.98736243153301
H           -0.26188370840766       -1.08048986733649       -1.55935467722124
H            0.20679576589956       -0.94960253888218        1.43797085517494
H           -2.03382104985314       -2.40312529034084       -0.04298269559516
H           -2.09684315499592       -1.96142563048923        1.66261264847271
H           -0.86718017748191       -3.09184851872267        1.09372496042055
H           -2.38426247450553       -0.31236078206164       -1.23989911148322
H           -3.73312687177062        1.72735119570035       -1.30973236123723
H           -3.44067721067816        3.47211467999745        0.41232565836445
H           -1.79111388115022        3.14019670878486        2.21901443424932
H           -0.44155477723446        1.08792282149730        2.29515879181648
35
 energy: -43.878963517076 gnorm: 0.000310203209 xtb: 6.7.1 (edcfbbe)
C            1.64118778959093        2.28850503070375       -0.25612791026294
C            1.18946524127482        1.17796714804297       -1.20465826814482
C            1.50207001235164       -0.20813259338132       -0.71820460320190
C            2.75942645398724       -0.55619675010606       -0.31855201830916
C            3.11505423695506       -1.87908487237716       -0.03342560878744
C            2.20056380245375       -2.90666447082750       -0.30980858929248
C            0.93455096821900       -2.62125086094564       -0.70005066818389
C            0.40282691755017       -1.22795653366808       -0.69904214847206
C           -0.48673233679951       -1.01610812300489        0.59081709534380
C           -1.42995401070225       -2.19796605926916        0.83188404678363
C           -1.29762006950816        0.24783624274146        0.52279167912510
C           -2.24243796372417        0.44465490352574       -0.48029962829810
C           -3.00569545743656        1.59641386377886       -0.51973353776071
C           -2.84333956304828        2.57305131624600        0.44873254510468
C           -1.91811695237529        2.38357022563967        1.45980262722504
C           -1.15483148376920        1.22959172539942        1.49588423476222
H            1.35038112914502        3.25758207885215       -0.65549231092235
H            1.17409670767338        2.16516132411540        0.71714664485859
H            2.71990402566579        2.28294494526167       -0.12628876497957
H            1.68774902180259        1.32453518917446       -2.17060066191902
H            0.11639927094190        1.27592354457551       -1.37458194413868
H            3.53157414068076        0.19893245475221       -0.27485031880967
H            4.11462029633834       -2.11319653813446        0.29642587477672
H            2.53187787444932       -3.93452800082540       -0.25438326185421
H            0.25523465291889       -3.40994686381053       -0.98461464330082
H           -0.26049846029619       -1.08287027998427       -1.56102168491131
H            0.20478749888640       -0.95132328265648        1.43723814749441
H           -2.03273202569445       -2.40422027014748       -0.04924780917573
H           -2.10125356024897       -1.96154745134128        1.65591771641487
H           -0.86976351747018       -3.09222926997900        1.09164453793086
H           -2.38413060351906       -0.30828363423812       -1.24270107491158
H           -3.73200987440525        1.73237902555459       -1.30823539020051
H           -3.43937509463608        3.47315100477455        0.41747538190785
H           -1.79079763546146        3.13625460134910        2.22447469012312
H           -0.44218143178952        1.08335123021022        2.29618562398621
35
 energy: -43.878968845786 gnorm: 0.000378034410 xtb: 6.7.1 (edcfbbe)
C            1.64004181707975        2.28862360012462       -0.25813868867808
C            1.18876994548208        1.17751176968715       -1.20633333569989
C            1.50159242993299       -0.20813271559162       -0.71883498623381
C            2.75880922685155       -0.55504753468227       -0.31768727312276
C            3.11483219983684       -1.87722099470368       -0.03004695394277
C            2.20123223058037       -2.90551046851660       -0.30598677480055
C            0.93577855493974       -2.62148227089834       -0.69905414670278
C            0.40299350550592       -1.22859485596424       -0.69974377728016
C           -0.48764370351971       -1.01720759385442        0.58917663285260
C           -1.43119913811989       -2.19923577653729        0.82855341411727
C           -1.29770967428691        0.24733425160168        0.52187696406390
C           -2.24237773129188        0.44622970257035       -0.48085348747798
C           -3.00468835851874        1.59872262949517       -0.51849252791779
C           -2.84154176489882        2.57393294173132        0.45122355688493
C           -1.91661259647615        2.38220627792229        1.46217302024775
C           -1.15431041962647        1.22760596394048        1.49642992719124
H            1.34965468294411        3.25754698386067       -0.65805417928243
H            1.17250135261800        2.16575999742573        0.71494990838353
H            2.71865017082721        2.28283831005007       -0.12777704671887
H            1.68738868423449        1.32367770165932       -2.17214857363730
H            0.11572174071882        1.27517046631196       -1.37661046115599
H            3.53070552315723        0.20065024774107       -0.27456525224603
H            4.11412815330390       -2.11019950711899        0.30126514127087
H            2.53273768683915       -3.93320795311127       -0.24786049731693
H            0.25749751932644       -3.41099820394900       -0.98369945630583
H           -0.25981601119519       -1.08440778404741       -1.56240548220383
H            0.20315753270432       -0.95323634015955        1.43630425768173
H           -2.03248507060570       -2.40516604109435       -0.05366231971993
H           -2.10375847110676       -1.96337142647223        1.65162865447965
H           -0.87119878449819       -3.09349741427858        1.08864990970230
H           -2.38518383156062       -0.30561486620530       -1.24413821539037
H           -3.73078453663071        1.73667307656049       -1.30684738360943
H           -3.43610958897937        3.47503609451507        0.42063733066439
H           -1.78840028753012        3.13367441607789        2.22787490380811
H           -0.44207298803729        1.07923731591074        2.29669719809537
35
 energy: -43.878973500228 gnorm: 0.000393729791 xtb: 6.7.1 (edcfbbe)
C            1.63812346622180        2.28890406019575       -0.25956738088323
C            1.18828070239049        1.17729594363484       -1.20786751623911
C            1.50098767844929       -0.20790013484750       -0.71903616099625
C            2.75792766309221       -0.55386975028543       -0.31624996718543
C            3.11414289867175       -1.87565031234625       -0.02674854325679
C            2.20144399665264       -2.90461215353645       -0.30317161988394
C            0.93661293675685       -2.62157155961955       -0.69889536511156
C            0.40294988423379       -1.22900860085645       -0.70043554121386
C           -0.48840805927998       -1.01845703610248        0.58815255576329
C           -1.43209762201139       -2.20069896164416        0.82592886218261
C           -1.29788721812263        0.24649391476470        0.52163788056663
C           -2.24254347162188        0.44699719667026       -0.48074447339081
C           -3.00346769205254        1.60048503707928       -0.51752143537534
C           -2.83889468331980        2.57501835737722        0.45259436450657
C           -1.91419111911962        2.38151473840198        1.46344925118778
C           -1.15335302412858        1.22597905876061        1.49686630387148
H            1.34784635176248        3.25753139899579       -0.66025260549717
H            1.16936363767766        2.16621232740745        0.71299038325535
H            2.71659481505879        2.28350095315453       -0.12791169876851
H            1.68824491952806        1.32308513991574       -2.17300978874824
H            0.11543262247089        1.27454099365672       -1.37971658144785
H            3.52949266710680        0.20224741907762       -0.27320166144078
H            4.11302123345193       -2.10778995943752        0.30642694429377
H            2.53322852889545       -3.93209057222304       -0.24350240041629
H            0.25936832600440       -3.41163106615831       -0.98446452331280
H           -0.25950198804384       -1.08532115119656       -1.56344594528754
H            0.20201133581367       -0.95532258796652        1.43567076795977
H           -2.03321652953325       -2.40562977275902       -0.05665810078456
H           -2.10473948619048       -1.96579342287964        1.64918498630461
H           -0.87205603827156       -3.09521119668853        1.08506600996976
H           -2.38647069447532       -0.30414599375868       -1.24450255528108
H           -3.72957893489138        1.73982821877785       -1.30562283316103
H           -3.43217922431658        3.47697518859518        0.42246710731993
H           -1.78497217271404        3.13227813752893        2.22965274174098
H           -0.44121570614564        1.07611614831258        2.29693853875979
