35
 energy: -43.866500007933 gnorm: 0.072375319730 xtb: 6.7.1 (edcfbbe)
C            2.76180000000000        0.45210000000000       -2.56450000000000
C            2.56870000000000        1.11610000000000       -1.20690000000000
C            2.11970000000000        0.13140000000000       -0.15020000000000
C            3.02500000000000       -0.41860000000000        0.68560000000000
C            2.62050000000000       -1.50580000000000        1.54320000000000
C            1.43960000000000       -2.28010000000000        1.25540000000000
C            0.51150000000000       -1.73960000000000        0.45070000000000
C            0.64240000000000       -0.32550000000000       -0.13710000000000
C           -0.32650000000000        0.62550000000000        0.65410000000000
C           -0.20680000000000        2.11450000000000        0.30710000000000
C           -1.79270000000000        0.21160000000000        0.50370000000000
C           -2.43790000000000        0.23050000000000       -0.74300000000000
C           -3.77500000000000       -0.15460000000000       -0.85730000000000
C           -4.48380000000000       -0.56200000000000        0.27060000000000
C           -3.85700000000000       -0.58420000000000        1.51440000000000
C           -2.52030000000000       -0.19930000000000        1.63140000000000
H            3.12960000000000        1.18390000000000       -3.29110000000000
H            1.82240000000000        0.04310000000000       -2.94950000000000
H            3.49180000000000       -0.36230000000000       -2.50790000000000
H            3.51730000000000        1.58060000000000       -0.90870000000000
H            1.85760000000000        1.93760000000000       -1.31170000000000
H            4.07290000000000       -0.13720000000000        0.67810000000000
H            3.31810000000000       -1.87300000000000        2.28790000000000
H            1.32950000000000       -3.26960000000000        1.68330000000000
H           -0.39270000000000       -2.29670000000000        0.21980000000000
H            0.31900000000000       -0.40100000000000       -1.18320000000000
H           -0.06390000000000        0.54800000000000        1.71990000000000
H            0.76960000000000        2.51130000000000        0.60190000000000
H           -0.35170000000000        2.29780000000000       -0.76270000000000
H           -0.95950000000000        2.70380000000000        0.84470000000000
H           -1.90530000000000        0.54660000000000       -1.63670000000000
H           -4.26370000000000       -0.13570000000000       -1.82790000000000
H           -5.52450000000000       -0.86140000000000        0.18060000000000
H           -4.40850000000000       -0.90150000000000        2.39540000000000
H           -2.04740000000000       -0.22620000000000        2.61080000000000
35
 energy: -43.875199358529 gnorm: 0.033166788885 xtb: 6.7.1 (edcfbbe)
C            2.75646173455698        0.44819039999634       -2.56159376678806
C            2.54890970327756        1.11163714711186       -1.20034121952134
C            2.09145464080946        0.12620788765989       -0.15498056948325
C            2.99073351914855       -0.43642670884816        0.69060205481959
C            2.63840651937273       -1.52798243568341        1.52048428490138
C            1.43924054807184       -2.23803898142740        1.26291519043744
C            0.51037903701171       -1.70760949942903        0.43991432397655
C            0.63781997728151       -0.32015355198565       -0.14724777236960
C           -0.32522244898389        0.62043367245501        0.65600140899433
C           -0.20110684721714        2.10452488608088        0.29905179171712
C           -1.77536585334117        0.18681782174688        0.50120218063785
C           -2.42326560816257        0.21940251076630       -0.73227979100099
C           -3.75522440467447       -0.15162764956431       -0.84727822141242
C           -4.46578868651062       -0.55672907461047        0.27069122872085
C           -3.83972587243111       -0.57998383316808        1.50566172346012
C           -2.50717427188740       -0.21096312827945        1.61804410179329
H            3.12675380057843        1.17686061292326       -3.28375935484985
H            1.82345583324572        0.03745137339476       -2.94541318047093
H            3.48146670359806       -0.36256543087380       -2.49317614824941
H            3.49986114328168        1.55668534671637       -0.88634546270122
H            1.83395508577968        1.92708760090121       -1.31778176498302
H            4.02295939675231       -0.10720817464969        0.71618400679433
H            3.33507313357873       -1.89163232211682        2.26208390654621
H            1.31559720536292       -3.21783516928090        1.70303680958872
H           -0.39463847137099       -2.25373398963383        0.20575895309248
H            0.29212579880915       -0.35897132791663       -1.18716722748575
H           -0.05467361041906        0.51912326345005        1.71459949543408
H            0.77342994685903        2.49529738657201        0.59113706423862
H           -0.35373441059779        2.28416248810183       -0.76481833454323
H           -0.95929472226698        2.67242998745399        0.84212756146890
H           -1.89236462525535        0.53911838992454       -1.61924417305542
H           -4.24134335996301       -0.12887071539264       -1.81427169287245
H           -5.50315084835725       -0.85284796066112        0.18008702742891
H           -4.39007381439064       -0.89194832446327        2.38395065501045
H           -2.03613587154660       -0.23020249727056        2.59236491072569
35
 energy: -43.877626469310 gnorm: 0.009318921439 xtb: 6.7.1 (edcfbbe)
C            2.75363825039105        0.43902248545280       -2.55475639363027
C            2.53477885753805        1.11346849808020       -1.19547900983003
C            2.06662544351601        0.12983045848177       -0.16175926030444
C            2.95753834643625       -0.43207230050453        0.70420092077000
C            2.63718653059050       -1.53437580009662        1.50242408568848
C            1.43194644712782       -2.21021765981969        1.25798799458597
C            0.50346415696264       -1.69327783412268        0.41787278423734
C            0.63711174893413       -0.32509754003221       -0.16713979429288
C           -0.31732320294201        0.61263739301179        0.65738722676287
C           -0.20062478500786        2.09479162485822        0.30006318054617
C           -1.75792527856135        0.18111567834423        0.50394500262471
C           -2.40258841720240        0.21329738496162       -0.72638151842575
C           -3.73052457746457       -0.15447342798894       -0.84420030037643
C           -4.44500828006412       -0.55687806997320        0.26961606044786
C           -3.81867416862595       -0.58492189635465        1.50188355551585
C           -2.48961230468285       -0.21914057979452        1.61425715407147
H            3.12516901885731        1.16542543116737       -3.27437795367461
H            1.82402138330977        0.02494251830940       -2.93700161823505
H            3.47739462027206       -0.36780187017857       -2.47083701048040
H            3.48208413616734        1.55120206481303       -0.86897905090016
H            1.81449930545358        1.91994879045563       -1.33047070514972
H            3.97782396550505       -0.06602761061333        0.74254818051524
H            3.34523506376217       -1.91420077059352        2.22135393445481
H            1.27780911998579       -3.17227731072189        1.72966639458180
H           -0.41338696024179       -2.22386770040922        0.20668382338192
H            0.26307860503565       -0.32388026956229       -1.20028788511273
H           -0.03629602203219        0.49917150224795        1.71003537314727
H            0.77470128235902        2.48061792838359        0.58351717822523
H           -0.36121074145773        2.26377871710922       -0.76132044442389
H           -0.95965428968998        2.65335710458145        0.84614641267578
H           -1.86870293654359        0.53061618297648       -1.60987258134825
H           -4.21517886484061       -0.12143434675703       -1.80927948954939
H           -5.48299628960966       -0.84185976504409        0.17869875652653
H           -4.36997577073845       -0.88793150917581        2.37999443361760
H           -2.01462339249907       -0.24338750149205        2.58406056335708
35
 energy: -43.878043482853 gnorm: 0.005738784987 xtb: 6.7.1 (edcfbbe)
C            2.75649847819931        0.43235721442835       -2.55073945954189
C            2.52865799543882        1.11794156632201       -1.19712180461801
C            2.05935360870513        0.13351887073967       -0.16850132769120
C            2.94658925585530       -0.42298032783142        0.70758241227283
C            2.62938736763358       -1.53523054312537        1.49235588184576
C            1.41456811832510       -2.20029577713371        1.25992761851507
C            0.49043869752518       -1.68772812122954        0.41101994257526
C            0.63496328893398       -0.32498981481133       -0.18036765945307
C           -0.31311455270925        0.61199704175317        0.66035570128604
C           -0.19841020777491        2.09366858367914        0.30327850815697
C           -1.74829602681352        0.17545255900985        0.50821649038766
C           -2.38973963853441        0.20961318111215       -0.72440207770475
C           -3.71828891177679       -0.15421182785134       -0.84411838424732
C           -4.43505586915818       -0.55571651929125        0.26966086350559
C           -3.80951922290020       -0.58980914849860        1.50332247088806
C           -2.47905465077239       -0.22952092650407        1.61770687914246
H            3.12901700294193        1.15392939272141       -3.27426614352351
H            1.82867004014663        0.01232188933231       -2.93129034617993
H            3.48127060246771       -0.37228035596094       -2.45396347990375
H            3.47118679161718        1.55992736870522       -0.86680225650168
H            1.80507213699660        1.91951377302550       -1.34297021611819
H            3.95879229466527       -0.03417370749566        0.75598501407219
H            3.34446337740717       -1.92764187448936        2.19784046523939
H            1.24610121767920       -3.15692036246240        1.73736115726471
H           -0.43139523519174       -2.21243825810082        0.20871852439082
H            0.25010062519517       -0.31043633854910       -1.20919518340802
H           -0.02104810876982        0.49222798699492        1.70927464889142
H            0.77820181130993        2.48135184026313        0.57922802840615
H           -0.36756208309795        2.25898261309684       -0.75767347443101
H           -0.95562113187800        2.64966693166031        0.85372034483122
H           -1.85234855179805        0.52651550307611       -1.60650993755368
H           -4.19958619513969       -0.12156915696898       -1.81085125080150
H           -5.47288351384063       -0.83918345543238        0.17663031908660
H           -4.36052426479878       -0.89609623554995        2.38032449994540
H           -2.00108454608886       -0.25766356463398        2.58646323097387
35
 energy: -43.878194833360 gnorm: 0.002569594670 xtb: 6.7.1 (edcfbbe)
C            2.76344293058841        0.42436532603208       -2.54764712899533
C            2.52397657160827        1.12095667562765       -1.20111417448351
C            2.05489512124187        0.13728946799241       -0.17321215825677
C            2.93804975214464       -0.41446394129661        0.71098898263697
C            2.61622435825042       -1.53069509462625        1.48848363171653
C            1.40162150826002       -2.19611999367677        1.25483059101155
C            0.48122239633762       -1.68546047530400        0.40161985479760
C            0.63175094571255       -0.32263647397456       -0.19038336282665
C           -0.31067094848445        0.61524511756178        0.66224852041688
C           -0.19798670179080        2.09725224671169        0.30819788189469
C           -1.74372506557748        0.17741686381207        0.51397196499495
C           -2.38202144482422        0.21084661658058       -0.72109452058963
C           -3.70943829561797       -0.15620025818378       -0.84328477315803
C           -4.42630822974725       -0.55990497128761        0.27030585707080
C           -3.80178350656405       -0.59925448099942        1.50501410435360
C           -2.47180416428065       -0.23669982208570        1.62251411049178
H            3.13697360385706        1.13946788161546       -3.27726743575794
H            1.83888173831595       -0.00401415517370       -2.92789363974991
H            3.49065440825347       -0.37681020344831       -2.43735983378787
H            3.46092347397718        1.57223581139925       -0.86872467654169
H            1.79660838560066        1.91729839098704       -1.35837213291384
H            3.94487277668520       -0.01873864564362        0.76332201127626
H            3.33447104757476       -1.93339843403692        2.18511463474850
H            1.22256571293294       -3.14717688798613        1.73829023657051
H           -0.44529802612647       -2.20454452733266        0.20625880066172
H            0.24301825205763       -0.30096972583761       -1.21558961264956
H           -0.00781519450736        0.49044006198212        1.70749400745174
H            0.78093490450602        2.48501550629685        0.57668829548568
H           -0.37540024296236        2.26346392922705       -0.75172766606123
H           -0.95072700012443        2.65316727436140        0.86520921193435
H           -1.84182819242774        0.52802702093663       -1.60188381280139
H           -4.18858849508724       -0.12309398282821       -1.81132235487005
H           -5.46491668672429       -0.84030459622836        0.17593812522501
H           -4.35265911287448       -0.91030273981256        2.38069716839831
H           -1.99031658018339       -0.27159878136149        2.58988929230598
35
 energy: -43.878265126504 gnorm: 0.002276348091 xtb: 6.7.1 (edcfbbe)
C            2.77228346376069        0.41673203534721       -2.54593781704711
C            2.52119041060730        1.12167010740888       -1.20590333934707
C            2.05250494225054        0.13956437789311       -0.17646376560534
C            2.93308921872552       -0.41094386327756        0.71079083476781
C            2.60602143720256       -1.52663659081466        1.48746930131419
C            1.39227554306339       -2.19354058576226        1.25069656535426
C            0.47487598955775       -1.68286911210577        0.39481655993020
C            0.62876951990509       -0.31885619950940       -0.19539541885153
C           -0.30996859337599        0.61931577530538        0.66342306276817
C           -0.19767660279416        2.10182352044799        0.31239453964336
C           -1.74251616882545        0.18009234149681        0.51814021690716
C           -2.38013628212873        0.21399135980349       -0.71762131889873
C           -3.70639940893871       -0.15696896774092       -0.84111823308139
C           -4.42180044546662       -0.56446248097888        0.27213211709986
C           -3.79729844722367       -0.60707107864097        1.50677695901452
C           -2.46803054697332       -0.24124508038011        1.62588990804422
H            3.14611112036266        1.12731559576769       -3.27994197177252
H            1.85194073647487       -0.02001094969933       -2.92760944749211
H            3.50313601794416       -0.37983414622242       -2.42507621527512
H            3.45306632341425        1.58274475675287       -0.87167314162325
H            1.78932489244707        1.91239331985331       -1.37197159409483
H            3.93747126215410       -0.01217409014642        0.76852835493155
H            3.32247807562901       -1.93155460658691        2.18411479738892
H            1.21154858627723       -3.14423412888463        1.73157926746864
H           -0.45133997747082       -2.20048135519624        0.19624968845251
H            0.23988600581253       -0.29362585106955       -1.21901650414254
H           -0.00112000183779        0.49178937821776        1.70636462512984
H            0.78351284672376        2.48840223135054        0.57510442891401
H           -0.38179717758891        2.27167320567494       -0.74599247141128
H           -0.94564317867258        2.65814053855686        0.87593554763095
H           -1.83954555842464        0.53413642211891       -1.59714363619401
H           -4.18455771873554       -0.12491689167412       -1.80978600813902
H           -5.45993494865029       -0.84665771903401        0.17694198186696
H           -4.34718113371103       -0.92422680416544        2.38112194777986
H           -1.98474020149418       -0.27937446410644        2.59238017856887
35
 energy: -43.878363824684 gnorm: 0.003467411147 xtb: 6.7.1 (edcfbbe)
C            2.78905231485120        0.40492830260302       -2.54312593751303
C            2.51692148640044        1.12191699527704       -1.21369580324460
C            2.04863428086936        0.14365713423053       -0.18018256314746
C            2.92568342341053       -0.40576429464722        0.71062118034775
C            2.59200121743291       -1.52035116410381        1.48716009209074
C            1.38151471215629       -2.19094185324742        1.24153429542104
C            0.46796425732551       -1.67954954438782        0.38244050765359
C            0.62400825772105       -0.31242029207555       -0.20122361023959
C           -0.30976257253975        0.62515679728921        0.66474903362745
C           -0.19704288789589        2.10840252254057        0.31800270452586
C           -1.74237100198638        0.18445449469692        0.52338362910567
C           -2.38094881503779        0.22010796038956       -0.71201312782562
C           -3.70522574266989       -0.15762093340971       -0.83642917464049
C           -4.41705475972359       -0.57271600721080        0.27623186734043
C           -3.79161240538389       -0.61814853747978        1.51001954556411
C           -2.46381375160175       -0.24625297490097        1.63017540636129
H            3.16235243406026        1.11010621669294       -3.28268353954409
H            1.87699275739219       -0.04661582078643       -2.92842783836574
H            3.52734206167461       -0.38239643067246       -2.40597587339058
H            3.43999950912683        1.59933913708593       -0.87562584659653
H            1.77640861201530        1.90195153705933       -1.39411370263158
H            3.92883209395438       -0.00796502483068        0.77367389145579
H            3.30312949571410       -1.92458967645316        2.18907515665629
H            1.20008130090603       -3.14221701712831        1.71944372020156
H           -0.45631011402200       -2.19684358239102        0.17560256013809
H            0.23548778413926       -0.28141527940606       -1.22370821548772
H            0.00518666281981        0.49429816452540        1.70506633560279
H            0.78813322058167        2.49165806014445        0.57158249935329
H           -0.39180976091865        2.28472619166276       -0.73757503059492
H           -0.93690805889897        2.66535873434119        0.89222776289710
H           -1.84149363295705        0.54624481086676       -1.58988771193049
H           -4.18344291755017       -0.12612751511709       -1.80511188354943
H           -5.45411618881039       -0.85928925517445        0.18070987128205
H           -4.33948665158206       -0.94359299792069        2.38281295658306
H           -1.97852662097341       -0.28738885806254        2.59546684249397
35
 energy: -43.878501882097 gnorm: 0.004376653507 xtb: 6.7.1 (edcfbbe)
C            2.81886653588606        0.38656867797643       -2.53805842485293
C            2.51089288619505        1.12180000078528       -1.22602141077938
C            2.04193158299171        0.14992001316000       -0.18657589429282
C            2.91342874369030       -0.39837011294309        0.70963507285680
C            2.57119178323013       -1.51017144164855        1.48726571506996
C            1.36560181943181       -2.18541855222947        1.22753814905806
C            0.45805653093120       -1.67362522033940        0.36236569366202
C            0.61626906067429       -0.30202826305445       -0.21014410148324
C           -0.31034707551774        0.63310943124199        0.66593405242459
C           -0.19568320230215        2.11753251798556        0.32595514746175
C           -1.74345587699560        0.19150976830228        0.52996729763281
C           -2.38580529131460        0.23138715726093       -0.70334007445862
C           -3.70677084319298       -0.15745578230072       -0.82760827473921
C           -4.41145780664290       -0.58703848210516        0.28412071778292
C           -3.78288885826015       -0.63533995840132        1.51581601515341
C           -2.45788768065564       -0.25279740099756        1.63570752880802
H            3.19042728475980        1.08490009019490       -3.28496513149905
H            1.92152903443493       -0.09004813930926       -2.92957799564029
H            3.57009909589553       -0.38417746670714       -2.37480273351041
H            3.41907775280051        1.62431709410974       -0.88063147147034
H            1.75623373873710        1.88331377340373       -1.43052616485784
H            3.91659111387721       -0.00277661033415        0.78070562112329
H            3.27376255519340       -1.91124801658231        2.19963925232853
H            1.18569552433230       -3.13991715534147        1.69874846065631
H           -0.46147200457979       -2.19306146946595        0.14026570845453
H            0.22741326709629       -0.26103745508058       -1.23172701274583
H            0.01129429028393        0.49697209310649        1.70318382795387
H            0.79619722567118        2.49382535136398        0.56474460439684
H           -0.40724129539535        2.30323781715615       -0.72494534060600
H           -0.92222297715620        2.67549413367032        0.91680409583721
H           -1.85037443190879        0.56855852923555       -1.57935044709690
H           -4.18714824471089       -0.12461678026933       -1.79510070561584
H           -5.44610223987529       -0.88295669032353        0.18905137140383
H           -4.32635861297425       -0.97271475668789        2.38701349408092
H           -1.96954338463029       -0.29754669483249        2.59911335750316
35
 energy: -43.878633786785 gnorm: 0.004362493146 xtb: 6.7.1 (edcfbbe)
C            2.85789704007455        0.36516964065006       -2.53074052488284
C            2.50530041008077        1.12112521276804       -1.24069197520678
C            2.03270677624257        0.15842223150127       -0.19454388237526
C            2.89715619352188       -0.38805302119264        0.70921890331539
C            2.54681210786906       -1.49771799102606        1.48677856324739
C            1.34707730189560       -2.17751315510416        1.21027254709547
C            0.44669642593430       -1.66599719927795        0.33731131034102
C            0.60636196836852       -0.28936514103220       -0.22131990066813
C           -0.31214580680995        0.64175109145628        0.66635116418997
C           -0.19357149002693        2.12763739973677        0.33463531259090
C           -1.74570767384888        0.19959290209879        0.53597035810447
C           -2.39506030421264        0.24641276167802       -0.69333147939829
C           -3.71202953713987       -0.15587148698387       -0.81550467755976
C           -4.40634510875337       -0.60556649815850        0.29508967019975
C           -3.77208426020970       -0.65645388236834        1.52355749245107
C           -2.45073872165041       -0.26061028231537        1.64101937004907
H            3.22744226159259        1.05585414659269       -3.28564149108522
H            1.97960787197616       -0.14205054177054       -2.92887509771000
H            3.62415782712372       -0.38416098619635       -2.33574039855018
H            3.39497792913682        1.65092877079379       -0.88623593122071
H            1.73619992278353        1.86027291479897       -1.47573507461045
H            3.90187284514860        0.00287854097725        0.78659337078920
H            3.23961116795605       -1.89438931735033        2.21171037635106
H            1.16852224305499       -3.13609697543212        1.67503005006997
H           -0.46660854983579       -2.18949434191429        0.09808296082185
H            0.21609671445536       -0.23599369449053       -1.24215729449707
H            0.01541551080667        0.49846926210533        1.70076819587984
H            0.80620916615686        2.49423883003692        0.55579414894925
H           -0.42433548314962        2.32332080666902       -0.71043562501337
H           -0.90382930435350        2.68673798323395        0.94427733795226
H           -1.86706474882997        0.59841828787900       -1.56808457766396
H           -4.19707286879078       -0.11960032688348       -1.78044100532003
H           -5.43713108192226       -0.91553457869051        0.20143358438436
H           -4.30830954708533       -1.00793824335843        2.39375322125173
H           -1.95828719755943       -0.30872311943113        2.60203099772833
35
 energy: -43.878729045709 gnorm: 0.002705748330 xtb: 6.7.1 (edcfbbe)
C            2.89143381801075        0.34966416923265       -2.52334719858496
C            2.50388331528350        1.11976142886292       -1.25200580174251
C            2.02491142090868        0.16482377919896       -0.20218827494212
C            2.88325621358559       -0.38003868481242        0.70837578730079
C            2.52740858874105       -1.48739136791574        1.48624774044410
C            1.33191421592718       -2.16954495580235        1.19784769601527
C            0.43757969850445       -1.65910731860034        0.31778789075430
C            0.59795006138798       -0.27939663724313       -0.23121110399201
C           -0.31481785959725        0.64788652738533        0.66487576079104
C           -0.19150579031175        2.13477189596438        0.33935127352447
C           -1.74889367869425        0.20640038792672        0.53883705857343
C           -2.40657512207295        0.26050159777189       -0.68560989544446
C           -3.72021694403259       -0.15318007532108       -0.80402206212177
C           -4.40381271838688       -0.62198756176505        0.30556591219454
C           -3.76261840619279       -0.67526062393931        1.53041843343377
C           -2.44470472863852       -0.26753714833376        1.64380806705489
H            3.26033841741868        1.03453711945864       -3.28355113158544
H            2.02925632149716       -0.18059960246197       -2.92533158033783
H            3.66760536198812       -0.38168195688139       -2.30379803709360
H            3.37884381406060        1.66702346712020       -0.89041460468262
H            1.72775663722038        1.84222528114168       -1.51158340397077
H            3.88991486251522        0.00804537884965        0.79009468898698
H            3.21334541850795       -1.88042725013857        2.22001952542097
H            1.15449050078710       -3.13157297093699        1.65767370619049
H           -0.47017027268529       -2.18688741350324        0.06639733497529
H            0.20588610147912       -0.21702490914517       -1.25144638184084
H            0.01594539525487        0.49861133440623        1.69762700278217
H            0.81401120002977        2.49252300197198        0.54726166787609
H           -0.43557692560049        2.33716922992732       -0.70095015037924
H           -0.88868465560898        2.69496042212600        0.96210258113023
H           -1.88752252870589        0.62611460119692       -1.56030709245345
H           -4.21160484073149       -0.11148312796305       -1.76552721393174
H           -5.43090743674369       -0.94454183522761        0.21420314717633
H           -4.29066057937444       -1.03848471540359        2.40069332187319
H           -1.94765887573070       -0.31877146714749        2.60230533660546
35
 energy: -43.878796808639 gnorm: 0.001604257107 xtb: 6.7.1 (edcfbbe)
C            2.92054547326634        0.33893104919034       -2.51519111828784
C            2.50442928933349        1.11922888047834       -1.25990870639195
C            2.01791625662381        0.16990612652609       -0.20905238551006
C            2.87112184451301       -0.37289226615377        0.70797647057534
C            2.51224791674307       -1.47962044741830        1.48487132480412
C            1.31937393844149       -2.16260100223979        1.18911304755492
C            0.42989918274566       -1.65376905677720        0.30307311165391
C            0.59078553963240       -0.27267705121009       -0.24084388226351
C           -0.31773037505794        0.65215938531826        0.66127223652797
C           -0.18968086241465        2.13947485948507        0.33935404120086
C           -1.75201784224954        0.21112303680230        0.53930124590576
C           -2.41909004903331        0.27342567147472       -0.67959349683070
C           -3.73051241114235       -0.14846212400228       -0.79272611708955
C           -4.40315412595062       -0.63457979099575        0.31606015211612
C           -3.75368123150751       -0.69235423610431        1.53666843768699
C           -2.43841719359223       -0.27572284046152        1.64463301072152
H            3.28946308924074        1.01934744370424       -3.27922623768919
H            2.07263883763576       -0.20997509302565       -2.92036524813281
H            3.70433232093753       -0.37648338381461       -2.27495910043974
H            3.36720331903686        1.67811980813069       -0.89050443255207
H            1.72543435383290        1.82921611562432       -1.54028807470293
H            3.87909031043878        0.01337107604771        0.79084313547993
H            3.19444803048360       -1.87109101875500        2.22283768838782
H            1.14093692402070       -3.12581962654542        1.64745973698982
H           -0.47426611399768       -2.18444566939773        0.04583407807421
H            0.19682184546747       -0.20445868810705       -1.26032778928621
H            0.01548927223609        0.49831553628977        1.69283801540500
H            0.81997940554211        2.48963289559585        0.53751825220530
H           -0.44254567471689        2.34556019298289       -0.69756719320511
H           -0.87674447125786        2.70091327557526        0.97080988194789
H           -1.90982458138731        0.65120270511178       -1.55497866747689
H           -4.22936460935081       -0.10020817022537       -1.75016778233360
H           -5.42704524876635       -0.96725371762205        0.22772582709683
H           -4.27260415537611       -1.06659425230092        2.40761722024665
H           -1.93567820437045       -0.33081962318169        2.60009331761178
35
 energy: -43.878862597711 gnorm: 0.002492933394 xtb: 6.7.1 (edcfbbe)
C            2.96081190411137        0.32824918690457       -2.50235851189503
C            2.50496508763823        1.11972637893054       -1.26797684821633
C            2.00887793090340        0.17417819790101       -0.21872967448542
C            2.85638359251239       -0.36602275295488        0.70546559115161
C            2.49441641365300       -1.47192867328718        1.48161154271558
C            1.30306899737003       -2.15484256383050        1.18067745052221
C            0.41918462559860       -1.64843359038569        0.28757161502572
C            0.58159338921419       -0.26701664929938       -0.25441478712765
C           -0.32203946775747        0.65727076852117        0.65340736248839
C           -0.18821500128236        2.14434657629386        0.33283174450284
C           -1.75664099732233        0.21686245898347        0.53853564433593
C           -2.43795838634050        0.29186546140248       -0.67169410119555
C           -3.74748231993595       -0.13887599001079       -0.77580629140614
C           -4.40382645338116       -0.64832952151565        0.33216784397172
C           -3.74070495675077       -0.71680372387578        1.54547734818026
C           -2.42838532905127       -0.28991851309249        1.64455409036224
H            3.32897980898203        1.00395287532839       -3.27100738275293
H            2.13284072983405       -0.24640355786774       -2.91264163838864
H            3.75566566918552       -0.36468799480288       -2.23477823721967
H            3.35108449812686        1.69429987040417       -0.88524535530920
H            1.72270559876814        1.81420429500878       -1.57548458185274
H            3.86429913582656        0.02251198328870        0.79134199781956
H            3.17423813267266       -1.86301274416205        2.22161885926750
H            1.12144445704092       -3.11746489058058        1.63939808330440
H           -0.48242887760833       -2.18124410196868        0.02712939744879
H            0.18570312517602       -0.19422254905541       -1.27282188527070
H            0.01547932875798        0.49995513650426        1.68326188852540
H            0.82628692209236        2.48554439172953        0.51979203061607
H           -0.45024113502680        2.35294324102834       -0.70102157863123
H           -0.86358130091909        2.70874268990072        0.97303669548146
H           -1.94284728099391        0.68549247308547       -1.54833587128628
H           -4.25828812128987       -0.07933700805936       -1.72657489775129
H           -5.42469895377296       -0.99040814725714        0.24948202003573
H           -4.24574778586705       -1.10724243481421        2.41747954034833
H           -1.91514298016426       -0.35385057839608        2.59425089668587
35
 energy: -43.878901078996 gnorm: 0.002096293443 xtb: 6.7.1 (edcfbbe)
C            2.97735969545895        0.32811336702597       -2.49620204573335
C            2.50581634292535        1.11958016709438       -1.26907510740546
C            2.00605182885467        0.17393863945294       -0.22155516479301
C            2.85242218947009       -0.36567581549822        0.70393076646636
C            2.48994734705219       -1.47141859997841        1.48002098998221
C            1.29809618007362       -2.15377398375709        1.17957999043833
C            0.41505965578173       -1.64774103685419        0.28560551471246
C            0.57864509973584       -0.26722415673793       -0.25888655111360
C           -0.32428358133463        0.65924909328080        0.64806338504524
C           -0.18948064481695        2.14544757538109        0.32425089129193
C           -1.75876331629278        0.21754061520993        0.53719961731736
C           -2.44711228805744        0.29927090693013       -0.66841056597454
C           -3.75697909721563       -0.13217298604397       -0.76740944182163
C           -4.40583715551798       -0.65014098074300        0.34043444648210
C           -3.73519650494159       -0.72677857480483        1.54920085425124
C           -2.42320842182458       -0.29842738511915        1.64342262083506
H            3.34526713263991        1.00328476921979       -3.26543135362212
H            2.15742307593851       -0.25503280970112       -2.90851051862791
H            3.77533345236296       -0.35614589245970       -2.22045890248963
H            3.34534830924667        1.69972458959940       -0.88085980515532
H            1.72387295619570        1.80940497018738       -1.58517600260177
H            3.85961123465126        0.02323040641553        0.78954580519395
H            3.17010131415899       -1.86302648715582        2.21936109844309
H            1.11465057817938       -3.11504322272989        1.63966871139661
H           -0.48713905405020       -2.18012484643672        0.02630810008946
H            0.18317520935360       -0.19581541161186       -1.27736949998938
H            0.01516494509990        0.50383467520010        1.67741861522379
H            0.82546090194605        2.48563199196565        0.50917300707486
H           -0.45201770416549        2.35268657403399       -0.70965536702481
H           -0.86295419306957        2.71196877274454        0.96406036527068
H           -1.95813305597142        0.69897591141712       -1.54547089029970
H           -4.27374300828135       -0.06695859962074       -1.71452081074470
H           -5.42656722466088       -0.99323003108743        0.26125330473292
H           -4.23368331550937       -1.12499391831440        2.42129269222282
H           -1.90390888341528       -0.36805828650527        2.58940125092742
35
 energy: -43.878972562952 gnorm: 0.002539753844 xtb: 6.7.1 (edcfbbe)
C            3.02241265739759        0.32528952150570       -2.48028395277252
C            2.50370855073330        1.12027342909905       -1.27313265332938
C            1.99832592670081        0.17285692638027       -0.22956033487716
C            2.84211871348389       -0.36561964780384        0.69896059022113
C            2.47732033194912       -1.47065761224176        1.47505583340939
C            1.28426206004845       -2.15172932628473        1.17521401118070
C            0.40344461317160       -1.64608083712029        0.27905287313386
C            0.57074177659555       -0.26740612422559       -0.27045064417927
C           -0.32924357146276        0.66547367911110        0.63548814204107
C           -0.19368557047954        2.14924145583616        0.30231688834335
C           -1.76330263113831        0.22025521839394        0.53588389921931
C           -2.46857801707750        0.31964851470938       -0.65853219503192
C           -3.77911364747685       -0.11412796679643       -0.74554645535133
C           -4.40928581078099       -0.65490874420343        0.36199327498240
C           -3.71994740490684       -0.75398563911896        1.55908440179050
C           -2.40871792468123       -0.32146863924825        1.64200459620848
H            3.38706625318346        0.99972032652765       -3.25189162504815
H            2.22646969229060       -0.28732235432954       -2.90128007252337
H            3.83486382035151       -0.33255695916988       -2.17761686368492
H            3.32277714183140        1.72202335636159       -0.86868693416060
H            1.71563953914431        1.79300702412251       -1.61481291054075
H            3.84697444004949        0.02574790340320        0.78720417864707
H            3.15716020352371       -1.86351742836260        2.21403866869783
H            1.09619179350130       -3.10984621235912        1.63827176426166
H           -0.50068223263913       -2.17634193420119        0.02145939250232
H            0.17599703532240       -0.19790433922608       -1.28915187106512
H            0.01709277107597        0.51560930344823        1.66316480477119
H            0.82292423727322        2.48814481270411        0.48076747186238
H           -0.45943853544923        2.35241974378771       -0.73193169286344
H           -0.86271132120700        2.72134039961570        0.94209369522740
H           -1.99363202779273        0.73536363388073       -1.53577888268394
H           -4.31031010037766       -0.03361803009011       -1.68364257156003
H           -5.43056413944792       -0.99863783831062        0.29180870762218
H           -4.20279429471335       -1.17290808053998        2.43054098443583
H           -1.87368432799638       -0.40767753525570        2.57809548111513
35
 energy: -43.879023172855 gnorm: 0.002438182021 xtb: 6.7.1 (edcfbbe)
C            3.05232178223776        0.32909818066268       -2.46885127945892
C            2.50405892232648        1.11950475007948       -1.27309856727602
C            1.99538113103254        0.16845943294357       -0.23401243433454
C            2.83886080017956       -0.37082766441487        0.69445018696345
C            2.47290855862756       -1.47441830011767        1.47166107174705
C            1.27777605852556       -2.15304625225418        1.17496493022491
C            0.39704252829161       -1.64653588224987        0.27914804563361
C            0.56733713172762       -0.27021910965352       -0.27591602719356
C           -0.33301082030836        0.66921360793415        0.62473391514968
C           -0.20050863697833        2.15018604992168        0.27893710298532
C           -1.76661367168917        0.22065172577953        0.53417820198851
C           -2.48489934705677        0.33395187837808       -0.65117265953429
C           -3.79682445601531       -0.09847251089239       -0.72846455192250
C           -4.41357654509718       -0.65411722933461        0.37914391915083
C           -3.70929949875152       -0.77218901931195        1.56598430548306
C           -2.39764571348558       -0.33940614614672        1.63974851460020
H            3.41538773602570        1.00586804542856       -3.23908045518717
H            2.27274121839550       -0.29867378509863       -2.89633508421749
H            3.87145494142738       -0.31257647142773       -2.15316815560698
H            3.30910198501076        1.73332205008046       -0.85881990561652
H            1.71313582363461        1.78138640965005       -1.62775797422603
H            3.84231434284430        0.02378966480984        0.78662333922982
H            3.15267037598819       -1.86769766605246        2.21041940518597
H            1.08695915748367       -3.10898746820325        1.64061902013036
H           -0.50968172951517       -2.17393607305623        0.02464639116811
H            0.17400791642649       -0.20505914928832       -1.29572351648826
H            0.01744964771413        0.52822530491079        1.65219331167219
H            0.81450618810906        2.49342601789541        0.45761130619467
H           -0.46299864291312        2.34484385228019       -0.75780411705020
H           -0.87287550427773        2.72638328493968        0.91157280263381
H           -2.01951299591785        0.76026134188451       -1.52830717779342
H           -4.33954105694130       -0.00412560903941       -1.65891327325025
H           -5.43704125249883       -0.99340903166651        0.31722511471700
H           -4.18139882154447       -1.20476943845337        2.43645483648963
H           -1.85018755301750       -0.44000479091814        2.56730945780953
35
 energy: -43.879060350808 gnorm: 0.002024709576 xtb: 6.7.1 (edcfbbe)
C            3.07415954203180        0.33371220610175       -2.46008807216340
C            2.50333797563933        1.11874322776593       -1.27197439186566
C            1.99387638078594        0.16524715657297       -0.23508666344127
C            2.83731198324783       -0.37537860076576        0.69305413772041
C            2.47064722575178       -1.47902616990979        1.46981038974268
C            1.27385711741191       -2.15529975854857        1.17466509880326
C            0.39267061968448       -1.64714695585856        0.28011219632511
C            0.56577901730138       -0.27269382780008       -0.27823263921030
C           -0.33527986827563        0.67210794691409        0.61682974435952
C           -0.20760113550290        2.15042454992334        0.25805499295948
C           -1.76794759266015        0.21940226994237        0.53335026253253
C           -2.49623270810619        0.34418385249803       -0.64456086406064
C           -3.80944314974983       -0.08516386622219       -0.71430811420147
C           -4.41684972722429       -0.65065521071324        0.39323659533299
C           -3.70122535971093       -0.78389834364558        1.57111702095598
C           -2.38846463450723       -0.35329398893224        1.63771988727911
H            3.43588492009967        1.01395157445567       -3.22799919544321
H            2.30797642364311       -0.30506868022124       -2.89424213005500
H            3.89837471420119       -0.29608291902184       -2.13499948171692
H            3.29628176605720        1.74293736879503       -0.85098813655188
H            1.70825669234213        1.77030094627551       -1.63625530345916
H            3.84130377023022        0.01568898308053        0.78398746714054
H            3.14994463103206       -1.87332004011070        2.20856036021511
H            1.08206474073916       -3.11083173160159        1.64086107700465
H           -0.51565553934555       -2.17236011198596        0.02684976181111
H            0.17409659562016       -0.21066146185482       -1.29932340180677
H            0.01787767038060        0.54041359286295        1.64468178006668
H            0.80452722837965        2.50101392420659        0.43956430942517
H           -0.46483225071074        2.33445728139805       -0.78199332919736
H           -0.88709264659192        2.72936336614599        0.88098450955086
H           -2.03739414617816        0.77856370840267       -1.52105722900678
H           -4.36030121125887        0.01931364746351       -1.63847545098323
H           -5.44196097570389       -0.98700509667355        0.33798157286486
H           -4.16584051234550       -1.22715653056321        2.44006907325072
H           -1.83230755670751       -0.46468230837721        2.55829416582404
35
 energy: -43.879080761953 gnorm: 0.001103647779 xtb: 6.7.1 (edcfbbe)
C            3.09341119916853        0.33734225118648       -2.45261281794287
C            2.50187117153366        1.11770994069478       -1.27127164347586
C            1.99289258668310        0.16179581707530       -0.23622289317779
C            2.83599896716605       -0.38062827957631        0.69121845894307
C            2.46780040126738       -1.48344426798908        1.46835970713196
C            1.26980891586850       -2.15754650459307        1.17341527515529
C            0.38892494457352       -1.64766166564115        0.27941213560213
C            0.56430441686450       -0.27411132878612       -0.27966802368652
C           -0.33674832637304        0.67507270579919        0.61050925458975
C           -0.21377473999771        2.15090765127844        0.23977571201926
C           -1.76883948206122        0.21968565177713        0.53318797122679
C           -2.50579061726352        0.35405678785825       -0.63823563890882
C           -3.81949408657367       -0.07388482887954       -0.70162806815079
C           -4.41878840642432       -0.64892232048539        0.40587435965031
C           -3.69362085252575       -0.79453761597089        1.57585116573645
C           -2.38020808046114       -0.36438294681131        1.63637966419224
H            3.45394420070435        1.02133785022984       -3.21784115377977
H            2.33957662807365       -0.31153964215929       -2.89338710441184
H            3.92227098074618       -0.28207521576740       -2.11892912277369
H            3.28277406540479        1.75302498236607       -0.84472680718345
H            1.70154093764863        1.75781014748785       -1.64426514354885
H            3.84131620407577        0.00863884593226        0.78348173467592
H            3.14571926312884       -1.87802746422888        2.20838143751670
H            1.07742540218552       -3.11337494740358        1.63982303917482
H           -0.51979839838137       -2.17177853319325        0.02541671921008
H            0.17398747105715       -0.21332693244075       -1.30173016506350
H            0.01837062250739        0.55176203765711        1.63884749989092
H            0.79499151859350        2.50919169566590        0.42557808220400
H           -0.46426943539647        2.32417160586842       -0.80372107185003
H           -0.90163249773602        2.73189372327209        0.85209033886964
H           -2.05251577405393        0.79509897025705       -1.51420276721378
H           -4.37741623398628        0.03981045206673       -1.62019334950552
H           -5.44495806397808       -0.98306217154368        0.35643549508552
H           -4.15221893573384       -1.24583406577440        2.44367595902723
H           -1.81705596630436       -0.48507238522996        2.55112176077295
35
 energy: -43.879086797766 gnorm: 0.000847647909 xtb: 6.7.1 (edcfbbe)
C            3.10225219818653        0.33983991232034       -2.44860779792264
C            2.50073865919581        1.11715714087987       -1.27045884866451
C            1.99264197609180        0.16024116663466       -0.23596392130154
C            2.83498271389540       -0.38352705201304        0.69129936693226
C            2.46550196049949       -1.48597278322341        1.46839120906414
C            1.26703983300503       -2.15860219568952        1.17251081237913
C            0.38689661179586       -1.64764932184020        0.27829268649952
C            0.56358715103001       -0.27427959427822       -0.28003243346061
C           -0.33683632304161        0.67671193422922        0.60773927041634
C           -0.21673920589651        2.15098495151632        0.22984899415117
C           -1.76852972935574        0.21972896646272        0.53344537860910
C           -2.50980425784174        0.35816064262680       -0.63467742551782
C           -3.82342116527581       -0.06928602102640       -0.69491674020275
C           -4.41914561740086       -0.64793140770459        0.41265515169327
C           -3.68946316993459       -0.79856385365057        1.57861247612956
C           -2.37569964402245       -0.36870210133326        1.63604622909793
H            3.46337316630518        1.02622176709076       -3.21144407536466
H            2.35435597850857       -0.31199864710581       -2.89359537131784
H            3.93200132910363       -0.27595934448896       -2.11073248470337
H            3.27458718511770        1.75860815628578       -0.84212746742439
H            1.69726919678122        1.74969649221887       -1.64848923812384
H            3.84214721168880        0.00218049267025        0.78241184031123
H            3.14253533460920       -1.88129856635492        2.20887829179451
H            1.07509021460701       -3.11553306384675        1.63756376582749
H           -0.52091026101690       -2.17226243730932        0.02223794885171
H            0.17399106740607       -0.21292280617862       -1.30245041932599
H            0.01888409008859        0.55811922043069        1.63648348364997
H            0.78891591454135        2.51503898581296        0.42155397411767
H           -0.45949654044584        2.31676724288763       -0.81658752147265
H           -0.91261017613937        2.73233098613046        0.83297893118807
H           -2.05961694767253        0.80286566746770       -1.51044696806689
H           -4.38484725690404        0.04883569002779       -1.61048176272157
H           -5.44527073091919       -0.98188325132609        0.36585822626301
H           -4.14496423508135       -1.25359884772102        2.44622360655940
H           -1.80963653150839       -0.49341812060329        2.54818083205762
35
 energy: -43.879088215167 gnorm: 0.001270185644 xtb: 6.7.1 (edcfbbe)
C            3.11179766933046        0.33867949013719       -2.44531944231464
C            2.49971680176362        1.11727232877573       -1.27191678933571
C            1.99066382031614        0.16052480293475       -0.23786520093478
C            2.83161179326687       -0.38304559373645        0.69064476854868
C            2.46087230204299       -1.48526815168821        1.46760067082438
C            1.26266203674415       -2.15772552177208        1.17021112784565
C            0.38392898017937       -1.64691640184087        0.27456952136917
C            0.56135938997786       -0.27326797062893       -0.28279026693595
C           -0.33728349470406        0.67831503900310        0.60591827295590
C           -0.21654793544625        2.15218591966278        0.22676508179262
C           -1.76896043817233        0.22092078692831        0.53385036018457
C           -2.51351222242794        0.36218209516648       -0.63225158403701
C           -3.82671106175171       -0.06703354035096       -0.69040810763217
C           -4.41869548782122       -0.65072719597911        0.41713709266307
C           -3.68574214530505       -0.80393881276077        1.58126601420876
C           -2.37254382477167       -0.37202471553957        1.63665417851605
H            3.47367594239532        1.02476437769371       -3.20800293274312
H            2.36876156532497       -0.31856911593458       -2.89299099602699
H            3.94341975746514       -0.27271185452934       -2.10135570580319
H            3.26810241545063        1.76449300244773       -0.84073657744819
H            1.69440963967786        1.74418541147318       -1.65643950237549
H            3.83903513373727        0.00219414576953        0.78209934538659
H            3.13704223805015       -1.88065576362547        2.20881412600389
H            1.06972223650684       -3.11446016641239        1.63541205610299
H           -0.52317174543975       -2.17208366911898        0.01707994792907
H            0.17160342551566       -0.21055078937065       -1.30491551150788
H            0.01981956004008        0.55994924436676        1.63420269813392
H            0.78874340418883        2.51637422284068        0.41992308312466
H           -0.45676362039311        2.31677025997171       -0.82039424696196
H           -0.91358567616691        2.73415458799637        0.82765604858824
H           -2.06634921403733        0.80984190161240       -1.50824308106777
H           -4.39067987851960        0.05285755421434       -1.60441268028680
H           -5.44424287157829       -0.98648604755850        0.37160131480735
H           -4.13816037060297       -1.26185992079812        2.44930859618153
H           -1.80419812483572       -0.49823993935096        2.54752832024666
35
 energy: -43.879092527468 gnorm: 0.000812912034 xtb: 6.7.1 (edcfbbe)
C            3.10732988997415        0.33833367575944       -2.44686675521504
C            2.50014456593788        1.11763128842316       -1.27236641855118
C            1.99072314037397        0.16110589946816       -0.23848526672510
C            2.83097896871373       -0.38220998606490        0.69060828038024
C            2.45971898690637       -1.48438324400699        1.46752531840613
C            1.26199969517101       -2.15727743560108        1.16910853471496
C            0.38411240979440       -1.64686855739656        0.27246954289590
C            0.56122177843271       -0.27246960764489       -0.28331229533356
C           -0.33646983601590        0.67774160540140        0.60761608065280
C           -0.21411501555465        2.15229763452968        0.23179318755843
C           -1.76846962824863        0.22157724444135        0.53452594299886
C           -2.51063337731066        0.35891473236358       -0.63326515278462
C           -3.82326336011393       -0.07204326220368       -0.69304440314570
C           -4.41713531683307       -0.65309460387936        0.41457615759596
C           -3.68704089722551       -0.80063647113419        1.58109339970978
C           -2.37443693409212       -0.36741073428199        1.63798233873440
H            3.47187839582741        1.02347629226510       -3.20902951755406
H            2.36070861036991       -0.31450391703069       -2.89406648379993
H            3.93568316836517       -0.27744648533379       -2.10476752276964
H            3.27050394629648        1.76257274329637       -0.84267769399493
H            1.69660102289447        1.74616401653998       -1.65531511261328
H            3.83814084682364        0.00451357957615        0.78315313767053
H            3.13558045156230       -1.87952725051872        2.20905420474002
H            1.06831655851859       -3.11371617195879        1.63460169312038
H           -0.52245343121798       -2.17264440867828        0.01426073069775
H            0.17087567768228       -0.20822623565183       -1.30489932527969
H            0.02057992306455        0.55665451696307        1.63554840422988
H            0.79124817760224        2.51498080954929        0.42769825637486
H           -0.45177717232889        2.31908587708894       -0.81566576019110
H           -0.91175022714536        2.73358314335190        0.83238412000238
H           -2.06228532527235        0.80393090036246       -1.50959862310090
H           -4.38530491632032        0.04399373309513       -1.60856629436947
H           -5.44211037519990       -0.99013407153674        0.36733514836311
H           -4.14097950693996       -1.25451610491090        2.45000301830042
H           -1.80832089449170       -0.48934914464297        2.55078912828349
