SMILES strings to run:
CCC1C=C[CH+]C=C1C(C)c1ccccc1
Analysing SMILES: CCC1C=C[CH+]C=C1C(C)c1ccccc1
Generating initial conformers
Generated 13 initial conformers
Conformations minimised. Energies:
38.76632751172289
39.8253608192287
40.26432081151845
40.26432082130948
40.97428590568083
41.457524185375675
41.45752419817452
41.65147336514271
42.607022523708366
43.01070074026791
43.010705867731446
44.4624575012359
44.46245752737474
Cluster 0 energy: 38.76632751172289
Cluster 1 energy: 39.8253608192287
Cluster 2 energy: 40.26432081151845
Cluster 3 energy: 40.97428590568083
Cluster 4 energy: 41.457524185375675
Cluster 5 energy: 42.607022523708366
Cluster 6 energy: 43.01070074026791
Cluster 7 energy: 44.4624575012359
