35
 energy: -43.870563519952 gnorm: 0.073077088894 xtb: 6.7.1 (edcfbbe)
C           -2.71870000000000       -2.20080000000000        0.16450000000000
C           -2.71700000000000       -0.83870000000000        0.84450000000000
C           -2.14970000000000        0.26490000000000       -0.02320000000000
C           -2.92760000000000        1.30470000000000       -0.38730000000000
C           -2.39800000000000        2.33890000000000       -1.23950000000000
C           -1.11440000000000        2.22730000000000       -1.87800000000000
C           -0.31050000000000        1.21110000000000       -1.53360000000000
C           -0.67870000000000        0.15400000000000       -0.48990000000000
C            0.33050000000000        0.13930000000000        0.70890000000000
C            0.32730000000000        1.44920000000000        1.51550000000000
C            1.72520000000000       -0.31520000000000        0.27620000000000
C            2.77110000000000        0.58180000000000        0.01320000000000
C            4.02510000000000        0.11810000000000       -0.39280000000000
C            4.25200000000000       -1.24740000000000       -0.54460000000000
C            3.22450000000000       -2.15190000000000       -0.29250000000000
C            1.97110000000000       -1.68990000000000        0.11310000000000
H           -3.23630000000000       -2.16260000000000       -0.79980000000000
H           -3.23210000000000       -2.93390000000000        0.79520000000000
H           -1.70140000000000       -2.56740000000000       -0.00390000000000
H           -2.16240000000000       -0.89700000000000        1.78700000000000
H           -3.75110000000000       -0.60200000000000        1.12650000000000
H           -3.96230000000000        1.39340000000000       -0.07180000000000
H           -3.02380000000000        3.19360000000000       -1.47250000000000
H           -0.82860000000000        2.95770000000000       -2.62630000000000
H            0.65340000000000        1.10850000000000       -2.02500000000000
H           -0.59740000000000       -0.80380000000000       -1.02260000000000
H           -0.00180000000000       -0.62820000000000        1.42180000000000
H            1.04140000000000        1.39570000000000        2.34530000000000
H            0.59200000000000        2.31810000000000        0.90490000000000
H           -0.65970000000000        1.63940000000000        1.94970000000000
H            2.62610000000000        1.65440000000000        0.11120000000000
H            4.82510000000000        0.82650000000000       -0.59230000000000
H            5.22800000000000       -1.60550000000000       -0.86050000000000
H            3.39740000000000       -3.21820000000000       -0.41170000000000
H            1.18160000000000       -2.41420000000000        0.30320000000000
35
 energy: -43.878569719484 gnorm: 0.031777350639 xtb: 6.7.1 (edcfbbe)
C           -2.70709318289883       -2.19872508425635        0.16327083215437
C           -2.69612874777536       -0.82900473054237        0.83860903465421
C           -2.12131547383887        0.27033721015191       -0.01947917789201
C           -2.89251021726617        1.32090213203412       -0.39545838894600
C           -2.40652456902753        2.33585592750652       -1.25018229582653
C           -1.12840914890571        2.21869960623200       -1.84170176859244
C           -0.31268123397563        1.19954969292224       -1.49829070900091
C           -0.67655383715972        0.15013976281228       -0.48080833883531
C            0.33053100487965        0.12548224135375        0.71525280066720
C            0.32732183471961        1.44406524368937        1.49287261385421
C            1.71334406984778       -0.31151114446438        0.25826758660247
C            2.75427638266545        0.57734038448247        0.00183240867651
C            4.00378368791689        0.11757648804356       -0.39203309606071
C            4.23561645741085       -1.23937760201043       -0.54216299823534
C            3.21065842210508       -2.13657027509707       -0.29287734743538
C            1.96513544301286       -1.67531070649084        0.10361933755261
H           -3.22374032385117       -2.15009501322634       -0.79496956433953
H           -3.22535565011328       -2.92477416491843        0.79081515627315
H           -1.69685315284991       -2.56722289779088       -0.00913557054012
H           -2.14011225337805       -0.90064084216806        1.77920856165623
H           -3.72705230404275       -0.56921998750684        1.10374980610504
H           -3.92069117734646        1.40461780198839       -0.06796793812711
H           -3.03382295752737        3.18290947591295       -1.48647691130795
H           -0.83597821415803        2.94920964008623       -2.58358607643197
H            0.65234745245631        1.08779847816532       -1.97760259955265
H           -0.57483432579339       -0.82042256081824       -0.98852565686490
H           -0.01798791280913       -0.65116789646882        1.40777510965863
H            1.04140656492359        1.38804037448819        2.31644513597118
H            0.58241132169256        2.30082362420137        0.87069866236192
H           -0.66124127621350        1.62445153187813        1.91565250692661
H            2.60773369028367        1.64239356329658        0.11270602001667
H            4.80114864639440        0.82377862997612       -0.58463821397883
H            5.20957287417994       -1.59627762038757       -0.85182951659508
H            3.38333260927091       -3.19925174385225       -0.40500534862614
H            1.18056549717129       -2.39449953922255        0.30485594405791
35
 energy: -43.880411124756 gnorm: 0.008293968646 xtb: 6.7.1 (edcfbbe)
C           -2.69757629412355       -2.19168194931139        0.15990335794072
C           -2.68157217656095       -0.82075604771699        0.84068354783512
C           -2.10144765456726        0.26454208941866       -0.02098161274968
C           -2.86663044161296        1.32685233794517       -0.39769058162389
C           -2.40259354181633        2.32988467429398       -1.25266218455141
C           -1.12644934209188        2.21055913116793       -1.81708002659133
C           -0.30677652822194        1.18535479863692       -1.48049765908073
C           -0.67881652017873        0.14042673197944       -0.48556477242993
C            0.32806944303901        0.11605349230754        0.71666864055678
C            0.31928816241571        1.43830980204782        1.47662512322513
C            1.70262226251899       -0.31176007804819        0.26006387024192
C            2.73596887955424        0.57800222019990       -0.00079884359712
C            3.98148760764777        0.12247483340012       -0.39749643643293
C            4.21915218249269       -1.23147592981676       -0.54666619675960
C            3.19625319613754       -2.12906288092749       -0.29817401849944
C            1.95587328336752       -1.67055225560726        0.10098455064110
H           -3.21446404087647       -2.13512732773480       -0.79528943262471
H           -3.21663216255789       -2.91165613890053        0.78895652091097
H           -1.68998206593844       -2.55971282196234       -0.01405542449233
H           -2.12135647424394       -0.90213534407231        1.77777730214435
H           -3.70827150364605       -0.54735727202126        1.09848648171931
H           -3.88687691295331        1.40517234012766       -0.04349019154851
H           -3.03622407239330        3.16557043186100       -1.50219505232511
H           -0.81266325498975        2.94985887732545       -2.54150732957551
H            0.66935235736850        1.08353467264257       -1.93382042395227
H           -0.55704636576775       -0.84274920666343       -0.97061620335292
H           -0.02576041035385       -0.66283507625078        1.40076237121381
H            1.03614806568893        1.39870031286556        2.29532402553936
H            0.56584673134006        2.27592893625262        0.82994302188167
H           -0.67126063766983        1.61751017314057        1.88903465446754
H            2.58135138062240        1.63957049918352        0.10870050017091
H            4.77603338593109        0.83027282327388       -0.58413239766314
H            5.19411838586158       -1.58577298400404       -0.84784290696440
H            3.37008769256293       -3.18997419543138       -0.40460204410716
H            1.17104738401516       -2.38606966960118        0.30414977043338
35
 energy: -43.880737842817 gnorm: 0.004446670337 xtb: 6.7.1 (edcfbbe)
C           -2.69490264188711       -2.18891835042920        0.15997439968829
C           -2.67633712863960       -0.81885326930894        0.84429788768132
C           -2.09568053161698        0.26110613411736       -0.02004241448754
C           -2.85813282022350        1.32871618596968       -0.39272913758359
C           -2.39531147243747        2.32581842432134       -1.25535946124914
C           -1.11153708787788        2.21073336003557       -1.80623379199969
C           -0.29605765016779        1.18028393861979       -1.47261288277604
C           -0.67855726986835        0.13109868562275       -0.48819663182000
C            0.32541004458332        0.10833319713550        0.72252751216748
C            0.30811225768000        1.43890005047658        1.46689731909898
C            1.69586806836381       -0.31512425282602        0.26249379036232
C            2.72444716676581        0.57942897642420       -0.00361724058887
C            3.97059968186226        0.12694591046059       -0.40145265487746
C            4.21190468937277       -1.22704403118898       -0.54988940296757
C            3.19154891399780       -2.12871531618388       -0.30077696421638
C            1.95079466565425       -1.67380463438982        0.10078294956592
H           -3.21133908540090       -2.12669718245701       -0.79503942707252
H           -3.21361022011168       -2.91001039405912        0.78743883166291
H           -1.68694195177840       -2.55529771496820       -0.01565274249779
H           -2.11384161523680       -0.90391836146686        1.77944116164037
H           -3.70062911665797       -0.54307233218195        1.10403439390093
H           -3.87450194578329        1.40411831945791       -0.02545234522279
H           -3.03079220114491        3.15747254214736       -1.51344463060048
H           -0.78271731942558        2.95377280795337       -2.52099166537003
H            0.68636081072223        1.08482826981530       -1.91263326904263
H           -0.55032315878461       -0.85447959366134       -0.96777997562067
H           -0.02993727647828       -0.66964240287973        1.40620343761180
H            1.02730409297691        1.41656171781529        2.28381238183638
H            0.54752879532637        2.26747506468055        0.80509938470805
H           -0.68299976829495        1.61787556864840        1.87741231775656
H            2.56468867606860        1.64042902805055        0.10667901433488
H            4.76130304795406        0.83791340512960       -0.59241563732050
H            5.18654958881158       -1.57813773609161       -0.85428802324160
H            3.36619510003625       -3.18896042533418       -0.41112659090881
H            1.16583466163994       -2.38923558945456        0.30554010744778
35
 energy: -43.880877227133 gnorm: 0.002415190328 xtb: 6.7.1 (edcfbbe)
C           -2.69501499742582       -2.18792627626725        0.16099993214966
C           -2.67419293523768       -0.81865830156096        0.84740480738872
C           -2.09342434983850        0.25678667419376       -0.02140438957721
C           -2.85124240722440        1.32960097975318       -0.39049832608243
C           -2.38206938532975        2.32387717904512       -1.25429486953906
C           -1.09357295656444        2.20936735760655       -1.79741776637306
C           -0.28475039735757        1.17345692919239       -1.46607569328445
C           -0.67764534391649        0.12023862482477       -0.48932373359092
C            0.32384118384555        0.10292452233156        0.72953543462582
C            0.29507536560090        1.44110064214926        1.45954026043275
C            1.69256783536265       -0.31890216616933        0.27141100309331
C            2.71582699620994        0.58055117112294       -0.00250677638294
C            3.96063300428434        0.13187668370235       -0.40955021889221
C            4.20460679755117       -1.22189139914305       -0.55949044109623
C            3.18858118368254       -2.12820188278657       -0.30592769664818
C            1.94869305947144       -1.67773192461141        0.10468062070336
H           -3.21068602222174       -2.12166256803279       -0.79430293198407
H           -3.21367230114725       -2.91092612499030        0.78627559477073
H           -1.68659180595951       -2.55352811551994       -0.01572028261610
H           -2.10970922742811       -0.90541018560856        1.78109347445177
H           -3.69677080538270       -0.54223764807131        1.11122430538949
H           -3.86411581366386        1.40624410358395       -0.01512384983253
H           -3.01694222738562        3.15344605757853       -1.52091504461811
H           -0.75103746641840        2.95627304877091       -2.50170071393682
H            0.70327170634586        1.08300757310853       -1.89393747639044
H           -0.54699390509093       -0.86454114865218       -0.96763989819568
H           -0.03317977259755       -0.67161758596781        1.41552402261718
H            1.01641413977605        1.44013234605306        2.27520494955047
H            0.52351624444455        2.26199572141154        0.78373907492031
H           -0.69723415390020        1.61634707465139        1.86910368456123
H            2.55026418292178        1.64110614588644        0.10651949767315
H            4.74713843228035        0.84626914955708       -0.60668168973598
H            5.17926433158853       -1.56957125184375       -0.86793073825607
H            3.36521008384594       -3.18796840959088       -0.42014634251082
H            1.16424172687876       -2.39392699570679        0.31123221721516
35
 energy: -43.880919895824 gnorm: 0.001860473198 xtb: 6.7.1 (edcfbbe)
C           -2.69732965077450       -2.18888512596323        0.16146688626878
C           -2.67507063479729       -0.81966512022177        0.84754449268815
C           -2.09264526733608        0.25494333015793       -0.02174874632446
C           -2.84702971104745        1.33002607510026       -0.39067502820657
C           -2.37240991518834        2.32390921679775       -1.25265198041836
C           -1.08326376085405        2.20736899095019       -1.79410901414692
C           -0.27882798060711        1.16824744237343       -1.46367367074484
C           -0.67603846094966        0.11542935654114       -0.48771065759505
C            0.32327531704139        0.10150533655245        0.73449694954717
C            0.28841544477089        1.44292049070604        1.45794584238917
C            1.69186213511744       -0.31987098839833        0.27635483489628
C            2.71265319625052        0.58149201390184       -0.00140986341484
C            3.95630677198977        0.13501919834468       -0.41482755691655
C            4.20118256353126       -1.21835768400744       -0.56668714541762
C            3.18818337527412       -2.12671938692483       -0.30824266748650
C            1.94920775440800       -1.67863167733281        0.10842710970903
H           -3.21227605723909       -2.12207738438138       -0.79425670076272
H           -3.21699567357766       -2.91194193892262        0.78600409350990
H           -1.68902408414358       -2.55552215043382       -0.01459708332757
H           -2.11035503731902       -0.90629417276428        1.78110978404470
H           -3.69738544647131       -0.54258442178741        1.11280546916167
H           -3.85966973720393        1.40894112196583       -0.01683931982015
H           -3.00427635844476        3.15532034286898       -1.52043059722096
H           -0.73649154356049        2.95487654538749       -2.49479839760276
H            0.70996819071812        1.07642481471803       -1.88859401034679
H           -0.54570065440294       -0.86895375893645       -0.96516269483064
H           -0.03414067447288       -0.67102151864346        1.42249503986215
H            1.01112917182628        1.45246624183746        2.27210720973392
H            0.50921773300080        2.26159720003011        0.77730262776429
H           -0.70427007015394        1.61354937537677        1.86891516524967
H            2.54521521738586        1.64158646599891        0.10957426839304
H            4.74016088571710        0.85098934440996       -0.61735416665882
H            5.17444936034754       -1.56415680080207       -0.88218494797052
H            3.36586075531924       -3.18609593345260       -0.42574951576725
H            1.16641284584549       -2.39593484104621        0.31805399176166
35
 energy: -43.880982473491 gnorm: 0.002088948649 xtb: 6.7.1 (edcfbbe)
C           -2.70528358896548       -2.19204508030312        0.16144630712888
C           -2.67929344683891       -0.82251198622702        0.84548064126637
C           -2.09171534077312        0.25121594111435       -0.02280157513139
C           -2.83835483256372        1.33060653892586       -0.39270457165538
C           -2.35205417493753        2.32519604060132       -1.24838475339849
C           -1.06382232884401        2.20098304645124       -1.78963456707905
C           -0.26856834588863        1.15465987967999       -1.46106417139428
C           -0.67239792663718        0.10648406336046       -0.48226726677697
C            0.32247158214871        0.10062056864004        0.74417345999416
C            0.27806297120234        1.44617748158493        1.45836458036632
C            1.69226138565071       -0.31951297459652        0.28709686272739
C            2.70853374494715        0.58471534504628        0.00237215176481
C            3.94872431319110        0.14267279163908       -0.42657272962008
C            4.19453383110344       -1.20963834863915       -0.58473030532523
C            3.18806846794806       -2.12129349610672       -0.31353167070002
C            1.95213016764472       -1.67766047922877        0.11750701768112
H           -3.21870859214500       -2.12552058551933       -0.79518132943485
H           -3.22856762992685       -2.91296476283661        0.78580247859409
H           -1.69805370260176       -2.56307494133343       -0.01232329432607
H           -2.11515306979243       -0.90882889822790        1.77956431669637
H           -3.70138735302093       -0.54226935917991        1.11121401661193
H           -3.85221065521782        1.41682566731535       -0.02538674195905
H           -2.97521979606019        3.16407619147905       -1.51314874815607
H           -0.71214424846588        2.94797016312830       -2.48676158607592
H            0.71918834810212        1.05470388597839       -1.88538104238448
H           -0.54304436334948       -0.87896293005700       -0.95544026688961
H           -0.03447268037571       -0.66883912742187        1.43593451459229
H            1.00495880792507        1.47275020447371        2.26773705124528
H            0.48243306261819        2.26253266099136        0.77066554152206
H           -0.71435713725034        1.60595443331709        1.87515044098253
H            2.53850354448930        1.64378459969130        0.11825782964705
H            4.72805307290589        0.86104468048593       -0.63808263782899
H            5.16452478437152       -1.55217732107808       -0.91509317362428
H            3.36856353165504       -3.17997425912230       -0.43445246254029
H            1.17409759775122       -2.39779963402549        0.33507568347933
35
 energy: -43.881013176110 gnorm: 0.001495510329 xtb: 6.7.1 (edcfbbe)
C           -2.71052156722133       -2.19344683559991        0.16047515898877
C           -2.68242104601735       -0.82357136449611        0.84354717377960
C           -2.09053488934807        0.24927291857692       -0.02287086548715
C           -2.83283692749577        1.33143210211720       -0.39305452365730
C           -2.34183668218136        2.32583380677527       -1.24617897230590
C           -1.05477190855726        2.19579785795803       -1.78838246041966
C           -0.26398217233824        1.14557472504698       -1.46077075040499
C           -0.67059600246061        0.10173801149695       -0.47879319361344
C            0.32186963842609        0.10028760189287        0.74908946433467
C            0.27476907693728        1.44700712077371        1.46085418691306
C            1.69226563480480       -0.31789464487879        0.29158761555546
C            2.70614867817300        0.58776317336642        0.00352056351913
C            3.94451442600599        0.14781710134750       -0.43235685833108
C            4.19100896390915       -1.20398506697027       -0.59376672424257
C            3.18783355852284       -2.11713704967009       -0.31581796847769
C            1.95370491823008       -1.67550869014042        0.12192472758281
H           -3.22250861892735       -2.12694014852735       -0.79689391807788
H           -3.23650939772084       -2.91222549948536        0.78505773251922
H           -1.70411322708273       -2.56737862502617       -0.01144522210076
H           -2.11985633567544       -0.91097473144289        1.77852893303221
H           -3.70433271456924       -0.54057235018977        1.10700943623070
H           -3.84795231141472        1.42106326285185       -0.02928576218587
H           -2.96064999258592        3.16888504411680       -1.50829122391995
H           -0.70087239713850        2.94166626923716       -2.48585473882063
H            0.72270100421362        1.03998126451076       -1.88668881117028
H           -0.54073711701834       -0.88614359155122       -0.94716954652601
H           -0.03395292226650       -0.66891130891144        1.44178523999334
H            1.00506915109873        1.47852103727289        2.26672438465885
H            0.47215470326525        2.26259261140466        0.77027349887757
H           -0.71637437503781        1.60322803359859        1.88192773972471
H            2.53528427239954        1.64639630384438        0.12174260446634
H            4.72169344093802        0.86724674678485       -0.64765153742775
H            5.15871416937497       -1.54494514852611       -0.93221495986593
H            3.36945840955238       -3.17544109381843       -0.43770802567176
H            1.17847055920517       -2.39712884373850        0.34404760252955
35
 energy: -43.881060178548 gnorm: 0.001393387777 xtb: 6.7.1 (edcfbbe)
C           -2.72540004527582       -2.19619184016779        0.15637862963573
C           -2.69201456462619       -0.82564126344941        0.83810775157604
C           -2.08766298567483        0.24449440031533       -0.02260362539175
C           -2.81849140852244        1.33444690084966       -0.39247683657114
C           -2.31591652835356        2.32745532117162       -1.24041465250273
C           -1.03239220284618        2.18086864465322       -1.78663329571641
C           -0.25323271816474        1.12087280398559       -1.46116289515488
C           -0.66643079536404        0.08940768868958       -0.46931144263600
C            0.32058374780631        0.09922639535801        0.76193755168976
C            0.26899912865941        1.44783733971439        1.47005958578828
C            1.69272004348506       -0.31284112579742        0.30356703041842
C            2.69980407044242        0.59701040964325        0.00571897586006
C            3.93357076966389        0.16242172334569       -0.44761499519387
C            4.18255361531472       -1.18815242305365       -0.61646217510686
C            3.18791358445040       -2.10546564117408       -0.32186003906294
C            1.95846452143995       -1.66902833583774        0.13337178026814
H           -3.23255882743706       -2.12859403189206       -0.80344578705156
H           -3.25924286797496       -2.90959214440247        0.78048157708199
H           -1.72101938117194       -2.57768855739179       -0.01006462228588
H           -2.13535271061705       -0.91720678893289        1.77632833012650
H           -3.71349436391716       -0.53528207089019        1.09382228269489
H           -3.83588495551458        1.43324766153480       -0.03480267659425
H           -2.92416767054237        3.18030933998410       -1.49649959116944
H           -0.67420031116375        2.92013405742037       -2.48970594102423
H            0.72877173655621        0.99890479263439       -1.89469700532491
H           -0.53531534245831       -0.90532663865756       -0.92401036617949
H           -0.03209583235129       -0.67012173077408        1.45630685608559
H            1.00887777377914        1.48732212279119        2.26658518335460
H            0.45135751993380        2.26242510578885        0.77420559600233
H           -0.71798947067536        1.59731953057308        1.90294401941109
H            2.52643740541788        1.65481662860622        0.12733626240642
H            4.70534364600132        0.88474625735154       -0.67178429745292
H            5.14505659918291       -1.52497083722091       -0.97269792641872
H            3.37252000411301       -3.16295065568042       -0.44480001362280
H            1.19018881640451       -2.39431303908711        0.36679677206001
35
 energy: -43.881076514093 gnorm: 0.000929736857 xtb: 6.7.1 (edcfbbe)
C           -2.73196428065910       -2.19519661921901        0.15366404338301
C           -2.69634055832360       -0.82525597404591        0.83710773061818
C           -2.08634918529155        0.24366870643716       -0.02075742747605
C           -2.81239385702610        1.33739729356180       -0.38951010163529
C           -2.30617489572513        2.32722750895170       -1.23879593990845
C           -1.02495231854134        2.17278375365023       -1.78817722332929
C           -0.25010580461294        1.11010436876584       -1.46198375827295
C           -0.66553060715507        0.08395115256345       -0.46576569133310
C            0.32059918572393        0.09756020999225        0.76708588646664
C            0.26754515811485        1.44639724728195        1.47484813502805
C            1.69268382742645       -0.31156901387306        0.30690674660587
C            2.69601094494242        0.60094567815879        0.00421859561476
C            3.92890958965057        0.16907959830637       -0.45355125029875
C            4.18063986643457       -1.18098657347762       -0.62252408048746
C            3.18988646047310       -2.10085819111634       -0.32314165108902
C            1.96137011284916       -1.66723415811068        0.13691279457849
H           -3.23623060524974       -2.12496348470379       -0.80751585204362
H           -3.26957014945903       -2.90764172680576        0.77548755013386
H           -1.72824147560746       -2.57938666438390       -0.01038727981426
H           -2.14281366221129       -0.91977807424644        1.77687472866574
H           -3.71761721734816       -0.53228141617431        1.08984690209003
H           -3.82927145398675        1.43898464999110       -0.03173992833622
H           -2.91098601481431        3.18209678566970       -1.49539860735947
H           -0.66359805819374        2.90900063202593       -2.49337776194894
H            0.73024705297643        0.98310396213636       -1.89760571889266
H           -0.53449056282644       -0.91280377522857       -0.91533025586566
H           -0.03116944496048       -0.67201967801799        1.46167235860308
H            1.01028636691305        1.48725118701798        2.26886677450865
H            0.44638690833566        2.26109682344664        0.77826873821064
H           -0.71798130932362        1.59457505989081        1.91115953581301
H            2.52046195109419        1.65850720229876        0.12523645176749
H            4.69759441432416        0.89340678245868       -0.68231817128762
H            5.14184507359634       -1.51534267301259       -0.98399100588929
H            3.37594415842874       -3.15793133140699       -0.44747856598308
H            1.19567039003141       -2.39398924878101        0.37409329916262
35
 energy: -43.881092127899 gnorm: 0.000609929658 xtb: 6.7.1 (edcfbbe)
C           -2.73859890469655       -2.19194478221220        0.15039673185464
C           -2.70083966816850       -0.82367144440900        0.83754907909962
C           -2.08592244924679        0.24394598727129       -0.01810745100263
C           -2.80779521306829        1.34091032379913       -0.38619005792754
C           -2.29895932054556        2.32673891881223       -1.23834996526704
C           -1.01925611954226        2.16567621203238       -1.79006204695308
C           -0.24811536565180        1.10105560331285       -1.46214545288206
C           -0.66590639549832        0.07913315867388       -0.46260202658901
C            0.32113155091095        0.09445080767162        0.77090514971132
C            0.26722098515895        1.44251993122719        1.48008625316195
C            1.69322712812654       -0.31137924757695        0.30912920959973
C            2.69214428780141        0.60437613195063        0.00118756727808
C            3.92511050409887        0.17586172225128       -0.45950348610669
C            4.18109203497544       -1.17366089235633       -0.62656211827044
C            3.19432415288824       -2.09661892615663       -0.32375795755511
C            1.96578899663866       -1.66643817672992        0.13959641277753
H           -3.23896250913817       -2.11698794162533       -0.81250795408484
H           -3.28086944288922       -2.90441264535316        0.76802182490302
H           -1.73547574543227       -2.57880126943933       -0.01104898379167
H           -2.15034816485137       -0.92190902631484        1.77869561442292
H           -3.72194800865930       -0.52845311561072        1.08802031666860
H           -3.82236441617763        1.44680202005845       -0.02381602848346
H           -2.90125338409742        3.18243662885523       -1.49731691033428
H           -0.65722282423960        2.89519269704487       -2.50143206766363
H            0.72970360126718        0.96852187015760       -1.90121865419092
H           -0.53611175772707       -0.91914359244733       -0.90782783873583
H           -0.02993760953497       -0.67598616785497        1.46488093465600
H            1.01076900474037        1.48194940147325        2.27363819671803
H            0.44573037290896        2.25862161829955        0.78510493123740
H           -0.71768757057318        1.59004181109392        1.91775135477328
H            2.51300351113742        1.66172918356121        0.11914578862310
H            4.69043908185959        0.90259815097746       -0.69183135459129
H            5.14279860730484       -1.50515380339665       -0.98861882208497
H            3.38301939212895       -3.15331682289350       -0.44751922243793
H            1.20237165779101       -2.39478432414552        0.37920903346608
35
 energy: -43.881102848658 gnorm: 0.000767609451 xtb: 6.7.1 (edcfbbe)
C           -2.74466462720090       -2.18801697797258        0.14808658543298
C           -2.70380523240227       -0.82172031440240        0.83913516545748
C           -2.08553941583318        0.24550548453132       -0.01461235618263
C           -2.80435591992784        1.34487312645349       -0.38209864106181
C           -2.29465452735519        2.32652630824925       -1.23847082305932
C           -1.01740758866060        2.15910124119435       -1.79427745350929
C           -0.24831975312599        1.09375194794391       -1.46414522260428
C           -0.66669434562659        0.07584144985188       -0.46089604907846
C            0.32152680801076        0.09087090127915        0.77249897852509
C            0.26677291464274        1.43750992366116        1.48419589157356
C            1.69369183567462       -0.31208265864494        0.30865186334778
C            2.68899863168786        0.60649760683813       -0.00274236571021
C            3.92309509024227        0.18130866324597       -0.46361432931307
C            4.18375030983111       -1.16772322065858       -0.62758851053661
C            3.20024911597598       -2.09345530225279       -0.32244831513446
C            1.97051798530666       -1.66657732722147        0.14103345613030
H           -3.24146132248721       -2.10802307824115       -0.81629715440519
H           -3.29165102476973       -2.90057392083165        0.76148538328194
H           -1.74239945496008       -2.57808607185953       -0.01124139297263
H           -2.15443840113953       -0.92359692071966        1.78053360196945
H           -3.72443641431369       -0.52437399578703        1.08946997443362
H           -3.81781795534254        1.45353962091793       -0.01829263930272
H           -2.89482612194262        3.18336133770541       -1.49887162272602
H           -0.65374837056486        2.88647347326842       -2.50726928327063
H            0.72868475020173        0.95817527633273       -1.90425457860025
H           -0.53926984398275       -0.92363555378966       -0.90350583554744
H           -0.02841655819599       -0.68095792294466        1.46555785217666
H            1.00972654045597        1.47522624203759        2.27869517972236
H            0.44605415254570        2.25539351911330        0.79122701038283
H           -0.71860972268396        1.58403924040608        1.92130520861260
H            2.50628759995609        1.66351736388874        0.11288800200343
H            4.68534021295689        0.91033333986937       -0.69895808780672
H            5.14654483974316       -1.49652034802713       -0.98989105947854
H            3.39212784583499       -3.14974546193088       -0.44502857937502
H            1.20944796744804       -2.39685699150234        0.38264014662398
35
 energy: -43.881112855802 gnorm: 0.000748780129 xtb: 6.7.1 (edcfbbe)
C           -2.75070420557136       -2.18435589077836        0.14714063784485
C           -2.70546128561914       -0.81969631472907        0.84106434968578
C           -2.08555633560842        0.24642624164616       -0.01285378972494
C           -2.80224151585917        1.34720580372660       -0.38022530413949
C           -2.29158627380629        2.32670859288355       -1.23824587847300
C           -1.01562671672558        2.15578964316460       -1.79580993526578
C           -0.24816346308387        1.08938951730870       -1.46498496713867
C           -0.66762943183437        0.07328847621369       -0.46056222566712
C            0.32176433476122        0.08706632742448        0.77203375002928
C            0.26542908401596        1.43213069411697        1.48653564122250
C            1.69435179797886       -0.31320213945561        0.30709384968912
C            2.68663903908427        0.60784515798433       -0.00664904374553
C            3.92204865100066        0.18579737977341       -0.46680276764334
C            4.18715735088835       -1.16275260522175       -0.62752084805503
C            3.20660458369673       -2.09093876704573       -0.32033233760328
C            1.97539280031880       -1.66712985056339        0.14207199800662
H           -3.24478332279919       -2.09996421806761       -0.81823060900853
H           -3.30216014000321       -2.89602721030004        0.75751125773494
H           -1.74971024037751       -2.57836104554105       -0.01067021296163
H           -2.15507142296560       -0.92450469256496        1.78149027181896
H           -3.72497216067572       -0.51989044534402        1.09325823554311
H           -3.81474295703121        1.45923526216700       -0.01453292262566
H           -2.89027734666273        3.18444157518759       -1.49921329853011
H           -0.65219023666760        2.88069389976228       -2.51129120136436
H            0.72765019000676        0.95071891675496       -1.90675569542370
H           -0.54286395728876       -0.92685032936024       -0.90242902159803
H           -0.02701499228340       -0.68661830787531        1.46364417435828
H            1.00718545199883        1.46854374965531        2.28231811764949
H            0.44550658771430        2.25167850643261        0.79565320039756
H           -0.72072875015042        1.57742625751660        1.92237796782573
H            2.50049763657046        1.66444229681938        0.10714326856110
H            4.68168990515146        0.91686238348434       -0.70425448533710
H            5.15107607461144       -1.48919322767300       -0.98932844371079
H            3.40202664800174       -3.14682575323630       -0.44089955007368
H            1.21676461921272       -2.39947988426430        0.38515581772123
35
 energy: -43.881127448230 gnorm: 0.000496175110 xtb: 6.7.1 (edcfbbe)
C           -2.76106520557539       -2.17949043857930        0.14719540268025
C           -2.70666469714195       -0.81670150255948        0.84401773882060
C           -2.08544893071952        0.24758663119792       -0.01123778661086
C           -2.79956830504670        1.34993862693471       -0.37835757643204
C           -2.28750816765435        2.32735029794078       -1.23807565453194
C           -1.01280679910895        2.15264356703946       -1.79728101526089
C           -0.24782671655310        1.08418020665736       -1.46697761454190
C           -0.66872269524265        0.06978208358718       -0.46142892188597
C            0.32167788484197        0.08050896850770        0.77004102347331
C            0.26261656017474        1.42340219239895        1.48837413543270
C            1.69566322949617       -0.31524630469620        0.30514296543728
C            2.68348622134945        0.60957746858885       -0.01191216197588
C            3.92077258150857        0.19242170397840       -0.47164227887150
C            4.19259170080151       -1.15533638810124       -0.62788626257204
C            3.21665025239458       -2.08724221769635       -0.31725251389728
C            1.98322839708704       -1.66820570982317        0.14411211785778
H           -3.25217076488127       -2.08888755349096       -0.81907104553457
H           -3.31940965127710       -2.88838467307665        0.75450627027732
H           -1.76269774560327       -2.58077703712490       -0.00923444546610
H           -2.15255017910499       -0.92580466376697        1.78170686100916
H           -3.72363101209330       -0.51231015164475        1.10122301005194
H           -3.81129048730704        1.46601624020920       -0.01149321513873
H           -2.88392819417333        3.18696802784671       -1.49823998943773
H           -0.64898733178641        2.87619997357443       -2.51388925473199
H            0.72675417593041        0.94204701650020       -1.91032750048969
H           -0.54811806933501       -0.93107143785862       -0.90338162781570
H           -0.02520086042530       -0.69610354384473        1.45939129716823
H            1.00251792119729        1.45850031480938        2.28584843220312
H            0.44289743938531        2.24538593008161        0.80035397269398
H           -0.72477485239973        1.56579170834204        1.92244609472917
H            2.49170450062841        1.66552356179428        0.09823297613823
H            4.67682542879877        0.92643138810072       -0.71114254038715
H            5.15853476881444       -1.47836928221418       -0.98719902327124
H            3.41825211522305       -3.14256041220590       -0.43281364724681
H            1.22849748779655       -2.40386459140452        0.38915177812565
35
 energy: -43.881141425551 gnorm: 0.000536961213 xtb: 6.7.1 (edcfbbe)
C           -2.77615581563618       -2.17432069612923        0.14809166278529
C           -2.70799524902959       -0.81326989937219        0.84720234021144
C           -2.08507843422686        0.24773414287667       -0.01096207669609
C           -2.79593868728997        1.35217964805810       -0.37758809568705
C           -2.28119783997542        2.32857858467360       -1.23700670236920
C           -1.00782240337930        2.14954572488123       -1.79765656035270
C           -0.24644402813159        1.07780286048187       -1.46935261998669
C           -0.66951157736405        0.06458343911418       -0.46338165260754
C            0.32153410032295        0.07263403601700        0.76693480786244
C            0.25863168515739        1.41252380102538        1.49062506482902
C            1.69703631168749       -0.31746200523192        0.30130038639652
C            2.67915153187014        0.61218040926814       -0.01955183535539
C            3.91911672167780        0.20111143064593       -0.47696065002315
C            4.19976065778804       -1.14564513018343       -0.62676534294836
C            3.22980255487269       -2.08229865919786       -0.31192547084653
C            1.99331034865871       -1.66919948903323        0.14657386480770
H           -3.26545013302248       -2.07699771351146       -0.81838362760830
H           -3.34253920980767       -2.87814206366632        0.75379949004528
H           -1.78185188988857       -2.58580609347917       -0.00809731964631
H           -2.14819449454266       -0.92773982746968        1.78085890470642
H           -3.72113212034522       -0.50211947061680        1.11169413055060
H           -3.80676105971319        1.47294651645234       -0.00933338785590
H           -2.87479179346041        3.19070588938301       -1.49558758122696
H           -0.64299298332947        2.87198841834479       -2.51474980154260
H            0.72654715886291        0.93159746143628       -1.91484420496758
H           -0.55354927850892       -0.93687425444441       -0.90585395678363
H           -0.02302447763084       -0.70765028361766        1.45330399540015
H            0.99792724300861        1.44692476459730        2.28859994755644
H            0.43704567474982        2.23724172255079        0.80540890557035
H           -0.72956393832396        1.55066790851197        1.92430283219646
H            2.48067676590217        1.66724710898676        0.08707582428181
H            4.67021429855855        0.93899970282907       -0.72037726051675
H            5.16737057522634       -1.46407245621892       -0.98619603075982
H            3.43843265019107       -3.13668416383437       -0.42327521196867
H            1.24373713507043       -2.40901136412563        0.39497723254792
35
 energy: -43.881151205122 gnorm: 0.000459710593 xtb: 6.7.1 (edcfbbe)
C           -2.79093957807070       -2.17043932794873        0.14876295945803
C           -2.70963086863274       -0.81063466968887        0.84909328793202
C           -2.08434456700219        0.24742549034243       -0.01091691195819
C           -2.79187320695295        1.35431865516824       -0.37658009579522
C           -2.27465895149815        2.32945823521212       -1.23594489931926
C           -1.00258352868647        2.14618233456000       -1.79790367701162
C           -0.24486923790628        1.07123834186020       -1.47160356831209
C           -0.66981719340365        0.05954985920079       -0.46481280026074
C            0.32152827334662        0.06564654315361        0.76503365477436
C            0.25548222689955        1.40357381755035        1.49235605802060
C            1.69859670234596       -0.31917105080810        0.29974810411588
C            2.67530752687064        0.61488844054997       -0.02519689415757
C            3.91709642203958        0.20929425481742       -0.48256617800290
C            4.20518067077050       -1.13638351939877       -0.62788458935848
C            3.24077877901115       -2.07732199430980       -0.30882670693580
C            2.00225591557293       -1.66962476093960        0.14941000986924
H           -3.28072772551919       -2.06794828886347       -0.81687703523307
H           -3.36273601847980       -2.86953527036216        0.75470724645135
H           -1.80058449659246       -2.59054449461472       -0.00917198316543
H           -2.14525431919292       -0.93017247177036        1.77928804920431
H           -3.71910983127839       -0.49306259704877        1.11972303071099
H           -3.80215909198420        1.47796868230450       -0.00793834186173
H           -2.86536131952305        3.19401753088332       -1.49292020034231
H           -0.63554587324233        2.86821174754230       -2.51438089385933
H            0.72670895742030        0.92153125235199       -1.91896836841018
H           -0.55707654589563       -0.94258619933358       -0.90680903780107
H           -0.02113391694780       -0.71753340012586        1.44903729214114
H            0.99604063041470        1.43806834072482        2.28908956454994
H            0.43006791930000        2.23077602313876        0.80919551944407
H           -0.73233755391229        1.53743621174218        1.92811940659526
H            2.47068110370417        1.66920785687483        0.07731814322727
H            4.66406738872224        0.95044095721630       -0.72848234053225
H            5.17470688267266       -1.45071910207853       -0.98527354414557
H            3.45564249347216       -3.13096181514696       -0.41537746987712
H            1.25690193215667       -2.41269561275355        0.40045320984403
35
 energy: -43.881159958989 gnorm: 0.000458038181 xtb: 6.7.1 (edcfbbe)
C           -2.80584089831898       -2.16742351915056        0.14889659973971
C           -2.71189118618828       -0.80882014280314        0.85002543476997
C           -2.08363095101932        0.24641944420492       -0.01120094848267
C           -2.78768775478461        1.35584205867863       -0.37601295405906
C           -2.26746668414493        2.33006533818152       -1.23475678244795
C           -0.99652254108046        2.14238655812062       -1.79798807840539
C           -0.24292928472866        1.06391394385086       -1.47382459554962
C           -0.66977907914780        0.05422424590101       -0.46563748476711
C            0.32163498033122        0.05992489246259        0.76426194834902
C            0.25341668778490        1.39611643238456        1.49462625722279
C            1.69989147029019       -0.32004104658830        0.29851375267502
C            2.67159478602880        0.61800252535411       -0.03011902636305
C            3.91499108975362        0.21729809380932       -0.48726636368290
C            4.20979726527163       -1.12735065006893       -0.62862952216472
C            3.25044648896557       -2.07213254712348       -0.30612677382258
C            2.01018949406347       -1.66931196881859        0.15183925268253
H           -3.29888318914340       -2.06078619091754       -0.81464799244786
H           -3.38037108260832       -2.86243551068355        0.75684682407139
H           -1.81931756243459       -2.59463918108339       -0.01343007613971
H           -2.14394384929988       -0.93340071171783        1.77732244582229
H           -3.71790804231830       -0.48484929061323        1.12565539926021
H           -3.79733748889250        1.48246218537394       -0.00649727808948
H           -2.85498457765021        3.19731813323605       -1.48998202743268
H           -0.62722782507510        2.86341338583423       -2.51430738651025
H            0.72715015962264        0.91057613005821       -1.92322141761750
H           -0.55936857174988       -0.94883095395217       -0.90615263568031
H           -0.01918070435439       -0.72541748272009        1.44667889307938
H            0.99734827066081        1.43178926267566        2.28819087109339
H            0.42184560885233        2.22532338834238        0.81228468977380
H           -0.73299350800580        1.52524347823896        1.93499068222804
H            2.46167753195371        1.67156536295031        0.06915373877453
H            4.65791625206472        0.96145547129234       -0.73646043575579
H            5.18047094146965       -1.43775452145326       -0.98635613728922
H            3.47041328193377       -3.12495764505220       -0.40970657743253
H            1.26878047189690       -2.41528896820150        0.40593770459681
35
 energy: -43.881170364277 gnorm: 0.000402941446 xtb: 6.7.1 (edcfbbe)
C           -2.82603501325062       -2.16329258099981        0.14793783332129
C           -2.71540058777372       -0.80685420172409        0.85106957962514
C           -2.08240497738764        0.24480243623968       -0.01098623900281
C           -2.78128839294588        1.35811010528805       -0.37440603769260
C           -2.25702515883534        2.33049407440839       -1.23264395292855
C           -0.98821356895205        2.13587011965642       -1.79828818437911
C           -0.24009134859041        1.05307589673103       -1.47609496570388
C           -0.66950738515180        0.04673423783242       -0.46567629624609
C            0.32230467872964        0.05317305103932        0.76431184839384
C            0.25085964039003        1.38766999056982        1.49777039498034
C            1.70173455579686       -0.32089597196632        0.29761491367513
C            2.66685245772914        0.62233379472895       -0.03586859925961
C            3.91199431756691        0.22797439450736       -0.49361278510985
C            4.21514789224580       -1.11529118353300       -0.63077823692161
C            3.26242607484514       -2.06513699361292       -0.30336829617330
C            2.02027140972774       -1.66862601921669        0.15511366041096
H           -3.32668375501706       -2.05124199094927       -0.81118698889777
H           -3.40082654467054       -2.85455292913233        0.75982026281625
H           -1.84441066943500       -2.59802357042659       -0.02371571324099
H           -2.14333609526745       -0.93884393579448        1.77481341499671
H           -3.71691849934907       -0.47445690833770        1.13284342842846
H           -3.79024796467436        1.48835189077440       -0.00458925138407
H           -2.84033542568220        3.20094177560974       -1.48654071185911
H           -0.61591315141642        2.85490653216945       -2.51504460485570
H            0.72772488781675        0.89432971652289       -1.92843845092522
H           -0.56151520827124       -0.95779504716123       -0.90319056723819
H           -0.01621188059144       -0.73469175398233        1.44493594246113
H            1.00092549080521        1.42600040558291        2.28544391461539
H            0.40936304400028        2.21912144778896        0.81591107440721
H           -0.73261878335380        1.51051548299598        1.94639089856706
H            2.45028423313740        1.67488858122097        0.05998593107420
H            4.64985038322305        0.97594458353494       -0.74624614813007
H            5.18733442180675       -1.42061120465868       -0.98860165031181
H            3.48861417018172       -3.11690041535955       -0.40405879075019
H            1.28359675261198       -2.41812381034400        0.41227337323580
35
 energy: -43.881180210507 gnorm: 0.000597068083 xtb: 6.7.1 (edcfbbe)
C           -2.85130337533288       -2.15751928996847        0.14545507247950
C           -2.71990712501906       -0.80481318024523        0.85250652506115
C           -2.08089910193227        0.24286143440436       -0.00981784636702
C           -2.77322438214342        1.36078108550565       -0.37198473833754
C           -2.24397077343495        2.33003273877247       -1.23068356415558
C           -0.97795370398368        2.12637194324592       -1.79960214025249
C           -0.23683758428531        1.03825623729053       -1.47920568677638
C           -0.66923443624125        0.03731760958579       -0.46469378041798
C            0.32321191374453        0.04506927275537        0.76554521037825
C            0.24865326228617        1.37788666729678        1.50187231036776
C            1.70403796059664       -0.32156976550534        0.29734275019695
C            2.66134767732346        0.62781700860213       -0.04148681863931
C            3.90852413061770        0.24122067505795       -0.50020892726884
C            4.22151016880423       -1.10025376881382       -0.63305835616285
C            3.27641032497877       -2.05599467103524       -0.30133566703469
C            2.03209840533290       -1.66727982697185        0.15818875819360
H           -3.36432363603355       -2.03761201703520       -0.80639041271921
H           -3.42333691944833       -2.84640901051437        0.76264337227691
H           -1.87561619874600       -2.59944524134730       -0.04158640170955
H           -2.14283739525100       -0.94701892398830        1.77164500690562
H           -3.71571029311622       -0.46228088467869        1.14236069086294
H           -3.78072635638866        1.49718057747141       -0.00000337283822
H           -2.82155569360034        3.20481148765351       -1.48273624549652
H           -0.60220028917352        2.84230111905165       -2.51775373274571
H            0.72808866432572        0.87228331404754       -1.93511505230761
H           -0.56450978357426       -0.96935662174899       -0.89771124934766
H           -0.01210822431749       -0.74544072049788        1.44470968385078
H            1.00673207570398        1.42097959854323        2.28178095769375
H            0.39328062504910        2.21168663531827        0.81957616334858
H           -0.73094261607092        1.49224427759917        1.96115855825746
H            2.43661513218972        1.67907380730451        0.05020057596291
H            4.63993668258566        0.99391358276424       -0.75809905755530
H            5.19518149424373       -1.39941812758073       -0.99215365597783
H            3.51033805174239       -3.10644948922865       -0.39849467136698
H            1.30153131856657       -2.42132753310745        0.42003574163934
35
 energy: -43.881187566623 gnorm: 0.000675882187 xtb: 6.7.1 (edcfbbe)
C           -2.87468602544987       -2.15086637898274        0.14181491309551
C           -2.72357943091435       -0.80320334693556        0.85472810409043
C           -2.07934254179784        0.24145980846039       -0.00719000189067
C           -2.76549998791375        1.36366061077475       -0.36810652800461
C           -2.23209600572043        2.32917379244517       -1.22846871779613
C           -0.96928003699332        2.11645753319231       -1.80138221348744
C           -0.23416921986572        1.02413049124162       -1.48166144577765
C           -0.66910170298521        0.02850594827228       -0.46304790304535
C            0.32454022801509        0.03824672389742        0.76675905665407
C            0.24639456577663        1.36962005578871        1.50548036770322
C            1.70638445323837       -0.32213646624820        0.29694030904731
C            2.65672111393027        0.63269152520115       -0.04653960291541
C            3.90555871415151        0.25314575437578       -0.50639011809192
C            4.22733101497759       -1.08666716739282       -0.63548621285088
C            3.28932989094312       -2.04779790957976       -0.29875515913125
C            2.04308680116873       -1.66607479834488        0.16151684647106
H           -3.40150886664840       -2.02218110680586       -0.80148934980110
H           -3.44154040874114       -2.83973835386284        0.76386405557698
H           -1.90469179060255       -2.59775826362005       -0.06290489164321
H           -2.14142110557413       -0.95647162482048        1.76892952120821
H           -3.71372202643668       -0.45163576878340        1.15316176172221
H           -3.77179631076561        1.50541357995589        0.00457956221550
H           -2.80474514730035        3.20734089805610       -1.47991533451760
H           -0.59159233444716        2.82821768122407       -2.52256948117416
H            0.72772845544291        0.85096527075944       -1.94122682163393
H           -0.56764795627494       -0.98028980487636       -0.89166211425821
H           -0.00764295151834       -0.75442480444375        1.44494187309780
H            1.01116653521644        1.41707769624137        2.27836365153832
H            0.37927760460116        2.20500165737507        0.82309972108214
H           -0.72949698038956        1.47680311441752        1.97410349396607
H            2.42499485003132        1.68258834522620        0.04274982679335
H            4.63162925024756        1.00983425461336       -0.76695830952554
H            5.20248433972096       -1.38035426152010       -0.99503534323725
H            3.52972864956822       -3.09684131544571       -0.39450592835952
H            1.31750436330743       -2.42399336985289        0.42516241287783
35
 energy: -43.881194079312 gnorm: 0.000625731518 xtb: 6.7.1 (edcfbbe)
C           -2.89323270202574       -2.14428760599635        0.13763898366565
C           -2.72554786039329       -0.80229198657010        0.85731668716928
C           -2.07795758311787        0.24026383143775       -0.00446577669728
C           -2.75957198881574        1.36541468941338       -0.36464276662542
C           -2.22355316739581        2.32754735326818       -1.22695599780861
C           -0.96380855394538        2.10758592928414       -1.80363801936496
C           -0.23276990892050        1.01271388188175       -1.48359363287690
C           -0.66894779997851        0.02188758958229       -0.46105553873697
C            0.32600303156213        0.03313197961119        0.76803210145398
C            0.24485136576658        1.36385910521876        1.50778576847974
C            1.70844941884297       -0.32258261889118        0.29673241693943
C            2.65386004399093        0.63613937971957       -0.04918193262648
C            3.90406009362812        0.26188755739669       -0.50938598365042
C            4.23205259832830       -1.07653104711880       -0.63660564578813
C            3.29880124786608       -2.04142432720245       -0.29808973785398
C            2.05110318926250       -1.66500791956231        0.16262825099115
H           -3.43327882392818       -2.00671422549474       -0.79687355001656
H           -3.45347595840309       -2.83538765781891        0.76329638474799
H           -1.92817157133268       -2.59345616021965       -0.08467310126991
H           -2.13837326582808       -0.96581637992694        1.76644380511511
H           -3.71055942595717       -0.44386613270521        1.16443106693006
H           -3.76424837583937        1.51257537613386        0.01039941522339
H           -2.79255360383234        3.20807449291586       -1.47820836994691
H           -0.58509962180195        2.81610607455174       -2.52751896027595
H            0.72664322256173        0.83390695276887       -1.94591697912194
H           -0.57031611953810       -0.98854281002404       -0.88614107096174
H           -0.00346937572552       -0.76117045790218        1.44567270783964
H            1.01404299015408        1.41540502163892        2.27587125833542
H            0.36886496052507        2.20007288539473        0.82494014872172
H           -0.72853439352043        1.46552229815871        1.98244322971609
H            2.41663751899425        1.68499048773225        0.03785315097342
H            4.62587743275473        1.02169854973529       -0.77293561778001
H            5.20830098319313       -1.36621529369290       -0.99637237156759
H            3.54456272916372       -3.08949549073319       -0.39142137014284
H            1.32965927370325       -2.42609332198158        0.42909104680859
35
 energy: -43.881197757866 gnorm: 0.000259135822 xtb: 6.7.1 (edcfbbe)
C           -2.89392449127368       -2.14348266649908        0.13633088456455
C           -2.72428111648413       -0.80323599855652        0.85813779769417
C           -2.07752495589319        0.24017638755946       -0.00338661507722
C           -2.75960042499367        1.36494961950015       -0.36368745931854
C           -2.22429805981080        2.32681717693099       -1.22683945962688
C           -0.96459609944743        2.10717920334652       -1.80377828103925
C           -0.23297734431724        1.01254467069185       -1.48353543335269
C           -0.66868942192166        0.02186502744882       -0.46063028832270
C            0.32625264037673        0.03381463052723        0.76821677827016
C            0.24499994782994        1.36492964676585        1.50704907683997
C            1.70878897718417       -0.32223576152105        0.29727756351786
C            2.65462947879217        0.63619070865818       -0.04865287003805
C            3.90463960365829        0.26155781633524       -0.50920737182145
C            4.23208727883469       -1.07703817662461       -0.63652824515455
C            3.29846306048556       -2.04165452824585       -0.29774467185725
C            2.05094186577545       -1.66483705960867        0.16321926534191
H           -3.43481880989819       -2.00322892003510       -0.79666679501765
H           -3.45384845031299       -2.83586077924056        0.76100693130888
H           -1.92972431914025       -2.59271714062053       -0.08827529468566
H           -2.13584425884567       -0.96866990872586        1.76570859143883
H           -3.70844792036693       -0.44460156674260        1.16746977115736
H           -3.76414358099983        1.51237570946870        0.01161192483526
H           -2.79355847559137        3.20729685494867       -1.47797968093292
H           -0.58713917175298        2.81506660377128       -2.52891384178293
H            0.72619740376877        0.83348314938946       -1.94630534078102
H           -0.57020131220136       -0.98871527897094       -0.88551852727805
H           -0.00304118115047       -0.76008027370723        1.44646071140744
H            1.01311628033154        1.41689254464440        2.27627899979169
H            0.37003031665175        2.20073900705143        0.82365112335270
H           -0.72919729321155        1.46681402024129        1.98021384884707
H            2.41795731052487        1.68508476461766        0.03916105164520
H            4.62707316574115        1.02109877394128       -0.77179253566459
H            5.20824012444050       -1.36710564947805       -0.99640289435548
H            3.54369379626192       -3.08976679976906       -0.39178504613561
H            1.32904543695370       -2.42574580748938        0.42873633222752
