35
 energy: -43.870628576520 gnorm: 0.067394307288 xtb: 6.7.1 (edcfbbe)
C            3.16750000000000        0.71640000000000       -1.61350000000000
C            2.43050000000000       -0.61280000000000       -1.47980000000000
C            1.70380000000000       -0.82460000000000       -0.13240000000000
C            2.71760000000000       -0.87090000000000        1.00470000000000
C            2.72460000000000        0.00760000000000        2.01810000000000
C            1.72720000000000        1.04510000000000        2.03820000000000
C            0.60610000000000        1.05460000000000        1.13150000000000
C            0.56370000000000        0.18190000000000        0.10220000000000
C           -0.63860000000000        0.08860000000000       -0.83660000000000
C           -0.73120000000000        1.32460000000000       -1.74390000000000
C           -1.92910000000000       -0.24860000000000       -0.08990000000000
C           -2.90800000000000        0.70930000000000        0.21660000000000
C           -4.06720000000000        0.35130000000000        0.91050000000000
C           -4.26390000000000       -0.96690000000000        1.31390000000000
C           -3.30020000000000       -1.92930000000000        1.02750000000000
C           -2.14200000000000       -1.57290000000000        0.33380000000000
H            2.49210000000000        1.56840000000000       -1.49660000000000
H            3.62480000000000        0.78850000000000       -2.60580000000000
H            3.96920000000000        0.80750000000000       -0.87450000000000
H            1.71500000000000       -0.69800000000000       -2.30620000000000
H            3.15540000000000       -1.42400000000000       -1.62820000000000
H            1.24210000000000       -1.82180000000000       -0.15780000000000
H            3.46400000000000       -1.65960000000000        0.97530000000000
H            3.45470000000000       -0.04110000000000        2.81790000000000
H            1.76300000000000        1.78780000000000        2.82780000000000
H           -0.19890000000000        1.75400000000000        1.33130000000000
H           -0.47850000000000       -0.75560000000000       -1.52240000000000
H           -1.58890000000000        1.24840000000000       -2.42180000000000
H            0.16700000000000        1.42110000000000       -2.36330000000000
H           -0.83490000000000        2.25450000000000       -1.17410000000000
H           -2.78390000000000        1.74920000000000       -0.07230000000000
H           -4.81560000000000        1.10550000000000        1.13920000000000
H           -5.16460000000000       -1.24230000000000        1.85550000000000
H           -3.44600000000000       -2.95760000000000        1.34710000000000
H           -1.39680000000000       -2.33840000000000        0.12800000000000
35
 energy: -43.877498235237 gnorm: 0.028357170963 xtb: 6.7.1 (edcfbbe)
C            3.15671490121487        0.71234922998586       -1.60135670477030
C            2.41998978593983       -0.61669230397343       -1.48616433853172
C            1.69433730163103       -0.82856525421617       -0.13755458295679
C            2.69478864543035       -0.85754741778654        0.98534593626614
C            2.69460024055685        0.03632870753571        1.99495516350271
C            1.70033759879916        1.04109804108109        2.04771701168569
C            0.61977662563146        1.03527663668096        1.13435633417213
C            0.56685158927648        0.15863695618547        0.10047063326668
C           -0.62778020334085        0.07383819953477       -0.83863849257709
C           -0.73558472103077        1.32166421540792       -1.72520207993790
C           -1.90626797720181       -0.24050551160754       -0.06983230942619
C           -2.88275260903048        0.70723160654501        0.22712024791720
C           -4.04092120353316        0.35128455738615        0.90595732795414
C           -4.24349940788297       -0.95813641454487        1.30689846137605
C           -3.28126415049134       -1.91238624591687        1.02266412586363
C           -2.12835440244059       -1.55539171989159        0.34090484861778
H            2.47904798133977        1.55478769628473       -1.47350020016613
H            3.61639005902541        0.79016525994473       -2.58806741476593
H            3.94494692176927        0.79421154711055       -0.85406299673154
H            1.69721147378504       -0.69627211618663       -2.30347971994244
H            3.14373133478041       -1.42847907037663       -1.61667823635696
H            1.23876125107517       -1.82974766045746       -0.18684033317591
H            3.43810173912742       -1.64468758103748        0.94718029151256
H            3.43158137723688       -0.00514174062770        2.78545962163370
H            1.73627668359289        1.78536268018284        2.82958373811304
H           -0.17602626697740        1.74701990444369        1.30841556522200
H           -0.46436396427360       -0.77640150718791       -1.51372891897568
H           -1.59538000705522        1.24272153472165       -2.39254017834061
H            0.15916909994036        1.41079719437601       -2.34135270954263
H           -0.82912340333004        2.23964448164581       -1.14571293886260
H           -2.76306954408708        1.73715208552684       -0.07790248937882
H           -4.78967783384077        1.10182696253099        1.12445624388865
H           -5.14538847885062       -1.23383024477694        1.83861071516046
H           -3.43046771940020       -2.93897369290820        1.33143620633645
H           -1.39269271738570       -2.31873901561478        0.12108217195027
35
 energy: -43.879196094226 gnorm: 0.006880946068 xtb: 6.7.1 (edcfbbe)
C            3.13997208902253        0.70750427807174       -1.58260273313533
C            2.40647626451225       -0.62426508531800       -1.48920862030327
C            1.68080048704704       -0.83961076016517       -0.13447694359005
C            2.67646782031776       -0.85426047032175        0.97597526705289
C            2.66924262484613        0.05514606804766        1.97839748999927
C            1.67526358835931        1.04110245789985        2.04578482847233
C            0.62311631868405        1.02844644381859        1.12426447021209
C            0.56685059427130        0.14216501802402        0.09207088025394
C           -0.62089182035843        0.06639378283062       -0.84409949710603
C           -0.73175662577687        1.32074841747004       -1.71672909624886
C           -1.89063706782525       -0.23967768231120       -0.06907361373097
C           -2.85853565249376        0.70876671661158        0.22883733372376
C           -4.01268929405972        0.35692475041343        0.90783478494216
C           -4.22122706835019       -0.94955173976738        1.30755683200333
C           -3.26013442850979       -1.90352115437254        1.02476798712464
C           -2.11193793074928       -1.54892703982114        0.34375278118588
H            2.45669285881733        1.54094059002794       -1.44200025013979
H            3.60563872235992        0.80120410667331       -2.56275190256843
H            3.91639330450888        0.77555853200293       -0.82462935054008
H            1.68141365438186       -0.69516619632403       -2.30251774243038
H            3.12829881998979       -1.43514361842532       -1.61570547141879
H            1.23406336021745       -1.84704026618330       -0.20834719700176
H            3.43158120308341       -1.62657716553327        0.92718180227172
H            3.42511117621249        0.02624276361403        2.75163269972578
H            1.69988259177833        1.77915438003177        2.83074122161356
H           -0.18032229476265        1.73691360251164        1.27495209491347
H           -0.45967598234534       -0.78477809054207       -1.51553933788131
H           -1.60109060241807        1.24744790256297       -2.36768935059106
H            0.15675077310400        1.41222787977554       -2.33699918792335
H           -0.81503150559580        2.22179983537308       -1.11553471016123
H           -2.73227678619116        1.73535548164684       -0.07633790089284
H           -4.76091880180652        1.10782463975954        1.11704198717997
H           -5.12689793525250       -1.22456561413315        1.82840268040059
H           -3.41300733245517       -2.92995549173686        1.32497539677299
H           -1.37698512256323       -2.30892727221181        0.12007236781526
35
 energy: -43.879613406683 gnorm: 0.004988250495 xtb: 6.7.1 (edcfbbe)
C            3.12714019578511        0.70414335957508       -1.56593084798698
C            2.39903999586116       -0.63168892400106       -1.49144807342251
C            1.67354033653552       -0.85180344733069       -0.13256690649225
C            2.67343430142361       -0.85245750929805        0.97226812421299
C            2.66351914047888        0.06610498825532        1.96807175894108
C            1.65698062171264        1.03969957077956        2.04219006740252
C            0.61127129176342        1.02118743285215        1.11513348792352
C            0.56201370065430        0.12904280513438        0.08558325131980
C           -0.61804109944532        0.06075458549720       -0.85521412008212
C           -0.72788180519029        1.32355438167573       -1.71537218614231
C           -1.88182548505693       -0.24167308845149       -0.07422105964882
C           -2.84263179440419        0.71201434220217        0.22958161904991
C           -3.99624190806695        0.36271371064529        0.91051806915145
C           -4.20791823748926       -0.94407501105578        1.30905773459301
C           -3.24865027869966       -1.90129543531350        1.02665224676207
C           -2.10150424685585       -1.55006912032691        0.34260675436561
H            2.43755687097141        1.53093367599186       -1.41527706630192
H            3.59755189857522        0.81498699633570       -2.54171988169873
H            3.89749692075821        0.76367233833610       -0.80100885486868
H            1.67206689651149       -0.69686607740692       -2.30283229598160
H            3.12069659335473       -1.44089296799085       -1.62262490121941
H            1.23271800410232       -1.86239694325275       -0.21212584104378
H            3.43729157060080       -1.61521673429916        0.92279855436727
H            3.42751473723764        0.04283399771972        2.73376605838600
H            1.67162732011751        1.77506008956893        2.83012751048370
H           -0.19651489752548        1.73064554647317        1.24454273745244
H           -0.46073128259055       -0.78832089907776       -1.53007066729672
H           -1.60534403013870        1.26317451263233       -2.35626795672551
H            0.15462930591662        1.41620493805921       -2.34321704393366
H           -0.79791211473198        2.21661614778446       -1.10037502388595
H           -2.71176582468262        1.73808584338026       -0.07570341686376
H           -4.73996377178917        1.11699067293196        1.12285286214910
H           -5.11272515694584       -1.21625368194041        1.83157093352561
H           -3.40104482097516       -2.92648018844933        1.33037827866928
H           -1.36539294777248       -2.30902990763577        0.11827609483954
35
 energy: -43.879860716367 gnorm: 0.003844228247 xtb: 6.7.1 (edcfbbe)
C            3.11318383723106        0.70103428821642       -1.54581493898699
C            2.39302945392578       -0.63962626859526       -1.49318436987706
C            1.66755773037110       -0.86773057256062       -0.13170567540949
C            2.67004947281335       -0.85261563038960        0.97169784125088
C            2.65406914537238        0.07286001182368        1.96091171700608
C            1.63679404545378        1.03745255884758        2.03440911700127
C            0.59552414320975        1.01257553037036        1.10156995414738
C            0.55665234492651        0.11482253253478        0.07555649017985
C           -0.61654451561710        0.05600217303196       -0.87197093828457
C           -0.72158247516968        1.32844097149830       -1.71860735227370
C           -1.87631907476980       -0.24567041563975       -0.08704896061724
C           -2.82846457848481        0.71444372149435        0.22694895775119
C           -3.97748384687881        0.36969095078516        0.91879677756570
C           -4.19040617430962       -0.93708278837680        1.31808257817494
C           -3.23578024165819       -1.89899378341877        1.03194621451037
C           -2.09273781537425       -1.55316845185394        0.33724699576220
H            2.41523440806588        1.51911188768221       -1.38277047153587
H            3.58820276765045        0.83431447295045       -2.51659672571061
H            3.87788715064066        0.75197676674469       -0.77437976324275
H            1.66456845450159       -0.69852186804856       -2.30339229943468
H            3.11549473410312       -1.44624424571578       -1.63254327011736
H            1.23317735586082       -1.88076728299189       -0.20933846987090
H            3.44697494911591       -1.60210578068621        0.92287070993393
H            3.42771766906201        0.06225033508833        2.71745227015684
H            1.63943445228289        1.77009045267669        2.82561173696999
H           -0.22020994693499        1.71480218148482        1.21648613403811
H           -0.46420736348278       -0.78793302367839       -1.55471351433212
H           -1.60978397707387        1.28837657535208       -2.34704661993078
H            0.15262577116289        1.41847177083077       -2.35875179898142
H           -0.77020724811930        2.21503315000801       -1.09122974794801
H           -2.69220636860022        1.74064010503208       -0.07656226667835
H           -4.71481189966876        1.12847670772015        1.13871913372254
H           -5.09363383985577       -1.20590057252631        1.84492459023138
H           -3.38758586640938       -2.92276442460321        1.34147385839359
H           -1.35621265334236       -2.31184203508754        0.11095210643591
35
 energy: -43.879947279560 gnorm: 0.002786279383 xtb: 6.7.1 (edcfbbe)
C            3.10730071767975        0.70067259747712       -1.53541012285629
C            2.39258088220270       -0.64255925542261       -1.49337376628494
C            1.66595850163357       -0.87475628572342       -0.13329644864476
C            2.66800091354555       -0.85241857713843        0.97159274925028
C            2.64772311313224        0.07488141752503        1.95826385729807
C            1.62495304448115        1.03456118748325        2.02998089389064
C            0.58433157580934        1.00456530939635        1.09604361712604
C            0.55272651228370        0.10708981783483        0.06990253617933
C           -0.61704851043276        0.05410664086134       -0.88320241503906
C           -0.71696003496207        1.33123090840817       -1.72344555237256
C           -1.87591614077980       -0.24810056511273       -0.09675792315277
C           -2.82329164012093        0.71484498498160        0.22412932158281
C           -3.96744089995704        0.37333599770253        0.92625248906536
C           -4.17937183906324       -0.93287242300159        1.32793496526562
C           -3.22934491866799       -1.89751030569986        1.03534354302892
C           -2.09082254409792       -1.55510279008132        0.33089515882990
H            2.40476253612095        1.51354462347614       -1.36598840713213
H            3.58304439724784        0.84560397118987       -2.50375625372489
H            3.87048010757645        0.74853578128402       -0.76242234094426
H            1.66446063658263       -0.69920565181761       -2.30398239430923
H            3.11671823419075       -1.44707979394644       -1.63719420045648
H            1.23489026411603       -1.88868033757933       -0.20682286676486
H            3.44915475324347       -1.59747091328397        0.92582508666941
H            3.42040093153615        0.06945003602792        2.71477661770408
H            1.62245141517779        1.76739404054635        2.82102525177713
H           -0.23335818389913        1.70426886737085        1.20614838665488
H           -0.46649547055747       -0.78623789483701       -1.57099833277928
H           -1.61134378814431        1.30434206170873       -2.34402720552024
H            0.15170541182569        1.41543184982346       -2.37247873386208
H           -0.74982093132931        2.21636364085382       -1.09298387498235
H           -2.68607836621893        1.74065885176749       -0.08070096374054
H           -4.69993031441418        1.13477020746620        1.15406572267313
H           -5.07839535705446       -1.19894689445968        1.86378601924167
H           -3.37986086885930       -2.92010060015090        1.35006623245030
H           -1.35616413982660       -2.31471050492989        0.10080935387951
35
 energy: -43.880022054268 gnorm: 0.002066435466 xtb: 6.7.1 (edcfbbe)
C            3.10359730386337        0.70246913073370       -1.52713297199116
C            2.39423339969259       -0.64309742479527       -1.49287062208009
C            1.66539434478229       -0.87917118225822       -0.13657499007474
C            2.66357172132417       -0.85332699894205        0.97272958924624
C            2.63746422100461        0.07319177013525        1.95920511813753
C            1.61149101150340        1.02961848584284        2.02742275934652
C            0.57289103432163        0.99623213053428        1.09105999900544
C            0.54883809565996        0.10110682408667        0.06325227288229
C           -0.61816849571041        0.05198188469539       -0.89528565762881
C           -0.71217048874471        1.33238407013380       -1.73095325994949
C           -1.87696633556402       -0.25021046243534       -0.10779900638129
C           -2.81963893230638        0.71493122181014        0.22014928048748
C           -3.95659181397872        0.37750259986668        0.93630502994512
C           -4.16606556884934       -0.92738074308558        1.34322978599557
C           -3.22284155826352       -1.89509453755327        1.03953452949655
C           -2.09114652798117       -1.55661750104422        0.32195225753317
H            2.39708087549222        1.51031431424822       -1.35172672344274
H            3.57822273309940        0.85706911663331       -2.49390257373354
H            3.86676812426164        0.74859518542912       -0.75424589550163
H            1.66833946408286       -0.69935815591098       -2.30556645272704
H            3.12115316018499       -1.44506545102672       -1.63879340674411
H            1.23708264783270       -1.89386502412284       -0.20671936292573
H            3.44774726285954       -1.59535410110674        0.92988534416077
H            3.40810186226037        0.07398121104213        2.71732319312022
H            1.60541988405288        1.76391009088772        2.81688762673438
H           -0.24707096008962        1.69192664705098        1.20153417564299
H           -0.46800951693325       -0.78565281146939       -1.58644762865021
H           -1.61304022227297        1.31897623763819       -2.34233705387702
H            0.15016507952475        1.40698997595267       -2.39016876101235
H           -0.72636750599112        2.21730467212365       -1.09969238454681
H           -2.68320584516395        1.73978425849430       -0.08844158519460
H           -4.68404429677694        1.14121213544619        1.17293925153200
H           -5.05851720922728       -1.19012997124414        1.89244745546319
H           -3.37259892778592       -2.91672585788150        1.35820528871489
H           -1.36111802016369       -2.31853173990863        0.08459537901750
35
 energy: -43.880076317331 gnorm: 0.002071894052 xtb: 6.7.1 (edcfbbe)
C            3.10270723081715        0.70628082556431       -1.52258053178338
C            2.39745581125108       -0.64140940327774       -1.49207397171561
C            1.66503080940028       -0.88020694413414       -0.14036803495493
C            2.65861379759293       -0.85410823113159        0.97352335879609
C            2.62696379294094        0.07013714783284        1.96175038820028
C            1.59881904228511        1.02411566417107        2.02751945385453
C            0.56303512621530        0.98910131389453        1.08819032991091
C            0.54522363825865        0.09746990873247        0.05761531295362
C           -0.61930895803706        0.04954075586579       -0.90518882339973
C           -0.70901027370627        1.33078224734477       -1.73972662701174
C           -1.87814744500777       -0.25150921307150       -0.11697234325700
C           -2.81656954000359        0.71543712685971        0.21695323522350
C           -3.94623776906540        0.38194258322145        0.94635006877353
C           -4.15323809547489       -0.92138755676545        1.35932157266149
C           -3.21738356747796       -1.89220311140018        1.04345515475145
C           -2.09278503106005       -1.55742229752307        0.31326214621774
H            2.39377741524300        1.51072047169272       -1.34273090173486
H            3.57512714536936        0.86645443131890       -2.48915742953716
H            3.86705374955232        0.75194917296661       -0.75086475159690
H            1.67503392322725       -0.69909170055883       -2.30792130531414
H            3.12759500226574       -1.44093098455656       -1.63683186797579
H            1.23838501041135       -1.89558994364251       -0.21061477344040
H            3.44314138802422       -1.59589099096874        0.93323721550597
H            3.39240176854488        0.07236458900766        2.72470086754790
H            1.58936758172174        1.75876865613667        2.81651528542678
H           -0.25834168560959        1.68281910974462        1.20008956397852
H           -0.46825867315430       -0.78767751813087       -1.59634459163181
H           -1.61537301840934        1.32731351713236       -2.34252434408170
H            0.14756536186315        1.39613845250236       -2.40759967680259
H           -0.70733337346533        2.21576887608791       -1.10872791597645
H           -2.68170017696113        1.73909838454118       -0.09629151460482
H           -4.66952875409052        1.14729555483487        1.18999462517433
H           -5.03836799455047       -1.18069730006448        1.92240667474884
H           -3.36710424231508       -2.91324931461449        1.36396383685312
H           -1.36860899659529       -2.32222427961225        0.06767031424102
35
 energy: -43.880119823240 gnorm: 0.001819065200 xtb: 6.7.1 (edcfbbe)
C            3.10360800259173        0.71164296523292       -1.52032599906860
C            2.40156420252361       -0.63811343920081       -1.49142736239885
C            1.66440223394595       -0.87917896013717       -0.14397121084478
C            2.65247384496789       -0.85561435278212        0.97481537483109
C            2.61500196214643        0.06505334974898        1.96632303933913
C            1.58613730177214        1.01803386843613        2.02967405559985
C            0.55482477405603        0.98420833692761        1.08561551003568
C            0.54218116037018        0.09594864598751        0.05212764882016
C           -0.62008930986963        0.04644424962491       -0.91353332590095
C           -0.70771508165126        1.32677821185809       -1.74957707542064
C           -1.87848639737665       -0.25230704041263       -0.12409719505837
C           -2.81245298582823        0.71676908305807        0.21550285660701
C           -3.93555729617262        0.38702029903042        0.95621422409749
C           -4.14100688878801       -0.91488389623434        1.37447847795682
C           -3.21263790051614       -1.88900327040820        1.04718346812932
C           -2.09461728783762       -1.55784663318370        0.30578219754106
H            2.39319359349612        1.51389628507500       -1.33742351533360
H            3.57358225096094        0.87452045998808       -2.48762007650561
H            3.86956043429983        0.75762250574427       -0.75010759293656
H            1.68338229467063       -0.69824056822591       -2.31103943629135
H            3.13502747523027       -1.43533327437724       -1.63255306398011
H            1.23866086537367       -1.89509719448088       -0.21793128941235
H            3.43718132452537       -1.59747131784506        0.93566575642107
H            3.37613036787117        0.06660986470654        2.73397196844771
H            1.57270124600090        1.75125183547254        2.81993223769057
H           -0.26819290763701        1.67639095192263        1.19874036231029
H           -0.46754268211284       -0.79239837239253       -1.60208651817928
H           -1.61878942974789        1.32942481875443       -2.34447336497653
H            0.14358109355539        1.38457841815034       -2.42458477090155
H           -0.69380435426067        2.21189115553740       -1.11942053022331
H           -2.67871835662143        1.73932797355952       -0.10175208198846
H           -4.65494824462357        1.15400927267475        1.20566241132926
H           -5.01903719934129       -1.17064470746978        1.95005269486986
H           -3.36294290402589       -2.90970712985508        1.36819261425298
H           -1.37665520194702       -2.32568239448421        0.05198951114227
35
 energy: -43.880163539197 gnorm: 0.001562867345 xtb: 6.7.1 (edcfbbe)
C            3.10638915500846        0.72099407931622       -1.51837765202960
C            2.40879499133030       -0.63186849020114       -1.49082368880622
C            1.66305700770214       -0.87654974682808       -0.14874458585418
C            2.64333808881514       -0.85800418308508        0.97652313157917
C            2.59719515045404        0.05660157102942        1.97372949233799
C            1.56751810568053        1.00874385246464        2.03424342212063
C            0.54406349051282        0.97914902907818        1.08184160373695
C            0.53836127010947        0.09531459714517        0.04426636065105
C           -0.62071755182746        0.04136507482816       -0.92444208381989
C           -0.70861196281087        1.31836195560944       -1.76580891009012
C           -1.87766917332739       -0.25333751965957       -0.13241477118753
C           -2.80397478255355        0.71987773076237        0.21640490040871
C           -3.91879331601734        0.39554839889921        0.97120164874702
C           -4.12416498872792       -0.90483028979209        1.39447248179901
C           -3.20661857828471       -1.88415031714051        1.05256696890730
C           -2.09700319587798       -1.55842430140615        0.29675102693324
H            2.39407171814777        1.52098172803002       -1.33316363283400
H            3.57375985194770        0.88564314909910       -2.48700776091932
H            3.87414551568111        0.76838867026506       -0.74982095087775
H            1.69699929077807       -0.69613161852613       -2.31585699565312
H            3.14702801705321       -1.42580462336665       -1.62500542341634
H            1.23819482046396       -1.89291261210835       -0.23151725034204
H            3.42765080789273       -1.60044459119331        0.93882333971892
H            3.35072620502217        0.05203593146127        2.74931598557421
H            1.54638294390299        1.73680347610736        2.82923694182290
H           -0.28065912201011        1.67067954142804        1.19364144634903
H           -0.46592097955138       -0.80157177285779       -1.60729425798587
H           -1.62570718242107        1.32465276937038       -2.35053007327165
H            0.13584279214820        1.36787253574626       -2.44934631987765
H           -0.68220863881973        2.20430604665352       -1.13788981006909
H           -2.66988520949132        1.74138461776703       -0.10390559409277
H           -4.63211151846363        1.16552025330712        1.22852083297475
H           -4.99344169034099       -1.15542883874330        1.98458120081410
H           -3.35849206458984       -2.90450891518647        1.37353310133331
H           -1.38753926753498       -2.33035718827281        0.03229587531978
35
 energy: -43.880185636573 gnorm: 0.001087193461 xtb: 6.7.1 (edcfbbe)
C            3.10761581493391        0.72628999096670       -1.51580524014803
C            2.41297182918555       -0.62826828608107       -1.49121742558696
C            1.66245561120179       -0.87611243782776       -0.15108325518206
C            2.63830567942527       -0.86039049946259        0.97773974022693
C            2.58716828222403        0.05086151142397        1.97777095370128
C            1.55784296070591        1.00361621179957        2.03596479854612
C            0.53940248839469        0.97787971862936        1.07822469019242
C            0.53728957151502        0.09516175247413        0.03944100046043
C           -0.62073423857015        0.03846047392827       -0.92996049525082
C           -0.71092512997413        1.31292354714655       -1.77529008125175
C           -1.87602212087588       -0.25412388971944       -0.13499498078630
C           -2.79698890719081        0.72223291339359        0.21977506006855
C           -3.90913569498211        0.40076681240752        0.97950093252239
C           -4.11689594475404       -0.89952539973828        1.40203432530497
C           -3.20446144355335       -1.88171239834351        1.05510713411127
C           -2.09752902819505       -1.55895555925278        0.29413291658528
H            2.39333857019699        1.52484213019684       -1.33130977912086
H            3.57627222901445        0.89253188804606       -2.48384790330168
H            3.87418218711885        0.77474350202792       -0.74605828258790
H            1.70393715727556       -0.69374518863998       -2.31837447174577
H            3.15328405051963       -1.42047726126649       -1.62267858686060
H            1.23840041817326       -1.89230148982273       -0.23910367723728
H            3.42373848246770       -1.60167994249853        0.94072459008790
H            3.33857344579181        0.04300819515475        2.75561892549952
H            1.53203080045787        1.72778542411023        2.83432625282941
H           -0.28589331548797        1.66913499877448        1.18665035230199
H           -0.46558287514903       -0.80661242239701       -1.61022792753989
H           -1.63025698332796        1.31717766476641       -2.35659671720480
H            0.13102281359951        1.36029925796768       -2.46187635339090
H           -0.68247875507780        2.20076396058128       -1.15011953090157
H           -2.66048768441572        1.74376721642901       -0.09956121439948
H           -4.61801875311242        1.17327456778481        1.24190298782121
H           -4.98357220764149       -1.14747218626582        1.99660307845844
H           -3.35744856075725       -2.90170938811983        1.37677691957230
H           -1.39140074913610       -2.33253538857271        0.02581126420724
35
 energy: -43.880204419296 gnorm: 0.000910944148 xtb: 6.7.1 (edcfbbe)
C            3.10927686102084        0.73214735190344       -1.51193380508456
C            2.41789542565696       -0.62386246089375       -1.49188048476387
C            1.66245089940896       -0.87607481685640       -0.15419199256791
C            2.63451193473820       -0.86280757188192        0.97779579086427
C            2.57904200809114        0.04534562857219        1.98036536512083
C            1.55009157756752        0.99897692073472        2.03651127772212
C            0.53610076105337        0.97690059330932        1.07422328738203
C            0.53698007429797        0.09496967070442        0.03457916272494
C           -0.62092593622028        0.03557327930690       -0.93477544214032
C           -0.71481833009882        1.30611585017097       -1.78576660217377
C           -1.87449007774468       -0.25497118142625       -0.13639011030443
C           -2.78935642547296        0.72482063325548        0.22502761152192
C           -3.89946868614282        0.40650655570182        0.98916350245059
C           -4.11108033376187       -0.89400387399854        1.40933590314684
C           -3.20371130126156       -1.87917298958921        1.05761050499306
C           -2.09854424267093       -1.55951587071697        0.29245000749466
H            2.39218664900037        1.52906029786420       -1.33109288738210
H            3.58260357352980        0.90003270064761       -2.47754589435904
H            3.87189532138366        0.78219904039159       -0.73830728541791
H            1.71132059771896       -0.68962915769307       -2.32095295743947
H            3.16026670072896       -1.41424650711440       -1.62174893461225
H            1.23926222351863       -1.89180305973845       -0.24729963077273
H            3.41930196787119       -1.60454961392960        0.94328673328873
H            3.32510353757885        0.03121458156171        2.76289818858319
H            1.52004336157807        1.71934271574877        2.83807004322751
H           -0.28843343625938        1.66917990516402        1.17836704551915
H           -0.46595724745961       -0.81165754225110       -1.61249443472024
H           -1.63449276353802        1.30426987298351       -2.36670600025664
H            0.12654157732882        1.35317352841772       -2.47292819586986
H           -0.68946993353944        2.19753184466612       -1.16541975696920
H           -2.64905998321552        1.74673579354635       -0.09167261266690
H           -4.60349095197623        1.18169885077888        1.25645024114560
H           -4.97736173798356       -1.13979125578088        2.00522245704414
H           -3.35891836921298       -2.89906629897532        1.37867650076966
H           -1.39529529551306       -2.33474341458323        0.02107340450309
35
 energy: -43.880215396312 gnorm: 0.000816875407 xtb: 6.7.1 (edcfbbe)
C            3.11071045411232        0.73783817614578       -1.50708223488810
C            2.42225970117477       -0.61950376149188       -1.49272234883467
C            1.66307743534770       -0.87613103358419       -0.15769998214802
C            2.63023449493139       -0.86682501325584        0.97855680670972
C            2.57142951562867        0.03878671293377        1.98316658946669
C            1.54518592172706        0.99543447706098        2.03561898318406
C            0.53492994909517        0.97685941817697        1.06939384616300
C            0.53729403071820        0.09482400681844        0.02972806202538
C           -0.62134372832259        0.03250418443483       -0.93858810265856
C           -0.71835894582848        1.29935069391534       -1.79465057166075
C           -1.87307114573000       -0.25551443634117       -0.13602708236596
C           -2.78276408708963        0.72708217424187        0.23074269998362
C           -3.89194205885752        0.41140408140027        0.99723331586852
C           -4.10768660399121       -0.88941071761841        1.41440647211884
C           -3.20458967838042       -1.87705310680735        1.05873637218956
C           -2.10005657279387       -1.55991002439030        0.29161277299450
H            2.39043905039879        1.53312078961227       -1.33146762229807
H            3.59105494543838        0.90731568589291       -2.46895613258776
H            3.86736537745135        0.78934507402497       -0.72762961203679
H            1.71810687022073       -0.68469786199845       -2.32393938504241
H            3.16641348684787       -1.40829929873462       -1.62213571925093
H            1.24050403550481       -1.89142587023584       -0.25519355942747
H            3.41529411474461       -1.60852987407369        0.94540914661012
H            3.31577545803413        0.02308693180801        2.76758053980306
H            1.51347502772763        1.71440708462120        2.83818313995668
H           -0.28921090906301        1.66944901121822        1.17155304610626
H           -0.46702886047839       -0.81689624905179       -1.61382464652432
H           -1.63762450235219        1.29092050174746       -2.37691151349005
H            0.12385068532204        1.34659237123727       -2.48105671997649
H           -0.69775349530090        2.19438730842139       -1.17864963784421
H           -2.63957733515641        1.74908863180132       -0.08454090771015
H           -4.59118110800610        1.18915715270341        1.26977942611832
H           -4.97325631545867       -1.13305660224285        2.01285281127849
H           -3.36206140388055       -2.89676591963637        1.37933449266103
H           -1.39989380373515       -2.33703469875322        0.01718725550813
35
 energy: -43.880222970627 gnorm: 0.000552571725 xtb: 6.7.1 (edcfbbe)
C            3.11138788368324        0.74220511249766       -1.50235635167362
C            2.42503436177355       -0.61619676952022       -1.49277314367990
C            1.66333064378210       -0.87681523619068       -0.16024732518899
C            2.62840774927570       -0.86940611712147        0.97777597616008
C            2.56901114910816        0.03596179493366        1.98250624469937
C            1.54397043788966        0.99416701772041        2.03329462288635
C            0.53464666506740        0.97610650403305        1.06628184553461
C            0.53703622564541        0.09359637941874        0.02705182268709
C           -0.62202372908754        0.02981063724997       -0.94072185020053
C           -0.72021411531789        1.29426958698232       -1.79991235181650
C           -1.87318996400843       -0.25635943728738       -0.13668069422868
C           -2.77932468417146        0.72819169770900        0.23359083226640
C           -3.88720402129225        0.41481171417751        1.00314760943112
C           -4.10559234925593       -0.88591986309097        1.41913304207752
C           -3.20603134263057       -1.87553972676872        1.05990674441592
C           -2.10241712527484       -1.56051858967436        0.29034470851340
H            2.38846442923484        1.53621964822898       -1.33184007946069
H            3.59855819836400        0.91278937390302       -2.46053378274375
H            3.86208757595238        0.79474778949467       -0.71726287911266
H            1.72269765455174       -0.68054163711659       -2.32563731098083
H            3.17063141352797       -1.40362751236888       -1.62267173983994
H            1.24138284250870       -1.89209161434062       -0.26056966875394
H            3.41184273931799       -1.61285742296523        0.94646829065868
H            3.31031917378949        0.01812636882390        2.76962303657400
H            1.51206093908242        1.71348828587384        2.83558396019237
H           -0.28870696560091        1.66979703071192        1.16747921015240
H           -0.46814893528834       -0.82107421524836       -1.61416070348781
H           -1.63789449328009        1.28147971553044       -2.38477121853203
H            0.12373026368248        1.34234786215348       -2.48416735447395
H           -0.70426056827423        2.19124121777830       -1.18651127194863
H           -2.63400794110779        1.75023015149081       -0.08049902928465
H           -4.58370667213177        1.19403077508221        1.27817413586670
H           -4.97119025341083       -1.12833592833045        2.01790960288831
H           -3.36602636687291       -2.89535802559559        1.37894318223252
H           -1.40466081923089       -2.33907656817360        0.01410188817155
35
 energy: -43.880230958155 gnorm: 0.000448320050 xtb: 6.7.1 (edcfbbe)
C            3.11149478341236        0.74779325820736       -1.49508772130160
C            2.42778171908934       -0.61199485772682       -1.49247805808951
C            1.66332392548318       -0.87840993929944       -0.16317887284887
C            2.62625078513782       -0.87321356242760        0.97679761999567
C            2.56800140474609        0.03362327121452        1.98017239458661
C            1.54475432529826        0.99401618524060        2.02867280105310
C            0.53489314173285        0.97500757562309        1.06227199871290
C            0.53615042149456        0.09102189204013        0.02436919819529
C           -0.62331589371364        0.02572278261929       -0.94286391962749
C           -0.72114713414277        1.28807490634333       -1.80490445966618
C           -1.87402094234769       -0.25780334317708       -0.13713159573657
C           -2.77623025761063        0.72903032764938        0.23641136562886
C           -3.88284496339335        0.41841092881680        1.00869955442344
C           -4.10430435858632       -0.88202922206930        1.42390007116036
C           -3.20926199187433       -1.87417630354443        1.06040909944939
C           -2.10656687975825       -1.56176773012776        0.28857820805784
H            2.38524029458296        1.54027899282173       -1.33198856035396
H            3.60823189888438        0.91957173126018       -2.44793649965788
H            3.85367835096841        0.80150430635742       -0.70209691495731
H            1.72790520275503       -0.67471350491835       -2.32763526707167
H            3.17547148481074       -1.39740251153502       -1.62333370358225
H            1.24237130138541       -1.89377210965221       -0.26724494675009
H            3.40732035055046       -1.61921826519922        0.94744021838688
H            3.30706139105047        0.01500284934970        2.76921355267468
H            1.51427138440228        1.71548147701664        2.82913367586998
H           -0.28785584303944        1.66948390715956        1.16361144150031
H           -0.46991169374022       -0.82671540003755       -1.61442312802357
H           -1.63643884082858        1.27175186526212       -2.39356336798668
H            0.12557587240009        1.33710346316130       -2.48579508836579
H           -0.71009581544585        2.18636550731540       -1.19330004423145
H           -2.62910317211791        1.75080423521205       -0.07762471045718
H           -4.57572826488795        1.19964939751918        1.28717398255063
H           -4.96842430051705       -1.12219025999832        2.02602026286838
H           -3.37197722776111       -2.89380903026838        1.37859152178630
H           -1.41255045841907       -2.34258282020748        0.00911989180878
35
 energy: -43.880235137213 gnorm: 0.000590052386 xtb: 6.7.1 (edcfbbe)
C            3.11122034544547        0.75303374792541       -1.48830899616035
C            2.43012110674972       -0.60810893793840       -1.49190831694571
C            1.66309259388592       -0.88024927541365       -0.16532961825816
C            2.62387761925292       -0.87742537104379        0.97651597029373
C            2.56756491041861        0.03179611414603        1.97787044228039
C            1.54644880847669        0.99450876848818        2.02387562386121
C            0.53521316138826        0.97390599187911        1.05876652835646
C            0.53493479151622        0.08794923982202        0.02259728580321
C           -0.62464210765966        0.02141665336524       -0.94448338984640
C           -0.72113182640506        1.28284608789864       -1.80800858955731
C           -1.87574806433296       -0.25978746253727       -0.13872925399758
C           -2.77458282993310        0.72922523304225        0.23739865681356
C           -3.87949022047211        0.42149587096445        1.01345467985369
C           -4.10310069445345       -0.87839373101757        1.42922379308890
C           -3.21255762997939       -1.87306603371709        1.06145956473964
C           -2.11143057681196       -1.56347142399345        0.28603887845686
H            2.38214880314650        1.54422508663464       -1.33150318468458
H            3.61625090995524        0.92595231193271       -2.43651428489268
H            3.84592736115441        0.80775141352062       -0.68857885443984
H            1.73248383094096       -0.66945533020448       -2.32905826493790
H            3.17974380081862       -1.39157810270736       -1.62340385194516
H            1.24337949944429       -1.89563728162077       -0.27342378250209
H            3.40319967950162       -1.62539900252982        0.94838133644778
H            3.30714862809754        0.01455133456279        2.76654065427271
H            1.51834702145667        1.71890724735061        2.82179261973056
H           -0.28726332888569        1.66879524265372        1.16048756720424
H           -0.47143635015489       -0.83216374208172       -1.61462698952330
H           -1.63464484072060        1.26533658215689       -2.39941520991208
H            0.12772002620250        1.33171493499937       -2.48639577061039
H           -0.71235440083596        2.18164972143707       -1.19717029266844
H           -2.62576497289527        1.75071868966374       -0.07672024305353
H           -4.56985064791684        1.20425696647961        1.29347656388588
H           -4.96614631912221       -1.11658909332341        2.03320921174184
H           -3.37799914749234       -2.89266279664611        1.37833974138630
H           -1.42067893978012       -2.34614965414735        0.00414977571997
