35
 energy: -43.866731014672 gnorm: 0.072785689741 xtb: 6.7.1 (edcfbbe)
C           -2.27000000000000       -1.69430000000000        1.77300000000000
C           -2.78050000000000       -0.58950000000000        0.86130000000000
C           -1.75060000000000        0.46460000000000        0.52040000000000
C           -1.49350000000000        1.47180000000000        1.37920000000000
C           -0.64030000000000        2.55690000000000        0.96270000000000
C           -0.33610000000000        2.79290000000000       -0.42540000000000
C           -0.57530000000000        1.81020000000000       -1.30740000000000
C           -1.14530000000000        0.45030000000000       -0.89990000000000
C           -0.13240000000000       -0.72400000000000       -1.12950000000000
C            0.03660000000000       -1.02330000000000       -2.63090000000000
C            1.21670000000000       -0.55570000000000       -0.42870000000000
C            2.26910000000000        0.18350000000000       -0.99310000000000
C            3.49040000000000        0.32230000000000       -0.32810000000000
C            3.68170000000000       -0.27500000000000        0.91410000000000
C            2.65070000000000       -1.00920000000000        1.49190000000000
C            1.43020000000000       -1.14730000000000        0.82620000000000
H           -1.78960000000000       -1.28990000000000        2.66980000000000
H           -3.10380000000000       -2.32710000000000        2.09490000000000
H           -1.55490000000000       -2.33940000000000        1.25670000000000
H           -3.18660000000000       -1.03280000000000       -0.05560000000000
H           -3.63380000000000       -0.10260000000000        1.35200000000000
H           -1.94270000000000        1.52330000000000        2.36530000000000
H           -0.31490000000000        3.28100000000000        1.70100000000000
H            0.08200000000000        3.74750000000000       -0.72230000000000
H           -0.34960000000000        1.96900000000000       -2.35710000000000
H           -1.99890000000000        0.29030000000000       -1.57570000000000
H           -0.58700000000000       -1.63820000000000       -0.72490000000000
H           -0.92860000000000       -1.28680000000000       -3.07770000000000
H            0.43540000000000       -0.17210000000000       -3.19090000000000
H            0.71410000000000       -1.87090000000000       -2.78520000000000
H            2.15090000000000        0.67440000000000       -1.95510000000000
H            4.28990000000000        0.90240000000000       -0.78080000000000
H            4.62990000000000       -0.16490000000000        1.43220000000000
H            2.79250000000000       -1.47400000000000        2.46370000000000
H            0.64410000000000       -1.72360000000000        1.30390000000000
35
 energy: -43.875225301232 gnorm: 0.032742180443 xtb: 6.7.1 (edcfbbe)
C           -2.26548321924272       -1.69157882870851        1.76730474101343
C           -2.76832214475943       -0.58371270693380        0.84466825406750
C           -1.74313748655443        0.46817734925646        0.49230094668553
C           -1.46059084979858        1.47576145416858        1.35438038147542
C           -0.64617480973083        2.56670393654452        0.97047180651481
C           -0.31280141552469        2.75562203362364       -0.39192949310386
C           -0.55870490187122        1.77748758184832       -1.28772462735759
C           -1.14285446260659        0.44484453010387       -0.90244945505277
C           -0.13282015536431       -0.72977908698114       -1.12466137420113
C            0.03907578593304       -1.01436020564788       -2.62323341237783
C            1.19829074852823       -0.52953380579270       -0.41849739789854
C            2.24527076843032        0.19783985214208       -0.98206740120630
C            3.46371153812629        0.32421804388560       -0.32944479599376
C            3.66184557900786       -0.27163053788756        0.90460330132752
C            2.63396183488521       -0.99943245626588        1.47843788973533
C            1.41902578621712       -1.12683028003889        0.82139367628984
H           -1.78802298444249       -1.27611393332539        2.65409724292252
H           -3.09749325018405       -2.31841913074427        2.09248581636853
H           -1.54845943541204       -2.33396993662466        1.25893801037395
H           -3.16758516878681       -1.03765156275116       -0.06773552312118
H           -3.60889268601140       -0.08845917520578        1.34630790039166
H           -1.88919829299126        1.50049898391470        2.34828900932799
H           -0.35027827323472        3.30262763668260        1.70370759740940
H            0.10079922565616        3.70796000202279       -0.69322630929954
H           -0.35633123731893        1.93565866109200       -2.33925021815783
H           -1.97969734093829        0.25206735607419       -1.59177977271563
H           -0.59606241694748       -1.62593799621126       -0.69462325071623
H           -0.92217995252493       -1.27972586697428       -3.06596364834496
H            0.43547603210498       -0.16237092392459       -3.17219259064098
H            0.71891974030737       -1.85472340614952       -2.76697012201288
H            2.12835453885543        0.67195792710388       -1.94627350053549
H            4.26328215888721        0.89271333044012       -0.78673555873257
H            4.61053256761349       -0.16904377308514        1.41623773783178
H            2.77818977261368       -1.47113286111255        2.44199426389974
H            0.63815440707885       -1.70993220453834        1.28913987583408
35
 energy: -43.877645685813 gnorm: 0.009345827269 xtb: 6.7.1 (edcfbbe)
C           -2.25573418641730       -1.68589139863928        1.76436438699056
C           -2.75898862472981       -0.57984888842228        0.83162730589864
C           -1.73281476270990        0.46229098778764        0.47309325586651
C           -1.42088467819558        1.46247650741268        1.34517715872986
C           -0.64107130804884        2.56156477908445        0.97724251895569
C           -0.29419853334025        2.72851015594313       -0.36965813688644
C           -0.55538682286547        1.76175897692776       -1.28105286887069
C           -1.15106549306105        0.45023742613219       -0.90763314897687
C           -0.13955739476978       -0.73299665670631       -1.11935968666966
C            0.04137060580766       -1.01502784224228       -2.61188036836094
C            1.18069003996307       -0.52211856753192       -0.41749258570982
C            2.21823832905440        0.21063860434136       -0.97972443425855
C            3.43350673490065        0.33780664532153       -0.33178823540210
C            3.63939721170780       -0.26011954648594        0.89785587714529
C            2.61307273082719       -0.98515931118682        1.47356588316829
C            1.40246722663307       -1.11382723727337        0.81978246318133
H           -1.78132972374466       -1.25853731232191        2.64407306252918
H           -3.09016495832925       -2.30477217491360        2.08879729627645
H           -1.53841000800183       -2.32902302979770        1.26157197538430
H           -3.15220635450363       -1.03904447931482       -0.07869451983805
H           -3.59021037364959       -0.07648286313832        1.33670411612863
H           -1.83810809783280        1.45536186724106        2.34496615105506
H           -0.38430000356932        3.31666559650774        1.70434500187020
H            0.15956389922642        3.66216544280344       -0.67314379636787
H           -0.33547098760459        1.91385859756951       -2.32701578355415
H           -1.97070870229158        0.22773452819857       -1.61266739117637
H           -0.60617676742121       -1.61942356505506       -0.67714864498139
H           -0.91478245190400       -1.28216679868408       -3.05771835740125
H            0.43383299436964       -0.15533218515075       -3.14490251687755
H            0.72941543191368       -1.84598192592556       -2.75153906556085
H            2.09308646780451        0.68571037857536       -1.93943129683764
H            4.23240993284679        0.89841890613449       -0.79527277271000
H            4.59195468185008       -0.16811468981582        1.39970402610307
H            2.76124157846597       -1.46548671832118        2.43000018858093
H            0.62112236761963       -1.69604420905369        1.28325294257618
35
 energy: -43.878244265665 gnorm: 0.006577594411 xtb: 6.7.1 (edcfbbe)
C           -2.25006955557057       -1.68113047597923        1.76597926690617
C           -2.75609598143326       -0.58103755587518        0.82598312379593
C           -1.73362847258223        0.46007886022502        0.46462218919294
C           -1.40616320120427        1.44997348006785        1.34625402451632
C           -0.63052414959795        2.55176006186120        0.98212488113821
C           -0.26154967631181        2.71178886183678       -0.36084974703032
C           -0.53840888902356        1.75495558468996       -1.28047227760873
C           -1.15949446368632        0.45402137636866       -0.91527322552299
C           -0.14816781927578       -0.73849303602022       -1.12072846930824
C            0.04036580149519       -1.02146438230933       -2.61080777502580
C            1.16450273131376       -0.51663282905352       -0.41525072237167
C            2.19627079219747        0.22479063780856       -0.97829475692971
C            3.41341978332004        0.35194275479067       -0.33424371512351
C            3.62493556663613       -0.25030168845187        0.89310781192948
C            2.60066318371953       -0.97651296120469        1.47315545450270
C            1.38814263489980       -1.10610601368090        0.82318226675331
H           -1.77604691062621       -1.24474206348916        2.64138654621095
H           -3.08369303293721       -2.29863935395288        2.09345794894241
H           -1.53156249801303       -2.32514756917115        1.26623163502793
H           -3.14614670148047       -1.04493466508491       -0.08285699825248
H           -3.58730730530994       -0.07686590175405        1.32794908152573
H           -1.80817977409673        1.41638962407813        2.35332209852856
H           -0.38934412795750        3.31196464724683        1.70842736705065
H            0.21128392869328        3.63616152977586       -0.66603614989737
H           -0.30702319970387        1.90894588280448       -2.32329407910382
H           -1.97201347381681        0.22924992037822       -1.62742689854955
H           -0.61940034317129       -1.61982568319961       -0.67457306501528
H           -0.91069550257386       -1.29569323990987       -3.06298949473224
H            0.42952759514538       -0.15693412572291       -3.13857544225049
H            0.73745016242454       -1.84569456325733       -2.74594546392399
H            2.06467149950144        0.70202866742311       -1.93628978810496
H            4.20829439686958        0.91735384267854       -0.79857386246654
H            4.57870721309054       -0.15770058261158        1.39126326160047
H            2.75042379613298       -1.45481862379561        2.43013046984234
H            0.60665599293316       -1.68893041750943        1.28590450375359
35
 energy: -43.878647021818 gnorm: 0.005465159835 xtb: 6.7.1 (edcfbbe)
C           -2.24594090704945       -1.67390579159482        1.77005911795119
C           -2.75424781457390       -0.58440771627380        0.81848102908140
C           -1.73432192504189        0.45707117472223        0.45635839709920
C           -1.38847547504697        1.43182254233704        1.34968410021944
C           -0.60716404657657        2.53144843153040        0.98972545450612
C           -0.22751634201150        2.69522520919271       -0.35084305123057
C           -0.52076242498193        1.75194693193937       -1.27968242071344
C           -1.16780300452880        0.45903939560865       -0.92629847065552
C           -0.15883080195054       -0.74535470594961       -1.12522597726801
C            0.03747723119087       -1.03283985509049       -2.61265962491739
C            1.14794450874633       -0.51642648758164       -0.41580706629377
C            2.17170594486690        0.23902215858723       -0.97795572758458
C            3.38880071747410        0.37431583880519       -0.33494267721662
C            3.60630746552652       -0.23161985232219        0.89019822878049
C            2.58668750906567       -0.96265793612331        1.47422059683338
C            1.37362939886202       -1.10080727286228        0.82556188875957
H           -1.77234872011518       -1.22655005843081        2.64056432663509
H           -3.07743096699228       -2.29085003518005        2.10401748093941
H           -1.52542079883989       -2.32082674879640        1.27636158385369
H           -3.13885474639810       -1.05692864714857       -0.08843855490433
H           -3.59036891814589       -0.08095964609712        1.31212486331968
H           -1.78508790749154        1.38137452369690        2.35641770848060
H           -0.37314498649885        3.29131668389872        1.71685720735122
H            0.27562572340798        3.60617283888678       -0.65091809612163
H           -0.26980807647908        1.90859250168716       -2.31792915617464
H           -1.97610936283079        0.24363739168542       -1.64317506371724
H           -0.63677878337755       -1.62152832875566       -0.67722878907881
H           -0.90770084952901       -1.31962954880033       -3.07020098514288
H            0.42018662509159       -0.16537276231449       -3.14117759889739
H            0.74550291849878       -1.84953285660560       -2.74128129609576
H            2.03152308889845        0.72134383990920       -1.93265196912410
H            4.17779451369994        0.94849304290737       -0.79928560764859
H            4.56243237123235       -0.13840619688660        1.38355129456711
H            2.73964033631374       -1.43841126953183        2.43222508894666
H            0.59265850558468       -1.68400678904804        1.28929376546102
35
 energy: -43.878895825828 gnorm: 0.005357903765 xtb: 6.7.1 (edcfbbe)
C           -2.24602860425115       -1.66546280682789        1.77503943926433
C           -2.75418763866387       -0.58789491334405        0.81009374859712
C           -1.73537365527271        0.45549652171570        0.44980477765766
C           -1.37847400731547        1.41819125297246        1.35087788717432
C           -0.58171747905553        2.51037889845337        0.99835516500899
C           -0.19767486048134        2.68055120825997       -0.34077202226335
C           -0.50613633409593        1.75037077143307       -1.27756646938837
C           -1.16987593048965        0.46256893690327       -0.93428432156197
C           -0.16643476965897       -0.75042074109909       -1.13124417882705
C            0.03329063623181       -1.04480324194506       -2.61665253518204
C            1.13730857387462       -0.51819283795604       -0.41862776908509
C            2.15467754695237        0.24830482115196       -0.97891526099113
C            3.36986289657289        0.39474074815158       -0.33437465128147
C            3.59111667137313       -0.21203908628119        0.88975873540779
C            2.57676284096158       -0.95024230373158        1.47420555942693
C            1.36477203842506       -1.09867696396278        0.82452850172977
H           -1.77421338113232       -1.20833567099715        2.64179596183193
H           -3.07603705654164       -2.28145557778520        2.11514967832667
H           -1.52310504061896       -2.31661677500991        1.28962238853379
H           -3.12980282429174       -1.07036885845293       -0.09580693808064
H           -3.59853884830711       -0.08544917259848        1.29163874301904
H           -1.77044822219988        1.35885584949429        2.35767893376406
H           -0.34091637243216        3.26234226372221        1.73017348806192
H            0.32039662121627        3.58427308490628       -0.63308879428961
H           -0.24855126386327        1.91199706381995       -2.31354239085604
H           -1.97731046844801        0.25954445639902       -1.65362204959931
H           -0.64998583269692       -1.62267636161621       -0.68208937107777
H           -0.90824968200342       -1.34412990780440       -3.07427552215336
H            0.40829270878446       -0.17727399393958       -3.15116012289417
H            0.74943089650700       -1.85580411328271       -2.73967360992828
H            2.00935511529098        0.73189784419372       -1.93227565526754
H            4.15275474531652        0.97958754193840       -0.79638501040470
H            4.54675050892184       -0.11235938393650        1.38290823552137
H            2.73186478924907       -1.42198182568600        2.43407842987106
H            0.58622568214270       -1.68511672725744        1.28864699993514
35
 energy: -43.879177652749 gnorm: 0.004906406953 xtb: 6.7.1 (edcfbbe)
C           -2.25131818504091       -1.65359975230014        1.78212271616651
C           -2.75492784913198       -0.59234661900687        0.79741469369184
C           -1.73448173137848        0.45239209016458        0.44282966399053
C           -1.36587284744052        1.40056886139115        1.35252141695715
C           -0.54857309752917        2.48288178625015        1.01042955228759
C           -0.16728548064860        2.66363124954254       -0.32798829900998
C           -0.49303150933680        1.74947601481501       -1.27426839660135
C           -1.16831889306056        0.46517310456229       -0.94231361107056
C           -0.17363005230823       -0.75551687213254       -1.13829505124638
C            0.02635316486453       -1.05890355928277       -2.62185216441161
C            1.12898211865390       -0.52142093347688       -0.42412455173038
C            2.13937395566151        0.25601434638154       -0.98207467763847
C            3.35014136687800        0.41962181134237       -0.33314918130970
C            3.57403719187929       -0.18402135538493        0.89183470932858
C            2.56728637576473       -0.93459750091770        1.47318412207606
C            1.35863678943953       -1.09826321987611        0.81996457333710
H           -1.78388974826037       -1.18357117788066        2.64459759151327
H           -3.08107888818224       -2.26674190875101        2.12871600078290
H           -1.52444206002668       -2.31116656957789        1.31042482065119
H           -3.11465270386338       -1.08806472475370       -0.10833194319740
H           -3.61140677601077       -0.08990162493432        1.25957351975604
H           -1.75833673555834        1.33886571681848        2.35735506437063
H           -0.28849736116000        3.21974706733395        1.75133250541411
H            0.36697799524306        3.56054601030008       -0.60818894111614
H           -0.23608016067496        1.91886718643797       -2.30911031017618
H           -1.97641204065678        0.27646109256178       -1.66400593987069
H           -0.66211129425178       -1.62371198269212       -0.68667140881198
H           -0.91246893489782       -1.37381419065931       -3.07500975612247
H            0.39055447834441       -0.19268732576558       -3.16661526614422
H            0.75088675767467       -1.86350465539369       -2.73895559780499
H            1.99068371243032        0.73636308705822       -1.93633033500196
H            4.12591469307171        1.01702465504907       -0.79154111914333
H            4.52681865623013       -0.07173573376159        1.38832946135561
H            2.72488145056848       -1.40221039629567        2.43483162695050
H            0.58508764271438       -1.69205397716429        1.28336451177817
35
 energy: -43.879446739284 gnorm: 0.004090378848 xtb: 6.7.1 (edcfbbe)
C           -2.26370691538647       -1.63931176337380        1.79126574062121
C           -2.75647780216867       -0.59687697533280        0.78163979364470
C           -1.73214044687557        0.44773229483098        0.43529921957027
C           -1.34894694784423        1.37909866907378        1.35449098311416
C           -0.50805534237566        2.44859013400707        1.02482283322531
C           -0.13358689583007        2.64234325475160       -0.31313805562813
C           -0.48068060351723        1.74745942940288       -1.27066052466121
C           -1.16471491082650        0.46574016893293       -0.94995136810662
C           -0.17986573717303       -0.76043626419876       -1.14579362697910
C            0.01680039049485       -1.07377541713839       -2.62784125194345
C            1.12350758696538       -0.52520414233518       -0.43256434584354
C            2.12673782677918        0.26216695324456       -0.98832246047031
C            3.33014944148333        0.44836373076659       -0.33176450182624
C            3.55483640784995       -0.14674358239294        0.89701377516243
C            2.55783332731634       -0.91496935113555        1.47159628446892
C            1.35535679002408       -1.09862564722789        0.81189945418264
H           -1.80382173140978       -1.15406429434402        2.64924909606075
H           -3.09560671009283       -2.24695973550156        2.14240145403095
H           -1.53146359498582       -2.30480546691502        1.33853008287173
H           -3.09424428476625       -1.10745458528214       -0.12456357076897
H           -3.62678252449812       -0.09275871327131        1.21804403676325
H           -1.74112214947291        1.31704543555128        2.35959685069499
H           -0.21908431981292        3.16405456177958        1.77832743784334
H            0.41271982120227        3.53486984847661       -0.57992505283365
H           -0.23337399627508        1.92836142176118       -2.30595142036726
H           -1.97432903188128        0.28994170929494       -1.67374352278623
H           -0.67099031695699       -1.62470840601619       -0.68945216158927
H           -0.92055106651621       -1.40463106022208       -3.07257076045305
H            0.36768154236625       -0.20871835386512       -3.18360708098654
H            0.74976723585958       -1.87105481425159       -2.74094417739880
H            1.97700502026652        0.73431628833492       -1.94622559229807
H            4.09854962921065        1.05829424462087       -0.78589484998945
H            4.50138936222520       -0.01449598069112        1.40142485630264
H            2.71784969570811       -1.37888398552849        2.43460670882828
H            0.58916125091422       -1.70409960580387        1.27270571754432
35
 energy: -43.879613894812 gnorm: 0.003198126933 xtb: 6.7.1 (edcfbbe)
C           -2.28034251122086       -1.62845859297024        1.79944413409997
C           -2.75807156830400       -0.59942019710932        0.76949384075330
C           -1.72708084554126        0.44133247417495        0.43104996467474
C           -1.32822515832471        1.35805864443055        1.35790342837532
C           -0.47228746916210        2.41747569014371        1.03592130256021
C           -0.10779141482827        2.62315244304130       -0.30227107651907
C           -0.47319467266073        1.74450803501186       -1.26833614572676
C           -1.16094098725037        0.46362808884241       -0.95441596714203
C           -0.18292697578170       -0.76498134368891       -1.15130317927158
C            0.00789586914556       -1.08349029432354       -2.63310144624606
C            1.12192189053613       -0.52758470980740       -0.44080588994432
C            2.11996021251290        0.26610655226182       -0.99558357957597
C            3.31571950605436        0.47185570892170       -0.33128282482616
C            3.53900864912901       -0.11236573063522        0.90297078801834
C            2.55072944525613       -0.89672650402494        1.47058533056285
C            1.35512884144469       -1.09824903941022        0.80403088676810
H           -1.82915873339797       -1.13217368369130        2.65511036117142
H           -3.11703735184070       -2.22949052736100        2.14973259614480
H           -1.54331787408651       -2.30039448447638        1.36438738263936
H           -3.07736067537578       -1.12018003657824       -0.13702970990723
H           -3.63720249045638       -0.09163397743738        1.18363316990190
H           -1.72076708562499        1.29780226997989        2.36366700006493
H           -0.15937606379412        3.11462541474720        1.79861928784107
H            0.44681607276495        3.51342695385790       -0.56026735162205
H           -0.23776290349484        1.93631873083383       -2.30466567414722
H           -1.97195151032269        0.29423198497489       -1.67888007287015
H           -0.67327493027160       -1.62697922880837       -0.68966215991258
H           -0.92945115765657       -1.42416561402328       -3.06959241268942
H            0.34794621898831       -0.21816135794827       -3.19488746450209
H            0.74648768381520       -1.87492819377401       -2.74659293498275
H            1.97164336816180        0.72838286922555       -1.95847933809486
H            4.07882551300279        1.09024400086929       -0.78220108069253
H            4.47772978225506        0.04041004348206        1.41682111120942
H            2.71188767859521       -1.35742379061766        2.43477234359272
H            0.59562164773432       -1.71495259811081        1.26121538029434
35
 energy: -43.879721317592 gnorm: 0.002657294480 xtb: 6.7.1 (edcfbbe)
C           -2.29838828746391       -1.62248085742422        1.80622736412302
C           -2.75971434940001       -0.59987617650899        0.76309063467182
C           -1.72106330365604        0.43469820087421        0.43038927270661
C           -1.30854168269324        1.34093422556656        1.36156028926006
C           -0.44398768889870        2.39313789708123        1.04263573097350
C           -0.08939288858409        2.60782073074128       -0.29658661090179
C           -0.46940158230883        1.74070004211653       -1.26728334488128
C           -1.15808918946851        0.45959697478285       -0.95574152216749
C           -0.18259980752865       -0.76905323116795       -1.15524265941807
C            0.00158716409962       -1.08740247753609       -2.63789136675620
C            1.12374625180310       -0.52964754481338       -0.44807485838638
C            2.11875483833221        0.26744759171837       -1.00266912180860
C            3.30766905262801        0.48813993228954       -0.33152356614513
C            3.52790425259179       -0.08541240990357        0.90841061292891
C            2.54598190093382       -0.88099695819657        1.47106732352447
C            1.35683105905462       -1.09680303191865        0.79816671332597
H           -1.85644075389744       -1.12106188644886        2.66297482289003
H           -3.14132569372523       -2.21792170830164        2.15020409681322
H           -1.55743242212638       -2.29859209507564        1.38533367087888
H           -3.06724610006925       -1.12578451036193       -0.14348200737587
H           -3.64219630906734       -0.08669334886733        1.16122391623502
H           -1.69755742200182        1.28065684306096        2.36988673459010
H           -0.11739476968277        3.07887955963074        1.80937991703810
H            0.46552171687964        3.49860633616994       -0.55192347510280
H           -0.24596701902218        1.94118190214770       -2.30470728788338
H           -1.97056300669031        0.29182340419668       -1.67915789530310
H           -0.67014720426008       -1.63072366480587       -0.68991619891711
H           -0.93701803937731       -1.43119537332810       -3.06818139706910
H            0.33464324936408       -0.22029621416218       -3.20045083788388
H            0.74247837729940       -1.87553284866136       -2.75573369166710
H            1.97305773250074        0.72141446825573       -1.97000798313493
H            4.06796057547908        1.11072341332518       -0.78073550218549
H            4.45937174870330        0.08335109483694        1.43011038728372
H            2.70702765797649       -1.33864391944872        2.43658213069540
H            0.60173194227645       -1.72119435986058        1.25206570904886
35
 energy: -43.879814462107 gnorm: 0.002608301490 xtb: 6.7.1 (edcfbbe)
C           -2.31982065055560       -1.61904510278131        1.81394913594413
C           -2.76165708778256       -0.59947151421213        0.75978518133492
C           -1.71308339570181        0.42617684949057        0.43215941346816
C           -1.28536063759176        1.32249027841399        1.36647643290544
C           -0.41609156765776        2.36981347520194        1.04744769060162
C           -0.07413353343255        2.59333953797066       -0.29389201999260
C           -0.46843314325307        1.73597349366543       -1.26713429952899
C           -1.15605499675284        0.45389256443908       -0.95573887927526
C           -0.18024656682743       -0.77398279659223       -1.15950793282109
C           -0.00319213614327       -1.08797790593889       -2.64387306111354
C            1.12665325690049       -0.53098642549397       -0.45501783509761
C            2.11965460500520        0.26820508420363       -1.01009096944789
C            3.30212738923302        0.50208981890036       -0.33271601599830
C            3.51829363572541       -0.06043803364805        0.91314596771538
C            2.54144982861498       -0.86404295829301        1.47278306593595
C            1.35851692432978       -1.09287706838468        0.79394053073812
H           -1.89048394284602       -1.11560317965445        2.67559506498800
H           -3.17044920548165       -2.21018434511007        2.14588266283745
H           -1.57375441516429       -2.29806492392411        1.40762437455421
H           -3.06056611250369       -1.12877937879282       -0.14697121068472
H           -3.64492756421103       -0.07816736730858        1.14341503625164
H           -1.66822622502589        1.26056829623031        2.37769948000248
H           -0.07910579104541        3.04719223520634        1.81566107131798
H            0.48203814332472        3.48452785824908       -0.54935800878540
H           -0.25595099636171        1.94378597859015       -2.30529401088906
H           -1.97024758827942        0.28556857332713       -1.67679619329702
H           -0.66409968259286       -1.63668142911278       -0.69197136946679
H           -0.94380600672292       -1.43135794908882       -3.06961698924487
H            0.32481671075783       -0.21770406525004       -3.20396747837672
H            0.73832948906979       -1.87424283258934       -2.76886721620921
H            1.97727228191709        0.71396546051069       -1.98187205949004
H            4.06048410607469        1.12768399807779       -0.78083011475571
H            4.44240647676567        0.12326871383148        1.44204969765467
H            2.70109528516226       -1.31641986808653        2.44095557017196
H            0.60635311305282       -1.72271507204367        1.24494528805266
35
 energy: -43.879895878195 gnorm: 0.002453164772 xtb: 6.7.1 (edcfbbe)
C           -2.34275581643600       -1.61714746699529        1.82274827106056
C           -2.76338502112817       -0.59889033481245        0.75882182855257
C           -1.70416192712706        0.41664560714273        0.43507173107288
C           -1.26022521307461        1.30301486805320        1.37169603429057
C           -0.38675985748578        2.34642602796551        1.05123614227162
C           -0.05810167305838        2.57851736459409       -0.29256327803287
C           -0.46766107590194        1.73027722815256       -1.26743087792140
C           -1.15511594487156        0.44770099395731       -0.95554995760369
C           -0.17711904692016       -0.77938276846980       -1.16491641085353
C           -0.00623576015550       -1.08679398602474       -2.65119366785498
C            1.12931629890333       -0.53257648940309       -0.46197722934765
C            2.12085833943671        0.26826590947031       -1.01774773575917
C            3.29725677054378        0.51511388595677       -0.33447811715287
C            3.50883490044687       -0.03612103126968        0.91733404747958
C            2.53557670937619       -0.84465583704039        1.47595510531697
C            1.35856683517345       -1.08640987079944        0.79139533291294
H           -1.93017714892476       -1.11369647508877        2.69285412572179
H           -3.20101808856732       -2.20680868121133        2.13768254333309
H           -1.58926920141065       -2.29688901182479        1.43170050464299
H           -3.05630266859156       -1.13107410082778       -0.14813508060396
H           -3.64646372587480       -0.06793142536479        1.12884118071455
H           -1.63379084365175        1.23695854136336        2.38624708906218
H           -0.03971847687931        3.01697917691936        1.82014158598710
H            0.49596653228662        3.47070291295313       -0.54972997844271
H           -0.26616890262213        1.94482018649278       -2.30627098393447
H           -1.97147292699414        0.27891233763838       -1.67338170211211
H           -0.65788989755346       -1.64390163300042       -0.69718817003401
H           -0.94916142363704       -1.42726610293611       -3.07434682005222
H            0.31906601222239       -0.21315947088043       -3.20738350426017
H            0.73425173452069       -1.87281849184471       -2.78428158075187
H            1.98156892636153        0.70659158435496       -1.99344414768041
H            4.05425974480183        1.14276372877271       -0.78220432707082
H            4.42667503949270        0.16021167924647        1.45176044341812
H            2.69293660758370       -1.28987157629325        2.44788157335038
H            0.60762018971648       -1.71870727894285        1.24085603028098
35
 energy: -43.879967013573 gnorm: 0.002200006373 xtb: 6.7.1 (edcfbbe)
C           -2.36489329390009       -1.61676726116864        1.83155200321373
C           -2.76444541995274       -0.59821656914102        0.76042177396509
C           -1.69457941595716        0.40664028106307        0.43884820404173
C           -1.23382527949823        1.28298312550643        1.37704422073259
C           -0.35823667521709        2.32383655182883        1.05331480175028
C           -0.04547117254015        2.56496445928395       -0.29303951305794
C           -0.46935711610235        1.72465215788941       -1.26840894474376
C           -1.15516361356220        0.44167761988891       -0.95526666104377
C           -0.17386168241335       -0.78446836927499       -1.17144963471248
C           -0.00701447812787       -1.08401044643401       -2.65950822090488
C            1.13067662951899       -0.53289445645808       -0.46792931326665
C            2.12179604845060        0.26794157229721       -1.02485182865043
C            3.29312768932192        0.52548646544486       -0.33704440738306
C            3.49971081503312       -0.01457849290249        0.92043867175188
C            2.52770217513027       -0.82371437464753        1.48023471957117
C            1.35576233541044       -1.07631497299667        0.79112673105399
H           -1.97269005876790       -1.11534645700425        2.71278355381846
H           -3.22944602816056       -2.20854268899584        2.12565735588400
H           -1.60175966757692       -2.29420160322899        1.45552916328610
H           -3.05496396346122       -1.13217401461451       -0.14646108313303
H           -3.64599109435350       -0.05714033319643        1.11939242370297
H           -1.59589546843584        1.21120846107974        2.39497331056567
H            0.00099897402217        2.98764987337570        1.82249555248679
H            0.51033286042069        3.45660330991492       -0.55155063568713
H           -0.27732138561604        1.94456018011224       -2.30771084504700
H           -1.97407090698322        0.27221554268303       -1.66912414431850
H           -0.65231848742362       -1.65150152935912       -0.70556883643638
H           -0.95201858066442       -1.41945858897388       -3.08266685421874
H            0.31882726357479       -0.20770877417432       -3.21110446048424
H            0.73092852477170       -1.87143974959337       -2.79978755142059
H            1.98578077344210        0.69872652857128       -2.00441540341455
H            4.04932253912981        1.15415554769857       -0.78498930785312
H            4.41252732986363        0.19219004682114        1.45905680682226
H            2.68137833314527       -1.25934110965415        2.45721354364994
H            0.60425149747912       -1.70787193163713        1.24079480947958
35
 energy: -43.880020801702 gnorm: 0.001847274189 xtb: 6.7.1 (edcfbbe)
C           -2.38240674307995       -1.61741366773653        1.83893807275646
C           -2.76494642052248       -0.59774282164013        0.76370548215850
C           -1.68608230879900        0.39755067705683        0.44234577729674
C           -1.20937218606556        1.26451242093728        1.38144955335171
C           -0.33148713285745        2.30296066850578        1.05423959594258
C           -0.03389585404463        2.55268571447977       -0.29408003520979
C           -0.47197250701709        1.71960986564883       -1.26983757995244
C           -1.15676164337100        0.43667941796704       -0.95557988085895
C           -0.17176864953464       -0.78795425786879       -1.17823230292396
C           -0.00552402962782       -1.08007913046048       -2.66745704903978
C            1.13043209000321       -0.53250313119825       -0.47274035948970
C            2.12247038031976        0.26632413248684       -1.03110189608741
C            3.28990160529805        0.53227889661529       -0.33973047239865
C            3.49116957679938        0.00305119991239        0.92314350045952
C            2.51769769290261       -0.80267573371229        1.48553948042569
C            1.34983910666448       -1.06395762663098        0.79269294043613
H           -2.01124128580298       -1.11883941959196        2.73130141352984
H           -3.25035887206525       -2.21452531545704        2.11238569767282
H           -1.60867235184723       -2.29006214277740        1.47609160624570
H           -3.05643989220127       -1.13221513564271       -0.14295675059507
H           -3.64383213401750       -0.04743652320691        1.11574667360777
H           -1.55984112453888        1.18717447742470        2.40230970887520
H            0.03986021944284        2.96062033002271        1.82342063224703
H            0.51932703922483        3.44468708557507       -0.55368121716028
H           -0.29046860776786        1.94451342629139       -2.31005411247545
H           -1.97873074639955        0.26691392021252       -1.66512602776420
H           -0.64874653009546       -1.65781743118529       -0.71578320350759
H           -0.95181836770146       -1.40961227257870       -3.09305579638518
H            0.32398575605497       -0.20238304416703       -3.21481372721387
H            0.72915961253996       -1.87006213564806       -2.81198991805866
H            1.98970931328060        0.69017553550402       -2.01413302609668
H            4.04654916314307        1.15944079156735       -0.78901121079662
H            4.40118257300635        0.21575825104021        1.46389927740507
H            2.66686101212632       -1.22839582224680        2.46766636314132
H            0.59602224655077       -1.69146119949453        1.24448879046216
35
 energy: -43.880063158203 gnorm: 0.002093839558 xtb: 6.7.1 (edcfbbe)
C           -2.39803838020699       -1.61947743017931        1.84645827045364
C           -2.76522721698964       -0.59761441032670        0.76953741373592
C           -1.67725230801613        0.38714622994905        0.44604963181510
C           -1.18067236631242        1.24214045347542        1.38561843142334
C           -0.30088453781835        2.27787709490620        1.05316827977892
C           -0.02516891977404        2.53982169985462       -0.29737210327154
C           -0.47986276645314        1.71524253262733       -1.27281275585140
C           -1.16055972302800        0.43155196807490       -0.95656086780015
C           -0.17085644635551       -0.78987310120204       -1.18696433330503
C           -0.00122300843213       -1.07331252932967       -2.67705579409587
C            1.12754809017461       -0.52928753506859       -0.47676368507367
C            2.12332075889646        0.26278366578639       -1.03792098756664
C            3.28755304996208        0.53482287049055       -0.34374078700040
C            3.48090644980052        0.01974064357128        0.92605208350149
C            2.50149749077104       -0.77554548837329        1.49357550957313
C            1.33742040708742       -1.04374890264984        0.79736009314974
H           -2.05376148517831       -1.12462936556549        2.75155668651907
H           -3.26620402436535       -2.22718457518961        2.09503932625309
H           -1.60980696999391       -2.28275679989194        1.49789511750171
H           -3.06180802932934       -1.13089932689530       -0.13681096587687
H           -3.63933266849824       -0.03706570164708        1.11840125480035
H           -1.51422483635361        1.15702212273160        2.41112359031387
H            0.08902091343975        2.92585424949441        1.82241460640121
H            0.53082877055609        3.43055143067420       -0.55640033135390
H           -0.31134057347684        1.94572529053617       -2.31404208761848
H           -1.98675924541221        0.26056815322281       -1.66029911574142
H           -0.64613407438545       -1.66391485086839       -0.73024421327286
H           -0.94783038093063       -1.39453592146015       -3.10890101367918
H            0.33635852668035       -0.19503035379880       -3.21906414578873
H            0.72909961805771       -1.86734504113511       -2.82314899185258
H            1.99579840924423        0.67712601765173       -2.02570322620259
H            4.04673453495689        1.15681249228109       -0.79590278470020
H            4.38912575589072        0.23658179118962        1.46872461740757
H            2.64293047817968       -1.18696421605314        2.48299687616234
H            0.57860470761282       -1.66238315687847        1.25373640126102
35
 energy: -43.880052640228 gnorm: 0.003221132257 xtb: 6.7.1 (edcfbbe)
C           -2.40843463872936       -1.62084933200307        1.85145737957898
C           -2.76541384978896       -0.59752697111679        0.77341724838426
C           -1.67138281113853        0.38023224837027        0.44851391521998
C           -1.16160692271423        1.22727965850991        1.38839007457273
C           -0.28056161013086        2.26122005423511        1.05245360623825
C           -0.01938486031850        2.53128187924151       -0.29956396115230
C           -0.48510740830123        1.71233912746657       -1.27478997521190
C           -1.16308010198139        0.42814416712650       -0.95721014983768
C           -0.17024602119354       -0.79115264361225       -1.19276806286780
C            0.00163937719325       -1.06881776585859       -2.68343576767589
C            1.12563335002721       -0.52715211364568       -0.47943573902113
C            2.12388284283454        0.26043700962159       -1.04244933656120
C            3.28599107644801        0.53651766481492       -0.34640686563210
C            3.47409132473710        0.03082584423703        0.92797869885782
C            2.49074061547052       -0.75752588055948        1.49891121028681
C            1.32917406032804       -1.03032585215705        0.80046163570969
H           -2.08202607256509       -1.12848378353343        2.76502487622819
H           -3.27674584798649       -2.23559681059003        2.08350883185083
H           -1.61057172910454       -2.27790568302976        1.51238511432483
H           -3.06537873455414       -1.13002330897420       -0.13272179209860
H           -3.63634145120434       -0.03016858834059        1.12016762443892
H           -1.48390852428547        1.13698255020788        2.41698686697857
H            0.12167934370765        2.90276641740794        1.82174371375233
H            0.53848391925288        3.42115718710954       -0.55820932285589
H           -0.32519513930067        1.94652041359910       -2.31669075564345
H           -1.99209054079382        0.25635163524892       -1.65708837289302
H           -0.64439647338419       -1.66797142258734       -0.73985809279472
H           -0.94517684776386       -1.38451722517396       -3.11943414331284
H            0.34458763860178       -0.19014685643654       -3.22189043098713
H            0.72906187291389       -1.86554357308470       -2.83056749799849
H            1.99983672547729        0.66846607395426       -2.03338587527763
H            4.04685024260092        1.15508058997101       -0.80048038058242
H            4.38111968758335        0.25041612108674        1.47192287224140
H            2.62703966270379       -1.15944217019175        2.49318010528605
H            0.56703784535910       -1.64306866130896        1.25988274845462
35
 energy: -43.880078227994 gnorm: 0.001787987642 xtb: 6.7.1 (edcfbbe)
C           -2.39765788581242       -1.62034098837056        1.84719238448381
C           -2.76528838874228       -0.59800134811141        0.77094220701945
C           -1.67635409889850        0.38532432253009        0.44622437215189
C           -1.17448224827848        1.23694735528876        1.38585552725225
C           -0.29337673311280        2.27136592979228        1.05251665937277
C           -0.02271253116751        2.53667426213562       -0.29813000850745
C           -0.48266295089157        1.71508121162153       -1.27385562182172
C           -1.16269903205284        0.43099512817531       -0.95746248415526
C           -0.17197813313198       -0.78871037733071       -1.18877418211911
C            0.00024865222920       -1.07097769156262       -2.67873174008000
C            1.12570581768216       -0.52762638966389       -0.47709959040976
C            2.12379670720102        0.26075499976753       -1.03922092294955
C            3.28784239613725        0.53274998832369       -0.34444234462485
C            3.47836340321315        0.02181433063232        0.92734525607502
C            2.49567081737042       -0.76849884353883        1.49635937030653
C            1.33212436476685       -1.03717802968380        0.79926326116552
H           -2.05857425915862       -1.12562882851238        2.75339069692898
H           -3.26377190017312       -2.23157595200515        2.09224350629336
H           -1.60608645499074       -2.28025874183695        1.50052325078992
H           -3.06414982623809       -1.13020503427620       -0.13542200777048
H           -3.63810224925743       -0.03632959071168        1.12165879977657
H           -1.50566329446593        1.15162718723307        2.41146476938964
H            0.10068399058162        2.91655438783662        1.82159112433653
H            0.53038896022094        3.42828020827218       -0.55683369922054
H           -0.31947626730842        1.94783523903226       -2.31555215688029
H           -1.99006541702057        0.25976060497479       -1.65989012089026
H           -0.64670465207241       -1.66383812114687       -0.73357302665207
H           -0.94565799733243       -1.39076473086886       -3.11289826425932
H            0.34022972247288       -0.19286771573857       -3.21966873514742
H            0.73010995770478       -1.86567421270807       -2.82340066042157
H            1.99826514289121        0.67246683693603       -2.02828002194171
H            4.04917356690642        1.15098010216822       -0.79809196673152
H            4.38702521623089        0.23736152873952        1.47004101095652
H            2.63442602250667       -1.17627521202248        2.48745523085381
H            0.57120958199081       -1.65202181536631        1.25726012743036
35
 energy: -43.880092518693 gnorm: 0.000799123326 xtb: 6.7.1 (edcfbbe)
C           -2.38711802728544       -1.62030748849333        1.84401624274158
C           -2.76533389957149       -0.59922980271714        0.76885453500535
C           -1.68126368352730        0.38913619639461        0.44353652134538
C           -1.18232272375851        1.24171693175405        1.38329397968451
C           -0.29947655220652        2.27508633248482        1.05187960779539
C           -0.02559597337080        2.53952603112748       -0.29815507854187
C           -0.48455491460780        1.71845618515379       -1.27452640433915
C           -1.16409786930740        0.43336593040266       -0.95882384425495
C           -0.17456633117325       -0.78538594059704       -1.18655738757075
C           -0.00066541822335       -1.07121934530734       -2.67588359288014
C            1.12413052273156       -0.52597387128330       -0.47509781230091
C            2.12424772308805        0.25952155170472       -1.03755625540032
C            3.28988791898625        0.52719115061123       -0.34348078192733
C            3.47988644701292        0.01547248365617        0.92803994122959
C            2.49519972583642       -0.77234317322501        1.49674609792049
C            1.33032436682905       -1.03720906067703        0.80016233835734
H           -2.04174576186460       -1.12189623691966        2.74525599305649
H           -3.25044555174863       -2.23156256937661        2.09741390665168
H           -1.59720192499123       -2.27956904192399        1.49233441904543
H           -3.06370445917934       -1.13124427756769       -0.13763634133549
H           -3.63992520233907       -0.04285979534200        1.12390292944318
H           -1.51599233488571        1.15828082841982        2.40899991179040
H            0.09418189644338        2.91886987330408        1.82183062363549
H            0.52767484476071        3.43162903543223       -0.55567284632712
H           -0.32112369699910        1.95160879889962       -2.31587030364829
H           -1.99051819790408        0.26202438089161       -1.66278131145888
H           -0.64904180402666       -1.65983099567701       -0.72992011789212
H           -0.94521978559751       -1.39471148521752       -3.10948001463576
H            0.33707328257139       -0.19331780847328       -3.21840379843697
H            0.73173829734702       -1.86390148347961       -2.81757265298837
H            1.99949216896100        0.67174853809233       -2.02642069856792
H            4.05350789614222        1.14217427537141       -0.79776511558772
H            4.38970090239835        0.22758388177606        1.47049076513842
H            2.63365074180743       -1.18176123570267        2.48693582453778
H            0.56901737765218       -1.65126879349207        1.25791072071559
35
 energy: -43.880101289939 gnorm: 0.000944273920 xtb: 6.7.1 (edcfbbe)
C           -2.38563099080772       -1.62150325830199        1.84393018797837
C           -2.76548906239789       -0.59975585522516        0.76988701098727
C           -1.68102764645451        0.38798700769607        0.44361275730038
C           -1.17604976463719        1.23677854742507        1.38367431832650
C           -0.29194707295332        2.26860042166957        1.05111762969873
C           -0.02345656218685        2.53627294767503       -0.29946470076512
C           -0.48796726065117        1.71885248131428       -1.27603567518380
C           -1.16654023125021        0.43322202873648       -0.95987743738662
C           -0.17580823896452       -0.78389261313062       -1.18788275429275
C           -0.00025234843208       -1.06881913153598       -2.67722003129031
C            1.12208264362313       -0.52334676421968       -0.47496991853540
C            2.12500273969990        0.25770491102333       -1.03875928397178
C            3.29060745370445        0.52417583965225       -0.34426879598162
C            3.47731773773004        0.01681440023513        0.92951164518112
C            2.48920883459182       -0.76540836510512        1.50020985381143
C            1.32479496835185       -1.02979958953973        0.80283724587574
H           -2.04364280261331       -1.12301428677670        2.74622218388887
H           -3.24710754292932       -2.23665392381990        2.09496293833096
H           -1.59277375860801       -2.27668977449954        1.49213695946169
H           -3.06537956689930       -1.13133186706670       -0.13624701740762
H           -3.63954398431801       -0.04386412070640        1.12704036432191
H           -1.50874253237728        1.15410716077211        2.40909879712922
H            0.10664613869884        2.90888685232997        1.82116676921566
H            0.52951724282265        3.42855880127568       -0.55681673208418
H           -0.32956669811731        1.95461318563400       -2.31757754689425
H           -1.99353145471611        0.26123096831647       -1.66300490317446
H           -0.64950688344172       -1.65928528411787       -0.73210842370700
H           -0.94410166855509       -1.39292146016278       -3.11191853537149
H            0.33729457240098       -0.19029264355253       -3.21893010189180
H            0.73296632877757       -1.86082352421858       -2.81831945537100
H            2.00271262644419        0.66699099626935       -2.02915890548493
H            4.05684151527024        1.13502142954436       -0.79994425104751
H            4.38704327496186        0.22816523726268        1.47241300627958
H            2.62454544862628       -1.17076924740905        2.49261223860707
H            0.56128454560730       -1.64001150743910        1.26207056344721
35
 energy: -43.880107123288 gnorm: 0.000800885329 xtb: 6.7.1 (edcfbbe)
C           -2.38539408871059       -1.62266415066035        1.84400966073275
C           -2.76570958856296       -0.60008173471744        0.77083161307700
C           -1.68105589627643        0.38702657384589        0.44362892902391
C           -1.17090816911787        1.23247203312288        1.38349566232286
C           -0.28425134714113        2.26205200901101        1.05020246515454
C           -0.02073247526786        2.53264147103889       -0.30091543825335
C           -0.49170691914863        1.71911706195459       -1.27754539598783
C           -1.16894801806010        0.43300850333521       -0.96073822464871
C           -0.17645499259556       -0.78303710783015       -1.18932987097518
C           -0.00031492384656       -1.06629051136133       -2.67888016545915
C            1.12061439141653       -0.52159953592599       -0.47543526618156
C            2.12606369904184        0.25524148579421       -1.04056000669607
C            3.29108303543416        0.52200121238543       -0.34498528815110
C            3.47434767105764        0.01975017600510        0.93138754889987
C            2.48320202180442       -0.75720432051572        1.50413930604080
C            1.31977706522435       -1.02250492406365        0.80538538567692
H           -2.04693198393123       -1.12522822553158        2.74859148362431
H           -3.24574022479420       -2.24111758817588        2.09203773038669
H           -1.58974376005091       -2.27493411966205        1.49263534711098
H           -3.06641940239596       -1.13159804073969       -0.13503351002361
H           -3.63945679772882       -0.04396292402164        1.12868116678005
H           -1.49787225080329        1.14698264169814        2.41155724451062
H            0.12073507433876        2.89829499379125        1.82059552010370
H            0.53403386020886        3.42426497546397       -0.55824981973001
H           -0.33730786397089        1.95715841077390       -2.31906523382571
H           -1.99643795458811        0.26004148762539       -1.66275252437992
H           -0.64947322517245       -1.65936752610924       -0.73454013066951
H           -0.94371368872053       -1.39163386180060       -3.11383735332895
H            0.33555992380333       -0.18662704184180       -3.21979692687946
H            0.73413868946656       -1.85700307109263       -2.82081839817822
H            2.00612338968768        0.66132231483295       -2.03262406843968
H            4.05976412264268        1.12882294248294       -0.80198807202268
H            4.38372094893351        0.23096425806192        1.47474682690418
H            2.61540617779864       -1.15809722035472        2.49894333391959
H            0.55380350002527       -1.62841064681477        1.26622646956200
35
 energy: -43.880110836745 gnorm: 0.000580130584 xtb: 6.7.1 (edcfbbe)
C           -2.38355322124025       -1.62403206183844        1.84278977178557
C           -2.76546127735134       -0.60018672435943        0.77141904748302
C           -1.68112025190384        0.38716541624607        0.44395066808428
C           -1.16943176302594        1.23188614754746        1.38373614617064
C           -0.28267606547476        2.26110730251005        1.04971815818155
C           -0.02031121072272        2.53198541623621       -0.30156407063253
C           -0.49289160217986        1.71945699873505       -1.27788428101355
C           -1.16997084524716        0.43342866161899       -0.96074005201744
C           -0.17668677769907       -0.78258845480603       -1.18938239949894
C           -0.00100215572730       -1.06509414047437       -2.67910433095245
C            1.11996392049219       -0.52074606584838       -0.47510912621235
C            2.12690493734353        0.25345182935866       -1.04103778380669
C            3.29197292162981        0.51946991482586       -0.34529626844454
C            3.47366086270478        0.01951455148285        0.93215271630432
C            2.48089172882178       -0.75454735040283        1.50587856588928
C            1.31761149255833       -1.01934719844688        0.80688923958476
H           -2.04322834067453       -1.12815143567855        2.74771435652832
H           -3.24364113225028       -2.24254527792195        2.09166587846268
H           -1.58878391197544       -2.27633957631396        1.48917743886097
H           -3.06701201784065       -1.13084300346970       -0.13455354777398
H           -3.63881472966065       -0.04452050722003        1.13067005884703
H           -1.49678329986018        1.14684727623787        2.41133448502742
H            0.12321817298810        2.89696647742532        1.81971277115124
H            0.53513140312758        3.42313055662641       -0.55931709722287
H           -0.33932432052404        1.95800721323501       -2.31932174520859
H           -1.99736068171517        0.25971830708919       -1.66249040461879
H           -0.64965468176782       -1.65899149035226       -0.73472562741188
H           -0.94403365904040       -1.39252585719411       -3.11335700978333
H            0.33218030678465       -0.18443138212263       -3.21999792198374
H            0.73519070086343       -1.85402388059353       -2.82205294037880
H            2.00819440763729        0.65773688021835       -2.03404712961570
H            4.06190158075624        1.12428438532167       -0.80277361065814
H            4.38284919121925        0.23090980919542        1.47591356095721
H            2.61154615860043       -1.15324657063982        2.50175606217856
H            0.55032416035419       -1.62310616622309        1.26827642173755
